#Speed
0.000000,0
192.500000,812
220.000000,1114
245.000000,1289
265.000000,1424
285.000000,1540
302.500000,1645
320.000000,1738
337.500000,1816
352.500000,1887
367.500000,1949
382.500000,2012
397.500000,2061
412.500000,2100
425.000000,2133
440.000000,2162
452.500000,2185
467.500000,2207
480.000000,2224
492.500000,2242
507.500000,2257
520.000000,2274
532.500000,2286
545.000000,2300
560.000000,2310
572.500000,2323
585.000000,2332
597.500000,2343
610.000000,2350
622.500000,2361
635.000000,2368
647.500000,2378
660.000000,2383
672.500000,2393
685.000000,2399
697.500000,2406
710.000000,2410
722.500000,2417
735.000000,2420
747.500000,2426
760.000000,2429
772.500000,2434
785.000000,2436
797.500000,2442
810.000000,2443
822.500000,2448
835.000000,2450
847.500000,2454
860.000000,2455
870.000000,2459
882.500000,2460
895.000000,2464
907.500000,2465
920.000000,2468
932.500000,2469
945.000000,2471
955.000000,2473
967.500000,2476
980.000000,2476
992.500000,2479
1005.000000,2479
1017.500000,2480
1027.500000,2480
1040.000000,2482
1052.500000,2482
1065.000000,2484
1077.500000,2483
1090.000000,2485
1100.000000,2485
1112.500000,2487
1125.000000,2487
1137.500000,2490
1150.000000,2490
1162.500000,2493
1172.500000,2493
1185.000000,2495
1197.500000,2494
1210.000000,2495
1222.500000,2495
1232.500000,2496
1245.000000,2495
1257.500000,2496
1270.000000,2495
1282.500000,2496
1292.500000,2495
1305.000000,2497
1317.500000,2495
1330.000000,2497
1342.500000,2496
1355.000000,2498
1365.000000,2496
1377.500000,2499
1390.000000,2497
1402.500000,2499
1415.000000,2497
1425.000000,2499
1437.500000,2498
1450.000000,2500
1462.500000,2498
1475.000000,2500
1485.000000,2500
1497.500000,2501
1510.000000,2500
1522.500000,2501
1535.000000,2500
1545.000000,2502
1557.500000,2501
1570.000000,2502
1582.500000,2500
1595.000000,2502
1605.000000,2501
1617.500000,2503
1630.000000,2501
1642.500000,2503
1655.000000,2502
1665.000000,2503
1677.500000,2501
1690.000000,2503
1702.500000,2503
1715.000000,2505
1725.000000,2505
1737.500000,2505
1750.000000,2505
1762.500000,2505
1772.500000,2505
1785.000000,2505
1797.500000,2505
1810.000000,2506
1822.500000,2505
1832.500000,2507
1845.000000,2505
1857.500000,2506
1870.000000,2505
1882.500000,2507
1892.500000,2505
1905.000000,2507
1917.500000,2505
1930.000000,2507
1942.500000,2505
1952.500000,2506
1965.000000,2505
1977.500000,2506
1990.000000,2505
2000.000000,2507
2012.500000,2505
2025.000000,2507
2037.500000,2505
2050.000000,2506
2060.000000,2505
2072.500000,2506
2085.000000,2505
2097.500000,2506
2110.000000,2505
2120.000000,2507
2132.500000,2506
2145.000000,2508
2157.500000,2507
2167.500000,2509
2180.000000,2507
2192.500000,2508
2205.000000,2506
2217.500000,2508
2227.500000,2507
2240.000000,2509
2252.500000,2508
2265.000000,2509
2277.500000,2507
2287.500000,2509
2300.000000,2508
2312.500000,2509
2325.000000,2507
2335.000000,2509
2347.500000,2507
2360.000000,2507
2372.500000,2505
2385.000000,2506
2395.000000,2505
2407.500000,2506
2420.000000,2505
2432.500000,2507
2445.000000,2505
2455.000000,2507
2467.500000,2506
2480.000000,2508
2492.500000,2506
2505.000000,2507
2515.000000,2566
2525.000000,2821
2535.000000,3031
2545.000000,3198
2555.000000,3330
2562.500000,3440
2572.500000,3531
2580.000000,3607
2587.500000,3671
2595.000000,3727
2605.000000,3774
2612.500000,3818
2620.000000,3854
2627.500000,3886
2635.000000,3910
2642.500000,3937
2650.000000,3955
2657.500000,3976
2665.000000,3987
2672.500000,4004
2680.000000,4014
2687.500000,4030
2695.000000,4036
2702.500000,4049
2710.000000,4051
2717.500000,4065
2725.000000,4067
2732.500000,4076
2740.000000,4076
2747.500000,4084
2755.000000,4082
2762.500000,4091
2770.000000,4089
2777.500000,4100
2782.500000,4096
2790.000000,4105
2797.500000,4098
2805.000000,4107
2812.500000,4102
2820.000000,4109
2827.500000,4102
2835.000000,4109
2842.500000,4105
2850.000000,4111
2857.500000,4107
2865.000000,4114
2872.500000,4109
2877.500000,4116
2885.000000,4111
2892.500000,4116
2900.000000,4109
2907.500000,4116
2915.000000,4111
2922.500000,4118
2930.000000,4111
2937.500000,4118
2945.000000,4111
2952.500000,4118
2960.000000,4111
2965.000000,4120
2972.500000,4114
2980.000000,4120
2987.500000,4114
2995.000000,4120
3002.500000,4114
3010.000000,4120
3017.500000,4114
3025.000000,4123
3032.500000,4114
3040.000000,4120
3047.500000,4114
3052.500000,4118
3060.000000,4114
3067.500000,4120
3075.000000,4111
3082.500000,4118
3090.000000,4111
3097.500000,4118
3105.000000,4111
3112.500000,4118
3120.000000,4111
3127.500000,4118
3135.000000,4114
3140.000000,4120
3147.500000,4111
3155.000000,4118
3162.500000,4111
3170.000000,4120
3177.500000,4114
3185.000000,4120
3192.500000,4116
3200.000000,4123
3207.500000,4114
3215.000000,4123
3222.500000,4116
3227.500000,4120
3235.000000,4114
3242.500000,4120
3250.000000,4116
3257.500000,4123
3265.000000,4116
3272.500000,4123
3280.000000,4114
3287.500000,4120
3295.000000,4114
3302.500000,4120
3307.500000,4116
3315.000000,4120
3322.500000,4116
3330.000000,4123
3337.500000,4116
3345.000000,4120
3352.500000,4114
3360.000000,4120
3367.500000,4114
3375.000000,4120
3382.500000,4114
3390.000000,4120
3395.000000,4114
3402.500000,4120
3410.000000,4114
3417.500000,4120
3425.000000,4114
3432.500000,4120
3440.000000,4114
3447.500000,4120
3455.000000,4114
3462.500000,4118
3470.000000,4114
3477.500000,4118
3482.500000,4114
3490.000000,4120
3497.500000,4114
3505.000000,4120
3512.500000,4114
3520.000000,4118
3527.500000,4109
3535.000000,4116
3542.500000,4111
3550.000000,4120
3557.500000,4114
3565.000000,4120
3570.000000,4114
3577.500000,4120
3585.000000,4114
3592.500000,4120
3600.000000,4114
3607.500000,4120
3615.000000,4111
3622.500000,4118
3630.000000,4111
3637.500000,4118
3645.000000,4111
3652.500000,4118
3657.500000,4111
3665.000000,4118
3672.500000,4114
3680.000000,4120
3687.500000,4114
3695.000000,4120
3702.500000,4114
3710.000000,4120
3717.500000,4114
3725.000000,4120
3732.500000,4114
3740.000000,4120
3745.000000,4114
3752.500000,4120
3760.000000,4114
3767.500000,4120
3775.000000,4114
3782.500000,4120
3790.000000,4116
3797.500000,4123
3805.000000,4114
3812.500000,4120
3820.000000,4114
3827.500000,4120
3832.500000,4114
3840.000000,4120
3847.500000,4114
3855.000000,4120
3862.500000,4114
3870.000000,4120
3877.500000,4111
3885.000000,4118
3892.500000,4111
3900.000000,4120
3907.500000,4114
3912.500000,4120
3920.000000,4111
3927.500000,4118
3935.000000,4111
3942.500000,4120
3950.000000,4114
3957.500000,4120
3965.000000,4114
3972.500000,4123
3980.000000,4116
3987.500000,4123
3995.000000,4116
4000.000000,4123
4007.500000,4116
4015.000000,4120
4022.500000,4114
4030.000000,4123
4037.500000,4116
4045.000000,4123
4052.500000,4116
4060.000000,4123
4067.500000,4116
4075.000000,4123
4082.500000,4116
4087.500000,4123
4095.000000,4116
4102.500000,4120
4110.000000,4114
4117.500000,4120
4125.000000,4114
4132.500000,4120
4140.000000,4114
4147.500000,4120
4155.000000,4114
4162.500000,4123
4170.000000,4116
4175.000000,4123
4182.500000,4114
4190.000000,4120
4197.500000,4111
4205.000000,4118
4212.500000,4111
4220.000000,4118
4227.500000,4111
4235.000000,4118
4242.500000,4111
4250.000000,4118
4257.500000,4111
4262.500000,4118
4270.000000,4111
4277.500000,4118
4285.000000,4111
4292.500000,4118
4300.000000,4114
4307.500000,4120
4315.000000,4114
4322.500000,4120
4330.000000,4114
4337.500000,4120
4345.000000,4114
4350.000000,4120
4357.500000,4114
4365.000000,4120
4372.500000,4114
4380.000000,4120
4387.500000,4114
4395.000000,4120
4402.500000,4114
4410.000000,4120
4417.500000,4114
4425.000000,4120
4430.000000,4114
4437.500000,4120
4445.000000,4114
4452.500000,4120
4460.000000,4114
4467.500000,4120
4475.000000,4114
4482.500000,4120
4490.000000,4114
4497.500000,4120
4505.000000,4114
4512.500000,4114
4520.000000,4062
4527.500000,4017
4535.000000,3959
4542.500000,3914
4550.000000,3861
4557.500000,3818
4565.000000,3770
4572.500000,3727
4582.500000,3681
4590.000000,3640
4597.500000,3598
4607.500000,3559
4615.000000,3519
4622.500000,3483
4632.500000,3445
4640.000000,3410
4650.000000,3375
4660.000000,3342
4667.500000,3308
4677.500000,3276
4687.500000,3245
4695.000000,3217
4705.000000,3187
4715.000000,3160
4725.000000,3132
4735.000000,3108
4742.500000,3081
4752.500000,3058
4762.500000,3033
4772.500000,3012
4782.500000,2988
4792.500000,2969
4802.500000,2946
4815.000000,2928
4825.000000,2909
4835.000000,2892
4845.000000,2873
4855.000000,2858
4865.000000,2839
4877.500000,2825
4887.500000,2810
4897.500000,2797
4910.000000,2781
4920.000000,2770
4930.000000,2756
4942.500000,2746
4952.500000,2733
4962.500000,2723
4975.000000,2711
4985.000000,2702
4997.500000,2692
5007.500000,2684
5020.000000,2673
5030.000000,2666
5042.500000,2656
5052.500000,2651
5065.000000,2642
5075.000000,2637
5087.500000,2629
5097.500000,2625
5110.000000,2617
5122.500000,2614
5132.500000,2607
5145.000000,2604
5155.000000,2597
5167.500000,2594
5180.000000,2587
5190.000000,2586
5202.500000,2580
5215.000000,2579
5225.000000,2573
5237.500000,2571
5250.000000,2567
5260.000000,2564
5272.500000,2560
5285.000000,2558
5295.000000,2554
5307.500000,2552
5320.000000,2548
5332.500000,2548
5342.500000,2544
5355.000000,2544
5367.500000,2542
5377.500000,2541
5390.000000,2537
5402.500000,2536
5415.000000,2532
5425.000000,2532
5437.500000,2531
5450.000000,2531
5462.500000,2527
5472.500000,2527
5485.000000,2525
5497.500000,2526
5510.000000,2523
5520.000000,2524
5532.500000,2521
5545.000000,2521
5557.500000,2519
5567.500000,2520
5580.000000,2517
5592.500000,2519
5605.000000,2517
5615.000000,2518
5627.500000,2516
5640.000000,2517
5652.500000,2515
5665.000000,2516
5675.000000,2515
5687.500000,2516
5700.000000,2515
5712.500000,2515
5722.500000,2513
5735.000000,2514
5747.500000,2512
5760.000000,2513
5772.500000,2510
5782.500000,2511
5795.000000,2509
5807.500000,2510
5820.000000,2508
5830.000000,2509
5842.500000,2507
5855.000000,2508
5867.500000,2505
5880.000000,2507
5890.000000,2505
5902.500000,2507
5915.000000,2505
5927.500000,2506
5940.000000,2505
5950.000000,2506
5962.500000,2505
5975.000000,2506
5987.500000,2505
5997.500000,2506
6010.000000,2505
6022.500000,2506
6035.000000,2505
6047.500000,2506
6057.500000,2505
6070.000000,2506
6082.500000,2504
6095.000000,2505
6107.500000,2503
6117.500000,2505
6130.000000,2504
6142.500000,2505
6155.000000,2504
6167.500000,2505
6177.500000,2504
6190.000000,2505
6202.500000,2505
6215.000000,2505
6227.500000,2504
6237.500000,2505
6250.000000,2504
6262.500000,2504
6275.000000,2503
6285.000000,2504
6297.500000,2502
6310.000000,2503
6322.500000,2502
6335.000000,2504
6345.000000,2502
6357.500000,2505
6370.000000,2503
6382.500000,2505
6395.000000,2503
6405.000000,2505
6417.500000,2504
6430.000000,2505
6442.500000,2505
6455.000000,2505
6465.000000,2504
6477.500000,2505
6490.000000,2504
6502.500000,2506
6512.500000,2542
6525.000000,2784
6535.000000,3004
6545.000000,3176
6552.500000,3312
6562.500000,3426
6570.000000,3517
6577.500000,3598
6587.500000,3663
6595.000000,3722
6602.500000,3770
6610.000000,3814
6617.500000,3850
6625.000000,3881
6635.000000,3906
6642.500000,3932
6650.000000,3953
6657.500000,3974
6665.000000,3987
6672.500000,4004
6680.000000,4012
6687.500000,4030
6695.000000,4034
6702.500000,4047
6710.000000,4051
6715.000000,4062
6722.500000,4065
6730.000000,4076
6737.500000,4073
6745.000000,4084
6752.500000,4082
6760.000000,4091
6767.500000,4089
6775.000000,4096
6782.500000,4091
6790.000000,4100
6797.500000,4098
6805.000000,4107
6812.500000,4102
6820.000000,4109
6827.500000,4102
6832.500000,4109
6840.000000,4105
6847.500000,4114
6855.000000,4107
6862.500000,4114
6870.000000,4109
6877.500000,4116
6885.000000,4109
6892.500000,4116
6900.000000,4109
6907.500000,4118
6915.000000,4111
6920.000000,4118
6927.500000,4114
6935.000000,4120
6942.500000,4114
6950.000000,4120
6957.500000,4116
6965.000000,4120
6972.500000,4114
6980.000000,4120
6987.500000,4114
6995.000000,4120
#Thrust
2.500000,0
5.000000,0
7.500000,0
10.000000,0
12.500000,0
15.000000,0
17.500000,0
20.000000,0
22.500000,0
25.000000,0
27.500000,0
30.000000,0
32.500000,0
35.000000,0
37.500000,0
40.000000,0
42.500000,0
45.000000,0
47.500000,0
50.000000,0
52.500000,0
55.000000,0
57.500000,0
60.000000,0
62.500000,0
65.000000,0
67.500000,0
70.000000,0
72.500000,0
75.000000,0
77.500000,0
80.000000,0
82.500000,0
85.000000,0
87.500000,0
90.000000,0
92.500000,0
95.000000,0
97.500000,0
100.000000,1
102.500000,1
105.000000,1
107.500000,1
110.000000,1
112.500000,0
115.000000,0
117.500000,0
120.000000,0
122.500000,0
125.000000,0
127.500000,0
130.000000,0
132.500000,0
135.000000,0
137.500000,0
140.000000,0
142.500000,0
145.000000,0
147.500000,0
150.000000,0
152.500000,0
155.000000,0
157.500000,0
160.000000,0
162.500000,0
165.000000,0
167.500000,0
170.000000,0
172.500000,0
175.000000,0
177.500000,0
180.000000,0
182.500000,0
185.000000,0
187.500000,1
190.000000,1
192.500000,1
195.000000,1
197.500000,1
200.000000,3
202.500000,3
205.000000,3
207.500000,3
210.000000,4
212.500000,4
215.000000,4
217.500000,4
220.000000,4
222.500000,6
225.000000,6
227.500000,6
230.000000,6
232.500000,7
235.000000,7
237.500000,7
240.000000,7
242.500000,8
245.000000,8
247.500000,8
250.000000,8
252.500000,8
255.000000,9
257.500000,9
260.000000,9
262.500000,9
265.000000,10
267.500000,10
270.000000,10
272.500000,10
275.000000,10
277.500000,11
280.000000,11
282.500000,11
285.000000,11
287.500000,12
290.000000,12
292.500000,12
295.000000,12
297.500000,13
300.000000,13
302.500000,13
305.000000,13
307.500000,13
310.000000,15
312.500000,15
315.000000,15
317.500000,15
320.000000,17
322.500000,17
325.000000,17
327.500000,17
330.000000,17
332.500000,18
335.000000,18
337.500000,18
340.000000,18
342.500000,19
345.000000,19
347.500000,19
350.000000,19
352.500000,19
355.000000,21
357.500000,21
360.000000,21
362.500000,21
365.000000,22
367.500000,22
370.000000,22
372.500000,22
375.000000,24
377.500000,24
380.000000,24
382.500000,24
385.000000,24
387.500000,26
390.000000,26
392.500000,26
395.000000,26
397.500000,27
400.000000,27
402.500000,27
405.000000,27
407.500000,27
410.000000,28
412.500000,28
415.000000,28
417.500000,28
420.000000,29
422.500000,29
425.000000,29
427.500000,29
430.000000,29
432.500000,29
435.000000,29
437.500000,29
440.000000,29
442.500000,32
445.000000,32
447.500000,32
450.000000,32
452.500000,32
455.000000,32
457.500000,32
460.000000,32
462.500000,32
465.000000,32
467.500000,32
470.000000,32
472.500000,32
475.000000,34
477.500000,34
480.000000,34
482.500000,34
485.000000,35
487.500000,35
490.000000,35
492.500000,35
495.000000,35
497.500000,36
500.000000,36
502.500000,36
505.000000,36
507.500000,37
510.000000,37
512.500000,37
515.000000,37
517.500000,37
520.000000,37
522.500000,37
525.000000,37
527.500000,37
530.000000,39
532.500000,39
535.000000,39
537.500000,39
540.000000,38
542.500000,38
545.000000,38
547.500000,38
550.000000,38
552.500000,40
555.000000,40
557.500000,40
560.000000,40
562.500000,40
565.000000,40
567.500000,40
570.000000,40
572.500000,40
575.000000,39
577.500000,39
580.000000,39
582.500000,39
585.000000,41
587.500000,41
590.000000,41
592.500000,41
595.000000,40
597.500000,40
600.000000,40
602.500000,40
605.000000,40
607.500000,43
610.000000,43
612.500000,43
615.000000,43
617.500000,42
620.000000,42
622.500000,42
625.000000,42
627.500000,42
630.000000,43
632.500000,43
635.000000,43
637.500000,43
640.000000,44
642.500000,44
645.000000,44
647.500000,44
650.000000,44
652.500000,43
655.000000,43
657.500000,43
660.000000,43
662.500000,45
665.000000,45
667.500000,45
670.000000,45
672.500000,43
675.000000,43
677.500000,43
680.000000,43
682.500000,43
685.000000,45
687.500000,45
690.000000,45
692.500000,45
695.000000,44
697.500000,44
700.000000,44
702.500000,44
705.000000,44
707.500000,45
710.000000,45
712.500000,45
715.000000,45
717.500000,47
720.000000,47
722.500000,47
725.000000,47
727.500000,46
730.000000,46
732.500000,46
735.000000,46
737.500000,46
740.000000,48
742.500000,48
745.000000,48
747.500000,48
750.000000,46
752.500000,46
755.000000,46
757.500000,46
760.000000,46
762.500000,49
765.000000,49
767.500000,49
770.000000,49
772.500000,48
775.000000,48
777.500000,48
780.000000,48
782.500000,48
785.000000,48
787.500000,48
790.000000,48
792.500000,48
795.000000,48
797.500000,48
800.000000,48
802.500000,48
805.000000,48
807.500000,48
810.000000,48
812.500000,48
815.000000,48
817.500000,50
820.000000,50
822.500000,50
825.000000,50
827.500000,49
830.000000,49
832.500000,49
835.000000,49
837.500000,53
840.000000,53
842.500000,53
845.000000,53
847.500000,53
850.000000,50
852.500000,50
855.000000,50
857.500000,50
860.000000,52
862.500000,52
865.000000,52
867.500000,52
870.000000,52
872.500000,49
875.000000,49
877.500000,49
880.000000,49
882.500000,51
885.000000,51
887.500000,51
890.000000,51
892.500000,50
895.000000,50
897.500000,50
900.000000,50
902.500000,50
905.000000,49
907.500000,49
910.000000,49
912.500000,49
915.000000,52
917.500000,52
920.000000,52
922.500000,52
925.000000,52
927.500000,50
930.000000,50
932.500000,50
935.000000,50
937.500000,52
940.000000,52
942.500000,52
945.000000,52
947.500000,52
950.000000,51
952.500000,51
955.000000,51
957.500000,51
960.000000,55
962.500000,55
965.000000,55
967.500000,55
970.000000,52
972.500000,52
975.000000,52
977.500000,52
980.000000,52
982.500000,54
985.000000,54
987.500000,54
990.000000,54
992.500000,52
995.000000,52
997.500000,52
1000.000000,52
1002.500000,52
1005.000000,52
1007.500000,52
1010.000000,52
1012.500000,52
1015.000000,54
1017.500000,54
1020.000000,54
1022.500000,54
1025.000000,52
1027.500000,52
1030.000000,52
1032.500000,52
1035.000000,52
1037.500000,56
1040.000000,56
1042.500000,56
1045.000000,56
1047.500000,53
1050.000000,53
1052.500000,53
1055.000000,53
1057.500000,53
1060.000000,56
1062.500000,56
1065.000000,56
1067.500000,56
1070.000000,52
1072.500000,52
1075.000000,52
1077.500000,52
1080.000000,56
1082.500000,56
1085.000000,56
1087.500000,56
1090.000000,56
1092.500000,53
1095.000000,53
1097.500000,53
1100.000000,53
1102.500000,55
1105.000000,55
1107.500000,55
1110.000000,55
1112.500000,55
1115.000000,54
1117.500000,54
1120.000000,54
1122.500000,54
1125.000000,56
1127.500000,56
1130.000000,56
1132.500000,56
1135.000000,57
1137.500000,57
1140.000000,57
1142.500000,57
1145.000000,57
1147.500000,55
1150.000000,55
1152.500000,55
1155.000000,55
1157.500000,58
1160.000000,58
1162.500000,58
1165.000000,58
1167.500000,58
1170.000000,54
1172.500000,54
1175.000000,54
1177.500000,54
1180.000000,58
1182.500000,58
1185.000000,58
1187.500000,58
1190.000000,54
1192.500000,54
1195.000000,54
1197.500000,54
1200.000000,54
1202.500000,57
1205.000000,57
1207.500000,57
1210.000000,57
1212.500000,55
1215.000000,55
1217.500000,55
1220.000000,55
1222.500000,55
1225.000000,56
1227.500000,56
1230.000000,56
1232.500000,56
1235.000000,55
1237.500000,55
1240.000000,55
1242.500000,55
1245.000000,55
1247.500000,55
1250.000000,55
1252.500000,55
1255.000000,55
1257.500000,56
1260.000000,56
1262.500000,56
1265.000000,56
1267.500000,55
1270.000000,55
1272.500000,55
1275.000000,55
1277.500000,55
1280.000000,57
1282.500000,57
1285.000000,57
1287.500000,57
1290.000000,55
1292.500000,55
1295.000000,55
1297.500000,55
1300.000000,55
1302.500000,57
1305.000000,57
1307.500000,57
1310.000000,57
1312.500000,55
1315.000000,55
1317.500000,55
1320.000000,55
1322.500000,60
1325.000000,60
1327.500000,60
1330.000000,60
1332.500000,60
1335.000000,56
1337.500000,56
1340.000000,56
1342.500000,56
1345.000000,58
1347.500000,58
1350.000000,58
1352.500000,58
1355.000000,58
1357.500000,56
1360.000000,56
1362.500000,56
1365.000000,56
1367.500000,58
1370.000000,58
1372.500000,58
1375.000000,58
1377.500000,58
1380.000000,58
1382.500000,58
1385.000000,58
1387.500000,58
1390.000000,58
1392.500000,58
1395.000000,58
1397.500000,58
1400.000000,59
1402.500000,59
1405.000000,59
1407.500000,59
1410.000000,59
1412.500000,57
1415.000000,57
1417.500000,57
1420.000000,57
1422.500000,60
1425.000000,60
1427.500000,60
1430.000000,60
1432.500000,56
1435.000000,56
1437.500000,56
1440.000000,56
1442.500000,56
1445.000000,59
1447.500000,59
1450.000000,59
1452.500000,59
1455.000000,55
1457.500000,55
1460.000000,55
1462.500000,55
1465.000000,55
1467.500000,59
1470.000000,59
1472.500000,59
1475.000000,59
1477.500000,57
1480.000000,57
1482.500000,57
1485.000000,57
1487.500000,60
1490.000000,60
1492.500000,60
1495.000000,60
1497.500000,60
1500.000000,57
1502.500000,57
1505.000000,57
1507.500000,57
1510.000000,57
1512.500000,57
1515.000000,57
1517.500000,57
1520.000000,57
1522.500000,58
1525.000000,58
1527.500000,58
1530.000000,58
1532.500000,58
1535.000000,58
1537.500000,58
1540.000000,58
1542.500000,60
1545.000000,60
1547.500000,60
1550.000000,60
1552.500000,60
1555.000000,57
1557.500000,57
1560.000000,57
1562.500000,57
1565.000000,60
1567.500000,60
1570.000000,60
1572.500000,60
1575.000000,60
1577.500000,56
1580.000000,56
1582.500000,56
1585.000000,56
1587.500000,59
1590.000000,59
1592.500000,59
1595.000000,59
1597.500000,59
1600.000000,57
1602.500000,57
1605.000000,57
1607.500000,57
1610.000000,59
1612.500000,59
1615.000000,59
1617.500000,59
1620.000000,58
1622.500000,58
1625.000000,58
1627.500000,58
1630.000000,58
1632.500000,59
1635.000000,59
1637.500000,59
1640.000000,59
1642.500000,58
1645.000000,58
1647.500000,58
1650.000000,58
1652.500000,58
1655.000000,60
1657.500000,60
1660.000000,60
1662.500000,60
1665.000000,61
1667.500000,61
1670.000000,61
1672.500000,61
1675.000000,59
1677.500000,59
1680.000000,59
1682.500000,59
1685.000000,59
1687.500000,61
1690.000000,61
1692.500000,61
1695.000000,61
1697.500000,58
1700.000000,58
1702.500000,58
1705.000000,58
1707.500000,58
1710.000000,61
1712.500000,61
1715.000000,61
1717.500000,61
1720.000000,57
1722.500000,57
1725.000000,57
1727.500000,57
1730.000000,60
1732.500000,60
1735.000000,60
1737.500000,60
1740.000000,60
1742.500000,57
1745.000000,57
1747.500000,57
1750.000000,57
1752.500000,57
1755.000000,57
1757.500000,57
1760.000000,57
1762.500000,57
1765.000000,56
1767.500000,56
1770.000000,56
1772.500000,56
1775.000000,56
1777.500000,56
1780.000000,56
1782.500000,56
1785.000000,56
1787.500000,56
1790.000000,56
1792.500000,56
1795.000000,56
1797.500000,57
1800.000000,57
1802.500000,57
1805.000000,57
1807.500000,59
1810.000000,59
1812.500000,59
1815.000000,59
1817.500000,59
1820.000000,59
1822.500000,59
1825.000000,59
1827.500000,59
1830.000000,61
1832.500000,61
1835.000000,61
1837.500000,61
1840.000000,57
1842.500000,57
1845.000000,57
1847.500000,57
1850.000000,57
1852.500000,61
1855.000000,61
1857.500000,61
1860.000000,61
1862.500000,58
1865.000000,58
1867.500000,58
1870.000000,58
1872.500000,58
1875.000000,60
1877.500000,60
1880.000000,60
1882.500000,60
1885.000000,57
1887.500000,57
1890.000000,57
1892.500000,57
1895.000000,57
1897.500000,60
1900.000000,60
1902.500000,60
1905.000000,60
1907.500000,60
1910.000000,60
1912.500000,60
1915.000000,60
1917.500000,61
1920.000000,61
1922.500000,61
1925.000000,61
1927.500000,61
1930.000000,61
1932.500000,61
1935.000000,61
1937.500000,61
1940.000000,59
1942.500000,59
1945.000000,59
1947.500000,59
1950.000000,59
1952.500000,62
1955.000000,62
1957.500000,62
1960.000000,62
1962.500000,59
1965.000000,59
1967.500000,59
1970.000000,59
1972.500000,62
1975.000000,62
1977.500000,62
1980.000000,62
1982.500000,62
1985.000000,60
1987.500000,60
1990.000000,60
1992.500000,60
1995.000000,62
1997.500000,62
2000.000000,62
2002.500000,62
2005.000000,62
2007.500000,58
2010.000000,58
2012.500000,58
2015.000000,58
2017.500000,62
2020.000000,62
2022.500000,62
2025.000000,62
2027.500000,59
2030.000000,59
2032.500000,59
2035.000000,59
2037.500000,59
2040.000000,59
2042.500000,59
2045.000000,59
2047.500000,59
2050.000000,59
2052.500000,59
2055.000000,59
2057.500000,59
2060.000000,59
2062.500000,61
2065.000000,61
2067.500000,61
2070.000000,61
2072.500000,61
2075.000000,61
2077.500000,61
2080.000000,61
2082.500000,59
2085.000000,59
2087.500000,59
2090.000000,59
2092.500000,59
2095.000000,60
2097.500000,60
2100.000000,60
2102.500000,60
2105.000000,58
2107.500000,58
2110.000000,58
2112.500000,58
2115.000000,58
2117.500000,62
2120.000000,62
2122.500000,62
2125.000000,62
2127.500000,59
2130.000000,59
2132.500000,59
2135.000000,59
2137.500000,61
2140.000000,61
2142.500000,61
2145.000000,61
2147.500000,61
2150.000000,59
2152.500000,59
2155.000000,59
2157.500000,59
2160.000000,62
2162.500000,62
2165.000000,62
2167.500000,62
2170.000000,62
2172.500000,59
2175.000000,59
2177.500000,59
2180.000000,59
2182.500000,61
2185.000000,61
2187.500000,61
2190.000000,61
2192.500000,61
2195.000000,61
2197.500000,61
2200.000000,61
2202.500000,61
2205.000000,61
2207.500000,61
2210.000000,61
2212.500000,61
2215.000000,61
2217.500000,61
2220.000000,61
2222.500000,61
2225.000000,61
2227.500000,59
2230.000000,59
2232.500000,59
2235.000000,59
2237.500000,62
2240.000000,62
2242.500000,62
2245.000000,62
2247.500000,62
2250.000000,58
2252.500000,58
2255.000000,58
2257.500000,58
2260.000000,62
2262.500000,62
2265.000000,62
2267.500000,62
2270.000000,59
2272.500000,59
2275.000000,59
2277.500000,59
2280.000000,59
2282.500000,63
2285.000000,63
2287.500000,63
2290.000000,63
2292.500000,60
2295.000000,60
2297.500000,60
2300.000000,60
2302.500000,60
2305.000000,62
2307.500000,62
2310.000000,62
2312.500000,62
2315.000000,59
2317.500000,59
2320.000000,59
2322.500000,59
2325.000000,60
2327.500000,60
2330.000000,60
2332.500000,60
2335.000000,60
2337.500000,60
2340.000000,60
2342.500000,60
2345.000000,60
2347.500000,61
2350.000000,61
2352.500000,61
2355.000000,61
2357.500000,61
2360.000000,61
2362.500000,61
2365.000000,61
2367.500000,61
2370.000000,59
2372.500000,59
2375.000000,59
2377.500000,59
2380.000000,62
2382.500000,62
2385.000000,62
2387.500000,62
2390.000000,62
2392.500000,57
2395.000000,57
2397.500000,57
2400.000000,57
2402.500000,59
2405.000000,59
2407.500000,59
2410.000000,59
2412.500000,59
2415.000000,56
2417.500000,56
2420.000000,56
2422.500000,56
2425.000000,62
2427.500000,62
2430.000000,62
2432.500000,62
2435.000000,58
2437.500000,58
2440.000000,58
2442.500000,58
2445.000000,58
2447.500000,57
2450.000000,57
2452.500000,57
2455.000000,57
2457.500000,56
2460.000000,56
2462.500000,56
2465.000000,56
2467.500000,56
2470.000000,59
2472.500000,59
2475.000000,59
2477.500000,59
2480.000000,60
2482.500000,60
2485.000000,60
2487.500000,60
2490.000000,62
2492.500000,62
2495.000000,62
2497.500000,62
2500.000000,62
2502.500000,62
2505.000000,62
2507.500000,62
2510.000000,62
2512.500000,58
2515.000000,58
2517.500000,58
2520.000000,58
2522.500000,58
2525.000000,62
2527.500000,62
2530.000000,62
2532.500000,62
2535.000000,58
2537.500000,58
2540.000000,58
2542.500000,58
2545.000000,58
2547.500000,73
2550.000000,73
2552.500000,73
2555.000000,73
2557.500000,88
2560.000000,88
2562.500000,88
2565.000000,88
2567.500000,103
2570.000000,103
2572.500000,103
2575.000000,103
2577.500000,103
2580.000000,111
2582.500000,111
2585.000000,111
2587.500000,111
2590.000000,121
2592.500000,121
2595.000000,121
2597.500000,121
2600.000000,121
2602.500000,128
2605.000000,128
2607.500000,128
2610.000000,128
2612.500000,136
2615.000000,136
2617.500000,136
2620.000000,136
2622.500000,143
2625.000000,143
2627.500000,143
2630.000000,143
2632.500000,143
2635.000000,149
2637.500000,149
2640.000000,149
2642.500000,149
2645.000000,155
2647.500000,155
2650.000000,155
2652.500000,155
2655.000000,155
2657.500000,160
2660.000000,160
2662.500000,160
2665.000000,160
2667.500000,163
2670.000000,163
2672.500000,163
2675.000000,163
2677.500000,165
2680.000000,165
2682.500000,165
2685.000000,165
2687.500000,165
2690.000000,168
2692.500000,168
2695.000000,168
2697.500000,168
2700.000000,170
2702.500000,170
2705.000000,170
2707.500000,170
2710.000000,170
2712.500000,172
2715.000000,172
2717.500000,172
2720.000000,172
2722.500000,175
2725.000000,175
2727.500000,175
2730.000000,175
2732.500000,177
2735.000000,177
2737.500000,177
2740.000000,177
2742.500000,177
2745.000000,178
2747.500000,178
2750.000000,178
2752.500000,178
2755.000000,179
2757.500000,179
2760.000000,179
2762.500000,179
2765.000000,179
2767.500000,180
2770.000000,180
2772.500000,180
2775.000000,180
2777.500000,181
2780.000000,181
2782.500000,181
2785.000000,181
2787.500000,182
2790.000000,182
2792.500000,182
2795.000000,182
2797.500000,182
2800.000000,183
2802.500000,183
2805.000000,183
2807.500000,183
2810.000000,183
2812.500000,183
2815.000000,183
2817.500000,183
2820.000000,183
2822.500000,184
2825.000000,184
2827.500000,184
2830.000000,184
2832.500000,184
2835.000000,184
2837.500000,184
2840.000000,184
2842.500000,184
2845.000000,183
2847.500000,183
2850.000000,183
2852.500000,183
2855.000000,183
2857.500000,183
2860.000000,183
2862.500000,183
2865.000000,183
2867.500000,183
2870.000000,183
2872.500000,183
2875.000000,183
2877.500000,184
2880.000000,184
2882.500000,184
2885.000000,184
2887.500000,184
2890.000000,184
2892.500000,184
2895.000000,184
2897.500000,184
2900.000000,186
2902.500000,186
2905.000000,186
2907.500000,186
2910.000000,184
2912.500000,184
2915.000000,184
2917.500000,184
2920.000000,185
2922.500000,185
2925.000000,185
2927.500000,185
2930.000000,185
2932.500000,185
2935.000000,185
2937.500000,185
2940.000000,185
2942.500000,185
2945.000000,185
2947.500000,185
2950.000000,185
2952.500000,185
2955.000000,185
2957.500000,185
2960.000000,185
2962.500000,185
2965.000000,185
2967.500000,185
2970.000000,185
2972.500000,185
2975.000000,186
2977.500000,186
2980.000000,186
2982.500000,186
2985.000000,186
2987.500000,185
2990.000000,185
2992.500000,185
2995.000000,185
2997.500000,186
3000.000000,186
3002.500000,186
3005.000000,186
3007.500000,186
3010.000000,187
3012.500000,187
3015.000000,187
3017.500000,187
3020.000000,187
3022.500000,187
3025.000000,187
3027.500000,187
3030.000000,187
3032.500000,187
3035.000000,187
3037.500000,187
3040.000000,187
3042.500000,186
3045.000000,186
3047.500000,186
3050.000000,186
3052.500000,186
3055.000000,186
3057.500000,186
3060.000000,186
3062.500000,186
3065.000000,186
3067.500000,186
3070.000000,186
3072.500000,186
3075.000000,186
3077.500000,186
3080.000000,186
3082.500000,186
3085.000000,185
3087.500000,185
3090.000000,185
3092.500000,185
3095.000000,185
3097.500000,185
3100.000000,185
3102.500000,185
3105.000000,185
3107.500000,185
3110.000000,185
3112.500000,185
3115.000000,185
3117.500000,185
3120.000000,185
3122.500000,185
3125.000000,185
3127.500000,185
3130.000000,185
3132.500000,185
3135.000000,185
3137.500000,185
3140.000000,185
3142.500000,186
3145.000000,186
3147.500000,186
3150.000000,186
3152.500000,186
3155.000000,186
3157.500000,186
3160.000000,186
3162.500000,186
3165.000000,186
3167.500000,186
3170.000000,186
3172.500000,186
3175.000000,186
3177.500000,186
3180.000000,186
3182.500000,186
3185.000000,186
3187.500000,186
3190.000000,186
3192.500000,186
3195.000000,186
3197.500000,186
3200.000000,186
3202.500000,186
3205.000000,186
3207.500000,186
3210.000000,186
3212.500000,186
3215.000000,186
3217.500000,186
3220.000000,186
3222.500000,186
3225.000000,186
3227.500000,186
3230.000000,186
3232.500000,186
3235.000000,186
3237.500000,186
3240.000000,187
3242.500000,187
3245.000000,187
3247.500000,187
3250.000000,187
3252.500000,186
3255.000000,186
3257.500000,186
3260.000000,186
3262.500000,185
3265.000000,185
3267.500000,185
3270.000000,185
3272.500000,185
3275.000000,185
3277.500000,185
3280.000000,185
3282.500000,185
3285.000000,186
3287.500000,186
3290.000000,186
3292.500000,186
3295.000000,185
3297.500000,185
3300.000000,185
3302.500000,185
3305.000000,185
3307.500000,186
3310.000000,186
3312.500000,186
3315.000000,186
3317.500000,186
3320.000000,186
3322.500000,186
3325.000000,186
3327.500000,187
3330.000000,187
3332.500000,187
3335.000000,187
3337.500000,187
3340.000000,186
3342.500000,186
3345.000000,186
3347.500000,186
3350.000000,186
3352.500000,186
3355.000000,186
3357.500000,186
3360.000000,186
3362.500000,186
3365.000000,186
3367.500000,186
3370.000000,186
3372.500000,186
3375.000000,186
3377.500000,186
3380.000000,186
3382.500000,187
3385.000000,187
3387.500000,187
3390.000000,187
3392.500000,187
3395.000000,186
3397.500000,186
3400.000000,186
3402.500000,186
3405.000000,185
3407.500000,185
3410.000000,185
3412.500000,185
3415.000000,185
3417.500000,186
3420.000000,186
3422.500000,186
3425.000000,186
3427.500000,187
3430.000000,187
3432.500000,187
3435.000000,187
3437.500000,187
3440.000000,186
3442.500000,186
3445.000000,186
3447.500000,186
3450.000000,186
3452.500000,186
3455.000000,186
3457.500000,186
3460.000000,186
3462.500000,186
3465.000000,186
3467.500000,186
3470.000000,186
3472.500000,187
3475.000000,187
3477.500000,187
3480.000000,187
3482.500000,187
3485.000000,187
3487.500000,187
3490.000000,187
3492.500000,187
3495.000000,186
3497.500000,186
3500.000000,186
3502.500000,186
3505.000000,187
3507.500000,187
3510.000000,187
3512.500000,187
3515.000000,187
3517.500000,187
3520.000000,187
3522.500000,187
3525.000000,187
3527.500000,187
3530.000000,187
3532.500000,187
3535.000000,187
3537.500000,187
3540.000000,187
3542.500000,187
3545.000000,187
3547.500000,187
3550.000000,187
3552.500000,187
3555.000000,187
3557.500000,187
3560.000000,187
3562.500000,187
3565.000000,187
3567.500000,187
3570.000000,187
3572.500000,187
3575.000000,187
3577.500000,187
3580.000000,187
3582.500000,186
3585.000000,186
3587.500000,186
3590.000000,186
3592.500000,186
3595.000000,186
3597.500000,186
3600.000000,186
3602.500000,186
3605.000000,186
3607.500000,186
3610.000000,186
3612.500000,186
3615.000000,186
3617.500000,186
3620.000000,186
3622.500000,186
3625.000000,186
3627.500000,186
3630.000000,186
3632.500000,186
3635.000000,186
3637.500000,187
3640.000000,187
3642.500000,187
3645.000000,187
3647.500000,187
3650.000000,187
3652.500000,187
3655.000000,187
3657.500000,187
3660.000000,188
3662.500000,188
3665.000000,188
3667.500000,188
3670.000000,188
3672.500000,188
3675.000000,188
3677.500000,188
3680.000000,187
3682.500000,187
3685.000000,187
3687.500000,187
3690.000000,187
3692.500000,187
3695.000000,187
3697.500000,187
3700.000000,187
3702.500000,186
3705.000000,186
3707.500000,186
3710.000000,186
3712.500000,186
3715.000000,186
3717.500000,186
3720.000000,186
3722.500000,186
3725.000000,186
3727.500000,186
3730.000000,186
3732.500000,186
3735.000000,186
3737.500000,187
3740.000000,187
3742.500000,187
3745.000000,187
3747.500000,186
3750.000000,186
3752.500000,186
3755.000000,186
3757.500000,186
3760.000000,186
3762.500000,186
3765.000000,186
3767.500000,186
3770.000000,185
3772.500000,185
3775.000000,185
3777.500000,185
3780.000000,185
3782.500000,185
3785.000000,185
3787.500000,185
3790.000000,185
3792.500000,187
3795.000000,187
3797.500000,187
3800.000000,187
3802.500000,187
3805.000000,187
3807.500000,187
3810.000000,187
3812.500000,187
3815.000000,187
3817.500000,187
3820.000000,187
3822.500000,187
3825.000000,187
3827.500000,187
3830.000000,187
3832.500000,187
3835.000000,186
3837.500000,186
3840.000000,186
3842.500000,186
3845.000000,186
3847.500000,186
3850.000000,186
3852.500000,186
3855.000000,186
3857.500000,187
3860.000000,187
3862.500000,187
3865.000000,187
3867.500000,187
3870.000000,187
3872.500000,187
3875.000000,187
3877.500000,187
3880.000000,187
3882.500000,187
3885.000000,187
3887.500000,187
3890.000000,187
3892.500000,187
3895.000000,187
3897.500000,187
3900.000000,187
3902.500000,187
3905.000000,187
3907.500000,187
3910.000000,187
3912.500000,187
3915.000000,187
3917.500000,187
3920.000000,187
3922.500000,186
3925.000000,186
3927.500000,186
3930.000000,186
3932.500000,186
3935.000000,187
3937.500000,187
3940.000000,187
3942.500000,187
3945.000000,187
3947.500000,187
3950.000000,187
3952.500000,187
3955.000000,187
3957.500000,187
3960.000000,187
3962.500000,187
3965.000000,187
3967.500000,187
3970.000000,187
3972.500000,187
3975.000000,187
3977.500000,187
3980.000000,187
3982.500000,187
3985.000000,187
3987.500000,187
3990.000000,187
3992.500000,187
3995.000000,187
3997.500000,187
4000.000000,187
4002.500000,187
4005.000000,187
4007.500000,187
4010.000000,187
4012.500000,186
4015.000000,186
4017.500000,186
4020.000000,186
4022.500000,187
4025.000000,187
4027.500000,187
4030.000000,187
4032.500000,187
4035.000000,187
4037.500000,187
4040.000000,187
4042.500000,187
4045.000000,187
4047.500000,187
4050.000000,187
4052.500000,187
4055.000000,187
4057.500000,187
4060.000000,187
4062.500000,187
4065.000000,187
4067.500000,186
4070.000000,186
4072.500000,186
4075.000000,186
4077.500000,187
4080.000000,187
4082.500000,187
4085.000000,187
4087.500000,187
4090.000000,187
4092.500000,187
4095.000000,187
4097.500000,187
4100.000000,187
4102.500000,187
4105.000000,187
4107.500000,187
4110.000000,185
4112.500000,185
4115.000000,185
4117.500000,185
4120.000000,185
4122.500000,186
4125.000000,186
4127.500000,186
4130.000000,186
4132.500000,186
4135.000000,186
4137.500000,186
4140.000000,186
4142.500000,186
4145.000000,187
4147.500000,187
4150.000000,187
4152.500000,187
4155.000000,187
4157.500000,187
4160.000000,187
4162.500000,187
4165.000000,187
4167.500000,187
4170.000000,187
4172.500000,187
4175.000000,187
4177.500000,188
4180.000000,188
4182.500000,188
4185.000000,188
4187.500000,187
4190.000000,187
4192.500000,187
4195.000000,187
4197.500000,187
4200.000000,187
4202.500000,187
4205.000000,187
4207.500000,187
4210.000000,186
4212.500000,186
4215.000000,186
4217.500000,186
4220.000000,187
4222.500000,187
4225.000000,187
4227.500000,187
4230.000000,187
4232.500000,187
4235.000000,187
4237.500000,187
4240.000000,187
4242.500000,186
4245.000000,186
4247.500000,186
4250.000000,186
4252.500000,186
4255.000000,186
4257.500000,186
4260.000000,186
4262.500000,186
4265.000000,186
4267.500000,186
4270.000000,186
4272.500000,186
4275.000000,187
4277.500000,187
4280.000000,187
4282.500000,187
4285.000000,187
4287.500000,187
4290.000000,187
4292.500000,187
4295.000000,187
4297.500000,187
4300.000000,187
4302.500000,187
4305.000000,187
4307.500000,187
4310.000000,187
4312.500000,187
4315.000000,187
4317.500000,187
4320.000000,187
4322.500000,187
4325.000000,187
4327.500000,187
4330.000000,187
4332.500000,187
4335.000000,187
4337.500000,187
4340.000000,187
4342.500000,187
4345.000000,187
4347.500000,187
4350.000000,187
4352.500000,187
4355.000000,187
4357.500000,187
4360.000000,187
4362.500000,187
4365.000000,187
4367.500000,187
4370.000000,187
4372.500000,187
4375.000000,186
4377.500000,186
4380.000000,186
4382.500000,186
4385.000000,186
4387.500000,186
4390.000000,186
4392.500000,186
4395.000000,186
4397.500000,187
4400.000000,187
4402.500000,187
4405.000000,187
4407.500000,187
4410.000000,187
4412.500000,187
4415.000000,187
4417.500000,187
4420.000000,187
4422.500000,187
4425.000000,187
4427.500000,187
4430.000000,187
4432.500000,187
4435.000000,187
4437.500000,187
4440.000000,187
4442.500000,187
4445.000000,187
4447.500000,187
4450.000000,187
4452.500000,187
4455.000000,187
4457.500000,187
4460.000000,187
4462.500000,187
4465.000000,187
4467.500000,187
4470.000000,187
4472.500000,187
4475.000000,186
4477.500000,186
4480.000000,186
4482.500000,186
4485.000000,187
4487.500000,187
4490.000000,187
4492.500000,187
4495.000000,187
4497.500000,187
4500.000000,187
4502.500000,187
4505.000000,187
4507.500000,187
4510.000000,187
4512.500000,187
4515.000000,187
4517.500000,187
4520.000000,187
4522.500000,187
4525.000000,187
4527.500000,187
4530.000000,186
4532.500000,186
4535.000000,186
4537.500000,186
4540.000000,180
4542.500000,180
4545.000000,180
4547.500000,180
4550.000000,180
4552.500000,174
4555.000000,174
4557.500000,174
4560.000000,174
4562.500000,167
4565.000000,167
4567.500000,167
4570.000000,167
4572.500000,160
4575.000000,160
4577.500000,160
4580.000000,160
4582.500000,160
4585.000000,154
4587.500000,154
4590.000000,154
4592.500000,154
4595.000000,149
4597.500000,149
4600.000000,149
4602.500000,149
4605.000000,149
4607.500000,145
4610.000000,145
4612.500000,145
4615.000000,145
4617.500000,140
4620.000000,140
4622.500000,140
4625.000000,140
4627.500000,135
4630.000000,135
4632.500000,135
4635.000000,135
4637.500000,135
4640.000000,131
4642.500000,131
4645.000000,131
4647.500000,131
4650.000000,128
4652.500000,128
4655.000000,128
4657.500000,128
4660.000000,128
4662.500000,125
4665.000000,125
4667.500000,125
4670.000000,125
4672.500000,123
4675.000000,123
4677.500000,123
4680.000000,123
4682.500000,123
4685.000000,121
4687.500000,121
4690.000000,121
4692.500000,121
4695.000000,117
4697.500000,117
4700.000000,117
4702.500000,117
4705.000000,114
4707.500000,114
4710.000000,114
4712.500000,114
4715.000000,114
4717.500000,112
4720.000000,112
4722.500000,112
4725.000000,112
4727.500000,109
4730.000000,109
4732.500000,109
4735.000000,109
4737.500000,109
4740.000000,107
4742.500000,107
4745.000000,107
4747.500000,107
4750.000000,106
4752.500000,106
4755.000000,106
4757.500000,106
4760.000000,104
4762.500000,104
4765.000000,104
4767.500000,104
4770.000000,104
4772.500000,102
4775.000000,102
4777.500000,102
4780.000000,102
4782.500000,100
4785.000000,100
4787.500000,100
4790.000000,100
4792.500000,100
4795.000000,99
4797.500000,99
4800.000000,99
4802.500000,99
4805.000000,97
4807.500000,97
4810.000000,97
4812.500000,97
4815.000000,95
4817.500000,95
4820.000000,95
4822.500000,95
4825.000000,95
4827.500000,94
4830.000000,94
4832.500000,94
4835.000000,94
4837.500000,93
4840.000000,93
4842.500000,93
4845.000000,93
4847.500000,93
4850.000000,92
4852.500000,92
4855.000000,92
4857.500000,92
4860.000000,91
4862.500000,91
4865.000000,91
4867.500000,91
4870.000000,89
4872.500000,89
4875.000000,89
4877.500000,89
4880.000000,89
4882.500000,88
4885.000000,88
4887.500000,88
4890.000000,88
4892.500000,87
4895.000000,87
4897.500000,87
4900.000000,87
4902.500000,87
4905.000000,86
4907.500000,86
4910.000000,86
4912.500000,86
4915.000000,85
4917.500000,85
4920.000000,85
4922.500000,85
4925.000000,84
4927.500000,84
4930.000000,84
4932.500000,84
4935.000000,84
4937.500000,83
4940.000000,83
4942.500000,83
4945.000000,83
4947.500000,83
4950.000000,83
4952.500000,83
4955.000000,83
4957.500000,83
4960.000000,82
4962.500000,82
4965.000000,82
4967.500000,82
4970.000000,80
4972.500000,80
4975.000000,80
4977.500000,80
4980.000000,80
4982.500000,80
4985.000000,80
4987.500000,80
4990.000000,80
4992.500000,79
4995.000000,79
4997.500000,79
5000.000000,79
5002.500000,79
5005.000000,79
5007.500000,79
5010.000000,79
5012.500000,79
5015.000000,78
5017.500000,78
5020.000000,78
5022.500000,78
5025.000000,78
5027.500000,78
5030.000000,78
5032.500000,78
5035.000000,78
5037.500000,77
5040.000000,77
5042.500000,77
5045.000000,77
5047.500000,76
5050.000000,76
5052.500000,76
5055.000000,76
5057.500000,76
5060.000000,76
5062.500000,76
5065.000000,76
5067.500000,76
5070.000000,75
5072.500000,75
5075.000000,75
5077.500000,75
5080.000000,75
5082.500000,75
5085.000000,75
5087.500000,75
5090.000000,75
5092.500000,74
5095.000000,74
5097.500000,74
5100.000000,74
5102.500000,74
5105.000000,74
5107.500000,74
5110.000000,74
5112.500000,74
5115.000000,74
5117.500000,74
5120.000000,74
5122.500000,74
5125.000000,73
5127.500000,73
5130.000000,73
5132.500000,73
5135.000000,73
5137.500000,73
5140.000000,73
5142.500000,73
5145.000000,73
5147.500000,74
5150.000000,74
5152.500000,74
5155.000000,74
5157.500000,72
5160.000000,72
5162.500000,72
5165.000000,72
5167.500000,73
5170.000000,73
5172.500000,73
5175.000000,73
5177.500000,73
5180.000000,71
5182.500000,71
5185.000000,71
5187.500000,71
5190.000000,72
5192.500000,72
5195.000000,72
5197.500000,72
5200.000000,72
5202.500000,70
5205.000000,70
5207.500000,70
5210.000000,70
5212.500000,71
5215.000000,71
5217.500000,71
5220.000000,71
5222.500000,70
5225.000000,70
5227.500000,70
5230.000000,70
5232.500000,70
5235.000000,72
5237.500000,72
5240.000000,72
5242.500000,72
5245.000000,69
5247.500000,69
5250.000000,69
5252.500000,69
5255.000000,69
5257.500000,71
5260.000000,71
5262.500000,71
5265.000000,71
5267.500000,69
5270.000000,69
5272.500000,69
5275.000000,69
5277.500000,71
5280.000000,71
5282.500000,71
5285.000000,71
5287.500000,71
5290.000000,69
5292.500000,69
5295.000000,69
5297.500000,69
5300.000000,71
5302.500000,71
5305.000000,71
5307.500000,71
5310.000000,71
5312.500000,69
5315.000000,69
5317.500000,69
5320.000000,69
5322.500000,69
5325.000000,69
5327.500000,69
5330.000000,69
5332.500000,69
5335.000000,69
5337.500000,69
5340.000000,69
5342.500000,69
5345.000000,69
5347.500000,69
5350.000000,69
5352.500000,69
5355.000000,69
5357.500000,69
5360.000000,69
5362.500000,69
5365.000000,69
5367.500000,68
5370.000000,68
5372.500000,68
5375.000000,68
5377.500000,69
5380.000000,69
5382.500000,69
5385.000000,69
5387.500000,69
5390.000000,67
5392.500000,67
5395.000000,67
5397.500000,67
5400.000000,69
5402.500000,69
5405.000000,69
5407.500000,69
5410.000000,67
5412.500000,67
5415.000000,67
5417.500000,67
5420.000000,67
5422.500000,69
5425.000000,69
5427.500000,69
5430.000000,69
5432.500000,66
5435.000000,66
5437.500000,66
5440.000000,66
5442.500000,66
5445.000000,68
5447.500000,68
5450.000000,68
5452.500000,68
5455.000000,67
5457.500000,67
5460.000000,67
5462.500000,67
5465.000000,69
5467.500000,69
5470.000000,69
5472.500000,69
5475.000000,69
5477.500000,67
5480.000000,67
5482.500000,67
5485.000000,67
5487.500000,68
5490.000000,68
5492.500000,68
5495.000000,68
5497.500000,68
5500.000000,67
5502.500000,67
5505.000000,67
5507.500000,67
5510.000000,68
5512.500000,68
5515.000000,68
5517.500000,68
5520.000000,69
5522.500000,69
5525.000000,69
5527.500000,69
5530.000000,69
5532.500000,67
5535.000000,67
5537.500000,67
5540.000000,67
5542.500000,68
5545.000000,68
5547.500000,68
5550.000000,68
5552.500000,68
5555.000000,67
5557.500000,67
5560.000000,67
5562.500000,67
5565.000000,69
5567.500000,69
5570.000000,69
5572.500000,69
5575.000000,66
5577.500000,66
5580.000000,66
5582.500000,66
5585.000000,66
5587.500000,68
5590.000000,68
5592.500000,68
5595.000000,68
5597.500000,65
5600.000000,65
5602.500000,65
5605.000000,65
5607.500000,65
5610.000000,69
5612.500000,69
5615.000000,69
5617.500000,69
5620.000000,66
5622.500000,66
5625.000000,66
5627.500000,66
5630.000000,66
5632.500000,67
5635.000000,67
5637.500000,67
5640.000000,67
5642.500000,66
5645.000000,66
5647.500000,66
5650.000000,66
5652.500000,67
5655.000000,67
5657.500000,67
5660.000000,67
5662.500000,67
5665.000000,66
5667.500000,66
5670.000000,66
5672.500000,66
5675.000000,66
5677.500000,66
5680.000000,66
5682.500000,66
5685.000000,66
5687.500000,66
5690.000000,66
5692.500000,66
5695.000000,66
5697.500000,65
5700.000000,65
5702.500000,65
5705.000000,65
5707.500000,67
5710.000000,67
5712.500000,67
5715.000000,67
5717.500000,67
5720.000000,64
5722.500000,64
5725.000000,64
5727.500000,64
5730.000000,66
5732.500000,66
5735.000000,66
5737.500000,66
5740.000000,66
5742.500000,65
5745.000000,65
5747.500000,65
5750.000000,65
5752.500000,67
5755.000000,67
5757.500000,67
5760.000000,67
5762.500000,65
5765.000000,65
5767.500000,65
5770.000000,65
5772.500000,65
5775.000000,67
5777.500000,67
5780.000000,67
5782.500000,67
5785.000000,65
5787.500000,65
5790.000000,65
5792.500000,65
5795.000000,65
5797.500000,66
5800.000000,66
5802.500000,66
5805.000000,66
5807.500000,66
5810.000000,66
5812.500000,66
5815.000000,66
5817.500000,65
5820.000000,65
5822.500000,65
5825.000000,65
5827.500000,65
5830.000000,67
5832.500000,67
5835.000000,67
5837.500000,67
5840.000000,65
5842.500000,65
5845.000000,65
5847.500000,65
5850.000000,65
5852.500000,66
5855.000000,66
5857.500000,66
5860.000000,66
5862.500000,64
5865.000000,64
5867.500000,64
5870.000000,64
5872.500000,67
5875.000000,67
5877.500000,67
5880.000000,67
5882.500000,67
5885.000000,65
5887.500000,65
5890.000000,65
5892.500000,65
5895.000000,67
5897.500000,67
5900.000000,67
5902.500000,67
5905.000000,67
5907.500000,64
5910.000000,64
5912.500000,64
5915.000000,64
5917.500000,66
5920.000000,66
5922.500000,66
5925.000000,66
5927.500000,66
5930.000000,65
5932.500000,65
5935.000000,65
5937.500000,65
5940.000000,66
5942.500000,66
5945.000000,66
5947.500000,66
5950.000000,65
5952.500000,65
5955.000000,65
5957.500000,65
5960.000000,65
5962.500000,64
5965.000000,64
5967.500000,64
5970.000000,64
5972.500000,66
5975.000000,66
5977.500000,66
5980.000000,66
5982.500000,66
5985.000000,65
5987.500000,65
5990.000000,65
5992.500000,65
5995.000000,66
5997.500000,66
6000.000000,66
6002.500000,66
6005.000000,64
6007.500000,64
6010.000000,64
6012.500000,64
6015.000000,64
6017.500000,66
6020.000000,66
6022.500000,66
6025.000000,66
6027.500000,64
6030.000000,64
6032.500000,64
6035.000000,64
6037.500000,64
6040.000000,67
6042.500000,67
6045.000000,67
6047.500000,67
6050.000000,65
6052.500000,65
6055.000000,65
6057.500000,65
6060.000000,66
6062.500000,66
6065.000000,66
6067.500000,66
6070.000000,66
6072.500000,65
6075.000000,65
6077.500000,65
6080.000000,65
6082.500000,65
6085.000000,65
6087.500000,65
6090.000000,65
6092.500000,65
6095.000000,65
6097.500000,65
6100.000000,65
6102.500000,65
6105.000000,64
6107.500000,64
6110.000000,64
6112.500000,64
6115.000000,65
6117.500000,65
6120.000000,65
6122.500000,65
6125.000000,65
6127.500000,63
6130.000000,63
6132.500000,63
6135.000000,63
6137.500000,66
6140.000000,66
6142.500000,66
6145.000000,66
6147.500000,66
6150.000000,63
6152.500000,63
6155.000000,63
6157.500000,63
6160.000000,66
6162.500000,66
6165.000000,66
6167.500000,66
6170.000000,64
6172.500000,64
6175.000000,64
6177.500000,64
6180.000000,64
6182.500000,66
6185.000000,66
6187.500000,66
6190.000000,66
6192.500000,64
6195.000000,64
6197.500000,64
6200.000000,64
6202.500000,64
6205.000000,66
6207.500000,66
6210.000000,66
6212.500000,66
6215.000000,65
6217.500000,65
6220.000000,65
6222.500000,65
6225.000000,65
6227.500000,65
6230.000000,65
6232.500000,65
6235.000000,65
6237.500000,66
6240.000000,66
6242.500000,66
6245.000000,66
6247.500000,64
6250.000000,64
6252.500000,64
6255.000000,64
6257.500000,64
6260.000000,66
6262.500000,66
6265.000000,66
6267.500000,66
6270.000000,63
6272.500000,63
6275.000000,63
6277.500000,63
6280.000000,63
6282.500000,66
6285.000000,66
6287.500000,66
6290.000000,66
6292.500000,63
6295.000000,63
6297.500000,63
6300.000000,63
6302.500000,66
6305.000000,66
6307.500000,66
6310.000000,66
6312.500000,66
6315.000000,64
6317.500000,64
6320.000000,64
6322.500000,64
6325.000000,66
6327.500000,66
6330.000000,66
6332.500000,66
6335.000000,66
6337.500000,65
6340.000000,65
6342.500000,65
6345.000000,65
6347.500000,65
6350.000000,65
6352.500000,65
6355.000000,65
6357.500000,65
6360.000000,65
6362.500000,65
6365.000000,65
6367.500000,65
6370.000000,64
6372.500000,64
6375.000000,64
6377.500000,64
6380.000000,65
6382.500000,65
6385.000000,65
6387.500000,65
6390.000000,65
6392.500000,64
6395.000000,64
6397.500000,64
6400.000000,64
6402.500000,66
6405.000000,66
6407.500000,66
6410.000000,66
6412.500000,63
6415.000000,63
6417.500000,63
6420.000000,63
6422.500000,63
6425.000000,66
6427.500000,66
6430.000000,66
6432.500000,66
6435.000000,64
6437.500000,64
6440.000000,64
6442.500000,64
6445.000000,64
6447.500000,66
6450.000000,66
6452.500000,66
6455.000000,66
6457.500000,64
6460.000000,64
6462.500000,64
6465.000000,64
6467.500000,65
6470.000000,65
6472.500000,65
6475.000000,65
6477.500000,65
6480.000000,64
6482.500000,64
6485.000000,64
6487.500000,64
6490.000000,65
6492.500000,65
6495.000000,65
6497.500000,65
6500.000000,65
6502.500000,65
6505.000000,65
6507.500000,65
6510.000000,65
6512.500000,64
6515.000000,64
6517.500000,64
6520.000000,64
6522.500000,65
6525.000000,65
6527.500000,65
6530.000000,65
6532.500000,65
6535.000000,68
6537.500000,68
6540.000000,68
6542.500000,68
6545.000000,85
6547.500000,85
6550.000000,85
6552.500000,85
6555.000000,85
6557.500000,94
6560.000000,94
6562.500000,94
6565.000000,94
6567.500000,109
6570.000000,109
6572.500000,109
6575.000000,109
6577.500000,109
6580.000000,117
6582.500000,117
6585.000000,117
6587.500000,117
6590.000000,129
6592.500000,129
6595.000000,129
6597.500000,129
6600.000000,135
6602.500000,135
6605.000000,135
6607.500000,135
6610.000000,135
6612.500000,144
6615.000000,144
6617.500000,144
6620.000000,144
6622.500000,150
6625.000000,150
6627.500000,150
6630.000000,150
6632.500000,150
6635.000000,155
6637.500000,155
6640.000000,155
6642.500000,155
6645.000000,159
6647.500000,159
6650.000000,159
6652.500000,159
6655.000000,163
6657.500000,163
6660.000000,163
6662.500000,163
6665.000000,163
6667.500000,168
6670.000000,168
6672.500000,168
6675.000000,168
6677.500000,170
6680.000000,170
6682.500000,170
6685.000000,170
6687.500000,170
6690.000000,172
6692.500000,172
6695.000000,172
6697.500000,172
6700.000000,175
6702.500000,175
6705.000000,175
6707.500000,175
6710.000000,177
6712.500000,177
6715.000000,177
6717.500000,177
6720.000000,177
6722.500000,177
6725.000000,177
6727.500000,177
6730.000000,177
6732.500000,179
6735.000000,179
6737.500000,179
6740.000000,179
6742.500000,179
6745.000000,180
6747.500000,180
6750.000000,180
6752.500000,180
6755.000000,180
6757.500000,180
6760.000000,180
6762.500000,180
6765.000000,181
6767.500000,181
6770.000000,181
6772.500000,181
6775.000000,181
6777.500000,182
6780.000000,182
6782.500000,182
6785.000000,182
6787.500000,183
6790.000000,183
6792.500000,183
6795.000000,183
6797.500000,183
6800.000000,183
6802.500000,183
6805.000000,183
6807.500000,183
6810.000000,183
6812.500000,183
6815.000000,183
6817.500000,183
6820.000000,183
6822.500000,183
6825.000000,183
6827.500000,183
6830.000000,183
6832.500000,184
6835.000000,184
6837.500000,184
6840.000000,184
6842.500000,185
6845.000000,185
6847.500000,185
6850.000000,185
6852.500000,185
6855.000000,185
6857.500000,185
6860.000000,185
6862.500000,185
6865.000000,185
6867.500000,185
6870.000000,185
6872.500000,185
6875.000000,185
6877.500000,185
6880.000000,185
6882.500000,185
6885.000000,185
6887.500000,185
6890.000000,185
6892.500000,185
6895.000000,185
6897.500000,185
6900.000000,185
6902.500000,185
6905.000000,185
6907.500000,185
6910.000000,186
6912.500000,186
6915.000000,186
6917.500000,186
6920.000000,186
6922.500000,186
6925.000000,186
6927.500000,186
6930.000000,186
6932.500000,186
6935.000000,186
6937.500000,186
6940.000000,186
6942.500000,186
6945.000000,186
6947.500000,186
6950.000000,186
6952.500000,186
6955.000000,186
6957.500000,186
6960.000000,186
6962.500000,186
6965.000000,187
6967.500000,187
6970.000000,187
6972.500000,187
6975.000000,186
6977.500000,186
6980.000000,186
6982.500000,186
6985.000000,186
6987.500000,186
6990.000000,186
6992.500000,186
6995.000000,186
6997.500000,186
7000.000000,186
#Target
2.500000,0
5.000000,0
7.500000,0
10.000000,0
12.500000,0
15.000000,0
17.500000,0
20.000000,0
22.500000,0
25.000000,0
27.500000,0
30.000000,0
32.500000,0
35.000000,0
37.500000,0
40.000000,0
42.500000,0
45.000000,0
47.500000,0
50.000000,0
52.500000,0
55.000000,0
57.500000,0
60.000000,0
62.500000,0
65.000000,0
67.500000,0
70.000000,0
72.500000,0
75.000000,0
77.500000,0
80.000000,0
82.500000,0
85.000000,0
87.500000,0
90.000000,0
92.500000,0
95.000000,0
97.500000,0
100.000000,0
102.500000,0
105.000000,0
107.500000,0
110.000000,0
112.500000,0
115.000000,0
117.500000,0
120.000000,0
122.500000,0
125.000000,0
127.500000,0
130.000000,0
132.500000,0
135.000000,0
137.500000,0
140.000000,0
142.500000,0
145.000000,0
147.500000,0
150.000000,0
152.500000,0
155.000000,0
157.500000,0
160.000000,0
162.500000,0
165.000000,0
167.500000,0
170.000000,0
172.500000,0
175.000000,0
177.500000,0
180.000000,0
182.500000,0
185.000000,0
187.500000,0
190.000000,0
192.500000,0
195.000000,0
197.500000,0
200.000000,0
202.500000,0
205.000000,0
207.500000,0
210.000000,0
212.500000,0
215.000000,0
217.500000,0
220.000000,0
222.500000,0
225.000000,0
227.500000,0
230.000000,0
232.500000,0
235.000000,0
237.500000,0
240.000000,0
242.500000,0
245.000000,0
247.500000,0
250.000000,0
252.500000,0
255.000000,0
257.500000,0
260.000000,0
262.500000,0
265.000000,0
267.500000,0
270.000000,0
272.500000,0
275.000000,0
277.500000,0
280.000000,0
282.500000,0
285.000000,0
287.500000,0
290.000000,0
292.500000,0
295.000000,0
297.500000,0
300.000000,0
302.500000,0
305.000000,0
307.500000,0
310.000000,0
312.500000,0
315.000000,0
317.500000,0
320.000000,0
322.500000,0
325.000000,0
327.500000,0
330.000000,0
332.500000,0
335.000000,0
337.500000,0
340.000000,0
342.500000,0
345.000000,0
347.500000,0
350.000000,0
352.500000,0
355.000000,0
357.500000,0
360.000000,0
362.500000,0
365.000000,0
367.500000,0
370.000000,0
372.500000,0
375.000000,0
377.500000,0
380.000000,0
382.500000,0
385.000000,0
387.500000,0
390.000000,0
392.500000,0
395.000000,0
397.500000,0
400.000000,0
402.500000,0
405.000000,0
407.500000,0
410.000000,0
412.500000,0
415.000000,0
417.500000,0
420.000000,0
422.500000,0
425.000000,0
427.500000,0
430.000000,0
432.500000,0
435.000000,0
437.500000,0
440.000000,0
442.500000,0
445.000000,0
447.500000,0
450.000000,0
452.500000,0
455.000000,0
457.500000,0
460.000000,0
462.500000,0
465.000000,0
467.500000,0
470.000000,0
472.500000,0
475.000000,0
477.500000,0
480.000000,0
482.500000,0
485.000000,0
487.500000,0
490.000000,0
492.500000,0
495.000000,0
497.500000,0
500.000000,0
502.500000,0
505.000000,0
507.500000,0
510.000000,0
512.500000,0
515.000000,0
517.500000,0
520.000000,0
522.500000,0
525.000000,0
527.500000,0
530.000000,0
532.500000,0
535.000000,0
537.500000,0
540.000000,0
542.500000,0
545.000000,0
547.500000,0
550.000000,0
552.500000,0
555.000000,0
557.500000,0
560.000000,0
562.500000,0
565.000000,0
567.500000,0
570.000000,0
572.500000,0
575.000000,0
577.500000,0
580.000000,0
582.500000,0
585.000000,0
587.500000,0
590.000000,0
592.500000,0
595.000000,0
597.500000,0
600.000000,0
602.500000,0
605.000000,0
607.500000,0
610.000000,0
612.500000,0
615.000000,0
617.500000,0
620.000000,0
622.500000,0
625.000000,0
627.500000,0
630.000000,0
632.500000,0
635.000000,0
637.500000,0
640.000000,0
642.500000,0
645.000000,0
647.500000,0
650.000000,0
652.500000,0
655.000000,0
657.500000,0
660.000000,0
662.500000,0
665.000000,0
667.500000,0
670.000000,0
672.500000,0
675.000000,0
677.500000,0
680.000000,0
682.500000,0
685.000000,0
687.500000,0
690.000000,0
692.500000,0
695.000000,0
697.500000,0
700.000000,0
702.500000,0
705.000000,0
707.500000,0
710.000000,0
712.500000,0
715.000000,0
717.500000,0
720.000000,0
722.500000,0
725.000000,0
727.500000,0
730.000000,0
732.500000,0
735.000000,0
737.500000,0
740.000000,0
742.500000,0
745.000000,0
747.500000,0
750.000000,0
752.500000,0
755.000000,0
757.500000,0
760.000000,0
762.500000,0
765.000000,0
767.500000,0
770.000000,0
772.500000,0
775.000000,0
777.500000,0
780.000000,0
782.500000,0
785.000000,0
787.500000,0
790.000000,0
792.500000,0
795.000000,0
797.500000,0
800.000000,0
802.500000,0
805.000000,0
807.500000,0
810.000000,0
812.500000,0
815.000000,0
817.500000,0
820.000000,0
822.500000,0
825.000000,0
827.500000,0
830.000000,0
832.500000,0
835.000000,0
837.500000,0
840.000000,0
842.500000,0
845.000000,0
847.500000,0
850.000000,0
852.500000,0
855.000000,0
857.500000,0
860.000000,0
862.500000,0
865.000000,0
867.500000,0
870.000000,0
872.500000,0
875.000000,0
877.500000,0
880.000000,0
882.500000,0
885.000000,0
887.500000,0
890.000000,0
892.500000,0
895.000000,0
897.500000,0
900.000000,0
902.500000,0
905.000000,0
907.500000,0
910.000000,0
912.500000,0
915.000000,0
917.500000,0
920.000000,0
922.500000,0
925.000000,0
927.500000,0
930.000000,0
932.500000,0
935.000000,0
937.500000,0
940.000000,0
942.500000,0
945.000000,0
947.500000,0
950.000000,0
952.500000,0
955.000000,0
957.500000,0
960.000000,0
962.500000,0
965.000000,0
967.500000,0
970.000000,0
972.500000,0
975.000000,0
977.500000,0
980.000000,0
982.500000,0
985.000000,0
987.500000,0
990.000000,0
992.500000,0
995.000000,0
997.500000,0
1000.000000,0
1002.500000,0
1005.000000,0
1007.500000,0
1010.000000,0
1012.500000,0
1015.000000,0
1017.500000,0
1020.000000,0
1022.500000,0
1025.000000,0
1027.500000,0
1030.000000,0
1032.500000,0
1035.000000,0
1037.500000,0
1040.000000,0
1042.500000,0
1045.000000,0
1047.500000,0
1050.000000,0
1052.500000,0
1055.000000,0
1057.500000,0
1060.000000,0
1062.500000,0
1065.000000,0
1067.500000,0
1070.000000,0
1072.500000,0
1075.000000,0
1077.500000,0
1080.000000,0
1082.500000,0
1085.000000,0
1087.500000,0
1090.000000,0
1092.500000,0
1095.000000,0
1097.500000,0
1100.000000,0
1102.500000,0
1105.000000,0
1107.500000,0
1110.000000,0
1112.500000,0
1115.000000,0
1117.500000,0
1120.000000,0
1122.500000,0
1125.000000,0
1127.500000,0
1130.000000,0
1132.500000,0
1135.000000,0
1137.500000,0
1140.000000,0
1142.500000,0
1145.000000,0
1147.500000,0
1150.000000,0
1152.500000,0
1155.000000,0
1157.500000,0
1160.000000,0
1162.500000,0
1165.000000,0
1167.500000,0
1170.000000,0
1172.500000,0
1175.000000,0
1177.500000,0
1180.000000,0
1182.500000,0
1185.000000,0
1187.500000,0
1190.000000,0
1192.500000,0
1195.000000,0
1197.500000,0
1200.000000,0
1202.500000,0
1205.000000,0
1207.500000,0
1210.000000,0
1212.500000,0
1215.000000,0
1217.500000,0
1220.000000,0
1222.500000,0
1225.000000,0
1227.500000,0
1230.000000,0
1232.500000,0
1235.000000,0
1237.500000,0
1240.000000,0
1242.500000,0
1245.000000,0
1247.500000,0
1250.000000,0
1252.500000,0
1255.000000,0
1257.500000,0
1260.000000,0
1262.500000,0
1265.000000,0
1267.500000,0
1270.000000,0
1272.500000,0
1275.000000,0
1277.500000,0
1280.000000,0
1282.500000,0
1285.000000,0
1287.500000,0
1290.000000,0
1292.500000,0
1295.000000,0
1297.500000,0
1300.000000,0
1302.500000,0
1305.000000,0
1307.500000,0
1310.000000,0
1312.500000,0
1315.000000,0
1317.500000,0
1320.000000,0
1322.500000,0
1325.000000,0
1327.500000,0
1330.000000,0
1332.500000,0
1335.000000,0
1337.500000,0
1340.000000,0
1342.500000,0
1345.000000,0
1347.500000,0
1350.000000,0
1352.500000,0
1355.000000,0
1357.500000,0
1360.000000,0
1362.500000,0
1365.000000,0
1367.500000,0
1370.000000,0
1372.500000,0
1375.000000,0
1377.500000,0
1380.000000,0
1382.500000,0
1385.000000,0
1387.500000,0
1390.000000,0
1392.500000,0
1395.000000,0
1397.500000,0
1400.000000,0
1402.500000,0
1405.000000,0
1407.500000,0
1410.000000,0
1412.500000,0
1415.000000,0
1417.500000,0
1420.000000,0
1422.500000,0
1425.000000,0
1427.500000,0
1430.000000,0
1432.500000,0
1435.000000,0
1437.500000,0
1440.000000,0
1442.500000,0
1445.000000,0
1447.500000,0
1450.000000,0
1452.500000,0
1455.000000,0
1457.500000,0
1460.000000,0
1462.500000,0
1465.000000,0
1467.500000,0
1470.000000,0
1472.500000,0
1475.000000,0
1477.500000,0
1480.000000,0
1482.500000,0
1485.000000,0
1487.500000,0
1490.000000,0
1492.500000,0
1495.000000,0
1497.500000,0
1500.000000,0
1502.500000,0
1505.000000,0
1507.500000,0
1510.000000,0
1512.500000,0
1515.000000,0
1517.500000,0
1520.000000,0
1522.500000,0
1525.000000,0
1527.500000,0
1530.000000,0
1532.500000,0
1535.000000,0
1537.500000,0
1540.000000,0
1542.500000,0
1545.000000,0
1547.500000,0
1550.000000,0
1552.500000,0
1555.000000,0
1557.500000,0
1560.000000,0
1562.500000,0
1565.000000,0
1567.500000,0
1570.000000,0
1572.500000,0
1575.000000,0
1577.500000,0
1580.000000,0
1582.500000,0
1585.000000,0
1587.500000,0
1590.000000,0
1592.500000,0
1595.000000,0
1597.500000,0
1600.000000,0
1602.500000,0
1605.000000,0
1607.500000,0
1610.000000,0
1612.500000,0
1615.000000,0
1617.500000,0
1620.000000,0
1622.500000,0
1625.000000,0
1627.500000,0
1630.000000,0
1632.500000,0
1635.000000,0
1637.500000,0
1640.000000,0
1642.500000,0
1645.000000,0
1647.500000,0
1650.000000,0
1652.500000,0
1655.000000,0
1657.500000,0
1660.000000,0
1662.500000,0
1665.000000,0
1667.500000,0
1670.000000,0
1672.500000,0
1675.000000,0
1677.500000,0
1680.000000,0
1682.500000,0
1685.000000,0
1687.500000,0
1690.000000,0
1692.500000,0
1695.000000,0
1697.500000,0
1700.000000,0
1702.500000,0
1705.000000,0
1707.500000,0
1710.000000,0
1712.500000,0
1715.000000,0
1717.500000,0
1720.000000,0
1722.500000,0
1725.000000,0
1727.500000,0
1730.000000,0
1732.500000,0
1735.000000,0
1737.500000,0
1740.000000,0
1742.500000,0
1745.000000,0
1747.500000,0
1750.000000,0
1752.500000,0
1755.000000,0
1757.500000,0
1760.000000,0
1762.500000,0
1765.000000,0
1767.500000,0
1770.000000,0
1772.500000,0
1775.000000,0
1777.500000,0
1780.000000,0
1782.500000,0
1785.000000,0
1787.500000,0
1790.000000,0
1792.500000,0
1795.000000,0
1797.500000,0
1800.000000,0
1802.500000,0
1805.000000,0
1807.500000,0
1810.000000,0
1812.500000,0
1815.000000,0
1817.500000,0
1820.000000,0
1822.500000,0
1825.000000,0
1827.500000,0
1830.000000,0
1832.500000,0
1835.000000,0
1837.500000,0
1840.000000,0
1842.500000,0
1845.000000,0
1847.500000,0
1850.000000,0
1852.500000,0
1855.000000,0
1857.500000,0
1860.000000,0
1862.500000,0
1865.000000,0
1867.500000,0
1870.000000,0
1872.500000,0
1875.000000,0
1877.500000,0
1880.000000,0
1882.500000,0
1885.000000,0
1887.500000,0
1890.000000,0
1892.500000,0
1895.000000,0
1897.500000,0
1900.000000,0
1902.500000,0
1905.000000,0
1907.500000,0
1910.000000,0
1912.500000,0
1915.000000,0
1917.500000,0
1920.000000,0
1922.500000,0
1925.000000,0
1927.500000,0
1930.000000,0
1932.500000,0
1935.000000,0
1937.500000,0
1940.000000,0
1942.500000,0
1945.000000,0
1947.500000,0
1950.000000,0
1952.500000,0
1955.000000,0
1957.500000,0
1960.000000,0
1962.500000,0
1965.000000,0
1967.500000,0
1970.000000,0
1972.500000,0
1975.000000,0
1977.500000,0
1980.000000,0
1982.500000,0
1985.000000,0
1987.500000,0
1990.000000,0
1992.500000,0
1995.000000,0
1997.500000,0
2000.000000,0
2002.500000,0
2005.000000,0
2007.500000,0
2010.000000,0
2012.500000,0
2015.000000,0
2017.500000,0
2020.000000,0
2022.500000,0
2025.000000,0
2027.500000,0
2030.000000,0
2032.500000,0
2035.000000,0
2037.500000,0
2040.000000,0
2042.500000,0
2045.000000,0
2047.500000,0
2050.000000,0
2052.500000,0
2055.000000,0
2057.500000,0
2060.000000,0
2062.500000,0
2065.000000,0
2067.500000,0
2070.000000,0
2072.500000,0
2075.000000,0
2077.500000,0
2080.000000,0
2082.500000,0
2085.000000,0
2087.500000,0
2090.000000,0
2092.500000,0
2095.000000,0
2097.500000,0
2100.000000,0
2102.500000,0
2105.000000,0
2107.500000,0
2110.000000,0
2112.500000,0
2115.000000,0
2117.500000,0
2120.000000,0
2122.500000,0
2125.000000,0
2127.500000,0
2130.000000,0
2132.500000,0
2135.000000,0
2137.500000,0
2140.000000,0
2142.500000,0
2145.000000,0
2147.500000,0
2150.000000,0
2152.500000,0
2155.000000,0
2157.500000,0
2160.000000,0
2162.500000,0
2165.000000,0
2167.500000,0
2170.000000,0
2172.500000,0
2175.000000,0
2177.500000,0
2180.000000,0
2182.500000,0
2185.000000,0
2187.500000,0
2190.000000,0
2192.500000,0
2195.000000,0
2197.500000,0
2200.000000,0
2202.500000,0
2205.000000,0
2207.500000,0
2210.000000,0
2212.500000,0
2215.000000,0
2217.500000,0
2220.000000,0
2222.500000,0
2225.000000,0
2227.500000,0
2230.000000,0
2232.500000,0
2235.000000,0
2237.500000,0
2240.000000,0
2242.500000,0
2245.000000,0
2247.500000,0
2250.000000,0
2252.500000,0
2255.000000,0
2257.500000,0
2260.000000,0
2262.500000,0
2265.000000,0
2267.500000,0
2270.000000,0
2272.500000,0
2275.000000,0
2277.500000,0
2280.000000,0
2282.500000,0
2285.000000,0
2287.500000,0
2290.000000,0
2292.500000,0
2295.000000,0
2297.500000,0
2300.000000,0
2302.500000,0
2305.000000,0
2307.500000,0
2310.000000,0
2312.500000,0
2315.000000,0
2317.500000,0
2320.000000,0
2322.500000,0
2325.000000,0
2327.500000,0
2330.000000,0
2332.500000,0
2335.000000,0
2337.500000,0
2340.000000,0
2342.500000,0
2345.000000,0
2347.500000,0
2350.000000,0
2352.500000,0
2355.000000,0
2357.500000,0
2360.000000,0
2362.500000,0
2365.000000,0
2367.500000,0
2370.000000,0
2372.500000,0
2375.000000,0
2377.500000,0
2380.000000,0
2382.500000,0
2385.000000,0
2387.500000,0
2390.000000,0
2392.500000,0
2395.000000,0
2397.500000,0
2400.000000,0
2402.500000,0
2405.000000,0
2407.500000,0
2410.000000,0
2412.500000,0
2415.000000,0
2417.500000,0
2420.000000,0
2422.500000,0
2425.000000,0
2427.500000,0
2430.000000,0
2432.500000,0
2435.000000,0
2437.500000,0
2440.000000,0
2442.500000,0
2445.000000,0
2447.500000,0
2450.000000,0
2452.500000,0
2455.000000,0
2457.500000,0
2460.000000,0
2462.500000,0
2465.000000,0
2467.500000,0
2470.000000,0
2472.500000,0
2475.000000,0
2477.500000,0
2480.000000,0
2482.500000,0
2485.000000,0
2487.500000,0
2490.000000,0
2492.500000,0
2495.000000,0
2497.500000,0
2500.000000,0
2502.500000,0
2505.000000,0
2507.500000,2000
2510.000000,2000
2512.500000,2000
2515.000000,2000
2517.500000,2000
2520.000000,2000
2522.500000,2000
2525.000000,2000
2527.500000,2000
2530.000000,2000
2532.500000,2000
2535.000000,2000
2537.500000,2000
2540.000000,2000
2542.500000,2000
2545.000000,2000
2547.500000,2000
2550.000000,2000
2552.500000,2000
2555.000000,2000
2557.500000,2000
2560.000000,2000
2562.500000,2000
2565.000000,2000
2567.500000,2000
2570.000000,2000
2572.500000,2000
2575.000000,2000
2577.500000,2000
2580.000000,2000
2582.500000,2000
2585.000000,2000
2587.500000,2000
2590.000000,2000
2592.500000,2000
2595.000000,2000
2597.500000,2000
2600.000000,2000
2602.500000,2000
2605.000000,2000
2607.500000,2000
2610.000000,2000
2612.500000,2000
2615.000000,2000
2617.500000,2000
2620.000000,2000
2622.500000,2000
2625.000000,2000
2627.500000,2000
2630.000000,2000
2632.500000,2000
2635.000000,2000
2637.500000,2000
2640.000000,2000
2642.500000,2000
2645.000000,2000
2647.500000,2000
2650.000000,2000
2652.500000,2000
2655.000000,2000
2657.500000,2000
2660.000000,2000
2662.500000,2000
2665.000000,2000
2667.500000,2000
2670.000000,2000
2672.500000,2000
2675.000000,2000
2677.500000,2000
2680.000000,2000
2682.500000,2000
2685.000000,2000
2687.500000,2000
2690.000000,2000
2692.500000,2000
2695.000000,2000
2697.500000,2000
2700.000000,2000
2702.500000,2000
2705.000000,2000
2707.500000,2000
2710.000000,2000
2712.500000,2000
2715.000000,2000
2717.500000,2000
2720.000000,2000
2722.500000,2000
2725.000000,2000
2727.500000,2000
2730.000000,2000
2732.500000,2000
2735.000000,2000
2737.500000,2000
2740.000000,2000
2742.500000,2000
2745.000000,2000
2747.500000,2000
2750.000000,2000
2752.500000,2000
2755.000000,2000
2757.500000,2000
2760.000000,2000
2762.500000,2000
2765.000000,2000
2767.500000,2000
2770.000000,2000
2772.500000,2000
2775.000000,2000
2777.500000,2000
2780.000000,2000
2782.500000,2000
2785.000000,2000
2787.500000,2000
2790.000000,2000
2792.500000,2000
2795.000000,2000
2797.500000,2000
2800.000000,2000
2802.500000,2000
2805.000000,2000
2807.500000,2000
2810.000000,2000
2812.500000,2000
2815.000000,2000
2817.500000,2000
2820.000000,2000
2822.500000,2000
2825.000000,2000
2827.500000,2000
2830.000000,2000
2832.500000,2000
2835.000000,2000
2837.500000,2000
2840.000000,2000
2842.500000,2000
2845.000000,2000
2847.500000,2000
2850.000000,2000
2852.500000,2000
2855.000000,2000
2857.500000,2000
2860.000000,2000
2862.500000,2000
2865.000000,2000
2867.500000,2000
2870.000000,2000
2872.500000,2000
2875.000000,2000
2877.500000,2000
2880.000000,2000
2882.500000,2000
2885.000000,2000
2887.500000,2000
2890.000000,2000
2892.500000,2000
2895.000000,2000
2897.500000,2000
2900.000000,2000
2902.500000,2000
2905.000000,2000
2907.500000,2000
2910.000000,2000
2912.500000,2000
2915.000000,2000
2917.500000,2000
2920.000000,2000
2922.500000,2000
2925.000000,2000
2927.500000,2000
2930.000000,2000
2932.500000,2000
2935.000000,2000
2937.500000,2000
2940.000000,2000
2942.500000,2000
2945.000000,2000
2947.500000,2000
2950.000000,2000
2952.500000,2000
2955.000000,2000
2957.500000,2000
2960.000000,2000
2962.500000,2000
2965.000000,2000
2967.500000,2000
2970.000000,2000
2972.500000,2000
2975.000000,2000
2977.500000,2000
2980.000000,2000
2982.500000,2000
2985.000000,2000
2987.500000,2000
2990.000000,2000
2992.500000,2000
2995.000000,2000
2997.500000,2000
3000.000000,2000
3002.500000,2000
3005.000000,2000
3007.500000,2000
3010.000000,2000
3012.500000,2000
3015.000000,2000
3017.500000,2000
3020.000000,2000
3022.500000,2000
3025.000000,2000
3027.500000,2000
3030.000000,2000
3032.500000,2000
3035.000000,2000
3037.500000,2000
3040.000000,2000
3042.500000,2000
3045.000000,2000
3047.500000,2000
3050.000000,2000
3052.500000,2000
3055.000000,2000
3057.500000,2000
3060.000000,2000
3062.500000,2000
3065.000000,2000
3067.500000,2000
3070.000000,2000
3072.500000,2000
3075.000000,2000
3077.500000,2000
3080.000000,2000
3082.500000,2000
3085.000000,2000
3087.500000,2000
3090.000000,2000
3092.500000,2000
3095.000000,2000
3097.500000,2000
3100.000000,2000
3102.500000,2000
3105.000000,2000
3107.500000,2000
3110.000000,2000
3112.500000,2000
3115.000000,2000
3117.500000,2000
3120.000000,2000
3122.500000,2000
3125.000000,2000
3127.500000,2000
3130.000000,2000
3132.500000,2000
3135.000000,2000
3137.500000,2000
3140.000000,2000
3142.500000,2000
3145.000000,2000
3147.500000,2000
3150.000000,2000
3152.500000,2000
3155.000000,2000
3157.500000,2000
3160.000000,2000
3162.500000,2000
3165.000000,2000
3167.500000,2000
3170.000000,2000
3172.500000,2000
3175.000000,2000
3177.500000,2000
3180.000000,2000
3182.500000,2000
3185.000000,2000
3187.500000,2000
3190.000000,2000
3192.500000,2000
3195.000000,2000
3197.500000,2000
3200.000000,2000
3202.500000,2000
3205.000000,2000
3207.500000,2000
3210.000000,2000
3212.500000,2000
3215.000000,2000
3217.500000,2000
3220.000000,2000
3222.500000,2000
3225.000000,2000
3227.500000,2000
3230.000000,2000
3232.500000,2000
3235.000000,2000
3237.500000,2000
3240.000000,2000
3242.500000,2000
3245.000000,2000
3247.500000,2000
3250.000000,2000
3252.500000,2000
3255.000000,2000
3257.500000,2000
3260.000000,2000
3262.500000,2000
3265.000000,2000
3267.500000,2000
3270.000000,2000
3272.500000,2000
3275.000000,2000
3277.500000,2000
3280.000000,2000
3282.500000,2000
3285.000000,2000
3287.500000,2000
3290.000000,2000
3292.500000,2000
3295.000000,2000
3297.500000,2000
3300.000000,2000
3302.500000,2000
3305.000000,2000
3307.500000,2000
3310.000000,2000
3312.500000,2000
3315.000000,2000
3317.500000,2000
3320.000000,2000
3322.500000,2000
3325.000000,2000
3327.500000,2000
3330.000000,2000
3332.500000,2000
3335.000000,2000
3337.500000,2000
3340.000000,2000
3342.500000,2000
3345.000000,2000
3347.500000,2000
3350.000000,2000
3352.500000,2000
3355.000000,2000
3357.500000,2000
3360.000000,2000
3362.500000,2000
3365.000000,2000
3367.500000,2000
3370.000000,2000
3372.500000,2000
3375.000000,2000
3377.500000,2000
3380.000000,2000
3382.500000,2000
3385.000000,2000
3387.500000,2000
3390.000000,2000
3392.500000,2000
3395.000000,2000
3397.500000,2000
3400.000000,2000
3402.500000,2000
3405.000000,2000
3407.500000,2000
3410.000000,2000
3412.500000,2000
3415.000000,2000
3417.500000,2000
3420.000000,2000
3422.500000,2000
3425.000000,2000
3427.500000,2000
3430.000000,2000
3432.500000,2000
3435.000000,2000
3437.500000,2000
3440.000000,2000
3442.500000,2000
3445.000000,2000
3447.500000,2000
3450.000000,2000
3452.500000,2000
3455.000000,2000
3457.500000,2000
3460.000000,2000
3462.500000,2000
3465.000000,2000
3467.500000,2000
3470.000000,2000
3472.500000,2000
3475.000000,2000
3477.500000,2000
3480.000000,2000
3482.500000,2000
3485.000000,2000
3487.500000,2000
3490.000000,2000
3492.500000,2000
3495.000000,2000
3497.500000,2000
3500.000000,2000
3502.500000,2000
3505.000000,2000
3507.500000,2000
3510.000000,2000
3512.500000,2000
3515.000000,2000
3517.500000,2000
3520.000000,2000
3522.500000,2000
3525.000000,2000
3527.500000,2000
3530.000000,2000
3532.500000,2000
3535.000000,2000
3537.500000,2000
3540.000000,2000
3542.500000,2000
3545.000000,2000
3547.500000,2000
3550.000000,2000
3552.500000,2000
3555.000000,2000
3557.500000,2000
3560.000000,2000
3562.500000,2000
3565.000000,2000
3567.500000,2000
3570.000000,2000
3572.500000,2000
3575.000000,2000
3577.500000,2000
3580.000000,2000
3582.500000,2000
3585.000000,2000
3587.500000,2000
3590.000000,2000
3592.500000,2000
3595.000000,2000
3597.500000,2000
3600.000000,2000
3602.500000,2000
3605.000000,2000
3607.500000,2000
3610.000000,2000
3612.500000,2000
3615.000000,2000
3617.500000,2000
3620.000000,2000
3622.500000,2000
3625.000000,2000
3627.500000,2000
3630.000000,2000
3632.500000,2000
3635.000000,2000
3637.500000,2000
3640.000000,2000
3642.500000,2000
3645.000000,2000
3647.500000,2000
3650.000000,2000
3652.500000,2000
3655.000000,2000
3657.500000,2000
3660.000000,2000
3662.500000,2000
3665.000000,2000
3667.500000,2000
3670.000000,2000
3672.500000,2000
3675.000000,2000
3677.500000,2000
3680.000000,2000
3682.500000,2000
3685.000000,2000
3687.500000,2000
3690.000000,2000
3692.500000,2000
3695.000000,2000
3697.500000,2000
3700.000000,2000
3702.500000,2000
3705.000000,2000
3707.500000,2000
3710.000000,2000
3712.500000,2000
3715.000000,2000
3717.500000,2000
3720.000000,2000
3722.500000,2000
3725.000000,2000
3727.500000,2000
3730.000000,2000
3732.500000,2000
3735.000000,2000
3737.500000,2000
3740.000000,2000
3742.500000,2000
3745.000000,2000
3747.500000,2000
3750.000000,2000
3752.500000,2000
3755.000000,2000
3757.500000,2000
3760.000000,2000
3762.500000,2000
3765.000000,2000
3767.500000,2000
3770.000000,2000
3772.500000,2000
3775.000000,2000
3777.500000,2000
3780.000000,2000
3782.500000,2000
3785.000000,2000
3787.500000,2000
3790.000000,2000
3792.500000,2000
3795.000000,2000
3797.500000,2000
3800.000000,2000
3802.500000,2000
3805.000000,2000
3807.500000,2000
3810.000000,2000
3812.500000,2000
3815.000000,2000
3817.500000,2000
3820.000000,2000
3822.500000,2000
3825.000000,2000
3827.500000,2000
3830.000000,2000
3832.500000,2000
3835.000000,2000
3837.500000,2000
3840.000000,2000
3842.500000,2000
3845.000000,2000
3847.500000,2000
3850.000000,2000
3852.500000,2000
3855.000000,2000
3857.500000,2000
3860.000000,2000
3862.500000,2000
3865.000000,2000
3867.500000,2000
3870.000000,2000
3872.500000,2000
3875.000000,2000
3877.500000,2000
3880.000000,2000
3882.500000,2000
3885.000000,2000
3887.500000,2000
3890.000000,2000
3892.500000,2000
3895.000000,2000
3897.500000,2000
3900.000000,2000
3902.500000,2000
3905.000000,2000
3907.500000,2000
3910.000000,2000
3912.500000,2000
3915.000000,2000
3917.500000,2000
3920.000000,2000
3922.500000,2000
3925.000000,2000
3927.500000,2000
3930.000000,2000
3932.500000,2000
3935.000000,2000
3937.500000,2000
3940.000000,2000
3942.500000,2000
3945.000000,2000
3947.500000,2000
3950.000000,2000
3952.500000,2000
3955.000000,2000
3957.500000,2000
3960.000000,2000
3962.500000,2000
3965.000000,2000
3967.500000,2000
3970.000000,2000
3972.500000,2000
3975.000000,2000
3977.500000,2000
3980.000000,2000
3982.500000,2000
3985.000000,2000
3987.500000,2000
3990.000000,2000
3992.500000,2000
3995.000000,2000
3997.500000,2000
4000.000000,2000
4002.500000,2000
4005.000000,2000
4007.500000,2000
4010.000000,2000
4012.500000,2000
4015.000000,2000
4017.500000,2000
4020.000000,2000
4022.500000,2000
4025.000000,2000
4027.500000,2000
4030.000000,2000
4032.500000,2000
4035.000000,2000
4037.500000,2000
4040.000000,2000
4042.500000,2000
4045.000000,2000
4047.500000,2000
4050.000000,2000
4052.500000,2000
4055.000000,2000
4057.500000,2000
4060.000000,2000
4062.500000,2000
4065.000000,2000
4067.500000,2000
4070.000000,2000
4072.500000,2000
4075.000000,2000
4077.500000,2000
4080.000000,2000
4082.500000,2000
4085.000000,2000
4087.500000,2000
4090.000000,2000
4092.500000,2000
4095.000000,2000
4097.500000,2000
4100.000000,2000
4102.500000,2000
4105.000000,2000
4107.500000,2000
4110.000000,2000
4112.500000,2000
4115.000000,2000
4117.500000,2000
4120.000000,2000
4122.500000,2000
4125.000000,2000
4127.500000,2000
4130.000000,2000
4132.500000,2000
4135.000000,2000
4137.500000,2000
4140.000000,2000
4142.500000,2000
4145.000000,2000
4147.500000,2000
4150.000000,2000
4152.500000,2000
4155.000000,2000
4157.500000,2000
4160.000000,2000
4162.500000,2000
4165.000000,2000
4167.500000,2000
4170.000000,2000
4172.500000,2000
4175.000000,2000
4177.500000,2000
4180.000000,2000
4182.500000,2000
4185.000000,2000
4187.500000,2000
4190.000000,2000
4192.500000,2000
4195.000000,2000
4197.500000,2000
4200.000000,2000
4202.500000,2000
4205.000000,2000
4207.500000,2000
4210.000000,2000
4212.500000,2000
4215.000000,2000
4217.500000,2000
4220.000000,2000
4222.500000,2000
4225.000000,2000
4227.500000,2000
4230.000000,2000
4232.500000,2000
4235.000000,2000
4237.500000,2000
4240.000000,2000
4242.500000,2000
4245.000000,2000
4247.500000,2000
4250.000000,2000
4252.500000,2000
4255.000000,2000
4257.500000,2000
4260.000000,2000
4262.500000,2000
4265.000000,2000
4267.500000,2000
4270.000000,2000
4272.500000,2000
4275.000000,2000
4277.500000,2000
4280.000000,2000
4282.500000,2000
4285.000000,2000
4287.500000,2000
4290.000000,2000
4292.500000,2000
4295.000000,2000
4297.500000,2000
4300.000000,2000
4302.500000,2000
4305.000000,2000
4307.500000,2000
4310.000000,2000
4312.500000,2000
4315.000000,2000
4317.500000,2000
4320.000000,2000
4322.500000,2000
4325.000000,2000
4327.500000,2000
4330.000000,2000
4332.500000,2000
4335.000000,2000
4337.500000,2000
4340.000000,2000
4342.500000,2000
4345.000000,2000
4347.500000,2000
4350.000000,2000
4352.500000,2000
4355.000000,2000
4357.500000,2000
4360.000000,2000
4362.500000,2000
4365.000000,2000
4367.500000,2000
4370.000000,2000
4372.500000,2000
4375.000000,2000
4377.500000,2000
4380.000000,2000
4382.500000,2000
4385.000000,2000
4387.500000,2000
4390.000000,2000
4392.500000,2000
4395.000000,2000
4397.500000,2000
4400.000000,2000
4402.500000,2000
4405.000000,2000
4407.500000,2000
4410.000000,2000
4412.500000,2000
4415.000000,2000
4417.500000,2000
4420.000000,2000
4422.500000,2000
4425.000000,2000
4427.500000,2000
4430.000000,2000
4432.500000,2000
4435.000000,2000
4437.500000,2000
4440.000000,2000
4442.500000,2000
4445.000000,2000
4447.500000,2000
4450.000000,2000
4452.500000,2000
4455.000000,2000
4457.500000,2000
4460.000000,2000
4462.500000,2000
4465.000000,2000
4467.500000,2000
4470.000000,2000
4472.500000,2000
4475.000000,2000
4477.500000,2000
4480.000000,2000
4482.500000,2000
4485.000000,2000
4487.500000,2000
4490.000000,2000
4492.500000,2000
4495.000000,2000
4497.500000,2000
4500.000000,2000
4502.500000,2000
4505.000000,2000
4507.500000,0
4510.000000,0
4512.500000,0
4515.000000,0
4517.500000,0
4520.000000,0
4522.500000,0
4525.000000,0
4527.500000,0
4530.000000,0
4532.500000,0
4535.000000,0
4537.500000,0
4540.000000,0
4542.500000,0
4545.000000,0
4547.500000,0
4550.000000,0
4552.500000,0
4555.000000,0
4557.500000,0
4560.000000,0
4562.500000,0
4565.000000,0
4567.500000,0
4570.000000,0
4572.500000,0
4575.000000,0
4577.500000,0
4580.000000,0
4582.500000,0
4585.000000,0
4587.500000,0
4590.000000,0
4592.500000,0
4595.000000,0
4597.500000,0
4600.000000,0
4602.500000,0
4605.000000,0
4607.500000,0
4610.000000,0
4612.500000,0
4615.000000,0
4617.500000,0
4620.000000,0
4622.500000,0
4625.000000,0
4627.500000,0
4630.000000,0
4632.500000,0
4635.000000,0
4637.500000,0
4640.000000,0
4642.500000,0
4645.000000,0
4647.500000,0
4650.000000,0
4652.500000,0
4655.000000,0
4657.500000,0
4660.000000,0
4662.500000,0
4665.000000,0
4667.500000,0
4670.000000,0
4672.500000,0
4675.000000,0
4677.500000,0
4680.000000,0
4682.500000,0
4685.000000,0
4687.500000,0
4690.000000,0
4692.500000,0
4695.000000,0
4697.500000,0
4700.000000,0
4702.500000,0
4705.000000,0
4707.500000,0
4710.000000,0
4712.500000,0
4715.000000,0
4717.500000,0
4720.000000,0
4722.500000,0
4725.000000,0
4727.500000,0
4730.000000,0
4732.500000,0
4735.000000,0
4737.500000,0
4740.000000,0
4742.500000,0
4745.000000,0
4747.500000,0
4750.000000,0
4752.500000,0
4755.000000,0
4757.500000,0
4760.000000,0
4762.500000,0
4765.000000,0
4767.500000,0
4770.000000,0
4772.500000,0
4775.000000,0
4777.500000,0
4780.000000,0
4782.500000,0
4785.000000,0
4787.500000,0
4790.000000,0
4792.500000,0
4795.000000,0
4797.500000,0
4800.000000,0
4802.500000,0
4805.000000,0
4807.500000,0
4810.000000,0
4812.500000,0
4815.000000,0
4817.500000,0
4820.000000,0
4822.500000,0
4825.000000,0
4827.500000,0
4830.000000,0
4832.500000,0
4835.000000,0
4837.500000,0
4840.000000,0
4842.500000,0
4845.000000,0
4847.500000,0
4850.000000,0
4852.500000,0
4855.000000,0
4857.500000,0
4860.000000,0
4862.500000,0
4865.000000,0
4867.500000,0
4870.000000,0
4872.500000,0
4875.000000,0
4877.500000,0
4880.000000,0
4882.500000,0
4885.000000,0
4887.500000,0
4890.000000,0
4892.500000,0
4895.000000,0
4897.500000,0
4900.000000,0
4902.500000,0
4905.000000,0
4907.500000,0
4910.000000,0
4912.500000,0
4915.000000,0
4917.500000,0
4920.000000,0
4922.500000,0
4925.000000,0
4927.500000,0
4930.000000,0
4932.500000,0
4935.000000,0
4937.500000,0
4940.000000,0
4942.500000,0
4945.000000,0
4947.500000,0
4950.000000,0
4952.500000,0
4955.000000,0
4957.500000,0
4960.000000,0
4962.500000,0
4965.000000,0
4967.500000,0
4970.000000,0
4972.500000,0
4975.000000,0
4977.500000,0
4980.000000,0
4982.500000,0
4985.000000,0
4987.500000,0
4990.000000,0
4992.500000,0
4995.000000,0
4997.500000,0
5000.000000,0
5002.500000,0
5005.000000,0
5007.500000,0
5010.000000,0
5012.500000,0
5015.000000,0
5017.500000,0
5020.000000,0
5022.500000,0
5025.000000,0
5027.500000,0
5030.000000,0
5032.500000,0
5035.000000,0
5037.500000,0
5040.000000,0
5042.500000,0
5045.000000,0
5047.500000,0
5050.000000,0
5052.500000,0
5055.000000,0
5057.500000,0
5060.000000,0
5062.500000,0
5065.000000,0
5067.500000,0
5070.000000,0
5072.500000,0
5075.000000,0
5077.500000,0
5080.000000,0
5082.500000,0
5085.000000,0
5087.500000,0
5090.000000,0
5092.500000,0
5095.000000,0
5097.500000,0
5100.000000,0
5102.500000,0
5105.000000,0
5107.500000,0
5110.000000,0
5112.500000,0
5115.000000,0
5117.500000,0
5120.000000,0
5122.500000,0
5125.000000,0
5127.500000,0
5130.000000,0
5132.500000,0
5135.000000,0
5137.500000,0
5140.000000,0
5142.500000,0
5145.000000,0
5147.500000,0
5150.000000,0
5152.500000,0
5155.000000,0
5157.500000,0
5160.000000,0
5162.500000,0
5165.000000,0
5167.500000,0
5170.000000,0
5172.500000,0
5175.000000,0
5177.500000,0
5180.000000,0
5182.500000,0
5185.000000,0
5187.500000,0
5190.000000,0
5192.500000,0
5195.000000,0
5197.500000,0
5200.000000,0
5202.500000,0
5205.000000,0
5207.500000,0
5210.000000,0
5212.500000,0
5215.000000,0
5217.500000,0
5220.000000,0
5222.500000,0
5225.000000,0
5227.500000,0
5230.000000,0
5232.500000,0
5235.000000,0
5237.500000,0
5240.000000,0
5242.500000,0
5245.000000,0
5247.500000,0
5250.000000,0
5252.500000,0
5255.000000,0
5257.500000,0
5260.000000,0
5262.500000,0
5265.000000,0
5267.500000,0
5270.000000,0
5272.500000,0
5275.000000,0
5277.500000,0
5280.000000,0
5282.500000,0
5285.000000,0
5287.500000,0
5290.000000,0
5292.500000,0
5295.000000,0
5297.500000,0
5300.000000,0
5302.500000,0
5305.000000,0
5307.500000,0
5310.000000,0
5312.500000,0
5315.000000,0
5317.500000,0
5320.000000,0
5322.500000,0
5325.000000,0
5327.500000,0
5330.000000,0
5332.500000,0
5335.000000,0
5337.500000,0
5340.000000,0
5342.500000,0
5345.000000,0
5347.500000,0
5350.000000,0
5352.500000,0
5355.000000,0
5357.500000,0
5360.000000,0
5362.500000,0
5365.000000,0
5367.500000,0
5370.000000,0
5372.500000,0
5375.000000,0
5377.500000,0
5380.000000,0
5382.500000,0
5385.000000,0
5387.500000,0
5390.000000,0
5392.500000,0
5395.000000,0
5397.500000,0
5400.000000,0
5402.500000,0
5405.000000,0
5407.500000,0
5410.000000,0
5412.500000,0
5415.000000,0
5417.500000,0
5420.000000,0
5422.500000,0
5425.000000,0
5427.500000,0
5430.000000,0
5432.500000,0
5435.000000,0
5437.500000,0
5440.000000,0
5442.500000,0
5445.000000,0
5447.500000,0
5450.000000,0
5452.500000,0
5455.000000,0
5457.500000,0
5460.000000,0
5462.500000,0
5465.000000,0
5467.500000,0
5470.000000,0
5472.500000,0
5475.000000,0
5477.500000,0
5480.000000,0
5482.500000,0
5485.000000,0
5487.500000,0
5490.000000,0
5492.500000,0
5495.000000,0
5497.500000,0
5500.000000,0
5502.500000,0
5505.000000,0
5507.500000,0
5510.000000,0
5512.500000,0
5515.000000,0
5517.500000,0
5520.000000,0
5522.500000,0
5525.000000,0
5527.500000,0
5530.000000,0
5532.500000,0
5535.000000,0
5537.500000,0
5540.000000,0
5542.500000,0
5545.000000,0
5547.500000,0
5550.000000,0
5552.500000,0
5555.000000,0
5557.500000,0
5560.000000,0
5562.500000,0
5565.000000,0
5567.500000,0
5570.000000,0
5572.500000,0
5575.000000,0
5577.500000,0
5580.000000,0
5582.500000,0
5585.000000,0
5587.500000,0
5590.000000,0
5592.500000,0
5595.000000,0
5597.500000,0
5600.000000,0
5602.500000,0
5605.000000,0
5607.500000,0
5610.000000,0
5612.500000,0
5615.000000,0
5617.500000,0
5620.000000,0
5622.500000,0
5625.000000,0
5627.500000,0
5630.000000,0
5632.500000,0
5635.000000,0
5637.500000,0
5640.000000,0
5642.500000,0
5645.000000,0
5647.500000,0
5650.000000,0
5652.500000,0
5655.000000,0
5657.500000,0
5660.000000,0
5662.500000,0
5665.000000,0
5667.500000,0
5670.000000,0
5672.500000,0
5675.000000,0
5677.500000,0
5680.000000,0
5682.500000,0
5685.000000,0
5687.500000,0
5690.000000,0
5692.500000,0
5695.000000,0
5697.500000,0
5700.000000,0
5702.500000,0
5705.000000,0
5707.500000,0
5710.000000,0
5712.500000,0
5715.000000,0
5717.500000,0
5720.000000,0
5722.500000,0
5725.000000,0
5727.500000,0
5730.000000,0
5732.500000,0
5735.000000,0
5737.500000,0
5740.000000,0
5742.500000,0
5745.000000,0
5747.500000,0
5750.000000,0
5752.500000,0
5755.000000,0
5757.500000,0
5760.000000,0
5762.500000,0
5765.000000,0
5767.500000,0
5770.000000,0
5772.500000,0
5775.000000,0
5777.500000,0
5780.000000,0
5782.500000,0
5785.000000,0
5787.500000,0
5790.000000,0
5792.500000,0
5795.000000,0
5797.500000,0
5800.000000,0
5802.500000,0
5805.000000,0
5807.500000,0
5810.000000,0
5812.500000,0
5815.000000,0
5817.500000,0
5820.000000,0
5822.500000,0
5825.000000,0
5827.500000,0
5830.000000,0
5832.500000,0
5835.000000,0
5837.500000,0
5840.000000,0
5842.500000,0
5845.000000,0
5847.500000,0
5850.000000,0
5852.500000,0
5855.000000,0
5857.500000,0
5860.000000,0
5862.500000,0
5865.000000,0
5867.500000,0
5870.000000,0
5872.500000,0
5875.000000,0
5877.500000,0
5880.000000,0
5882.500000,0
5885.000000,0
5887.500000,0
5890.000000,0
5892.500000,0
5895.000000,0
5897.500000,0
5900.000000,0
5902.500000,0
5905.000000,0
5907.500000,0
5910.000000,0
5912.500000,0
5915.000000,0
5917.500000,0
5920.000000,0
5922.500000,0
5925.000000,0
5927.500000,0
5930.000000,0
5932.500000,0
5935.000000,0
5937.500000,0
5940.000000,0
5942.500000,0
5945.000000,0
5947.500000,0
5950.000000,0
5952.500000,0
5955.000000,0
5957.500000,0
5960.000000,0
5962.500000,0
5965.000000,0
5967.500000,0
5970.000000,0
5972.500000,0
5975.000000,0
5977.500000,0
5980.000000,0
5982.500000,0
5985.000000,0
5987.500000,0
5990.000000,0
5992.500000,0
5995.000000,0
5997.500000,0
6000.000000,0
6002.500000,0
6005.000000,0
6007.500000,0
6010.000000,0
6012.500000,0
6015.000000,0
6017.500000,0
6020.000000,0
6022.500000,0
6025.000000,0
6027.500000,0
6030.000000,0
6032.500000,0
6035.000000,0
6037.500000,0
6040.000000,0
6042.500000,0
6045.000000,0
6047.500000,0
6050.000000,0
6052.500000,0
6055.000000,0
6057.500000,0
6060.000000,0
6062.500000,0
6065.000000,0
6067.500000,0
6070.000000,0
6072.500000,0
6075.000000,0
6077.500000,0
6080.000000,0
6082.500000,0
6085.000000,0
6087.500000,0
6090.000000,0
6092.500000,0
6095.000000,0
6097.500000,0
6100.000000,0
6102.500000,0
6105.000000,0
6107.500000,0
6110.000000,0
6112.500000,0
6115.000000,0
6117.500000,0
6120.000000,0
6122.500000,0
6125.000000,0
6127.500000,0
6130.000000,0
6132.500000,0
6135.000000,0
6137.500000,0
6140.000000,0
6142.500000,0
6145.000000,0
6147.500000,0
6150.000000,0
6152.500000,0
6155.000000,0
6157.500000,0
6160.000000,0
6162.500000,0
6165.000000,0
6167.500000,0
6170.000000,0
6172.500000,0
6175.000000,0
6177.500000,0
6180.000000,0
6182.500000,0
6185.000000,0
6187.500000,0
6190.000000,0
6192.500000,0
6195.000000,0
6197.500000,0
6200.000000,0
6202.500000,0
6205.000000,0
6207.500000,0
6210.000000,0
6212.500000,0
6215.000000,0
6217.500000,0
6220.000000,0
6222.500000,0
6225.000000,0
6227.500000,0
6230.000000,0
6232.500000,0
6235.000000,0
6237.500000,0
6240.000000,0
6242.500000,0
6245.000000,0
6247.500000,0
6250.000000,0
6252.500000,0
6255.000000,0
6257.500000,0
6260.000000,0
6262.500000,0
6265.000000,0
6267.500000,0
6270.000000,0
6272.500000,0
6275.000000,0
6277.500000,0
6280.000000,0
6282.500000,0
6285.000000,0
6287.500000,0
6290.000000,0
6292.500000,0
6295.000000,0
6297.500000,0
6300.000000,0
6302.500000,0
6305.000000,0
6307.500000,0
6310.000000,0
6312.500000,0
6315.000000,0
6317.500000,0
6320.000000,0
6322.500000,0
6325.000000,0
6327.500000,0
6330.000000,0
6332.500000,0
6335.000000,0
6337.500000,0
6340.000000,0
6342.500000,0
6345.000000,0
6347.500000,0
6350.000000,0
6352.500000,0
6355.000000,0
6357.500000,0
6360.000000,0
6362.500000,0
6365.000000,0
6367.500000,0
6370.000000,0
6372.500000,0
6375.000000,0
6377.500000,0
6380.000000,0
6382.500000,0
6385.000000,0
6387.500000,0
6390.000000,0
6392.500000,0
6395.000000,0
6397.500000,0
6400.000000,0
6402.500000,0
6405.000000,0
6407.500000,0
6410.000000,0
6412.500000,0
6415.000000,0
6417.500000,0
6420.000000,0
6422.500000,0
6425.000000,0
6427.500000,0
6430.000000,0
6432.500000,0
6435.000000,0
6437.500000,0
6440.000000,0
6442.500000,0
6445.000000,0
6447.500000,0
6450.000000,0
6452.500000,0
6455.000000,0
6457.500000,0
6460.000000,0
6462.500000,0
6465.000000,0
6467.500000,0
6470.000000,0
6472.500000,0
6475.000000,0
6477.500000,0
6480.000000,0
6482.500000,0
6485.000000,0
6487.500000,0
6490.000000,0
6492.500000,0
6495.000000,0
6497.500000,0
6500.000000,0
6502.500000,0
6505.000000,0
6507.500000,2000
6510.000000,2000
6512.500000,2000
6515.000000,2000
6517.500000,2000
6520.000000,2000
6522.500000,2000
6525.000000,2000
6527.500000,2000
6530.000000,2000
6532.500000,2000
6535.000000,2000
6537.500000,2000
6540.000000,2000
6542.500000,2000
6545.000000,2000
6547.500000,2000
6550.000000,2000
6552.500000,2000
6555.000000,2000
6557.500000,2000
6560.000000,2000
6562.500000,2000
6565.000000,2000
6567.500000,2000
6570.000000,2000
6572.500000,2000
6575.000000,2000
6577.500000,2000
6580.000000,2000
6582.500000,2000
6585.000000,2000
6587.500000,2000
6590.000000,2000
6592.500000,2000
6595.000000,2000
6597.500000,2000
6600.000000,2000
6602.500000,2000
6605.000000,2000
6607.500000,2000
6610.000000,2000
6612.500000,2000
6615.000000,2000
6617.500000,2000
6620.000000,2000
6622.500000,2000
6625.000000,2000
6627.500000,2000
6630.000000,2000
6632.500000,2000
6635.000000,2000
6637.500000,2000
6640.000000,2000
6642.500000,2000
6645.000000,2000
6647.500000,2000
6650.000000,2000
6652.500000,2000
6655.000000,2000
6657.500000,2000
6660.000000,2000
6662.500000,2000
6665.000000,2000
6667.500000,2000
6670.000000,2000
6672.500000,2000
6675.000000,2000
6677.500000,2000
6680.000000,2000
6682.500000,2000
6685.000000,2000
6687.500000,2000
6690.000000,2000
6692.500000,2000
6695.000000,2000
6697.500000,2000
6700.000000,2000
6702.500000,2000
6705.000000,2000
6707.500000,2000
6710.000000,2000
6712.500000,2000
6715.000000,2000
6717.500000,2000
6720.000000,2000
6722.500000,2000
6725.000000,2000
6727.500000,2000
6730.000000,2000
6732.500000,2000
6735.000000,2000
6737.500000,2000
6740.000000,2000
6742.500000,2000
6745.000000,2000
6747.500000,2000
6750.000000,2000
6752.500000,2000
6755.000000,2000
6757.500000,2000
6760.000000,2000
6762.500000,2000
6765.000000,2000
6767.500000,2000
6770.000000,2000
6772.500000,2000
6775.000000,2000
6777.500000,2000
6780.000000,2000
6782.500000,2000
6785.000000,2000
6787.500000,2000
6790.000000,2000
6792.500000,2000
6795.000000,2000
6797.500000,2000
6800.000000,2000
6802.500000,2000
6805.000000,2000
6807.500000,2000
6810.000000,2000
6812.500000,2000
6815.000000,2000
6817.500000,2000
6820.000000,2000
6822.500000,2000
6825.000000,2000
6827.500000,2000
6830.000000,2000
6832.500000,2000
6835.000000,2000
6837.500000,2000
6840.000000,2000
6842.500000,2000
6845.000000,2000
6847.500000,2000
6850.000000,2000
6852.500000,2000
6855.000000,2000
6857.500000,2000
6860.000000,2000
6862.500000,2000
6865.000000,2000
6867.500000,2000
6870.000000,2000
6872.500000,2000
6875.000000,2000
6877.500000,2000
6880.000000,2000
6882.500000,2000
6885.000000,2000
6887.500000,2000
6890.000000,2000
6892.500000,2000
6895.000000,2000
6897.500000,2000
6900.000000,2000
6902.500000,2000
6905.000000,2000
6907.500000,2000
6910.000000,2000
6912.500000,2000
6915.000000,2000
6917.500000,2000
6920.000000,2000
6922.500000,2000
6925.000000,2000
6927.500000,2000
6930.000000,2000
6932.500000,2000
6935.000000,2000
6937.500000,2000
6940.000000,2000
6942.500000,2000
6945.000000,2000
6947.500000,2000
6950.000000,2000
6952.500000,2000
6955.000000,2000
6957.500000,2000
6960.000000,2000
6962.500000,2000
6965.000000,2000
6967.500000,2000
6970.000000,2000
6972.500000,2000
6975.000000,2000
6977.500000,2000
6980.000000,2000
6982.500000,2000
6985.000000,2000
6987.500000,2000
6990.000000,2000
6992.500000,2000
6995.000000,2000
6997.500000,2000
7000.000000,2000
