#T:10349#G:-0008,00000,-0006#A:00124,00050,16370
#T:09646#G:-0010,00002,-0004#A:00118,00038,16510
#T:09997#G:-0007,-0001,00007#A:00092,00036,16288
#T:10314#G:-0004,00002,00003#A:00092,00078,16238
#T:09681#G:00000,00004,-0007#A:00114,-0014,16352
#T:10349#G:00002,00002,00014#A:00078,-0002,16356
#T:09646#G:00004,00000,-0002#A:00206,00010,16404
#T:09997#G:-0003,-0005,-0002#A:00104,00008,16344
#T:10314#G:-0006,-0006,00001#A:00102,00028,16346
#T:09681#G:-0017,-0005,-0001#A:00116,-0036,16318
#T:10349#G:-0005,-0005,00002#A:00108,00118,16320
#T:09646#G:-0008,00013,00000#A:00106,00110,16396
#T:09997#G:00003,00006,-0009#A:00172,00004,16360
#T:10314#G:00004,00016,00006#A:00112,00042,16430
#T:09681#G:00000,00012,00005#A:00104,00044,16298
#T:10349#G:-0006,00001,00000#A:00114,-0026,16464
#T:09646#G:-0007,-0011,00004#A:00094,-0036,16422
#T:09997#G:-0007,-0005,00000#A:00084,00060,16418
#T:10314#G:-0005,00000,00006#A:00048,00024,16324
#T:09681#G:-0001,00005,00000#A:00072,00004,16394
#T:10349#G:00003,-0004,00004#A:00126,00050,16444
#T:09646#G:-0005,00005,00003#A:00088,-0014,16290
#T:09997#G:00004,00015,-0002#A:00036,00008,16352
#T:10314#G:00002,-0008,00004#A:00102,00070,16430
#T:09681#G:-0008,00008,00004#A:00096,-0024,16302
#T:10349#G:-0004,-0010,00009#A:00154,00072,16410
#T:09646#G:-0017,00000,00002#A:00096,00058,16304
#T:09997#G:-0006,-0003,-0002#A:00088,-0018,16380
#T:10314#G:-0009,00007,00001#A:00050,00002,16364
#T:09681#G:00002,-0002,-0001#A:00148,00136,16372
#T:10349#G:-0004,00005,00007#A:00064,00006,16488
#T:09646#G:-0010,00009,-0004#A:00102,-0032,16268
#T:09997#G:-0009,00001,-0003#A:00040,-0062,16356
#T:10314#G:-0003,00002,-0005#A:00076,-0060,16382
#T:09681#G:-0014,00001,-0005#A:00068,00000,16310
#T:10349#G:-0006,00007,00007#A:00098,00028,16262
#T:09646#G:-0008,00007,00000#A:00100,00040,16282
#T:09997#G:-0005,00009,-0005#A:00028,-0014,16410
#T:10314#G:-0004,00015,00002#A:00090,00006,16322
#T:09681#G:00002,00003,00001#A:00126,-0034,16454
#T:10349#G:-0005,00011,00003#A:00074,00072,16426
#T:09646#G:00000,00003,-0002#A:00128,00036,16362
#T:09997#G:-0004,00000,00005#A:00126,00002,16378
#T:10314#G:-0002,00002,-0001#A:00052,-0032,16352
#T:09681#G:-0011,00006,-0008#A:00018,00000,16250
#T:10349#G:-0008,-0003,00003#A:00094,00044,16436
#T:09646#G:-0004,00003,-0001#A:00202,00060,16416
#T:09997#G:-0005,00005,00002#A:00116,00102,16290
#T:10314#G:-0004,-0006,00004#A:00098,00020,16464
#T:09681#G:00003,-0002,00004#A:00152,-0026,16336
#T:10349#G:-0006,00002,00002#A:00118,00026,16380
#T:09646#G:-0003,00000,00004#A:00094,00006,16314
#T:09997#G:-0006,00004,00005#A:00094,-0044,16370
#T:10314#G:-0011,00012,00003#A:00064,-0018,16296
#T:09681#G:-0016,00001,00002#A:00078,-0006,16238
#T:10349#G:-0015,00005,-0002#A:00060,00018,16336
#T:09646#G:-0011,00000,00001#A:00120,-0048,16342
#T:09997#G:00004,-0003,00003#A:00072,00086,16410
#T:10314#G:-0005,00002,-0008#A:00138,00066,16294
#T:09681#G:-0001,-0003,00008#A:00084,00040,16408
#T:10349#G:-0003,00009,-0007#A:00076,-0036,16328
#T:09646#G:00003,00013,-0005#A:00146,00014,16408
#T:09997#G:-0015,00003,-0008#A:00074,00050,16390
#T:10314#G:-0010,-0009,00005#A:00104,00038,16468
#T:09681#G:-0009,-0003,-0004#A:00174,00006,16306
#T:10349#G:-0008,-0001,00006#A:00062,00088,16334
#T:09646#G:-0014,00002,00002#A:00070,00060,16420
#T:09997#G:-0003,-0008,00005#A:00022,-0052,16340
#T:10314#G:00004,00003,-0003#A:00038,00022,16392
#T:09681#G:-0011,-0003,-0003#A:00102,-0128,16244
#T:10349#G:-0009,00009,-0005#A:00094,00032,16378
#T:09646#G:-0019,00001,00003#A:00100,-0010,16212
#T:09997#G:-0016,-0001,-0010#A:00194,00034,16288
#T:10314#G:-0003,-0004,-0001#A:00054,00068,16488
#T:09681#G:-0003,-0002,-0002#A:00112,00014,16248
#T:10349#G:00000,00010,00001#A:00116,00070,16416
#T:09646#G:00002,00000,-0004#A:00076,-0042,16286
#T:09997#G:-0003,00015,00010#A:00156,-0030,16300
#T:10314#G:-0013,00008,-0006#A:00076,00012,16400
#T:09681#G:-0024,00004,-0002#A:00086,00096,16326
#T:10349#G:-0011,-0007,-0003#A:00080,00078,16310
#T:09646#G:-0023,-0006,-0004#A:00078,00018,16220
#T:09997#G:-0002,00000,-0001#A:00098,00114,16336
#T:10314#G:00007,00000,-0007#A:00042,00010,16284
#T:09681#G:00008,00004,00000#A:00156,00004,16382
#T:10349#G:-0001,00010,00002#A:00054,-0036,16254
#T:09646#G:-0005,00006,00005#A:00094,-0036,16356
#T:09997#G:-0006,00006,-0002#A:00076,00006,16396
#T:10314#G:-0015,00002,-0007#A:00130,-0020,16302
#T:09681#G:-0013,-0005,-0001#A:00048,00030,16364
#T:10349#G:-0010,00004,-0003#A:00128,00014,16272
#T:09646#G:-0008,00009,00011#A:00078,00020,16312
#T:09997#G:00005,00002,-0003#A:00076,00108,16410
#T:10314#G:00009,00002,-0003#A:00064,-0008,16414
#T:09681#G:-0002,00007,00003#A:00076,00008,16332
#T:10349#G:-0002,00011,00009#A:00046,00012,16338
#T:09646#G:-0012,-0009,-0005#A:00104,00052,16400
#T:09997#G:-0012,-0002,-0006#A:00160,00058,16482
#T:10314#G:-0010,-0004,-0002#A:00078,00092,16360
#T:09681#G:-0015,-0004,-0001#A:00080,00058,16424
#T:10349#G:00005,00011,00004#A:00116,00036,16426
#T:09646#G:00006,00013,-0005#A:00082,00122,16476
#T:09997#G:00013,00010,00011#A:00134,-0030,16304
#T:10314#G:-0009,00008,00000#A:00142,-0062,16292
#T:09681#G:-0004,00007,00005#A:00162,00014,16448
#T:10349#G:-0015,00002,-0002#A:00100,-0080,16428
#T:09646#G:-0021,00003,00000#A:00104,00056,16306
#T:09997#G:-0009,-0007,00007#A:00094,-0004,16380
#T:10314#G:-0005,-0010,00008#A:00096,00050,16468
#T:09681#G:00007,00001,00012#A:00098,00064,16392
#T:10349#G:00009,00007,00006#A:00022,00040,16304
#T:09646#G:00012,00019,00005#A:00102,00074,16302
#T:09997#G:00005,00010,00013#A:00052,-0056,16376
#T:10314#G:00001,00008,00002#A:00084,00026,16316
#T:09681#G:-0018,00001,-0009#A:00134,-0036,16362
#T:10349#G:-0021,-0005,-0002#A:00098,00020,16316
#T:09646#G:-0011,-0010,-0005#A:00078,00058,16288
#T:09997#G:00009,00003,-0006#A:00126,00118,16344
#T:10314#G:00010,00010,00005#A:00060,00050,16372
#T:09681#G:00001,00012,00004#A:00088,00016,16338
#T:10349#G:-0001,00009,00000#A:00128,00064,16396
#T:09646#G:-0001,00008,00001#A:00032,00014,16336
#T:09997#G:-0009,-0003,00005#A:00060,-0064,16344
#T:10314#G:-0013,00007,-0007#A:00116,00058,16330
#T:09681#G:-0017,00005,00000#A:00096,00060,16404
#T:10349#G:-0008,00001,-0006#A:00022,00108,16330
#T:09646#G:-0001,-0002,-0013#A:00078,00060,16436
#T:09997#G:-0001,00002,00004#A:00116,00034,16420
#T:10314#G:00001,00006,00006#A:00128,00028,16330
#T:09681#G:00000,00012,00006#A:00084,-0050,16494
#T:10349#G:00002,-0004,00002#A:00068,00048,16396
#T:09646#G:-0003,00004,-0001#A:00064,00006,16314
#T:09997#G:-0018,-0001,-0004#A:00070,-0042,16348
#T:10314#G:-0020,-0002,00002#A:00066,00004,16366
#T:09681#G:-0016,-0006,00003#A:00132,00058,16376
#T:10349#G:-0005,00011,00007#A:00060,00048,16496
#T:09646#G:-0001,00004,00011#A:00082,00046,16380
#T:09997#G:-0004,-0002,00001#A:00042,00020,16340
#T:10314#G:00001,00007,00008#A:00138,00050,16292
#T:09681#G:-0001,-0004,00000#A:00072,-0034,16326
#T:10349#G:-0014,-0002,-0008#A:00058,-0026,16298
#T:09646#G:-0011,00001,00010#A:00088,00072,16298
#T:09997#G:00000,00004,00001#A:00074,00054,16368
#T:10314#G:-0006,-0005,00004#A:00120,00014,16378
#T:09681#G:-0009,00006,00001#A:00100,00100,16444
#T:10349#G:00006,00013,00005#A:00094,-0004,16424
#T:09646#G:00014,00012,-0012#A:00092,00026,16416
#T:09997#G:00006,00001,00003#A:00092,00002,16342
#T:10314#G:00000,-0009,00000#A:00068,-0064,16364
#T:09681#G:-0009,-0002,00004#A:00086,-0014,16236
#T:10349#G:-0022,-0001,-0006#A:00058,-0004,16400
#T:09646#G:-0018,-0002,-0004#A:00140,00060,16356
#T:09997#G:-0020,00003,00003#A:00058,00102,16378
#T:10314#G:-0012,00003,-0007#A:00094,00042,16368
#T:09681#G:-0002,00013,00001#A:00088,-0004,16228
#T:10349#G:00010,00011,00000#A:00050,00074,16374
#T:09646#G:00007,00006,-0005#A:00126,00010,16288
#T:09997#G:-0005,00011,00005#A:00130,-0048,16416
#T:10314#G:-0008,-0002,00001#A:00082,-0026,16278
#T:09681#G:-0016,-0010,-0001#A:00132,-0054,16352
#T:10349#G:-0021,-0002,-0004#A:00202,00098,16378
#T:09646#G:-0018,-0004,-0001#A:00104,00100,16256
#T:09997#G:-0003,00001,00004#A:00120,00052,16302
#T:10314#G:00007,00003,-0009#A:00060,00004,16274
#T:09681#G:00012,00007,00006#A:00028,-0056,16394
#T:10349#G:00011,00007,00004#A:00054,-0054,16324
#T:09646#G:-0010,00013,00010#A:00078,-0046,16372
#T:09997#G:-0023,00001,00004#A:00092,-0072,16314
#T:10314#G:-0021,-0004,00000#A:00038,00018,16250
#T:09681#G:-0022,-0003,00006#A:00180,00072,16412
#T:10349#G:00002,00005,00001#A:00190,00120,16288
#T:09646#G:00011,00006,00009#A:00102,00078,16340
#T:09997#G:00013,00003,00001#A:00074,-0018,16444
#T:10314#G:00003,00005,00003#A:00168,00014,16138
#T:09681#G:-0009,00007,00001#A:00044,-0062,16470
#T:10349#G:-0014,-0008,-0002#A:00114,-0050,16350
#T:09646#G:-0030,-0001,-0004#A:00026,00090,16350
#T:09997#G:-0032,-0002,-0006#A:00092,00126,16250
#T:10314#G:-0015,-0008,-0002#A:00028,00084,16332
#T:09681#G:00013,00006,00011#A:00098,00116,16452
#T:10349#G:00021,00007,00000#A:00106,00054,16320
#T:09646#G:00022,00007,00003#A:00072,-0058,16366
#T:09997#G:00002,00009,-0001#A:00158,-0096,16332
#T:10314#G:-0018,00006,-0003#A:00082,-0076,16376
#T:09681#G:-0037,-0009,-0003#A:00098,-0026,16324
#T:10349#G:-0017,-0005,00004#A:00142,00126,16310
#T:09646#G:-0014,-0002,-0006#A:00052,00102,16298
#T:09997#G:00012,00002,-0001#A:00120,00056,16436
#T:10314#G:00031,00006,00010#A:00082,-0026,16332
#T:09681#G:00020,00005,00005#A:00144,-0122,16426
#T:10349#G:00005,00013,-0001#A:00078,-0180,16354
#T:09646#G:-0003,00003,00007#A:00032,-0024,16376
#T:09997#G:-0026,-0003,-0001#A:00128,-0030,16426
#T:10314#G:-0032,-0012,-0002#A:00042,00108,16350
#T:09681#G:-0022,-0004,-0004#A:00030,00036,16250
#T:10349#G:00003,-0009,-0004#A:00114,00150,16280
#T:09646#G:00011,00008,-0003#A:00006,00096,16302
#T:09997#G:00017,00011,-0006#A:00050,00008,16316
#T:10314#G:00015,00007,00010#A:00064,-0138,16364
#T:09681#G:-0006,00010,00008#A:00168,-0124,16290
#T:10349#G:-0031,00003,00008#A:00110,00028,16354
#T:09646#G:-0035,-0006,-0009#A:00076,00074,16432
#T:09997#G:-0038,-0010,-0004#A:00130,00106,16284
#T:10314#G:-0005,00001,-0012#A:00120,00066,16364
#T:09681#G:00023,-0002,00001#A:00028,00018,16276
#T:10349#G:00032,00006,00001#A:00102,-0028,16362
#T:09646#G:00013,00025,00000#A:-0048,-0018,16378
#T:09997#G:-0008,00012,-0001#A:00102,-0106,16396
#T:10314#G:-0022,-0002,-0001#A:00106,-0080,16332
#T:09681#G:-0038,-0004,-0004#A:00076,-0004,16308
#T:10349#G:-0034,-0014,-0001#A:00194,00088,16424
#T:09646#G:00003,-0014,00004#A:00010,00166,16232
#T:09997#G:00009,00005,00006#A:00098,00098,16452
#T:10314#G:00023,-0009,00008#A:00026,00080,16376
#T:09681#G:00021,00019,00004#A:00036,-0050,16328
#T:10349#G:00022,00015,00007#A:00078,-0040,16314
#T:09646#G:-0021,00011,00004#A:00098,-0072,16344
#T:09997#G:-0033,00004,-0006#A:00152,-0032,16482
#T:10314#G:-0031,-0007,-0009#A:00122,00018,16334
#T:09681#G:-0016,-0010,-0006#A:00134,00122,16392
#T:10349#G:-0001,-0010,-0002#A:00060,00048,16264
#T:09646#G:00017,00010,-0003#A:00050,00096,16346
#T:09997#G:00023,00008,00003#A:00036,00026,16324
#T:10314#G:00011,00016,00005#A:00122,-0032,16376
#T:09681#G:00010,00013,-0003#A:00124,-0104,16336
#T:10349#G:-0021,00006,00003#A:00090,-0066,16382
#T:09646#G:-0026,-0003,00000#A:00110,00020,16356
#T:09997#G:-0020,-0010,-0003#A:00084,00064,16362
#T:10314#G:-0004,00001,-0002#A:00150,00074,16382
#T:09681#G:00009,-0003,00007#A:00020,00142,16414
#T:10349#G:00020,00012,00001#A:-0026,00082,16278
#T:09646#G:00012,00015,00014#A:00012,00014,16526
#T:09997#G:00000,00011,00001#A:00134,-0144,16394
#T:10314#G:-0008,-0005,00004#A:00226,-0052,16280
#T:09681#G:-0029,-0008,-0009#A:00130,-0016,16356
#T:10349#G:-0024,-0015,-0004#A:00058,00084,16286
#T:09646#G:-0016,-0007,-0009#A:00058,00014,16392
#T:09997#G:-0004,-0013,-0003#A:00084,00140,16284
#T:10314#G:00022,00006,-0001#A:00080,00064,16348
#T:09681#G:00011,00013,00015#A:00010,-0036,16430
#T:10349#G:00018,00012,00005#A:00014,-0028,16326
#T:09646#G:00001,00012,-0006#A:00104,-0008,16310
#T:09997#G:-0016,00002,-0004#A:00120,00006,16312
#T:10314#G:-0021,-0017,-0001#A:00090,00008,16460
#T:09681#G:-0014,-0012,-0009#A:00126,00074,16232
#T:10349#G:-0008,00000,-0009#A:00058,00142,16398
#T:09646#G:-0002,00007,00002#A:00024,00076,16258
#T:09997#G:00001,00012,-0008#A:00016,00002,16334
#T:10314#G:00006,00010,00006#A:00116,00084,16460
#T:09681#G:00003,00018,00007#A:00164,-0008,16378
#T:10349#G:00001,00001,-0001#A:00104,00010,16418
#T:09646#G:-0009,00003,00000#A:00148,-0012,16292
#T:09997#G:-0022,-0013,-0004#A:00130,00028,16232
#T:10314#G:-0014,-0011,-0003#A:00008,00082,16282
#T:09681#G:-0001,00001,00005#A:00084,-0020,16416
#T:10349#G:00008,00003,-0008#A:-0034,00008,16386
#T:09646#G:00011,00017,00001#A:00108,00102,16346
#T:09997#G:00010,00018,00002#A:00078,00040,16426
#T:10314#G:00002,00008,00002#A:00082,-0070,16330
#T:09681#G:-0008,-0008,-0003#A:00082,00004,16424
#T:10349#G:-0011,-0005,-0009#A:00120,00010,16380
#T:09646#G:-0018,-0019,00011#A:00080,00092,16364
#T:09997#G:-0009,-0005,00005#A:00070,00120,16296
#T:10314#G:00000,00007,-0004#A:00080,00054,16450
#T:09681#G:00000,00017,00017#A:00050,00050,16466
#T:10349#G:00010,00014,00008#A:00164,-0016,16370
#T:09646#G:00002,00013,00005#A:00146,00034,16450
#T:09997#G:-0009,00002,00002#A:00136,00030,16340
#T:10314#G:-0012,-0012,-0005#A:00170,-0004,16324
#T:09681#G:-0012,-0010,-0001#A:00140,00056,16384
#T:10349#G:-0010,-0012,-0002#A:00048,00092,16252
#T:09646#G:-0009,-0005,00004#A:00040,00072,16372
#T:09997#G:00012,00013,00010#A:00088,00076,16398
#T:10314#G:00005,00025,00006#A:00152,-0010,16472
#T:09681#G:00004,00019,00009#A:00032,00000,16324
#T:10349#G:-0003,-0009,00013#A:00076,-0020,16314
#T:09646#G:-0015,-0004,00001#A:00022,00030,16420
#T:09997#G:-0027,-0013,-0004#A:00102,00008,16312
#T:10314#G:-0017,-0020,00003#A:00052,00008,16344
#T:09681#G:-0002,00001,00002#A:00048,00114,16252
#T:10349#G:00000,-0001,00004#A:00052,00100,16252
#T:09646#G:00014,00017,00004#A:00086,00050,16366
#T:09997#G:00013,00013,00011#A:00152,-0034,16450
#T:10314#G:00010,00009,-0006#A:00100,-0022,16312
#T:09681#G:00002,00006,00005#A:00068,-0090,16290
#T:10349#G:-0018,-0004,-0001#A:00070,-0010,16276
#T:09646#G:-0018,-0019,-0004#A:00082,00062,16324
#T:09997#G:-0026,-0010,-0006#A:00040,00034,16438
#T:10314#G:-0005,00010,-0001#A:00110,00052,16338
#T:09681#G:00011,00015,00000#A:00088,00046,16342
#T:10349#G:00016,00025,00007#A:00168,00092,16412
#T:09646#G:00014,00015,00007#A:00074,-0116,16374
#T:09997#G:00001,00006,-0004#A:00084,-0040,16368
#T:10314#G:-0021,00005,-0007#A:00156,-0094,16410
#T:09681#G:-0021,-0008,00000#A:00126,-0018,16372
#T:10349#G:-0027,-0006,-0008#A:00068,00070,16350
#T:09646#G:-0009,-0001,00004#A:00018,00088,16284
#T:09997#G:-0010,00008,00002#A:00044,00078,16376
#T:10314#G:00004,00010,00006#A:00216,-0032,16342
#T:09681#G:00012,00012,00002#A:00172,00012,16318
#T:10349#G:00003,00011,-0001#A:00140,-0066,16286
#T:09646#G:-0010,-0002,-0006#A:00104,00000,16338
#T:09997#G:-0014,-0008,-0002#A:00138,-0074,16330
#T:10314#G:-0028,00000,-0005#A:00074,-0158,16388
#T:09681#G:-0023,-0022,-0029#A:00628,-0240,15926
#T:10349#G:-0034,00048,-0056#A:-0690,-0704,15452
#T:09646#G:00018,00096,00005#A:-1796,00502,15504
#T:09997#G:00015,00076,00100#A:-1304,01138,16714
#T:10314#G:-0051,-0066,00089#A:01952,-0428,16388
#T:09681#G:-0014,00139,00055#A:-0580,-1028,14756
#T:10349#G:00014,00030,00060#A:-0322,-0780,16968
#T:09646#G:00028,-0139,00153#A:01254,01038,16790
#T:09997#G:00063,-0066,00264#A:-0106,00776,16398
#T:10314#G:-0031,-0192,-0060#A:01264,02178,15104
#T:09681#G:-0036,-0045,-0443#A:-0374,00026,15100
#T:10349#G:00147,-0076,-0578#A:-2886,00642,16938
#T:09646#G:00151,-0040,-0503#A:-1244,01876,16988
#T:09997#G:00007,-0046,-0359#A:00922,-0014,16042
#T:10314#G:-0044,00172,-0149#A:-1938,04152,16242
#T:09681#G:-0250,00099,00144#A:02532,-3316,15092
#T:10349#G:00073,00039,00424#A:-1304,00658,16698
#T:09646#G:00008,-0017,00540#A:-0730,00096,14858
#T:09997#G:-0054,-0191,00621#A:02058,-0358,15156
#T:10314#G:-0045,00049,00537#A:-0454,-1180,15370
#T:09681#G:00083,-0093,00355#A:00730,00596,18284
#T:10349#G:00023,-0052,00120#A:01796,00494,15820
#T:09646#G:00017,-0064,-0047#A:01192,-0286,18346
#T:09997#G:00005,00078,-0205#A:-1038,01944,17056
#T:10314#G:-0045,00037,-0376#A:-0440,-0844,16938
#T:09681#G:00007,-0036,-0474#A:00558,00096,15810
#T:10349#G:00095,00051,-0508#A:-0644,01732,17392
#T:09646#G:00041,00036,-0445#A:00618,-0266,17458
#T:09997#G:00047,00027,-0321#A:00254,-0024,16472
#T:10314#G:-0011,00009,-0126#A:00140,-0634,16078
#T:09681#G:-0007,-0064,00043#A:00752,00008,16854
#T:10349#G:-0074,00042,00244#A:-0194,-0274,17852
#T:09646#G:-0075,-0107,00352#A:00782,00448,15780
#T:09997#G:-0035,-0031,00439#A:00450,00164,16392
#T:10314#G:-0007,-0027,00459#A:00848,-0544,15346
#T:09681#G:00082,00040,00410#A:-0010,01150,17618
#T:10349#G:-0006,00077,00268#A:00888,00322,15500
#T:09646#G:-0010,00038,00101#A:00152,00240,15514
#T:09997#G:00004,00089,-0051#A:-0086,01118,17402
#T:10314#G:-0063,-0003,-0208#A:-1300,00422,17078
#T:09681#G:-0094,00000,-0348#A:-0964,-1234,15402
#T:10349#G:-0031,-0106,-0432#A:00946,-0548,15298
#T:09646#G:-0020,-0065,-0409#A:01238,-1414,16380
#T:09997#G:00132,00002,-0341#A:02898,00250,17288
#T:10314#G:00125,00066,-0235#A:00874,01488,20136
#T:09681#G:00085,00161,-0050#A:-2856,00348,15812
#T:10349#G:-0106,-0143,00118#A:-1302,-1682,16990
#T:09646#G:-0110,-0299,00214#A:02534,00864,18414
#T:09997#G:00117,-0027,00331#A:00984,00006,17440
#T:10314#G:-0079,00035,00406#A:00968,-0512,16758
#T:09681#G:00069,00269,00361#A:-1862,-0368,15280
#T:10349#G:00066,00071,00293#A:-1908,-0926,13278
#T:09646#G:-0112,-0299,00191#A:00298,00976,14262
#T:09997#G:-0038,-0100,-0008#A:03790,-0208,14884
#T:10314#G:-0254,00044,-0139#A:03680,-5300,12800
#T:09681#G:-0126,-0090,-0224#A:-0946,-1560,15584
#T:10349#G:-0066,-0065,-0361#A:00062,-2308,17720
#T:09646#G:-0065,-0094,-0381#A:04692,-1650,18128
#T:09997#G:00027,00217,-0310#A:-2242,-0462,16216
#T:10314#G:00054,00119,-0271#A:-1620,00776,14484
#T:09681#G:00014,00058,-0172#A:00796,-0930,15060
#T:10349#G:00015,00112,-0004#A:-0178,-0546,15792
#T:09646#G:-0045,00060,00125#A:-2404,01540,15252
#T:09997#G:00033,-0089,00239#A:00672,01870,19342
#T:10314#G:00153,00130,00320#A:-0686,01368,18554
#T:09681#G:00058,-0112,00343#A:-1658,00856,17158
#T:10349#G:00057,-0188,00331#A:04250,02720,20416
#T:09646#G:00052,00049,00232#A:00432,00718,21974
#T:09997#G:00001,-0004,00131#A:-0250,01386,18454
#T:10314#G:-0048,-0056,-0003#A:02804,01352,16622
#T:09681#G:-0141,00071,-0177#A:00166,-2324,14360
#T:10349#G:-0015,00070,-0250#A:-1852,00148,14896
#T:09646#G:-0029,-0029,-0317#A:01562,00812,14074
#T:09997#G:00053,00102,-0347#A:-1570,00012,14138
#T:10314#G:00019,-0082,-0284#A:01716,-1320,11512
#T:09681#G:-0055,-0039,-0206#A:01598,-1802,14660
#T:10349#G:00061,-0152,-0119#A:00722,00888,17250
#T:09646#G:00096,00071,00050#A:-0080,01950,20868
#T:09997#G:-0017,-0068,00124#A:02568,01596,16172
#T:10314#G:00003,-0057,00255#A:01390,01758,16084
#T:09681#G:-0082,-0081,00335#A:-0138,-0242,17092
#T:10349#G:-0061,00068,00281#A:00176,-1038,20456
#T:09646#G:00040,00265,00274#A:-2014,-0436,16070
#T:09997#G:-0006,-0070,00177#A:01568,-0140,12062
#T:10314#G:-0095,00077,00004#A:-4146,-0392,06456
#T:09681#G:-0009,-0012,-0101#A:00704,01716,13260
#T:10349#G:-0025,-0112,-0131#A:00890,-0008,20264
#T:09646#G:00043,-0232,-0264#A:00794,-0190,21174
#T:09997#G:-0006,00102,-0263#A:-2726,-0316,18566
#T:10314#G:00023,00024,-0312#A:00826,01414,12952
#T:09681#G:00104,00098,-0247#A:02498,02168,12740
#T:10349#G:-0012,-0043,-0111#A:00198,-0682,18160
#T:09646#G:-0032,-0049,-0055#A:00314,-1964,18270
#T:09997#G:00063,-0066,00055#A:00982,01542,16602
#T:10314#G:00037,00186,00174#A:-3096,00274,16206
#T:09681#G:-0076,00061,00213#A:-1288,-1090,12378
#T:10349#G:-0025,-0139,00262#A:02848,02532,17034
#T:09646#G:00114,00178,00269#A:-2504,02016,18510
#T:09997#G:00063,-0162,00172#A:-0058,-1614,19376
#T:10314#G:00022,00069,00152#A:-1664,-1396,16454
#T:09681#G:-0057,-0174,00001#A:00458,01386,14020
#T:10349#G:00019,-0028,-0066#A:00776,02872,20844
#T:09646#G:-0032,-0120,-0118#A:01584,00452,16050
#T:09997#G:-0006,00128,-0216#A:01068,-0234,19042
#T:10314#G:-0092,-0145,-0279#A:02176,-1752,13994
#T:09681#G:00021,-0193,-0242#A:02396,-0486,17218
#T:10349#G:00039,00133,-0170#A:-1232,-0378,15402
#T:09646#G:-0049,00095,-0052#A:-1354,-0878,17574
#T:09997#G:00036,00004,-0039#A:-0146,02178,18916
#T:10314#G:00056,-0142,00044#A:02554,01268,15830
#T:09681#G:00008,00000,00181#A:01472,-1452,16038
#T:10349#G:-0123,-0021,00186#A:-1048,-1348,13886
#T:09646#G:-0021,00006,00231#A:00286,01138,14678
#T:09997#G:-0052,00013,00232#A:01100,-2700,13080
#T:10314#G:-0029,00099,00156#A:-1314,-2682,16164
#T:09681#G:-0080,-0266,00109#A:01786,-0010,15290
#T:10349#G:00010,-0078,00020#A:00838,01104,19106
#T:09646#G:00008,00080,-0075#A:-0850,-0258,18252
#T:09997#G:00009,-0011,-0139#A:01246,-0610,17450
#T:10314#G:00039,00133,-0205#A:-1928,00632,11842
#T:09681#G:00010,-0155,-0235#A:03876,-0832,10934
#T:10349#G:-0079,00064,-0214#A:00306,-0780,12134
#T:09646#G:00015,-0084,-0219#A:01434,-0368,13888
#T:09997#G:-0032,00104,-0091#A:-1192,-1202,14984
#T:10314#G:-0113,-0022,00006#A:00128,-1844,17958
#T:09681#G:-0069,00108,00076#A:-0838,-0898,17940
#T:10349#G:00081,-0130,00138#A:03114,02568,19684
#T:09646#G:-0077,00195,00191#A:-1694,-2618,16732
#T:09997#G:-0066,00070,00238#A:-0450,-0488,20238
#T:10314#G:-0010,-0010,00210#A:-0492,-1260,15324
#T:09681#G:-0001,-0166,00125#A:00574,00166,14982
#T:10349#G:-0043,-0075,00095#A:01594,-0622,17140
#T:09646#G:-0109,00062,00016#A:-0170,-1604,20832
#T:09997#G:00029,00062,-0058#A:-1156,-2116,17982
#T:10314#G:-0042,-0018,-0159#A:00072,-0382,17758
#T:09681#G:00003,00076,-0201#A:-0444,-1510,16358
#T:10349#G:-0006,00184,-0187#A:-0194,-0626,15224
#T:09646#G:00030,-0037,-0173#A:-0106,-0978,10480
#T:09997#G:-0003,-0044,-0142#A:-0452,00116,13594
#T:10314#G:-0077,-0164,-0082#A:03484,00280,14274
#T:09681#G:00088,-0099,-0042#A:03744,04206,16848
#T:10349#G:00094,-0129,00059#A:01330,01164,17972
#T:09646#G:-0142,00435,00165#A:-7038,-4236,19784
#T:09997#G:-0080,00009,00164#A:-0352,01620,18174
#T:10314#G:00099,-0121,00157#A:03560,02334,15874
#T:09681#G:00134,00038,00210#A:-2686,-0670,19982
#T:10349#G:-0114,00128,00133#A:-2050,-4458,17610
#T:09646#G:-0113,-0057,00095#A:02216,02396,15066
#T:09997#G:00011,00088,-0031#A:-0360,01154,11402
#T:10314#G:00056,-0079,-0065#A:-0632,-0284,17030
#T:09681#G:-0048,-0108,-0139#A:-0594,-1364,19498
#T:10349#G:-0050,-0098,-0134#A:01912,01396,17902
#T:09646#G:00051,00046,-0217#A:00478,01666,17616
#T:09997#G:00066,-0033,-0122#A:-1644,-0468,23512
#T:10314#G:00124,-0006,-0116#A:00250,00354,15202
#T:09681#G:-0134,00089,-0065#A:03118,00458,16890
#T:10349#G:00039,-0015,-0010#A:-1666,01334,20828
#T:09646#G:00102,00161,00091#A:-2114,00466,19564
#T:09997#G:00032,-0327,00079#A:02906,00298,11538
#T:10314#G:-0064,00167,00182#A:-2868,-0104,14724
#T:09681#G:-0118,00015,00128#A:-1676,-1014,14492
#T:10349#G:-0044,00125,00156#A:01212,-0212,13318
#T:09646#G:00043,00092,00135#A:-0042,-1316,17176
#T:09997#G:-0146,00156,00090#A:-2586,-3890,13340
#T:10314#G:00091,-0222,-0069#A:01088,04708,17136
#T:09681#G:00033,-0161,-0040#A:03528,00402,13942
#T:10349#G:00038,00150,-0125#A:-2742,-0068,15926
#T:09646#G:-0217,-0017,-0114#A:-0430,-0986,12962
#T:09997#G:00010,-0054,-0179#A:01376,01410,16680
#T:10314#G:00009,00321,-0155#A:-2422,01050,15640
#T:09681#G:00214,00042,-0096#A:-1902,03160,15912
#T:10349#G:-0129,00092,-0040#A:-1030,-3150,15678
#T:09646#G:-0051,00081,00009#A:-2854,-1188,16220
#T:09997#G:00064,00044,00052#A:-0640,01172,18278
#T:10314#G:00099,-0031,00083#A:01598,00328,18750
#T:09681#G:-0124,00184,00171#A:-3440,-3374,17300
#T:10349#G:-0086,-0033,00145#A:01686,00638,17140
#T:09646#G:-0018,-0042,00091#A:01900,00718,11770
#T:09997#G:-0119,00082,00108#A:00612,-2308,14196
#T:10314#G:-0080,00000,00053#A:-4696,-5098,16010
#T:09681#G:00033,-0039,00000#A:00588,01980,13828
#T:10349#G:-0021,-0213,-0053#A:02902,00108,13674
#T:09646#G:00097,00115,-0089#A:-0436,-1094,18844
#T:09997#G:00168,-0023,-0128#A:01594,01514,17160
#T:10314#G:-0101,00244,-0128#A:-0974,00740,14604
#T:09681#G:-0065,00141,-0090#A:-2968,-0852,16110
#T:10349#G:00109,-0103,-0079#A:-3054,00292,13856
#T:09646#G:00055,-0180,-0139#A:05538,00994,09448
#T:09997#G:-0260,00093,00045#A:00312,-4804,14264
#T:10314#G:00009,00085,00052#A:-2744,00802,20628
#T:09681#G:00229,-0479,00053#A:06152,04112,18672
#T:10349#G:00043,00292,00115#A:-1164,00582,11648
#T:09646#G:00119,00253,00141#A:-4944,01888,17336
#T:09997#G:00155,-0093,00110#A:-1950,02672,14184
#T:10314#G:-0183,-0306,00091#A:03528,-0864,11152
#T:09681#G:-0091,00201,00012#A:-1856,-0394,10830
#T:10349#G:00114,-0076,-0007#A:00502,01562,17404
#T:09646#G:00039,-0138,-0064#A:03154,00528,19996
#T:09997#G:00010,00084,-0051#A:-1382,00106,22614
#T:10314#G:00113,00099,-0095#A:-1360,03552,20412
#T:09681#G:00071,-0026,-0147#A:00016,01052,14352
#T:10349#G:00100,00148,-0129#A:-3478,00346,18644
#T:09646#G:-0088,-0061,-0074#A:-1126,-1502,11384
#T:09997#G:00033,-0102,-0098#A:03820,01222,12952
#T:10314#G:-0078,-0060,-0004#A:01150,-2070,13948
#T:09681#G:-0018,00049,00033#A:01958,-0796,16764
#T:10349#G:-0065,00052,00105#A:-1262,00126,16512
#T:09646#G:00017,00173,00116#A:-1642,-0034,19356
#T:09997#G:-0079,-0046,00119#A:-1864,-1042,16868
#T:10314#G:-0082,00067,00110#A:00320,-1020,17606
#T:09681#G:00035,00158,00086#A:-2362,00592,14262
#T:10349#G:00062,-0174,00074#A:02188,-0138,15816
#T:09646#G:-0058,-0108,00002#A:01816,-0466,14346
#T:09997#G:-0134,00248,-0015#A:-1998,-1240,14428
#T:10314#G:-0102,00166,-0084#A:-0932,-0622,14668
#T:09681#G:00036,-0154,-0094#A:01286,01648,19306
#T:10349#G:00041,-0131,-0124#A:01754,00134,18530
#T:09646#G:-0047,00076,-0092#A:-0532,-2026,18850
#T:09997#G:00046,-0051,-0085#A:00682,01534,15922
#T:10314#G:00127,00026,-0007#A:-0012,02504,16266
#T:09681#G:-0083,00145,-0012#A:-2438,-1418,14542
#T:10349#G:-0094,-0063,00057#A:02626,00936,13450
#T:09646#G:-0068,-0067,00070#A:02146,-0174,14904
#T:09997#G:-0021,00069,00092#A:-0944,-0714,20746
#T:10314#G:-0088,-0305,00061#A:05588,-2774,12132
#T:09681#G:-0012,00032,00102#A:00642,01740,21460
#T:10349#G:00031,00007,00077#A:-1720,-0786,17324
#T:09646#G:00116,00103,00051#A:-1188,00968,19134
#T:09997#G:-0078,-0076,-0027#A:-0802,-2304,16492
#T:10314#G:-0012,-0098,-0077#A:01920,01456,13786
#T:09681#G:-0070,00225,-0086#A:-0774,-2616,12202
#T:10349#G:-0121,00175,-0078#A:-1270,-3582,12150
#T:09646#G:-0120,-0299,-0084#A:02866,-3218,14672
#T:09997#G:00053,00013,-0098#A:01816,01360,16908
#T:10314#G:-0043,-0060,-0041#A:01282,-2282,15204
#T:09681#G:00021,00351,00008#A:-4624,00106,22860
#T:10349#G:00007,-0350,-0050#A:05718,00768,16064
#T:09646#G:00024,-0112,00089#A:03596,02074,19574
#T:09997#G:-0117,00133,00104#A:-1282,-2002,17000
#T:10314#G:00110,00162,00094#A:-1708,00354,15430
#T:09681#G:-0064,00219,00134#A:-4224,-2518,12762
#T:10349#G:00092,-0382,00097#A:04614,03140,17552
#T:09646#G:00081,00217,00045#A:-1412,02522,12770
#T:09997#G:00083,00064,00020#A:-2870,-0220,17596
#T:10314#G:00124,-0194,-0012#A:02392,02296,16846
#T:09681#G:-0028,00150,-0072#A:-2500,02148,16288
#T:10349#G:00068,-0046,-0115#A:-0012,01376,16830
#T:09646#G:00219,-0008,-0092#A:01216,00932,15132
#T:09997#G:00044,00131,-0120#A:00132,00516,12214
#T:10314#G:-0047,00153,-0070#A:-3454,00822,09762
#T:09681#G:-0112,00242,-0022#A:-4466,-2750,14352
#T:10349#G:00044,-0163,-0039#A:02486,01166,21624
#T:09646#G:00045,-0137,00030#A:01726,01184,18546
#T:09997#G:00044,00093,00051#A:00356,-1508,15248
#T:10314#G:-0027,00074,00076#A:-0218,00128,14178
#T:09681#G:-0026,00073,00100#A:-3920,00050,13674
#T:10349#G:00025,-0013,00079#A:-3066,00476,15432
#T:09646#G:-0027,-0337,00086#A:02700,-1162,14742
#T:09997#G:-0043,-0191,00079#A:03524,00186,14866
#T:10314#G:00009,-0201,00013#A:04982,04422,17684
#T:09681#G:00045,00179,-0010#A:00428,01738,15334
#T:10349#G:-0077,00055,-0050#A:02470,00446,16158
#T:09646#G:00033,00177,-0060#A:-0804,-1020,19082
#T:09997#G:-0049,00117,-0092#A:-2510,-1144,17764
#T:10314#G:00049,-0074,-0062#A:01104,-2006,15962
#T:09681#G:-0041,00055,-0054#A:-2462,-2806,18382
#T:10349#G:00127,-0053,-0036#A:-1272,-1244,22050
#T:09646#G:00070,-0063,-0012#A:-1300,-0694,20042
#T:09997#G:00179,-0202,00006#A:01630,00640,19426
#T:10314#G:00001,-0037,00075#A:00106,-1454,15660
#T:09681#G:00042,00033,00093#A:-1990,-0598,18354
#T:10349#G:00003,-0041,00100#A:-0256,-0192,17364
#T:09646#G:-0017,00114,00076#A:-2644,-1712,17110
#T:09997#G:-0029,00001,00060#A:-0734,-0036,15350
#T:10314#G:-0056,00023,00052#A:-0638,00358,15978
#T:09681#G:-0080,00010,00022#A:00762,-1066,16272
#T:10349#G:-0013,00127,-0001#A:-1566,00246,18280
#T:09646#G:-0034,00032,-0055#A:00378,-1272,16112
#T:09997#G:-0028,-0005,-0080#A:01540,-1220,16810
#T:10314#G:-0040,00065,-0050#A:-1032,-0392,18350
#T:09681#G:00020,00009,-0070#A:-0750,01098,19240
#T:10349#G:00004,-0012,-0063#A:01742,00034,16318
#T:09646#G:00011,00086,-0036#A:00500,-0738,16632
#T:09997#G:00033,-0029,-0015#A:00908,00442,16702
#T:10314#G:-0039,-0061,00031#A:-0020,-0042,16214
#T:09681#G:-0032,-0054,00050#A:00618,-0880,16250
#T:10349#G:00017,00071,00057#A:-0794,00606,16124
#T:09646#G:00052,00100,00067#A:-1512,-0122,17748
#T:09997#G:00028,-0060,00066#A:00862,00456,16316
#T:10314#G:-0061,-0034,00059#A:-0008,-0400,15174
#T:09681#G:-0060,-0031,00027#A:01238,00332,14640
#T:10349#G:-0021,00026,-0009#A:00856,00680,16606
#T:09646#G:-0001,-0004,-0028#A:01130,-0546,15628
#T:09997#G:00001,00030,-0054#A:00190,-1100,15654
#T:10314#G:-0023,00007,-0063#A:-0078,00082,14162
#T:09681#G:00017,00028,-0065#A:00318,00892,16356
#T:10349#G:00017,00071,-0052#A:-0686,00542,16702
#T:09646#G:00015,-0001,-0052#A:-0130,00566,18070
#T:09997#G:-0039,-0024,-0035#A:00452,-0318,17408
#T:10314#G:00000,00015,00002#A:-0316,01002,15618
#T:09681#G:-0028,00015,00024#A:00128,-0208,15590
#T:10349#G:-0042,00031,00063#A:00194,-0692,15208
#T:09646#G:-0041,-0003,00074#A:00934,-0244,16412
#T:09997#G:00032,-0003,00064#A:01338,01316,17178
#T:10314#G:-0012,00085,00055#A:-1188,00278,14112
#T:09681#G:00004,-0048,00029#A:01220,00806,15932
#T:10349#G:-0026,00057,00030#A:-0306,-0338,15546
#T:09646#G:-0015,-0022,-0008#A:-0064,00000,16240
#T:09997#G:00043,-0016,-0056#A:00268,01376,16602
#T:10314#G:-0017,00049,-0058#A:-0038,-0740,17698
#T:09681#G:-0015,-0037,-0057#A:00432,-0716,14958
#T:10349#G:00042,-0031,-0070#A:00478,00006,16610
#T:09646#G:00024,-0056,-0056#A:01218,00236,17242
#T:09997#G:00000,-0007,-0023#A:00608,00942,17422
#T:10314#G:-0026,00067,-0016#A:-0398,-0260,16798
#T:09681#G:00004,-0021,00003#A:-0068,00584,16454
#T:10349#G:-0052,-0008,00030#A:-0964,-0270,15982
#T:09646#G:-0047,-0143,00054#A:01412,-0048,14642
#T:09997#G:-0014,00057,00084#A:-0120,00328,16560
#T:10314#G:00005,00029,00067#A:00206,00008,15910
#T:09681#G:00003,00072,00060#A:-0952,-0610,15920
#T:10349#G:-0064,00014,00025#A:00124,-0686,14956
#T:09646#G:-0039,-0051,00000#A:00098,00548,16782
#T:09997#G:-0016,00028,-0008#A:-1042,00432,18220
#T:10314#G:-0001,00020,-0033#A:00586,-0542,15812
#T:09681#G:-0008,00046,-0041#A:00158,-1076,15676
#T:10349#G:-0006,00056,-0058#A:-0272,-0182,16058
#T:09646#G:-0002,00005,-0056#A:00248,-0518,16202
#T:09997#G:-0012,00009,-0053#A:00264,00096,16322
#T:10314#G:-0003,-0006,-0045#A:-0060,00068,16050
#T:09681#G:00016,-0016,-0007#A:00270,00680,17260
#T:10349#G:-0006,00005,00021#A:00872,00790,15788
#T:09646#G:00024,-0063,00031#A:00350,01454,16934
#T:09997#G:00011,-0007,00059#A:00170,00188,16878
#T:10314#G:-0026,00055,00081#A:-0694,-0388,16700
#T:09681#G:-0015,00008,00073#A:00194,-0248,16188
#T:10349#G:-0044,00025,00031#A:00042,-0810,15526
#T:09646#G:00004,00030,00024#A:-0460,00130,16830
#T:09997#G:-0024,00026,-0004#A:00226,-0330,16098
#T:10314#G:-0021,00089,-0033#A:-1068,-0340,16588
#T:09681#G:-0005,00005,-0043#A:-0042,-0308,16670
#T:10349#G:-0035,00062,-0048#A:-0904,-0194,16364
#T:09646#G:-0026,-0055,-0058#A:00848,-0504,16226
#T:09997#G:-0001,00015,-0049#A:00748,00446,16614
#T:10314#G:-0020,00074,-0027#A:-0442,00006,15800
#T:09681#G:-0028,00075,-0017#A:-1282,00172,16186
#T:10349#G:-0025,-0049,-0010#A:01538,00322,16278
#T:09646#G:-0058,00049,00015#A:-0134,-0480,15438
#T:09997#G:-0005,00075,00031#A:-0294,-0142,16570
#T:10314#G:-0003,00020,00052#A:-0008,00122,16098
#T:09681#G:00004,-0015,00065#A:00270,00258,16350
#T:10349#G:-0010,00049,00061#A:-0700,-0122,16364
#T:09646#G:-0022,-0064,00035#A:-0240,00706,16056
#T:09997#G:-0029,00019,00015#A:-0036,-0028,16006
#T:10314#G:00007,-0020,-0006#A:00856,00374,15940
#T:09681#G:00012,-0026,-0051#A:01070,00110,16496
#T:10349#G:-0001,-0014,-0056#A:00558,00226,16078
#T:09646#G:00019,00038,-0064#A:-0462,00342,17038
#T:09997#G:00037,00034,-0071#A:-0230,00320,16878
#T:10314#G:00026,00028,-0061#A:-0208,00784,17188
#T:09681#G:00006,00017,-0028#A:-0494,00090,16658
#T:10349#G:-0021,00036,00005#A:00026,00192,16804
#T:09646#G:-0030,00006,00024#A:00228,-0166,15884
#T:09997#G:00002,00034,00055#A:-0196,-0192,16456
#T:10314#G:00036,00032,00050#A:-0058,00026,16602
#T:09681#G:-0008,00007,00051#A:-0026,-0558,16172
#T:10349#G:-0028,00006,00052#A:00042,-0656,16446
#T:09646#G:-0007,00001,00037#A:00254,-0256,16588
#T:09997#G:00005,00042,00013#A:-0834,00364,16540
#T:10314#G:-0001,-0003,-0009#A:-0058,00152,16790
#T:09681#G:-0013,00002,-0025#A:00136,-0268,16218
#T:10349#G:-0001,-0008,-0045#A:00308,-0346,16132
#T:09646#G:-0025,-0037,-0054#A:00694,-0216,15754
#T:09997#G:-0033,-0010,-0045#A:00284,-0292,16260
#T:10314#G:00038,00013,-0024#A:-0334,00422,16586
#T:09681#G:00040,00018,-0004#A:00004,00484,16976
#T:10349#G:00023,00007,00005#A:00946,-0148,16238
#T:09646#G:-0004,-0003,00006#A:00686,-0870,16132
#T:09997#G:-0045,00004,00026#A:00056,-0496,15274
#T:10314#G:00006,-0002,00034#A:-0442,01412,17192
#T:09681#G:00024,-0027,00029#A:00196,00820,16484
#T:10349#G:-0005,00015,00030#A:-0518,-0590,16142
#T:09646#G:-0001,-0027,00030#A:00278,-0106,16460
#T:09997#G:-0009,00002,00025#A:00188,00414,16468
#T:10314#G:-0044,00003,00013#A:00298,-0164,16340
#T:09681#G:-0039,00062,-0004#A:00124,00176,15998
#T:10349#G:-0002,00051,-0017#A:-0100,-0080,15746
#T:09646#G:00001,-0024,-0025#A:00296,00242,16130
#T:09997#G:-0001,-0033,-0022#A:00492,00294,16262
#T:10314#G:00001,-0004,-0025#A:00326,00230,16362
#T:09681#G:-0002,-0010,-0008#A:00456,00088,16626
#T:10349#G:00001,00016,-0007#A:-0048,-0030,16892
#T:09646#G:-0030,00011,-0002#A:-0004,-0532,16800
#T:09997#G:-0003,-0051,00008#A:00346,00248,16398
#T:10314#G:-0013,-0024,00008#A:00378,00140,16420
#T:09681#G:-0025,00041,00018#A:-0780,-0098,16426
#T:10349#G:-0012,-0006,00014#A:-0058,-0242,16146
#T:09646#G:-0006,00005,00022#A:-0082,00136,15716
#T:09997#G:-0003,-0002,00020#A:-0048,-0034,15790
#T:10314#G:00014,00000,00025#A:00114,00130,16224
#T:09681#G:-0003,00003,00016#A:00152,00106,16580
#T:10349#G:00033,00014,-0002#A:-0130,00418,16678
#T:09646#G:-0010,00030,-0014#A:-0256,-0204,16706
#T:09997#G:-0013,-0042,-0025#A:00520,-0072,16272
#T:10314#G:00008,-0014,-0019#A:00038,00290,16748
#T:09681#G:00011,00046,-0017#A:-0240,-0562,16668
#T:10349#G:00025,00019,-0006#A:-0218,00122,16652
#T:09646#G:00024,00028,-0001#A:00194,-0106,16614
#T:09997#G:-0002,00012,00006#A:00056,-0124,16524
#T:10314#G:00004,00008,00008#A:-0510,00152,16514
#T:09681#G:-0001,00008,-0002#A:-0080,00228,16314
#T:10349#G:-0015,-0013,00014#A:00038,00162,16412
#T:09646#G:-0016,00018,00023#A:00416,-0220,15984
#T:09997#G:-0021,00021,00016#A:-0162,00088,16340
#T:10314#G:-0019,00008,00011#A:00066,00028,16334
#T:09681#G:-0001,00003,00010#A:-0120,00236,16416
#T:10349#G:00013,-0004,-0003#A:-0208,00248,16348
#T:09646#G:00005,-0020,-0014#A:00440,-0004,16446
#T:09997#G:00011,00020,-0012#A:-0222,00046,16454
#T:10314#G:00003,-0016,-0008#A:00444,-0068,16722
#T:09681#G:-0032,-0011,-0014#A:00046,-0024,16414
#T:10349#G:-0017,00000,-0009#A:-0222,00132,16502
#T:09646#G:-0004,-0025,-0007#A:00310,00038,16362
#T:09997#G:00016,00007,00000#A:-0292,00110,16514
#T:10314#G:-0004,00017,00006#A:00316,-0578,16210
#T:09681#G:-0007,00050,00005#A:-0392,-0576,16394
#T:10349#G:-0004,00009,00016#A:-0246,-0330,16708
#T:09646#G:-0021,-0011,00010#A:-0214,00056,16306
#T:09997#G:-0020,-0028,00008#A:00104,00142,16224
#T:10314#G:-0027,-0007,-0006#A:00212,00040,16280
#T:09681#G:-0010,-0009,00014#A:00370,-0128,16352
#T:10349#G:-0009,00011,-0006#A:00222,-0152,15992
#T:09646#G:-0013,00010,00005#A:-0010,-0114,16266
#T:09997#G:00011,00015,-0013#A:00148,00216,16244
#T:10314#G:00009,00028,-0007#A:00020,-0044,16486
#T:09681#G:-0008,00000,-0020#A:00194,00168,16394
#T:10349#G:-0019,00021,-0016#A:-0312,-0104,16350
#T:09646#G:-0019,00017,-0008#A:-0058,00006,16322
#T:09997#G:-0029,00024,-0017#A:00036,00018,16328
#T:10314#G:-0029,00022,-0002#A:-0122,00072,16446
#T:09681#G:-0002,00010,00011#A:00194,00176,16230
#T:10349#G:00007,-0001,00014#A:00326,00116,16610
#T:09646#G:00000,-0010,00005#A:00294,00264,16440
#T:09997#G:-0004,-0003,00017#A:00240,-0192,16348
#T:10314#G:-0010,00005,00010#A:00034,-0150,16022
#T:09681#G:-0019,00006,00008#A:-0054,-0156,16402
#T:10349#G:-0016,-0008,00007#A:-0178,00004,16224
#T:09646#G:-0013,-0001,-0015#A:-0072,00080,16310
#T:09997#G:00005,00002,-0017#A:00126,00108,16352
#T:10314#G:-0008,-0019,-0022#A:00224,00150,16406
#T:09681#G:00010,00010,00003#A:-0008,00198,16626
#T:10349#G:00014,00009,-0003#A:00260,-0092,16450
#T:09646#G:-0002,00015,-0011#A:00254,-0126,16406
#T:09997#G:00001,00015,-0017#A:00012,-0064,16312
#T:10314#G:-0020,-0005,-0010#A:00126,-0034,16304
#T:09681#G:-0023,00000,-0002#A:00002,-0064,16294
#T:10349#G:-0007,00000,00003#A:00174,00044,16320
#T:09646#G:-0004,00019,00014#A:00128,-0020,16282
#T:09997#G:00008,00010,00017#A:00118,00118,16354
#T:10314#G:00012,00000,00012#A:00132,00064,16312
#T:09681#G:00007,-0007,00004#A:00228,-0032,16382
#T:10349#G:-0006,-0003,-0010#A:00072,00054,16454
#T:09646#G:-0009,00005,-0015#A:00210,00018,16282
#T:09997#G:-0007,-0020,-0004#A:00146,00160,16232
#T:10314#G:-0006,00001,-0002#A:00258,00112,16158
#T:09681#G:-0011,00012,00002#A:-0076,00050,16380
#T:10349#G:-0016,00037,00005#A:-0226,00054,16452
#T:09646#G:00005,00020,00009#A:-0288,00242,16992
#T:09997#G:00006,00026,00011#A:-0140,00022,16752
#T:10314#G:-0009,00015,00000#A:-0026,00172,16594
#T:09681#G:-0002,00005,-0005#A:00000,00138,16490
#T:10349#G:-0016,-0006,00000#A:00090,00094,16292
#T:09646#G:-0018,-0011,-0001#A:00152,00002,16374
#T:09997#G:-0024,-0012,-0005#A:00140,-0048,16286
#T:10314#G:-0008,-0005,-0002#A:00242,00010,16306
#T:09681#G:00002,00002,00001#A:00182,00052,16272
#T:10349#G:00004,00015,-0002#A:00040,00014,16400
#T:09646#G:00008,00008,-0006#A:-0018,00044,16398
#T:09997#G:00002,00009,-0020#A:00054,-0028,16382
#T:10314#G:-0004,00001,-0006#A:00094,-0052,16224
#T:09681#G:-0011,-0001,-0007#A:00042,00010,16344
#T:10349#G:-0006,00002,00009#A:00116,-0024,16346
#T:09646#G:-0006,00003,00020#A:00108,00062,16340
#T:09997#G:-0007,-0006,00026#A:00128,00084,16254
#T:10314#G:00001,00004,00034#A:00054,00064,16332
#T:09681#G:00004,-0006,00041#A:00112,00066,16316
#T:10349#G:-0001,00009,00020#A:00092,00018,16438
#T:09646#G:-0001,-0002,00006#A:00076,00060,16434
#T:09997#G:-0015,00007,00001#A:00046,-0014,16362
#T:10314#G:-0019,00006,-0020#A:00084,00026,16300
#T:09681#G:00003,00013,-0013#A:00098,00034,16410
#T:10349#G:-0005,00006,-0021#A:00092,00092,16396
#T:09646#G:-0006,-0003,-0021#A:00078,00082,16442
#T:09997#G:-0001,00010,-0025#A:00088,00058,16406
#T:10314#G:00004,00012,-0029#A:00070,-0006,16294
#T:09681#G:-0008,00011,-0016#A:00058,00014,16354
#T:10349#G:-0004,-0012,-0002#A:00130,-0042,16230
#T:09646#G:-0010,00001,00009#A:00154,-0076,16392
#T:09997#G:00000,00008,00006#A:00056,00000,16340
#T:10314#G:-0014,00003,00023#A:00114,-0016,16228
#T:09681#G:-0004,-0005,00024#A:00084,00068,16458
#T:10349#G:-0008,-0010,00023#A:00114,00092,16314
#T:09646#G:00007,00011,00018#A:00136,00010,16324
#T:09997#G:-0002,-0003,00020#A:00164,-0006,16298
#T:10314#G:-0004,00004,00011#A:00088,00052,16254
#T:09681#G:00001,-0002,-0002#A:00098,-0020,16258
#T:10349#G:00004,00004,-0006#A:00092,00042,16374
#T:09646#G:00004,00000,-0022#A:00078,-0020,16462
#T:09997#G:-0001,-0004,-0017#A:00134,-0050,16378
