#S:3255#R:48#I:345#A:3375#G:0
#S:3255#R:49#I:345#A:3395#G:0
#S:3255#R:45#I:345#A:3383#G:0
#S:3255#R:49#I:345#A:3354#G:0
#S:3255#R:49#I:345#A:3363#G:0
#S:3255#R:47#I:345#A:3367#G:0
#S:3255#R:50#I:345#A:3272#G:0
#S:3255#R:49#I:345#A:3333#G:0
#S:3255#R:47#I:345#A:3440#G:0
#S:3255#R:49#I:345#A:3400#G:0
#S:3255#R:49#I:375#A:3385#G:0
#S:3255#R:47#I:375#A:3307#G:0
#S:3255#R:48#I:375#A:3412#G:0
#S:3256#R:50#I:375#A:3459#G:0
#S:3256#R:49#I:375#A:3419#G:0
#S:3256#R:48#I:375#A:3445#G:0
#S:3256#R:49#I:375#A:3262#G:0
#S:3256#R:50#I:375#A:3338#G:0
#S:3256#R:49#I:345#A:3304#G:0
#S:3256#R:49#I:345#A:3291#G:0
#S:3256#R:51#I:345#A:3349#G:0
#S:3256#R:47#I:345#A:3364#G:0
#S:3256#R:48#I:345#A:3280#G:0
#S:3255#R:49#I:345#A:3212#G:0
#S:3254#R:48#I:345#A:3201#G:0
#S:3253#R:47#I:345#A:3163#G:0
#S:3253#R:49#I:345#A:3294#G:0
#S:3253#R:48#I:345#A:3282#G:0
#S:3253#R:47#I:345#A:3318#G:0
#S:3253#R:50#I:345#A:3444#G:0
#S:3253#R:48#I:345#A:3310#G:0
#S:3253#R:49#I:345#A:3318#G:0
#S:3253#R:50#I:345#A:3365#G:0
#S:3253#R:49#I:345#A:3327#G:0
#S:3253#R:51#I:345#A:3315#G:0
#S:3253#R:50#I:345#A:3286#G:0
#S:3252#R:48#I:345#A:3233#G:0
#S:3252#R:47#I:345#A:3341#G:0
#S:3253#R:51#I:345#A:3480#G:0
#S:3253#R:47#I:345#A:3395#G:0
#S:3253#R:49#I:345#A:3348#G:0
#S:3253#R:49#I:345#A:3372#G:0
#S:3253#R:49#I:375#A:3375#G:0
#S:3253#R:48#I:375#A:3361#G:0
#S:3253#R:49#I:375#A:3437#G:0
#S:3253#R:49#I:375#A:3435#G:0
#S:3253#R:49#I:375#A:3400#G:0
#S:3253#R:49#I:375#A:3418#G:0
#S:3253#R:49#I:375#A:3440#G:0
#S:3253#R:48#I:345#A:3434#G:0
#S:3254#R:48#I:345#A:3522#G:0
#S:3255#R:49#I:345#A:3488#G:0
#S:3255#R:49#I:345#A:3402#G:0
#S:3256#R:48#I:345#A:3468#G:0
#S:3257#R:50#I:345#A:3500#G:0
#S:3257#R:47#I:345#A:3395#G:0
#S:3258#R:48#I:345#A:3559#G:0
#S:3259#R:49#I:345#A:3597#G:0
#S:3260#R:47#I:345#A:3500#G:0
#S:3260#R:48#I:345#A:3459#G:0
#S:3260#R:49#I:345#A:3399#G:0
#S:3260#R:50#I:345#A:3297#G:0
#S:3260#R:48#I:345#A:3350#G:0
#S:3260#R:49#I:345#A:3431#G:0
#S:3260#R:48#I:345#A:3360#G:0
#S:3260#R:48#I:345#A:3340#G:0
#S:3260#R:49#I:345#A:3359#G:0
#S:3260#R:48#I:345#A:3456#G:0
#S:3261#R:49#I:345#A:3465#G:0
#S:3261#R:50#I:345#A:3371#G:0
#S:3261#R:49#I:345#A:3338#G:0
#S:3261#R:48#I:345#A:3440#G:0
#S:3261#R:50#I:345#A:3442#G:0
#S:3261#R:48#I:345#A:3459#G:0
#S:3261#R:48#I:345#A:3452#G:0
#S:3261#R:48#I:345#A:3373#G:0
#S:3261#R:50#I:345#A:3426#G:0
#S:3261#R:49#I:345#A:3392#G:0
#S:3261#R:47#I:345#A:3303#G:0
#S:3261#R:49#I:345#A:3286#G:0
#S:3261#R:48#I:345#A:3304#G:0
#S:3261#R:49#I:345#A:3347#G:0
#S:3261#R:49#I:345#A:3321#G:0
#S:3261#R:48#I:345#A:3427#G:0
#S:3261#R:49#I:345#A:3376#G:0
#S:3261#R:49#I:345#A:3290#G:0
#S:3261#R:48#I:345#A:3447#G:0
#S:3261#R:48#I:345#A:3439#G:0
#S:3260#R:49#I:345#A:3234#G:0
#S:3260#R:48#I:375#A:3336#G:0
#S:3260#R:48#I:375#A:3419#G:0
#S:3260#R:50#I:375#A:3327#G:0
#S:3260#R:49#I:375#A:3374#G:0
#S:3260#R:49#I:375#A:3372#G:0
#S:3260#R:49#I:375#A:3457#G:0
#S:3260#R:51#I:375#A:3429#G:0
#S:3260#R:47#I:375#A:3292#G:0
#S:3260#R:51#I:375#A:3328#G:0
#S:3260#R:47#I:375#A:3280#G:0
#S:3259#R:48#I:375#A:3186#G:0
#S:3259#R:50#I:375#A:3285#G:0
#S:3259#R:48#I:375#A:3276#G:0
#S:3259#R:49#I:375#A:3313#G:0
#S:3259#R:50#I:375#A:3455#G:0
#S:3259#R:50#I:345#A:3306#G:0
#S:3259#R:47#I:345#A:3332#G:0
#S:3259#R:48#I:345#A:3392#G:0
#S:3259#R:49#I:345#A:3299#G:0
#S:3259#R:48#I:345#A:3301#G:0
#S:3259#R:48#I:345#A:3385#G:0
#S:3258#R:49#I:345#A:3250#G:0
#S:3257#R:48#I:345#A:3242#G:0
#S:3257#R:48#I:375#A:3325#G:0
#S:3256#R:49#I:375#A:3152#G:0
#S:3255#R:49#I:375#A:3190#G:0
#S:3254#R:47#I:375#A:3228#G:0
#S:3254#R:51#I:375#A:3261#G:0
#S:3253#R:49#I:375#A:3162#G:0
#S:3252#R:48#I:375#A:3219#G:0
#S:3252#R:49#I:375#A:3255#G:0
#S:3252#R:48#I:375#A:3285#G:0
#S:3252#R:48#I:375#A:3382#G:0
#S:3252#R:49#I:375#A:3421#G:0
#S:3252#R:49#I:375#A:3409#G:0
#S:3252#R:47#I:375#A:3416#G:0
#S:3253#R:49#I:375#A:3482#G:0
#S:3253#R:48#I:375#A:3321#G:0
#S:3252#R:49#I:375#A:3232#G:0
#S:3252#R:50#I:345#A:3304#G:0
#S:3252#R:48#I:345#A:3312#G:0
#S:3252#R:50#I:345#A:3351#G:0
#S:3252#R:50#I:345#A:3383#G:0
#S:3253#R:49#I:345#A:3522#G:0
#S:3253#R:47#I:345#A:3419#G:0
#S:3253#R:50#I:345#A:3387#G:0
#S:3253#R:49#I:345#A:3401#G:0
#S:3253#R:48#I:375#A:3351#G:0
#S:3253#R:48#I:375#A:3344#G:0
#S:3253#R:48#I:375#A:3281#G:0
#S:3252#R:48#I:375#A:3251#G:0
#S:3251#R:48#I:375#A:3248#G:0
#S:3251#R:50#I:375#A:3310#G:0
#S:3251#R:47#I:375#A:3386#G:0
#S:3251#R:49#I:375#A:3316#G:0
#S:3251#R:50#I:375#A:3307#G:0
#S:3251#R:48#I:375#A:3352#G:0
#S:3251#R:48#I:375#A:3342#G:0
#S:3251#R:49#I:375#A:3300#G:0
#S:3251#R:49#I:375#A:3392#G:0
#S:3251#R:46#I:375#A:3392#G:0
#S:3251#R:49#I:375#A:3350#G:0
#S:3251#R:48#I:345#A:3305#G:0
#S:3251#R:49#I:345#A:3282#G:0
#S:3250#R:48#I:345#A:3198#G:0
#S:3249#R:46#I:345#A:3187#G:0
#S:3249#R:48#I:345#A:3264#G:0
#S:3249#R:49#I:345#A:3377#G:0
#S:3250#R:49#I:345#A:3462#G:0
#S:3250#R:48#I:345#A:3437#G:0
#S:3250#R:50#I:345#A:3346#G:0
#S:3250#R:47#I:345#A:3304#G:0
#S:3250#R:48#I:345#A:3350#G:0
#S:3250#R:50#I:345#A:3289#G:0
#S:3250#R:49#I:345#A:3295#G:0
#S:3250#R:49#I:345#A:3328#G:0
#S:3250#R:48#I:345#A:3435#G:0
#S:3250#R:49#I:345#A:3403#G:0
#S:3250#R:48#I:345#A:3267#G:0
#S:3249#R:48#I:345#A:3142#G:0
#S:3248#R:49#I:345#A:3192#G:0
#S:3248#R:48#I:345#A:3327#G:0
#S:3248#R:48#I:345#A:3345#G:0
#S:3248#R:50#I:345#A:3321#G:0
#S:3248#R:49#I:345#A:3311#G:0
#S:3248#R:53#I:345#A:3309#G:0
#S:3247#R:50#I:375#A:3233#G:0
#S:3247#R:47#I:375#A:3267#G:0
#S:3247#R:47#I:375#A:3387#G:0
#S:3247#R:49#I:375#A:3384#G:0
#S:3247#R:47#I:375#A:3295#G:0
#S:3246#R:47#I:375#A:3203#G:0
#S:3246#R:50#I:375#A:3288#G:0
#S:3246#R:47#I:375#A:3344#G:0
#S:3246#R:47#I:345#A:3360#G:0
#S:3246#R:50#I:345#A:3401#G:0
#S:3246#R:48#I:345#A:3320#G:0
#S:3246#R:48#I:345#A:3318#G:0
#S:3246#R:51#I:345#A:3330#G:0
#S:3246#R:47#I:345#A:3277#G:0
#S:3246#R:48#I:345#A:3280#G:0
#S:3246#R:50#I:345#A:3265#G:0
#S:3246#R:49#I:345#A:3377#G:0
#S:3246#R:48#I:345#A:3333#G:0
#S:3246#R:49#I:345#A:3290#G:0
#S:3246#R:49#I:345#A:3364#G:0
#S:3247#R:49#I:345#A:3495#G:0
#S:3248#R:49#I:345#A:3506#G:0
#S:3248#R:48#I:345#A:3349#G:0
#S:3248#R:49#I:375#A:3376#G:0
#S:3248#R:50#I:375#A:3385#G:0
#S:3248#R:49#I:375#A:3353#G:0
#S:3248#R:47#I:375#A:3357#G:0
#S:3248#R:48#I:375#A:3393#G:0
#S:3249#R:50#I:375#A:3477#G:0
#S:3249#R:48#I:375#A:3364#G:0
#S:3250#R:49#I:375#A:3561#G:0
#S:3251#R:49#I:345#A:3492#G:0
#S:3252#R:49#I:345#A:3456#G:0
#S:3253#R:49#I:345#A:3531#G:0
#S:3253#R:49#I:345#A:3354#G:0
#S:3253#R:47#I:345#A:3283#G:0
#S:3253#R:47#I:345#A:3309#G:0
#S:3252#R:51#I:345#A:3236#G:0
#S:3252#R:48#I:345#A:3277#G:0
#S:3252#R:48#I:345#A:3318#G:0
#S:3252#R:48#I:345#A:3293#G:0
#S:3252#R:48#I:345#A:3301#G:0
#S:3252#R:48#I:345#A:3286#G:0
#S:3252#R:49#I:345#A:3325#G:0
#S:3251#R:49#I:345#A:3199#G:0
#S:3250#R:48#I:345#A:3220#G:0
#S:3250#R:50#I:345#A:3342#G:0
#S:3250#R:49#I:345#A:3413#G:0
#S:3250#R:49#I:345#A:3289#G:0
#S:3250#R:47#I:345#A:3277#G:0
#S:3249#R:50#I:345#A:3239#G:0
#S:3248#R:47#I:345#A:3228#G:0
#S:3247#R:49#I:345#A:3221#G:0
#S:3247#R:50#I:345#A:3254#G:0
#S:3247#R:47#I:345#A:3267#G:0
#S:3246#R:49#I:375#A:3222#G:0
#S:3245#R:48#I:375#A:3099#G:0
#S:3244#R:48#I:375#A:3238#G:0
#S:3243#R:47#I:375#A:3224#G:0
#S:3243#R:50#I:375#A:3281#G:0
#S:3243#R:47#I:375#A:3350#G:0
#S:3243#R:48#I:375#A:3369#G:0
#S:3243#R:50#I:345#A:3271#G:0
#S:3243#R:48#I:345#A:3271#G:0
#S:3243#R:49#I:345#A:3294#G:0
#S:3243#R:49#I:345#A:3366#G:0
#S:3243#R:49#I:345#A:3352#G:0
#S:3243#R:48#I:345#A:3408#G:0
#S:3243#R:49#I:345#A:3352#G:0
#S:3243#R:47#I:345#A:3294#G:0
#S:3243#R:46#I:345#A:3254#G:0
#S:3243#R:50#I:345#A:3306#G:0
#S:3243#R:45#I:345#A:3350#G:0
#S:3244#R:48#I:345#A:3487#G:0
#S:3245#R:49#I:345#A:3462#G:0
#S:3245#R:48#I:345#A:3430#G:0
#S:3245#R:47#I:345#A:3438#G:0
#S:3246#R:49#I:345#A:3507#G:0
#S:3247#R:50#I:195#A:3483#G:0
#S:3248#R:48#I:195#A:3567#G:0
#S:3249#R:49#I:195#A:3541#G:0
#S:3250#R:50#I:195#A:3470#G:0
#S:3251#R:49#I:195#A:3473#G:0
#S:3251#R:48#I:195#A:3392#G:0
#S:3251#R:50#I:195#A:3332#G:0
#S:3251#R:47#I:195#A:3397#G:0
#S:3251#R:48#I:30#A:3387#G:0
#S:3252#R:51#I:30#A:3461#G:0
#S:3252#R:47#I:30#A:3366#G:0
#S:3253#R:48#I:30#A:3463#G:0
#S:3254#R:49#I:30#A:3478#G:0
#S:3254#R:48#I:30#A:3419#G:0
#S:3254#R:48#I:30#A:3284#G:0
#S:3254#R:50#I:30#A:3318#G:0
#S:3254#R:47#I:315#A:3351#G:0
#S:3254#R:48#I:315#A:3377#G:0
#S:3254#R:49#I:315#A:3302#G:0
#S:3253#R:48#I:315#A:3243#G:0
#S:3253#R:48#I:315#A:3396#G:0
#S:3253#R:50#I:315#A:3382#G:0
#S:3253#R:44#I:315#A:3385#G:0
#S:3253#R:49#I:315#A:3371#G:0
#S:3252#R:51#I:300#A:3215#G:0
#S:3251#R:47#I:300#A:3207#G:0
#S:3250#R:47#I:300#A:3119#G:0
#S:3249#R:50#I:300#A:3196#G:0
#S:3249#R:49#I:300#A:3264#G:0
#S:3248#R:48#I:300#A:3194#G:0
#S:3247#R:49#I:300#A:3109#G:0
#S:3246#R:50#I:270#A:3078#G:0
#S:3245#R:48#I:270#A:3079#G:0
#S:3244#R:49#I:270#A:3121#G:0
#S:3243#R:50#I:270#A:3145#G:0
#S:3242#R:48#I:270#A:3172#G:0
#S:3241#R:49#I:270#A:3184#G:0
#S:3240#R:49#I:270#A:3213#G:0
#S:3239#R:48#I:270#A:3190#G:0
#S:3239#R:48#I:240#A:3283#G:0
#S:3239#R:50#I:240#A:3344#G:0
#S:3239#R:47#I:240#A:3308#G:0
#S:3239#R:48#I:240#A:3295#G:0
#S:3239#R:49#I:240#A:3399#G:0
#S:3239#R:47#I:240#A:3379#G:0
#S:3239#R:48#I:240#A:3264#G:0
#S:3239#R:49#I:240#A:3254#G:0
#S:3239#R:48#I:240#A:3347#G:0
#S:3239#R:49#I:240#A:3324#G:0
#S:3239#R:49#I:240#A:3382#G:0
#S:3239#R:51#I:240#A:3417#G:0
#S:3239#R:48#I:240#A:3407#G:0
#S:3240#R:50#I:240#A:3472#G:0
#S:3241#R:48#I:240#A:3465#G:0
#S:3242#R:48#I:240#A:3468#G:0
#S:3243#R:51#I:300#A:3535#G:0
#S:3244#R:49#I:300#A:3564#G:0
#S:3245#R:49#I:300#A:3548#G:0
#S:3246#R:48#I:300#A:3514#G:0
#S:3246#R:49#I:300#A:3377#G:0
#S:3246#R:45#I:300#A:3377#G:0
#S:3246#R:49#I:300#A:3444#G:0
#S:3247#R:50#I:300#A:3467#G:0
#S:3247#R:48#I:165#A:3382#G:0
#S:3247#R:50#I:165#A:3443#G:0
#S:3247#R:49#I:165#A:3389#G:0
#S:3248#R:49#I:165#A:3455#G:0
#S:3248#R:48#I:165#A:3396#G:0
#S:3249#R:50#I:165#A:3503#G:0
#S:3250#R:48#I:165#A:3466#G:0
#S:3250#R:49#I:165#A:3442#G:0
#S:3250#R:49#I:-735#A:3332#G:0
#S:3250#R:48#I:-735#A:3269#G:0
#S:3250#R:47#I:-735#A:3334#G:0
#S:3250#R:49#I:-735#A:3426#G:0
#S:3250#R:48#I:-735#A:3380#G:0
#S:3250#R:47#I:-735#A:3391#G:0
#S:3250#R:50#I:-735#A:3394#G:0
#S:3250#R:47#I:-1275#A:3351#G:0
#S:3250#R:48#I:-1275#A:3329#G:0
#S:3250#R:49#I:-1275#A:3347#G:0
#S:3250#R:47#I:-1275#A:3341#G:0
#S:3250#R:48#I:-1275#A:3317#G:0
#S:3250#R:49#I:-1275#A:3279#G:0
#S:3250#R:48#I:-1275#A:3265#G:0
#S:3250#R:48#I:-1275#A:3262#G:0
#S:3250#R:50#I:-2265#A:3294#G:0
#S:3250#R:50#I:-2265#A:3325#G:0
#S:3250#R:48#I:-2265#A:3294#G:0
#S:3249#R:50#I:-2265#A:3225#G:0
#S:3248#R:48#I:-2265#A:3146#G:0
#S:3247#R:48#I:-2265#A:3140#G:0
#S:3246#R:56#I:-2265#A:3218#G:0
#S:3246#R:49#I:-2265#A:3319#G:0
#S:3246#R:48#I:-2805#A:3333#G:0
#S:3246#R:48#I:-2805#A:3430#G:0
#S:3246#R:51#I:-2805#A:3436#G:0
#S:3245#R:48#I:-2805#A:3197#G:0
#S:3245#R:49#I:-2805#A:3264#G:0
#S:3245#R:49#I:-2805#A:3339#G:0
#S:3245#R:49#I:-2805#A:3305#G:0
#S:3245#R:48#I:-2805#A:3351#G:0
#S:3245#R:49#I:-4785#A:3416#G:0
#S:3246#R:47#I:-4785#A:3525#G:0
#S:3246#R:47#I:-4785#A:3442#G:0
#S:3246#R:47#I:-4785#A:3313#G:0
#S:3246#R:48#I:-4785#A:3309#G:0
#S:3245#R:48#I:-4785#A:3237#G:0
#S:3245#R:49#I:-4785#A:3268#G:0
#S:3245#R:48#I:-4785#A:3370#G:0
#S:3245#R:47#I:-5595#A:3443#G:0
#S:3246#R:50#I:-5595#A:3464#G:0
#S:3247#R:48#I:-5595#A:3450#G:0
#S:3247#R:48#I:-5595#A:3322#G:0
#S:3246#R:49#I:-5595#A:3244#G:0
#S:3246#R:48#I:-5595#A:3342#G:0
#S:3246#R:49#I:-5595#A:3423#G:0
#S:3246#R:49#I:-5595#A:3343#G:0
#S:3246#R:46#I:-5595#A:3368#G:0
#S:3246#R:49#I:-5595#A:3324#G:0
#S:3246#R:47#I:-5595#A:3340#G:0
#S:3246#R:50#I:-5595#A:3357#G:0
#S:3245#R:47#I:-5595#A:3197#G:0
#S:3245#R:46#I:-5595#A:3277#G:0
#S:3245#R:50#I:-5595#A:3317#G:0
#S:3245#R:47#I:-7080#A:3418#G:0
#S:3246#R:48#I:-7080#A:3469#G:0
#S:3247#R:49#I:-7080#A:3468#G:0
#S:3248#R:50#I:-7080#A:3482#G:0
#S:3248#R:48#I:-7080#A:3368#G:0
#S:3248#R:50#I:-7080#A:3335#G:0
#S:3248#R:48#I:-7080#A:3438#G:0
#S:3248#R:47#I:-7080#A:3387#G:0
#S:3247#R:49#I:-8580#A:3236#G:0
#S:3246#R:48#I:-8580#A:3190#G:0
#S:3245#R:48#I:-8580#A:3223#G:0
#S:3245#R:49#I:-8580#A:3305#G:0
#S:3245#R:48#I:-8580#A:3287#G:0
#S:3245#R:48#I:-8580#A:3329#G:0
#S:3245#R:48#I:-8580#A:3336#G:0
#S:3245#R:48#I:-8580#A:3339#G:0
#S:3245#R:48#I:-11655#A:3318#G:0
#S:3245#R:49#I:-11655#A:3380#G:0
#S:3245#R:47#I:-11655#A:3362#G:0
#S:3245#R:48#I:-11655#A:3380#G:0
#S:3245#R:49#I:-11655#A:3373#G:0
#S:3244#R:47#I:-11655#A:3211#G:0
#S:3244#R:49#I:-11655#A:3254#G:0
#S:3244#R:50#I:-11655#A:3270#G:0
#S:3244#R:49#I:-13545#A:3362#G:0
#S:3244#R:52#I:-13545#A:3323#G:0
#S:3244#R:50#I:-13545#A:3358#G:0
#S:3244#R:50#I:-13545#A:3348#G:0
#S:3244#R:47#I:-13545#A:3395#G:0
#S:3244#R:48#I:-13545#A:3363#G:0
#S:3244#R:48#I:-13545#A:3423#G:0
#S:3244#R:48#I:-14955#A:3373#G:0
#S:3243#R:48#I:-14745#A:3092#G:0
#S:3240#R:48#I:-14745#A:2691#G:0
#S:3240#R:47#I:-14745#A:3313#G:0
#S:3239#R:48#I:-14745#A:3050#G:0
#S:3238#R:49#I:-14745#A:3168#G:0
#S:3243#R:49#I:-14745#A:4100#G:1
#S:3243#R:47#I:-14745#A:3427#G:0
#S:3245#R:51#I:-14745#A:3620#G:1
#S:3245#R:51#I:-12150#A:3096#G:1
#S:3246#R:48#I:-12150#A:3317#G:1
#S:3245#R:48#I:-12150#A:2943#G:1
#S:3249#R:49#I:-12150#A:3922#G:1
#S:3252#R:49#I:-12150#A:3657#G:1
#S:3251#R:49#I:-12150#A:3028#G:1
#S:3254#R:50#I:-12150#A:3734#G:1
#S:3254#R:47#I:-12150#A:3143#G:1
#S:3255#R:47#I:-3900#A:3343#G:1
#S:3254#R:51#I:-3900#A:3025#G:1
#S:3257#R:48#I:-3900#A:3573#G:2
#S:3260#R:48#I:-3900#A:3707#G:1
#S:3264#R:49#I:-3900#A:3913#G:1
#S:3265#R:50#I:-3900#A:3455#G:1
#S:3265#R:48#I:-3900#A:3160#G:1
#S:3264#R:51#I:-3900#A:3029#G:1
#S:3267#R:48#I:3390#A:3779#G:1
#S:3269#R:48#I:3390#A:3526#G:1
#S:3272#R:49#I:3390#A:3747#G:1
#S:3273#R:48#I:3390#A:3628#G:0
#S:3272#R:48#I:3390#A:3164#G:0
#S:3274#R:49#I:3390#A:3485#G:1
#S:3273#R:48#I:3390#A:3021#G:1
#S:3276#R:48#I:3390#A:3740#G:1
#S:3277#R:50#I:-2265#A:3422#G:1
#S:3281#R:47#I:-2265#A:4039#G:1
#S:3282#R:48#I:-2265#A:3477#G:1
#S:3284#R:49#I:-2265#A:3492#G:1
#S:3279#R:48#I:-2265#A:2335#G:0
#S:3282#R:48#I:-2265#A:3665#G:2
#S:3282#R:48#I:-2265#A:3143#G:1
#S:3286#R:50#I:-2265#A:3897#G:1
#S:3291#R:50#I:2475#A:4114#G:1
#S:3287#R:48#I:2475#A:2594#G:0
#S:3287#R:50#I:2475#A:3275#G:1
#S:3283#R:47#I:2475#A:2331#G:1
#S:3283#R:50#I:2475#A:2917#G:2
#S:3286#R:49#I:2475#A:3497#G:2
#S:3295#R:47#I:2475#A:4902#G:1
#S:3301#R:48#I:2475#A:4605#G:0
#S:3297#R:49#I:-105#A:2531#G:0
#S:3296#R:48#I:-105#A:3033#G:1
#S:3285#R:48#I:-105#A:1084#G:1
#S:3284#R:49#I:-105#A:2605#G:3
#S:3289#R:49#I:-105#A:3851#G:3
#S:3297#R:49#I:-105#A:4824#G:1
#S:3302#R:50#I:-105#A:4174#G:1
#S:3301#R:48#I:-105#A:2979#G:1
#S:3295#R:48#I:765#A:1621#G:3
#S:3293#R:49#I:765#A:2338#G:3
#S:3305#R:49#I:765#A:5096#G:4
#S:3316#R:48#I:765#A:5229#G:2
#S:3326#R:50#I:765#A:4975#G:2
#S:3325#R:47#I:765#A:3276#G:0
#S:3319#R:51#I:765#A:1727#G:2
#S:3307#R:48#I:-285#A:682#G:2
#S:3316#R:49#I:-285#A:4501#G:4
#S:3330#R:48#I:-285#A:5690#G:3
#S:3337#R:48#I:-285#A:4516#G:2
#S:3342#R:48#I:-285#A:4218#G:1
#S:3343#R:49#I:-285#A:3186#G:2
#S:3343#R:49#I:-285#A:3046#G:2
#S:3354#R:50#I:-285#A:4946#G:4
#S:3363#R:48#I:795#A:4830#G:2
#S:3374#R:49#I:795#A:5345#G:2
#S:3371#R:50#I:795#A:2943#G:0
#S:3375#R:48#I:795#A:3577#G:3
#S:3369#R:49#I:795#A:1942#G:2
#S:3385#R:49#I:795#A:5917#G:4
#S:3382#R:47#I:795#A:2685#G:1
#S:3392#R:47#I:795#A:5127#G:2
#S:3384#R:51#I:315#A:1816#G:0
#S:3394#R:47#I:315#A:5105#G:2
#S:3389#R:48#I:315#A:2303#G:1
#S:3400#R:49#I:315#A:5375#G:2
#S:3398#R:48#I:315#A:2827#G:1
#S:3393#R:47#I:315#A:2516#G:0
#S:3395#R:50#I:315#A:3577#G:2
#S:3393#R:48#I:315#A:3074#G:0
#S:3394#R:48#I:375#A:3535#G:1
#S:3390#R:50#I:375#A:2597#G:0
#S:3392#R:49#I:375#A:3580#G:2
#S:3384#R:49#I:375#A:1955#G:0
#S:3393#R:51#I:375#A:4690#G:3
#S:3390#R:49#I:375#A:2849#G:0
#S:3401#R:49#I:375#A:5506#G:1
#S:3398#R:51#I:375#A:2885#G:0
#S:3397#R:49#I:345#A:3311#G:0
#S:3405#R:49#I:345#A:4649#G:2
#S:3404#R:51#I:345#A:3233#G:0
#S:3417#R:50#I:345#A:6125#G:0
#S:3402#R:48#I:345#A:649#G:-1
#S:3411#R:50#I:345#A:5191#G:1
#S:3402#R:50#I:345#A:1675#G:0
#S:3412#R:49#I:345#A:5477#G:0
#S:3420#R:49#I:300#A:5084#G:0
#S:3410#R:49#I:300#A:1883#G:-2
#S:3410#R:49#I:300#A:3510#G:0
#S:3391#R:48#I:300#A:87#G:-2
#S:3393#R:50#I:300#A:3714#G:1
#S:3390#R:50#I:300#A:2934#G:0
#S:3405#R:47#I:300#A:6497#G:0
#S:3395#R:50#I:375#A:1759#G:-1
#S:3405#R:49#I:375#A:5512#G:0
#S:3404#R:48#I:375#A:3226#G:0
#S:3407#R:50#I:375#A:4351#G:-1
#S:3421#R:49#I:375#A:6265#G:0
#S:3404#R:49#I:375#A:783#G:-3
#S:3408#R:50#I:375#A:4361#G:0
#S:3394#R:50#I:375#A:1094#G:-2
#S:3389#R:49#I:345#A:2937#G:-2
#S:3391#R:51#I:345#A:3897#G:0
#S:3378#R:49#I:345#A:1190#G:-2
#S:3380#R:50#I:345#A:3937#G:0
#S:3377#R:49#I:345#A:3112#G:-1
#S:3382#R:48#I:345#A:4673#G:-1
#S:3387#R:49#I:345#A:4647#G:-1
#S:3388#R:49#I:345#A:4169#G:-2
#S:3387#R:51#I:375#A:3196#G:0
#S:3379#R:48#I:375#A:2141#G:-1
#S:3381#R:49#I:375#A:3784#G:0
#S:3377#R:50#I:375#A:2925#G:-1
#S:3380#R:49#I:375#A:4109#G:0
#S:3370#R:48#I:375#A:1612#G:-1
#S:3375#R:50#I:375#A:4513#G:0
#S:3374#R:47#I:375#A:3227#G:0
#S:3382#R:47#I:345#A:5172#G:0
#S:3384#R:51#I:345#A:3970#G:0
#S:3373#R:48#I:345#A:1233#G:0
#S:3376#R:49#I:345#A:3774#G:1
#S:3365#R:51#I:345#A:1218#G:0
#S:3372#R:49#I:345#A:4781#G:0
#S:3370#R:51#I:345#A:2926#G:1
#S:3371#R:49#I:345#A:3651#G:0
#S:3382#R:48#I:345#A:5354#G:2
#S:3384#R:48#I:345#A:3932#G:0
#S:3397#R:50#I:345#A:5819#G:1
#S:3390#R:49#I:345#A:2033#G:0
#S:3389#R:48#I:345#A:3308#G:0
#S:3383#R:50#I:345#A:2081#G:1
#S:3372#R:50#I:345#A:1333#G:0
#S:3375#R:50#I:345#A:3945#G:1
#S:3364#R:51#I:375#A:1197#G:0
#S:3374#R:49#I:375#A:5095#G:2
#S:3378#R:49#I:375#A:4045#G:1
#S:3392#R:50#I:375#A:5992#G:1
#S:3395#R:49#I:375#A:4090#G:0
#S:3395#R:48#I:375#A:3409#G:0
#S:3394#R:49#I:375#A:3064#G:1
#S:3391#R:47#I:345#A:2643#G:1
#S:3383#R:50#I:345#A:1848#G:0
#S:3384#R:48#I:345#A:3497#G:1
#S:3374#R:50#I:345#A:1193#G:1
#S:3380#R:49#I:345#A:4176#G:3
#S:3383#R:48#I:345#A:3886#G:1
#S:3396#R:50#I:345#A:5928#G:1
#S:3398#R:48#I:345#A:3834#G:0
#S:3397#R:49#I:345#A:3255#G:0
#S:3395#R:49#I:345#A:2835#G:1
#S:3394#R:49#I:345#A:2831#G:2
#S:3385#R:48#I:345#A:1653#G:0
#S:3390#R:49#I:345#A:4151#G:2
#S:3379#R:49#I:345#A:1275#G:0
#S:3387#R:49#I:345#A:4729#G:2
#S:3395#R:49#I:345#A:4984#G:1
#S:3404#R:48#I:375#A:5382#G:0
#S:3410#R:49#I:375#A:4713#G:0
#S:3406#R:51#I:375#A:2633#G:0
#S:3405#R:48#I:375#A:3369#G:0
#S:3405#R:51#I:375#A:3403#G:1
#S:3396#R:50#I:375#A:1613#G:0
#S:3397#R:48#I:375#A:3472#G:1
#S:3388#R:49#I:375#A:1759#G:0
#S:3394#R:52#I:345#A:4397#G:1
#S:3403#R:47#I:345#A:5241#G:0
#S:3407#R:49#I:345#A:4265#G:0
#S:3412#R:50#I:345#A:4604#G:0
#S:3406#R:49#I:345#A:2284#G:0
#S:3402#R:49#I:345#A:2746#G:0
#S:3403#R:51#I:345#A:3459#G:1
#S:3396#R:50#I:345#A:2171#G:0
#S:3393#R:47#I:345#A:2804#G:0
#S:3389#R:49#I:345#A:2791#G:0
#S:3388#R:49#I:345#A:3220#G:0
#S:3393#R:50#I:345#A:4538#G:0
#S:3408#R:48#I:345#A:6464#G:0
#S:3399#R:51#I:345#A:1984#G:-1
#S:3409#R:48#I:345#A:5284#G:1
#S:3399#R:49#I:345#A:1418#G:0
#S:3400#R:50#I:345#A:3659#G:0
#S:3393#R:47#I:345#A:2135#G:0
#S:3388#R:49#I:345#A:2531#G:0
#S:3386#R:50#I:345#A:3014#G:0
#S:3392#R:48#I:345#A:4775#G:0
#S:3390#R:49#I:345#A:3284#G:-1
#S:3404#R:49#I:345#A:6219#G:0
#S:3397#R:49#I:345#A:2317#G:-1
#S:3403#R:49#I:345#A:4680#G:0
#S:3398#R:51#I:345#A:2476#G:0
#S:3397#R:48#I:345#A:3254#G:0
#S:3384#R:48#I:345#A:991#G:0
#S:3382#R:50#I:345#A:3142#G:0
#S:3378#R:49#I:345#A:2755#G:0
#S:3388#R:49#I:345#A:5522#G:0
#S:3381#R:51#I:345#A:2192#G:-1
#S:3390#R:50#I:345#A:5306#G:0
#S:3382#R:50#I:345#A:1933#G:0
#S:3386#R:50#I:345#A:4317#G:0
#S:3382#R:50#I:345#A:2601#G:0
#S:3378#R:49#I:345#A:2701#G:0
#S:3368#R:49#I:345#A:1395#G:0
#S:3366#R:50#I:345#A:2971#G:0
#S:3364#R:49#I:375#A:3035#G:0
#S:3366#R:48#I:375#A:4052#G:-1
#S:3366#R:51#I:375#A:3480#G:0
#S:3366#R:48#I:375#A:3606#G:-1
#S:3366#R:49#I:375#A:3412#G:0
#S:3364#R:49#I:375#A:3085#G:0
#S:3365#R:48#I:375#A:3738#G:0
#S:3357#R:49#I:375#A:1809#G:0
#S:3356#R:50#I:345#A:3164#G:0
#S:3352#R:48#I:345#A:2577#G:0
#S:3355#R:49#I:345#A:4142#G:0
#S:3350#R:50#I:345#A:2738#G:-1
#S:3355#R:48#I:345#A:4513#G:0
#S:3354#R:49#I:345#A:3194#G:0
#S:3361#R:50#I:345#A:4832#G:0
#S:3355#R:47#I:345#A:2280#G:0
#S:3355#R:54#I:345#A:3257#G:1
#S:3345#R:50#I:345#A:1419#G:0
#S:3346#R:49#I:345#A:3589#G:0
#S:3342#R:48#I:345#A:2647#G:0
#S:3352#R:52#I:345#A:5457#G:0
#S:3345#R:47#I:345#A:2151#G:-1
#S:3354#R:48#I:345#A:5206#G:0
#S:3354#R:50#I:345#A:3515#G:0
#S:3361#R:49#I:375#A:4935#G:0
#S:3357#R:50#I:375#A:2703#G:0
#S:3359#R:50#I:375#A:3842#G:0
#S:3355#R:50#I:375#A:2633#G:0
#S:3355#R:49#I:375#A:3529#G:0
#S:3356#R:49#I:375#A:3574#G:0
#S:3363#R:49#I:375#A:4762#G:0
#S:3368#R:49#I:345#A:4515#G:0
#S:3374#R:49#I:345#A:4749#G:0
#S:3376#R:49#I:345#A:3905#G:0
#S:3378#R:50#I:345#A:3788#G:0
#S:3373#R:48#I:345#A:2468#G:0
#S:3369#R:51#I:345#A:2668#G:0
#S:3369#R:48#I:345#A:3408#G:0
#S:3365#R:50#I:345#A:2592#G:0
#S:3375#R:50#I:345#A:5397#G:0
#S:3370#R:48#I:345#A:2773#G:-1
#S:3380#R:49#I:345#A:5298#G:1
#S:3379#R:49#I:345#A:3360#G:0
#S:3389#R:49#I:345#A:5296#G:1
#S:3384#R:48#I:345#A:2475#G:0
#S:3386#R:49#I:345#A:3881#G:0
#S:3379#R:49#I:345#A:2179#G:0
#S:3379#R:48#I:345#A:3408#G:0
#S:3369#R:52#I:345#A:1472#G:0
#S:3371#R:49#I:345#A:3776#G:0
#S:3371#R:49#I:345#A:3390#G:0
#S:3372#R:51#I:345#A:3749#G:0
#S:3381#R:53#I:345#A:5095#G:1
#S:3373#R:50#I:345#A:1915#G:0
#S:3378#R:50#I:345#A:4363#G:1
#S:3375#R:50#I:345#A:2884#G:0
#S:3377#R:47#I:345#A:3867#G:0
#S:3376#R:51#I:345#A:3193#G:0
#S:3365#R:50#I:345#A:1388#G:-1
#S:3369#R:49#I:345#A:4297#G:0
#S:3369#R:50#I:345#A:3529#G:0
#S:3373#R:51#I:345#A:4308#G:0
#S:3382#R:49#I:345#A:5268#G:0
#S:3374#R:50#I:345#A:1829#G:0
#S:3379#R:50#I:345#A:4352#G:1
#S:3382#R:49#I:345#A:3808#G:1
#S:3379#R:50#I:345#A:2854#G:0
#S:3381#R:50#I:345#A:3943#G:0
#S:3369#R:50#I:345#A:1326#G:-1
#S:3367#R:47#I:345#A:3235#G:-1
#S:3366#R:50#I:345#A:3251#G:0
#S:3365#R:49#I:375#A:3256#G:0
#S:3372#R:51#I:375#A:4730#G:1
#S:3373#R:50#I:375#A:3382#G:1
#S:3375#R:46#I:375#A:3885#G:0
#S:3381#R:49#I:375#A:4659#G:0
#S:3379#R:50#I:375#A:3073#G:0
#S:3367#R:49#I:375#A:1351#G:-1
#S:3365#R:46#I:375#A:3132#G:0
#S:3354#R:50#I:375#A:1223#G:0
#S:3366#R:49#I:375#A:5704#G:1
#S:3374#R:49#I:375#A:4956#G:1
#S:3373#R:52#I:375#A:3175#G:0
#S:3379#R:49#I:375#A:4540#G:1
#S:3373#R:48#I:375#A:2200#G:0
#S:3374#R:50#I:375#A:3766#G:0
#S:3375#R:48#I:345#A:3644#G:0
#S:3369#R:49#I:345#A:2187#G:0
#S:3366#R:50#I:345#A:2849#G:0
#S:3368#R:52#I:345#A:3729#G:1
#S:3366#R:48#I:345#A:3048#G:0
#S:3374#R:49#I:345#A:4872#G:1
#S:3369#R:54#I:345#A:2416#G:0
#S:3366#R:49#I:345#A:2817#G:0
#S:3372#R:49#I:345#A:4471#G:1
#S:3371#R:53#I:345#A:3238#G:0
#S:3371#R:49#I:345#A:3396#G:0
#S:3370#R:48#I:345#A:3189#G:0
#S:3367#R:51#I:345#A:2891#G:0
#S:3366#R:48#I:345#A:3065#G:1
#S:3373#R:50#I:345#A:4422#G:2
#S:3370#R:49#I:345#A:2901#G:0
#S:3369#R:49#I:345#A:3016#G:1
#S:3371#R:48#I:345#A:3789#G:0
#S:3377#R:50#I:345#A:4684#G:0
#S:3377#R:49#I:345#A:3395#G:0
#S:3380#R:48#I:345#A:4085#G:0
#S:3368#R:50#I:345#A:1042#G:0
#S:3372#R:49#I:345#A:3842#G:2
#S:3372#R:48#I:345#A:3447#G:0
#S:3379#R:50#I:345#A:4676#G:1
#S:3376#R:47#I:345#A:2786#G:0
#S:3379#R:50#I:345#A:3964#G:1
#S:3382#R:51#I:345#A:4097#G:0
#S:3381#R:46#I:345#A:3186#G:0
#S:3382#R:49#I:345#A:3746#G:0
#S:3379#R:50#I:345#A:2978#G:0
#S:3378#R:52#I:345#A:3340#G:0
#S:3375#R:49#I:345#A:2777#G:1
#S:3379#R:49#I:345#A:3893#G:2
#S:3368#R:49#I:345#A:1269#G:0
#S:3380#R:51#I:345#A:5366#G:3
#S:3379#R:49#I:345#A:3198#G:0
#S:3387#R:50#I:345#A:4885#G:1
#S:3386#R:49#I:345#A:3100#G:1
#S:3383#R:49#I:345#A:2828#G:0
#S:3383#R:50#I:345#A:2998#G:2
#S:3381#R:49#I:345#A:2689#G:2
#S:3386#R:47#I:345#A:3746#G:4
#S:3387#R:49#I:345#A:3279#G:2
#S:3399#R:50#I:345#A:5065#G:4
#S:3406#R:48#I:345#A:4732#G:1
#S:3418#R:51#I:345#A:5447#G:2
#S:3412#R:49#I:375#A:2402#G:0
#S:3413#R:49#I:375#A:3277#G:2
#S:3410#R:49#I:375#A:2461#G:2
#S:3408#R:49#I:375#A:2218#G:4
#S:3416#R:49#I:375#A:4306#G:4
#S:3411#R:50#I:375#A:1854#G:3
#S:3415#R:49#I:375#A:3504#G:4
#S:3424#R:49#I:375#A:4876#G:2
#S:3427#R:50#I:345#A:3684#G:2
#S:3429#R:47#I:345#A:3461#G:2
#S:3437#R:49#I:345#A:4470#G:3
#S:3425#R:52#I:345#A:789#G:2
#S:3426#R:50#I:345#A:2741#G:5
#S:3421#R:50#I:345#A:1698#G:4
#S:3425#R:51#I:345#A:3107#G:6
#S:3433#R:50#I:345#A:3929#G:6
#S:3444#R:50#I:375#A:4854#G:4
#S:3459#R:51#I:375#A:5724#G:4
#S:3465#R:51#I:375#A:4195#G:3
#S:3471#R:49#I:375#A:3978#G:4
#S:3462#R:52#I:375#A:880#G:4
#S:3468#R:52#I:375#A:3408#G:7
#S:3467#R:49#I:375#A:1913#G:7
#S:3477#R:51#I:375#A:4034#G:8
#S:3486#R:52#I:390#A:3909#G:7
#S:3489#R:50#I:390#A:3176#G:5
#S:3509#R:52#I:390#A:6449#G:6
#S:3504#R:52#I:390#A:1899#G:4
#S:3518#R:50#I:390#A:5075#G:7
#S:3511#R:52#I:390#A:766#G:7
#S:3519#R:52#I:390#A:3410#G:9
#S:3526#R:51#I:390#A:3230#G:9
#S:3545#R:50#I:390#A:5463#G:10
#S:3558#R:53#I:390#A:4553#G:8
#S:3572#R:54#I:390#A:5150#G:7
#S:3581#R:52#I:390#A:4264#G:6
#S:3581#R:54#I:390#A:2227#G:7
#S:3589#R:51#I:390#A:3454#G:9
#S:3581#R:50#I:390#A:244#G:9
#S:3591#R:54#I:375#A:3243#G:12
#S:3604#R:50#I:375#A:3918#G:12
#S:3615#R:53#I:375#A:3726#G:11
#S:3628#R:52#I:375#A:3970#G:12
#S:3650#R:55#I:375#A:5917#G:11
#S:3661#R:53#I:375#A:4166#G:9
#S:3669#R:55#I:375#A:2888#G:12
#S:3678#R:54#I:375#A:3131#G:12
#S:3685#R:53#I:345#A:2146#G:15
#S:3696#R:54#I:345#A:2973#G:15
#S:3721#R:54#I:345#A:5401#G:17
#S:3741#R:52#I:345#A:4906#G:15
#S:3771#R:53#I:345#A:6558#G:16
#S:3786#R:58#I:345#A:4328#G:13
#S:3793#R:53#I:345#A:2230#G:15
#S:3799#R:54#I:345#A:1967#G:16
#S:3800#R:55#I:345#A:685#G:17
#S:3814#R:53#I:345#A:2768#G:20
#S:3831#R:54#I:345#A:3271#G:20
#S:3864#R:58#I:345#A:6358#G:21
#S:3887#R:55#I:345#A:4708#G:19
#S:3911#R:56#I:345#A:5044#G:19
#S:3928#R:58#I:345#A:3369#G:20
#S:3935#R:58#I:345#A:1483#G:20
#S:3950#R:58#I:345#A:2544#G:23
#S:3958#R:59#I:345#A:894#G:24
#S:3987#R:59#I:345#A:4592#G:26
#S:4015#R:59#I:345#A:4692#G:25
#S:4047#R:61#I:345#A:5497#G:25
#S:4071#R:61#I:345#A:3980#G:25
#S:4088#R:61#I:345#A:2501#G:25
#S:4114#R:64#I:345#A:4034#G:27
#S:4134#R:62#I:375#A:2493#G:29
#S:4168#R:62#I:375#A:5119#G:30
#S:4205#R:63#I:375#A:5463#G:31
#S:4237#R:63#I:375#A:4884#G:29
#S:4283#R:63#I:375#A:7124#G:32
#S:4302#R:62#I:375#A:2220#G:30
#S:4327#R:65#I:375#A:3091#G:32
#S:4354#R:63#I:375#A:3296#G:33
#S:4374#R:64#I:345#A:1813#G:33
#S:4422#R:66#I:345#A:6977#G:36
#S:4442#R:65#I:345#A:2018#G:33
#S:4491#R:66#I:345#A:7182#G:36
#S:4517#R:66#I:345#A:2617#G:36
#S:4558#R:67#I:345#A:5241#G:38
#S:4593#R:66#I:345#A:3906#G:39
#S:4632#R:69#I:375#A:4763#G:39
#S:4673#R:68#I:375#A:5174#G:39
#S:4717#R:67#I:375#A:5741#G:39
#S:4750#R:69#I:375#A:4106#G:37
#S:4793#R:69#I:375#A:5500#G:40
#S:4818#R:69#I:375#A:1796#G:41
#S:4865#R:69#I:375#A:5576#G:44
#S:4908#R:71#I:375#A:4501#G:46
#S:4958#R:70#I:345#A:6122#G:45
#S:5020#R:73#I:345#A:8597#G:45
#S:5059#R:72#I:345#A:4599#G:42
#S:5112#R:72#I:345#A:7295#G:43
#S:5138#R:75#I:345#A:1886#G:43
#S:5174#R:72#I:345#A:3065#G:47
#S:5217#R:75#I:345#A:4086#G:49
#S:5264#R:76#I:345#A:4866#G:50
#S:5322#R:74#I:375#A:6957#G:50
#S:5387#R:74#I:375#A:8952#G:48
#S:5436#R:77#I:375#A:6103#G:46
#S:5484#R:77#I:375#A:5713#G:47
#S:5516#R:78#I:375#A:2640#G:47
#S:5549#R:80#I:375#A:2030#G:51
#S:5597#R:83#I:375#A:4436#G:54
#S:5641#R:80#I:375#A:3703#G:54
#S:5714#R:81#I:300#A:9485#G:55
#S:5772#R:82#I:300#A:7336#G:51
#S:5840#R:82#I:300#A:9445#G:50
#S:5880#R:82#I:300#A:3796#G:51
#S:5923#R:85#I:300#A:3958#G:53
#S:5967#R:84#I:300#A:3722#G:56
#S:6017#R:86#I:300#A:4549#G:58
#S:6079#R:90#I:300#A:6699#G:59
#S:6158#R:86#I:315#A:10413#G:58
#S:6225#R:87#I:315#A:8820#G:54
#S:6272#R:87#I:315#A:5322#G:52
#S:6311#R:87#I:315#A:3139#G:55
#S:6348#R:88#I:315#A:2574#G:56
#S:6394#R:90#I:315#A:3650#G:60
#S:6444#R:89#I:315#A:4572#G:60
#S:6531#R:92#I:315#A:11409#G:63
#S:6597#R:92#I:315#A:8363#G:58
#S:6666#R:92#I:315#A:9203#G:57
#S:6714#R:92#I:315#A:5239#G:56
#S:6760#R:94#I:315#A:4392#G:58
#S:6803#R:93#I:315#A:3461#G:60
#S:6860#R:95#I:315#A:5467#G:64
#S:6925#R:97#I:315#A:7456#G:63
#S:7016#R:97#I:345#A:12382#G:65
#S:7078#R:96#I:345#A:7514#G:60
#S:7140#R:97#I:345#A:7919#G:59
#S:7197#R:99#I:345#A:6782#G:60
#S:7246#R:98#I:345#A:4994#G:61
#S:7298#R:99#I:345#A:5098#G:64
#S:7354#R:102#I:345#A:5731#G:65
#S:7425#R:101#I:345#A:8982#G:64
#S:7519#R:102#I:270#A:13472#G:65
#S:7561#R:104#I:270#A:4443#G:58
#S:7633#R:103#I:270#A:9496#G:63
#S:7684#R:104#I:270#A:5991#G:60
#S:7741#R:106#I:270#A:6601#G:63
#S:7803#R:106#I:270#A:7397#G:65
#S:7881#R:106#I:270#A:10335#G:66
#S:7951#R:109#I:270#A:9650#G:62
#S:8033#R:108#I:345#A:11909#G:63
#S:8076#R:109#I:345#A:5021#G:59
#S:8146#R:112#I:345#A:9379#G:64
#S:8201#R:111#I:345#A:6888#G:62
#S:8257#R:110#I:345#A:6799#G:64
#S:8343#R:113#I:345#A:12268#G:67
#S:8416#R:111#I:345#A:10665#G:62
#S:8482#R:113#I:345#A:9833#G:60
#S:8534#R:117#I:270#A:7150#G:59
#S:8585#R:112#I:270#A:6877#G:60
#S:8646#R:115#I:270#A:8480#G:62
#S:8695#R:117#I:270#A:6340#G:61
#S:8760#R:117#I:270#A:9205#G:63
#S:8847#R:118#I:270#A:13434#G:64
#S:8917#R:120#I:270#A:10985#G:60
#S:8974#R:120#I:270#A:8880#G:58
#S:9020#R:120#I:270#A:6472#G:59
#S:9079#R:121#I:270#A:8780#G:61
#S:9128#R:122#I:270#A:6824#G:61
#S:9190#R:121#I:270#A:9238#G:62
#S:9259#R:122#I:270#A:10831#G:62
#S:9343#R:124#I:270#A:13998#G:61
#S:9399#R:124#I:270#A:9250#G:57
#S:9453#R:125#I:270#A:8876#G:57
#S:9498#R:129#I:270#A:6873#G:59
#S:9552#R:127#I:270#A:8392#G:60
#S:9608#R:128#I:270#A:8644#G:61
#S:9674#R:130#I:270#A:11169#G:59
#S:9746#R:129#I:270#A:12507#G:59
#S:9815#R:130#I:270#A:12397#G:57
#S:9857#R:133#I:270#A:7574#G:54
#S:9905#R:131#I:300#A:8159#G:57
#S:9955#R:132#I:300#A:8559#G:58
#S:10009#R:134#I:300#A:8971#G:60
#S:10066#R:133#I:300#A:9850#G:59
#S:10142#R:132#I:300#A:13965#G:57
#S:10213#R:134#I:300#A:13761#G:54
#S:10275#R:133#I:300#A:11884#G:54
#S:10314#R:134#I:300#A:7975#G:51
#S:10365#R:136#I:315#A:9565#G:56
#S:10410#R:136#I:315#A:8599#G:55
#S:10469#R:136#I:315#A:10631#G:59
#S:10530#R:139#I:315#A:11498#G:57
#S:10604#R:139#I:315#A:14612#G:54
#S:10672#R:138#I:315#A:14193#G:51
#S:10714#R:140#I:315#A:9057#G:51
#S:10759#R:141#I:315#A:9376#G:52
#S:10809#R:140#I:315#A:10026#G:54
#S:10853#R:141#I:315#A:8876#G:54
#S:10921#R:143#I:315#A:13188#G:57
#S:10988#R:142#I:315#A:13614#G:54
#S:11063#R:142#I:315#A:16279#G:49
#S:11108#R:143#I:315#A:10970#G:46
#S:11150#R:144#I:315#A:9901#G:49
#S:11189#R:144#I:315#A:9110#G:50
#S:11230#R:146#I:315#A:9420#G:51
#S:11276#R:144#I:315#A:10077#G:53
#S:11344#R:144#I:315#A:14695#G:52
#S:11418#R:147#I:315#A:16236#G:50
#S:11470#R:146#I:315#A:13372#G:43
#S:11511#R:147#I:315#A:11124#G:43
#S:11550#R:150#I:315#A:10150#G:47
#S:11595#R:149#I:315#A:11220#G:47
#S:11634#R:148#I:345#A:9675#G:49
#S:11683#R:152#I:345#A:11587#G:50
#S:11758#R:151#I:345#A:16914#G:50
#S:11822#R:151#I:345#A:15867#G:44
#S:11860#R:154#I:345#A:11519#G:40
#S:11897#R:151#I:345#A:11076#G:42
#S:11941#R:153#I:345#A:11968#G:44
#S:11981#R:155#I:345#A:11459#G:43
#S:12020#R:152#I:345#A:11077#G:44
#S:12065#R:155#I:345#A:12417#G:44
#S:12137#R:156#I:345#A:18161#G:42
#S:12183#R:156#I:345#A:13948#G:38
#S:12215#R:155#I:345#A:11552#G:36
#S:12248#R:160#I:345#A:11167#G:39
#S:12294#R:159#I:345#A:13756#G:39
#S:12314#R:159#I:345#A:8932#G:37
#S:12359#R:158#I:345#A:13379#G:40
#S:12408#R:159#I:345#A:14254#G:40
#S:12462#R:159#I:345#A:16193#G:36
#S:12491#R:158#I:345#A:11789#G:33
#S:12516#R:161#I:345#A:11220#G:32
#S:12555#R:159#I:345#A:13425#G:35
#S:12580#R:160#I:345#A:11036#G:33
#S:12610#R:161#I:345#A:11981#G:34
#S:12642#R:161#I:345#A:12316#G:34
#S:12706#R:160#I:345#A:18584#G:35
#S:12729#R:163#I:345#A:11683#G:29
#S:12765#R:161#I:345#A:14140#G:30
#S:12786#R:163#I:345#A:11366#G:29
#S:12828#R:165#I:345#A:15260#G:30
#S:12848#R:163#I:345#A:11216#G:29
#S:12884#R:163#I:345#A:14241#G:30
#S:12925#R:166#I:345#A:15483#G:29
#S:12972#R:164#I:345#A:16797#G:28
#S:12992#R:165#I:345#A:12374#G:24
#S:13019#R:166#I:345#A:13492#G:25
#S:13053#R:165#I:345#A:15222#G:24
#S:13074#R:165#I:345#A:12726#G:23
#S:13103#R:167#I:345#A:13924#G:25
#S:13130#R:167#I:375#A:14074#G:23
#S:13170#R:166#I:375#A:17128#G:21
#S:13191#R:169#I:375#A:13673#G:19
#S:13206#R:167#I:375#A:12338#G:20
#S:13225#R:168#I:375#A:13027#G:20
#S:13252#R:168#I:375#A:14671#G:20
#S:13260#R:169#I:375#A:11397#G:18
#S:13294#R:169#I:375#A:16104#G:20
#S:13326#R:168#I:345#A:16350#G:17
#S:13343#R:170#I:345#A:14031#G:14
#S:13355#R:169#I:345#A:12885#G:15
#S:13361#R:169#I:345#A:11627#G:15
#S:13377#R:171#I:345#A:14172#G:13
#S:13397#R:170#I:345#A:14973#G:13
#S:13410#R:169#I:345#A:13481#G:13
#S:13437#R:170#I:345#A:16334#G:13
#S:13453#R:171#I:375#A:14750#G:10
#S:13450#R:169#I:375#A:11373#G:8
#S:13459#R:171#I:375#A:13204#G:11
#S:13464#R:169#I:375#A:12501#G:10
#S:13476#R:169#I:375#A:14383#G:8
#S:13490#R:171#I:375#A:14703#G:8
#S:13505#R:170#I:375#A:15214#G:7
#S:13527#R:170#I:375#A:17052#G:5
#S:13528#R:170#I:375#A:13008#G:4
#S:13517#R:170#I:375#A:10808#G:3
#S:13533#R:169#I:375#A:15543#G:6
#S:13533#R:172#I:375#A:12965#G:3
#S:13540#R:170#I:375#A:14704#G:2
#S:13545#R:171#I:375#A:14496#G:1
#S:13564#R:171#I:375#A:17196#G:1
#S:13567#R:170#I:345#A:14955#G:-3
#S:13559#R:171#I:345#A:12336#G:-1
#S:13540#R:172#I:345#A:10072#G:-1
#S:13550#R:172#I:345#A:15672#G:0
#S:13547#R:169#I:345#A:13496#G:-2
#S:13551#R:171#I:345#A:15151#G:-4
#S:13555#R:172#I:345#A:15226#G:-4
#S:13560#R:170#I:345#A:16217#G:-8
#S:13547#R:170#I:345#A:12751#G:-9
#S:13516#R:172#I:345#A:9124#G:-8
#S:13513#R:170#I:345#A:13562#G:-3
#S:13503#R:170#I:345#A:12981#G:-7
#S:13511#R:171#I:345#A:16216#G:-5
#S:13503#R:169#I:345#A:14015#G:-10
#S:13518#R:169#I:345#A:18295#G:-9
#S:13501#R:170#I:345#A:13152#G:-15
#S:13477#R:169#I:345#A:11565#G:-14
#S:13450#R:170#I:345#A:10070#G:-10
#S:13454#R:171#I:345#A:15875#G:-8
#S:13440#R:170#I:345#A:13006#G:-11
#S:13440#R:168#I:345#A:15786#G:-11
#S:13443#R:170#I:345#A:17019#G:-14
#S:13443#R:170#I:345#A:17160#G:-18
#S:13415#R:168#I:345#A:11724#G:-19
#S:13381#R:170#I:375#A:10357#G:-18
#S:13364#R:169#I:375#A:12721#G:-13
#S:13359#R:169#I:375#A:15182#G:-14
#S:13349#R:170#I:375#A:14407#G:-15
#S:13336#R:167#I:375#A:14505#G:-18
#S:13341#R:168#I:375#A:18231#G:-19
#S:13325#R:169#I:375#A:15181#G:-25
#S:13293#R:167#I:375#A:11585#G:-23
#S:13252#R:167#I:345#A:9471#G:-21
#S:13242#R:167#I:345#A:14750#G:-17
#S:13225#R:167#I:345#A:13976#G:-20
#S:13212#R:165#I:345#A:14679#G:-20
#S:13195#R:164#I:345#A:14673#G:-24
#S:13193#R:165#I:345#A:18330#G:-27
#S:13160#R:163#I:345#A:12668#G:-30
#S:13117#R:163#I:345#A:10282#G:-28
#S:13071#R:163#I:345#A:9190#G:-26
#S:13059#R:162#I:345#A:15618#G:-24
#S:13033#R:163#I:345#A:13373#G:-27
#S:13004#R:163#I:345#A:12936#G:-28
#S:12988#R:162#I:345#A:15468#G:-28
#S:12962#R:161#I:345#A:14884#G:-35
#S:12919#R:162#I:345#A:11471#G:-35
#S:12864#R:160#I:345#A:8295#G:-32
#S:12836#R:159#I:345#A:13090#G:-29
#S:12804#R:162#I:345#A:12931#G:-32
#S:12779#R:159#I:345#A:14038#G:-31
#S:12744#R:160#I:345#A:12763#G:-35
#S:12735#R:159#I:345#A:17852#G:-34
#S:12689#R:158#I:345#A:12073#G:-42
#S:12637#R:158#I:345#A:10575#G:-41
#S:12578#R:158#I:375#A:8288#G:-37
#S:12554#R:156#I:375#A:14911#G:-35
#S:12512#R:156#I:375#A:12266#G:-40
#S:12478#R:158#I:375#A:13399#G:-38
#S:12451#R:154#I:375#A:15266#G:-41
#S:12436#R:155#I:375#A:18404#G:-44
#S:12385#R:155#I:375#A:11882#G:-48
#S:12323#R:153#I:375#A:9358#G:-47
#S:12279#R:151#I:345#A:11932#G:-42
#S:12249#R:153#I:345#A:14894#G:-43
#S:12208#R:153#I:345#A:13352#G:-46
#S:12156#R:149#I:345#A:11548#G:-48
#S:12136#R:149#I:345#A:17682#G:-47
#S:12094#R:150#I:345#A:14873#G:-55
#S:12033#R:149#I:345#A:11001#G:-55
#S:11952#R:146#I:345#A:6447#G:-53
#S:11918#R:148#I:375#A:14838#G:-48
#S:11871#R:145#I:375#A:13230#G:-53
#S:11822#R:145#I:375#A:12973#G:-54
#S:11759#R:146#I:375#A:10726#G:-57
#S:11721#R:138#I:375#A:16229#G:-60
#S:11661#R:140#I:375#A:12478#G:-64
#S:11574#R:143#I:375#A:7054#G:-64
#S:11491#R:142#I:375#A:6768#G:-59
#S:11443#R:142#I:345#A:13466#G:-58
#S:11394#R:143#I:345#A:13948#G:-61
#S:11321#R:142#I:345#A:9685#G:-64
#S:11277#R:139#I:345#A:14830#G:-61
#S:11216#R:140#I:345#A:13154#G:-70
#S:11161#R:137#I:345#A:14247#G:-70
#S:11051#R:136#I:345#A:3454#G:-71
#S:10982#R:138#I:375#A:10093#G:-64
#S:10926#R:134#I:375#A:13485#G:-68
#S:10870#R:133#I:375#A:13535#G:-69
#S:10797#R:134#I:375#A:10432#G:-71
#S:10750#R:134#I:375#A:15449#G:-70
#S:10684#R:132#I:375#A:13055#G:-77
#S:10612#R:135#I:375#A:11667#G:-77
#S:10516#R:132#I:375#A:6142#G:-74
#S:10447#R:129#I:345#A:10977#G:-71
#S:10393#R:129#I:345#A:14615#G:-75
#S:10310#R:132#I:345#A:9755#G:-80
#S:10241#R:126#I:345#A:12009#G:-77
#S:10166#R:124#I:345#A:11428#G:-81
#S:10094#R:125#I:345#A:12479#G:-83
#S:9997#R:121#I:345#A:7672#G:-85
#S:9908#R:123#I:345#A:7944#G:-79
#S:9834#R:127#I:345#A:11329#G:-81
#S:9758#R:120#I:345#A:11408#G:-84
#S:9671#R:119#I:345#A:9612#G:-86
#S:9589#R:119#I:345#A:10449#G:-86
#S:9504#R:116#I:345#A:10390#G:-89
#S:9413#R:116#I:345#A:9440#G:-91
#S:9309#R:115#I:345#A:6688#G:-90
#S:9216#R:114#I:345#A:8126#G:-87
#S:9138#R:112#I:375#A:11254#G:-88
#S:9043#R:113#I:375#A:8844#G:-93
#S:8962#R:109#I:375#A:11045#G:-91
#S:8853#R:111#I:375#A:6174#G:-95
#S:8773#R:111#I:375#A:11168#G:-92
#S:8666#R:108#I:375#A:6846#G:-97
#S:8562#R:106#I:375#A:6422#G:-93
#S:8458#R:107#I:375#A:6710#G:-95
#S:8382#R:103#I:375#A:11992#G:-94
#S:8283#R:101#I:375#A:8467#G:-99
#S:8185#R:102#I:375#A:8303#G:-98
#S:8068#R:100#I:375#A:4969#G:-101
#S:7982#R:100#I:375#A:10447#G:-98
#S:7865#R:99#I:375#A:5058#G:-102
#S:7776#R:98#I:375#A:9511#G:-97
#S:7655#R:97#I:375#A:3681#G:-101
#S:7581#R:95#I:345#A:12838#G:-100
#S:7470#R:95#I:345#A:6327#G:-105
#S:7352#R:93#I:345#A:4766#G:-105
#S:7239#R:90#I:345#A:5308#G:-103
#S:7141#R:89#I:345#A:8472#G:-104
#S:7027#R:88#I:345#A:5106#G:-104
#S:6905#R:87#I:345#A:3721#G:-106
#S:6802#R:89#I:375#A:6627#G:-102
#S:6708#R:84#I:375#A:9423#G:-107
#S:6602#R:82#I:375#A:7172#G:-108
#S:6478#R:83#I:375#A:3112#G:-107
#S:6383#R:81#I:375#A:8187#G:-104
#S:6272#R:81#I:375#A:5790#G:-108
#S:6176#R:78#I:375#A:8410#G:-107
#S:6047#R:75#I:375#A:2206#G:-109
#S:5958#R:74#I:345#A:9352#G:-106
#S:5858#R:75#I:345#A:8205#G:-111
#S:5738#R:73#I:345#A:4565#G:-114
#S:5618#R:71#I:345#A:3471#G:-109
#S:5520#R:73#I:345#A:7532#G:-108
#S:5419#R:66#I:345#A:6997#G:-108
#S:5318#R:67#I:345#A:7651#G:-112
#S:5212#R:67#I:345#A:5772#G:-108
#S:5116#R:65#I:375#A:8244#G:-111
#S:5017#R:63#I:375#A:7963#G:-113
#S:4876#R:62#I:375#A:295#G:-117
#S:4778#R:62#I:375#A:6688#G:-107
#S:4655#R:59#I:375#A:2709#G:-113
#S:4592#R:60#I:375#A:13632#G:-108
#S:4439#R:57#I:375#A:-1993#G:-120
#S:4359#R:54#I:375#A:10222#G:-109
#S:4235#R:53#I:345#A:2644#G:-116
#S:4129#R:53#I:345#A:6219#G:-116
#S:3961#R:50#I:345#A:-5964#G:-118
#S:3869#R:48#I:345#A:7088#G:-108
#S:3727#R:48#I:345#A:-1731#G:-114
#S:3638#R:44#I:345#A:9034#G:-116
#S:3469#R:44#I:345#A:-6282#G:-120
#S:3374#R:43#I:345#A:7158#G:-114
#S:3255#R:40#I:375#A:2909#G:-117
#S:3112#R:40#I:375#A:-1333#G:-120
#S:2958#R:42#I:375#A:-5131#G:-113
#S:2838#R:37#I:375#A:1566#G:-113
#S:2748#R:37#I:375#A:6678#G:-109
#S:2607#R:36#I:375#A:-1227#G:-121
#S:2488#R:32#I:375#A:1680#G:-114
#S:2374#R:32#I:375#A:2960#G:-116
#S:2263#R:32#I:345#A:3161#G:-115
#S:2100#R:31#I:345#A:-6786#G:-118
#S:1977#R:29#I:345#A:-1023#G:-107
#S:1860#R:28#I:345#A:600#G:-110
#S:1788#R:25#I:345#A:8814#G:-107
#S:1645#R:23#I:345#A:-3351#G:-117
#S:1547#R:24#I:345#A:3851#G:-109
#S:1425#R:21#I:375#A:-55#G:-114
#S:1315#R:19#I:375#A:1705#G:-111
#S:1156#R:20#I:375#A:-8501#G:-110
#S:1051#R:19#I:375#A:753#G:-103
#S:961#R:16#I:375#A:4004#G:-105
#S:870#R:16#I:375#A:4237#G:-107
#S:756#R:16#I:375#A:-118#G:-109
#S:663#R:11#I:375#A:3635#G:-107
#S:538#R:14#I:375#A:-2459#G:-109
#S:426#R:12#I:375#A:-420#G:-107
#S:292#R:9#I:375#A:-5805#G:-103
#S:188#R:9#I:375#A:-718#G:-99
#S:100#R:8#I:375#A:3033#G:-102
#S:1#R:1#I:375#A:1186#G:-104
#S:-101#R:4#I:375#A:484#G:-105
#S:-194#R:4#I:375#A:2188#G:-105
#S:-311#R:0#I:345#A:-2752#G:-105
#S:-431#R:0#I:345#A:-3686#G:-104
#S:-550#R:-1#I:345#A:-4847#G:-98
#S:-640#R:-1#I:345#A:162#G:-95
#S:-738#R:-3#I:345#A:-697#G:-99
#S:-818#R:-1#I:345#A:2690#G:-98
#S:-918#R:-5#I:345#A:-795#G:-101
#S:-1017#R:-5#I:345#A:-655#G:-101
#S:-1123#R:-5#I:345#A:-3094#G:-97
#S:-1238#R:-8#I:345#A:-4863#G:-97
#S:-1341#R:-9#I:345#A:-3992#G:-90
#S:-1420#R:-8#I:345#A:707#G:-90
#S:-1501#R:-13#I:345#A:586#G:-92
#S:-1580#R:-12#I:345#A:1589#G:-95
#S:-1668#R:-13#I:345#A:-414#G:-95
#S:-1788#R:-15#I:345#A:-6395#G:-97
#S:-1877#R:-16#I:345#A:-1919#G:-89
#S:-1997#R:-15#I:345#A:-8076#G:-90
#S:-2068#R:-16#I:345#A:-188#G:-81
#S:-2155#R:-21#I:345#A:-2360#G:-86
#S:-2212#R:-21#I:345#A:3328#G:-85
#S:-2306#R:-20#I:345#A:-3246#G:-90
#S:-2388#R:-19#I:345#A:-1444#G:-87
#S:-2510#R:-21#I:345#A:-9572#G:-87
#S:-2591#R:-22#I:345#A:-2898#G:-80
#S:-2718#R:-23#I:345#A:-12215#G:-80
#S:-2773#R:-24#I:345#A:883#G:-74
#S:-2852#R:-24#I:345#A:-3101#G:-78
#S:-2913#R:-25#I:345#A:845#G:-80
#S:-3002#R:-27#I:345#A:-5147#G:-79
#S:-3087#R:-28#I:345#A:-4551#G:-78
#S:-3185#R:-29#I:345#A:-7893#G:-75
#S:-3276#R:-31#I:345#A:-7067#G:-72
#S:-3375#R:-30#I:345#A:-9995#G:-66
#S:-3433#R:-33#I:345#A:-1753#G:-67
#S:-3490#R:-33#I:345#A:-1519#G:-67
#S:-3556#R:-34#I:345#A:-2606#G:-71
#S:-3625#R:-35#I:345#A:-4023#G:-68
#S:-3712#R:-36#I:345#A:-7803#G:-67
#S:-3781#R:-39#I:345#A:-5316#G:-62
#S:-3878#R:-37#I:345#A:-11394#G:-60
#S:-3932#R:-39#I:345#A:-4460#G:-52
#S:-3983#R:-36#I:345#A:-2953#G:-57
#S:-4022#R:-39#I:345#A:-661#G:-56
#S:-4084#R:-40#I:345#A:-4535#G:-60
#S:-4139#R:-40#I:345#A:-3998#G:-56
#S:-4218#R:-40#I:345#A:-8977#G:-56
#S:-4274#R:-41#I:345#A:-5556#G:-50
#S:-4360#R:-42#I:345#A:-12148#G:-47
#S:-4386#R:-41#I:345#A:-1542#G:-41
#S:-4427#R:-42#I:345#A:-3629#G:-46
#S:-4451#R:-43#I:345#A:-324#G:-45
#S:-4507#R:-42#I:345#A:-6378#G:-47
#S:-4547#R:-43#I:345#A:-4141#G:-43
#S:-4617#R:-43#I:345#A:-10281#G:-42
#S:-4666#R:-44#I:375#A:-7181#G:-37
#S:-4710#R:-45#I:375#A:-7505#G:-30
#S:-4722#R:-45#I:375#A:-1313#G:-30
#S:-4741#R:-44#I:375#A:-2297#G:-32
#S:-4760#R:-47#I:375#A:-1789#G:-34
#S:-4796#R:-46#I:375#A:-5470#G:-33
#S:-4843#R:-45#I:375#A:-8255#G:-30
#S:-4887#R:-48#I:375#A:-8369#G:-27
#S:-4938#R:-47#I:375#A:-10725#G:-22
#S:-4955#R:-47#I:375#A:-4994#G:-17
#S:-4966#R:-49#I:375#A:-3330#G:-20
#S:-4975#R:-48#I:375#A:-2616#G:-21
#S:-4993#R:-46#I:375#A:-4329#G:-22
#S:-5021#R:-49#I:375#A:-6742#G:-20
#S:-5062#R:-50#I:375#A:-9887#G:-17
#S:-5094#R:-46#I:375#A:-8999#G:-13
#S:-5125#R:-51#I:375#A:-9813#G:-8
#S:-5122#R:-49#I:375#A:-3796#G:-4
#S:-5124#R:-48#I:375#A:-3967#G:-8
#S:-5122#R:-48#I:375#A:-3113#G:-9
#S:-5132#R:-49#I:375#A:-5423#G:-9
#S:-5151#R:-48#I:375#A:-7926#G:-6
#S:-5172#R:-47#I:375#A:-8855#G:-3
#S:-5196#R:-49#I:345#A:-9984#G:0
#S:-5202#R:-47#I:345#A:-7467#G:5
#S:-5186#R:-46#I:345#A:-3301#G:6
#S:-5172#R:-49#I:345#A:-3173#G:3
#S:-5162#R:-47#I:345#A:-3784#G:3
#S:-5160#R:-48#I:345#A:-5562#G:4
#S:-5170#R:-48#I:345#A:-8303#G:5
#S:-5180#R:-49#I:345#A:-9124#G:9
#S:-5196#R:-46#I:345#A:-10983#G:13
#S:-5179#R:-48#I:345#A:-5506#G:18
#S:-5145#R:-49#I:345#A:-1956#G:17
#S:-5119#R:-46#I:345#A:-2856#G:14
#S:-5106#R:-48#I:345#A:-5298#G:13
#S:-5098#R:-52#I:345#A:-6739#G:16
#S:-5094#R:-46#I:345#A:-8067#G:18
#S:-5099#R:-48#I:345#A:-10381#G:21
#S:-5098#R:-48#I:375#A:-10021#G:25
#S:-5057#R:-45#I:375#A:-2491#G:28
#S:-5016#R:-47#I:375#A:-2104#G:26
#S:-4988#R:-46#I:375#A:-4083#G:23
#S:-4961#R:-44#I:375#A:-4490#G:24
#S:-4945#R:-46#I:375#A:-6990#G:26
#S:-4931#R:-45#I:375#A:-7760#G:28
#S:-4928#R:-41#I:375#A:-10769#G:32
#S:-4907#R:-45#I:345#A:-7843#G:35
#S:-4858#R:-46#I:345#A:-2610#G:37
#S:-4801#R:-42#I:345#A:-615#G:35
#S:-4773#R:-44#I:345#A:-5745#G:32
#S:-4734#R:-43#I:345#A:-3777#G:34
#S:-4704#R:-41#I:345#A:-6135#G:37
#S:-4691#R:-40#I:345#A:-9711#G:38
#S:-4668#R:-40#I:345#A:-8902#G:44
#S:-4623#R:-41#I:345#A:-5064#G:47
#S:-4559#R:-38#I:345#A:-1034#G:46
#S:-4503#R:-40#I:345#A:-2377#G:45
#S:-4452#R:-39#I:345#A:-3282#G:45
#S:-4415#R:-37#I:345#A:-6027#G:45
#S:-4359#R:-38#I:345#A:-3213#G:50
#S:-4350#R:-38#I:345#A:-12434#G:49
#S:-4295#R:-36#I:345#A:-4688#G:56
#S:-4241#R:-36#I:345#A:-4933#G:57
#S:-4158#R:-37#I:345#A:1172#G:56
#S:-4107#R:-34#I:345#A:-4607#G:53
#S:-4041#R:-34#I:345#A:-2573#G:58
#S:-4001#R:-33#I:345#A:-7442#G:57
#S:-3939#R:-30#I:345#A:-4006#G:62
#S:-3917#R:-30#I:345#A:-11983#G:62
#S:-3841#R:-30#I:345#A:-2404#G:68
#S:-3767#R:-28#I:345#A:-2924#G:69
#S:-3696#R:-27#I:345#A:-2476#G:64
#S:-3643#R:-28#I:345#A:-6055#G:65
#S:-3572#R:-24#I:345#A:-3346#G:69
#S:-3511#R:-25#I:345#A:-5666#G:71
#S:-3456#R:-24#I:345#A:-6671#G:71
#S:-3398#R:-22#I:345#A:-7073#G:76
#S:-3318#R:-23#I:345#A:-2844#G:77
#S:-3228#R:-22#I:345#A:-1140#G:79
#S:-3158#R:-22#I:345#A:-4177#G:75
#S:-3081#R:-21#I:345#A:-3488#G:79
#S:-2996#R:-21#I:345#A:-2385#G:81
#S:-2928#R:-18#I:345#A:-5878#G:82
#S:-2846#R:-16#I:345#A:-3549#G:85
#S:-2762#R:-16#I:345#A:-3370#G:87
#S:-2670#R:-13#I:375#A:-2014#G:88
#S:-2589#R:-13#I:375#A:-3995#G:88
#S:-2497#R:-14#I:375#A:-2152#G:90
#S:-2413#R:-15#I:375#A:-3863#G:91
#S:-2319#R:-11#I:375#A:-2242#G:93
#S:-2238#R:-10#I:375#A:-4635#G:93
#S:-2141#R:-8#I:375#A:-1745#G:95
#S:-2036#R:-5#I:375#A:-473#G:97
#S:-1951#R:-5#I:375#A:-4391#G:97
#S:-1863#R:-4#I:375#A:-3999#G:98
#S:-1751#R:-3#I:375#A:-93#G:103
#S:-1659#R:-3#I:375#A:-3617#G:101
#S:-1549#R:-1#I:375#A:-779#G:106
#S:-1443#R:1#I:375#A:-1315#G:105
#S:-1315#R:1#I:375#A:2833#G:107
#S:-1226#R:1#I:375#A:-4100#G:103
#S:-1120#R:5#I:345#A:-2079#G:110
#S:-1032#R:5#I:345#A:-5447#G:110
#S:-905#R:8#I:345#A:1791#G:113
#S:-822#R:10#I:345#A:-6462#G:111
#S:-688#R:9#I:345#A:2694#G:117
#S:-572#R:9#I:345#A:-466#G:115
#S:-450#R:13#I:345#A:1436#G:112
#S:-382#R:12#I:345#A:-8883#G:110
#S:-268#R:14#I:345#A:-1573#G:120
#S:-168#R:18#I:345#A:-4238#G:120
#S:-51#R:18#I:345#A:-1009#G:121
#S:57#R:17#I:345#A:-2754#G:123
#S:199#R:20#I:345#A:3958#G:124
#S:339#R:22#I:345#A:3807#G:123
#S:445#R:23#I:345#A:-2137#G:119
#S:546#R:24#I:345#A:-3285#G:121
#S:663#R:29#I:345#A:-1464#G:128
#S:774#R:29#I:345#A:-2936#G:130
#S:909#R:30#I:345#A:1884#G:131
#S:1045#R:32#I:345#A:2021#G:132
#S:1203#R:32#I:345#A:6718#G:131
#S:1336#R:34#I:345#A:2450#G:128
#S:1459#R:36#I:345#A:839#G:127
#S:1555#R:37#I:345#A:-4800#G:128
#S:1685#R:40#I:345#A:638#G:136
#S:1787#R:44#I:345#A:-4927#G:136
#S:1948#R:42#I:345#A:6635#G:138
#S:2093#R:43#I:345#A:4093#G:135
#S:2244#R:45#I:345#A:5461#G:135
#S:2377#R:46#I:345#A:2799#G:131
#S:2498#R:47#I:345#A:133#G:133
#S:2625#R:52#I:345#A:851#G:136
#S:2739#R:52#I:345#A:-2405#G:140
#S:2879#R:52#I:345#A:2333#G:143
#S:3043#R:61#I:345#A:7282#G:143
#S:3207#R:57#I:345#A:8093#G:140
#S:3349#R:62#I:345#A:4523#G:137
#S:3493#R:63#I:345#A:5107#G:136
#S:3630#R:63#I:345#A:3511#G:138
#S:3750#R:65#I:375#A:109#G:139
#S:3884#R:68#I:375#A:1542#G:146
#S:4035#R:67#I:375#A:4881#G:147
#S:4212#R:69#I:375#A:10739#G:145
#S:4356#R:72#I:375#A:5190#G:140
#S:4513#R:75#I:375#A:7712#G:141
#S:4665#R:74#I:375#A:6674#G:142
#S:4802#R:77#I:375#A:4240#G:140
#S:4927#R:81#I:345#A:956#G:145
#S:5080#R:82#I:345#A:6229#G:148
#S:5262#R:83#I:345#A:11510#G:151
#S:5425#R:86#I:345#A:9058#G:145
#S:5579#R:85#I:345#A:7757#G:144
#S:5730#R:87#I:345#A:7482#G:143
#S:5887#R:94#I:345#A:8053#G:147
#S:6016#R:90#I:345#A:3265#G:143
#S:6165#R:92#I:345#A:6724#G:147
#S:6316#R:96#I:345#A:7072#G:148
#S:6480#R:97#I:345#A:10049#G:147
#S:6628#R:96#I:345#A:7652#G:143
#S:6780#R:100#I:345#A:8753#G:143
#S:6923#R:101#I:345#A:7060#G:143
#S:7076#R:95#I:345#A:8580#G:146
#S:7210#R:105#I:345#A:5416#G:144
#S:7350#R:106#I:345#A:6535#G:145
#S:7517#R:107#I:345#A:11303#G:148
#S:7658#R:112#I:345#A:7259#G:144
#S:7811#R:111#I:345#A:9744#G:144
#S:7954#R:111#I:345#A:8188#G:142
#S:8096#R:116#I:345#A:7852#G:144
#S:8245#R:117#I:345#A:9348#G:144
#S:8395#R:118#I:345#A:9893#G:143
#S:8546#R:120#I:345#A:10420#G:142
#S:8692#R:123#I:345#A:9189#G:144
#S:8829#R:122#I:345#A:8116#G:141
#S:8970#R:124#I:345#A:8822#G:142
#S:9117#R:128#I:345#A:10120#G:142
#S:9245#R:129#I:345#A:6642#G:142
#S:9405#R:132#I:345#A:12954#G:143
#S:9555#R:133#I:345#A:11463#G:141
#S:9686#R:133#I:345#A:8564#G:137
#S:9814#R:135#I:345#A:7761#G:139
#S:9940#R:136#I:345#A:7495#G:139
#S:10088#R:138#I:345#A:11220#G:143
#S:10211#R:139#I:345#A:7413#G:138
#S:10361#R:143#I:345#A:12126#G:142
#S:10504#R:141#I:345#A:11805#G:137
#S:10670#R:143#I:345#A:16314#G:138
#S:10777#R:146#I:345#A:6360#G:130
#S:10918#R:147#I:345#A:11661#G:138
#S:11033#R:149#I:345#A:7205#G:135
#S:11183#R:152#I:345#A:13503#G:139
#S:11312#R:153#I:345#A:10042#G:136
#S:11478#R:155#I:345#A:17029#G:139
#S:11629#R:158#I:345#A:15617#G:131
#S:11772#R:155#I:345#A:14664#G:129
#S:11881#R:159#I:345#A:8597#G:126
#S:12011#R:163#I:345#A:11678#G:132
#S:12127#R:160#I:345#A:9688#G:129
#S:12259#R:165#I:345#A:12057#G:134
#S:12398#R:167#I:345#A:14349#G:130
#S:12551#R:169#I:345#A:16966#G:131
#S:12700#R:168#I:345#A:17722#G:124
#S:12819#R:171#I:345#A:12520#G:121
#S:12927#R:172#I:345#A:10559#G:120
#S:13036#R:172#I:345#A:9855#G:125
#S:13157#R:173#I:345#A:12678#G:124
#S:13276#R:176#I:345#A:12285#G:124
#S:13417#R:177#I:345#A:17249#G:122
#S:13555#R:178#I:345#A:17233#G:120
#S:13687#R:180#I:345#A:17147#G:115
#S:13789#R:180#I:345#A:12165#G:111
#S:13888#R:181#I:345#A:11280#G:113
#S:13997#R:187#I:345#A:12533#G:117
#S:14106#R:186#I:345#A:12897#G:116
#S:14231#R:190#I:345#A:16178#G:116
#S:14360#R:191#I:345#A:17777#G:112
#S:14495#R:191#I:345#A:19428#G:111
#S:14609#R:192#I:345#A:16621#G:104
#S:14708#R:194#I:345#A:14054#G:103
#S:14808#R:194#I:345#A:13671#G:106
#S:14904#R:194#I:345#A:12851#G:107
#S:15014#R:198#I:345#A:15402#G:109
#S:15139#R:198#I:345#A:18999#G:106
#S:15267#R:200#I:345#A:20326#G:103
#S:15382#R:203#I:345#A:18767#G:98
#S:15489#R:201#I:375#A:17649#G:97
#S:15575#R:203#I:375#A:14113#G:94
#S:15671#R:207#I:375#A:15479#G:97
#S:15748#R:206#I:375#A:12114#G:96
#S:15864#R:204#I:375#A:19423#G:99
#S:15969#R:208#I:375#A:18016#G:95
#S:16083#R:208#I:375#A:20802#G:91
#S:16179#R:206#I:375#A:17938#G:88
#S:16275#R:209#I:345#A:18345#G:86
#S:16349#R:212#I:345#A:14493#G:84
#S:16425#R:211#I:345#A:14491#G:86
#S:16500#R:214#I:345#A:14113#G:87
#S:16599#R:216#I:345#A:19072#G:87
#S:16701#R:214#I:345#A:20428#G:84
#S:16792#R:218#I:345#A:19466#G:78
#S:16881#R:219#I:345#A:19426#G:77
#S:16961#R:217#I:345#A:17824#G:76
#S:17032#R:219#I:345#A:16538#G:74
#S:17099#R:221#I:345#A:15485#G:76
#S:17173#R:222#I:345#A:16803#G:76
#S:17263#R:221#I:345#A:20319#G:75
#S:17352#R:224#I:345#A:21091#G:71
#S:17428#R:223#I:345#A:19415#G:67
#S:17506#R:223#I:345#A:20111#G:65
#S:17571#R:225#I:375#A:17810#G:64
#S:17626#R:225#I:375#A:16311#G:62
#S:17688#R:226#I:375#A:16996#G:66
#S:17762#R:227#I:375#A:19829#G:64
#S:17844#R:228#I:375#A:21873#G:62
#S:17919#R:228#I:375#A:21596#G:57
#S:17982#R:231#I:375#A:19899#G:54
#S:18038#R:231#I:345#A:18797#G:53
#S:18096#R:229#I:345#A:18977#G:54
#S:18137#R:231#I:345#A:16517#G:50
#S:18201#R:232#I:345#A:20332#G:54
#S:18264#R:232#I:345#A:20957#G:50
#S:18334#R:233#I:345#A:22797#G:48
#S:18387#R:235#I:345#A:20432#G:43
#S:18440#R:232#I:345#A:20628#G:43
#S:18478#R:233#I:300#A:18271#G:40
#S:18526#R:235#I:300#A:19927#G:41
#S:18561#R:234#I:300#A:18357#G:37
#S:18605#R:234#I:300#A:19919#G:38
#S:18651#R:236#I:300#A:20832#G:36
#S:18697#R:236#I:300#A:21570#G:32
#S:18735#R:235#I:300#A:20405#G:30
#S:18767#R:237#I:300#A:19742#G:28
#S:18795#R:237#I:345#A:18876#G:28
#S:18823#R:234#I:345#A:19319#G:26
#S:18852#R:237#I:345#A:19837#G:25
#S:18880#R:236#I:345#A:19943#G:23
#S:18925#R:238#I:345#A:23318#G:23
#S:18951#R:239#I:345#A:20718#G:18
#S:18970#R:239#I:345#A:19451#G:17
#S:18994#R:236#I:345#A:20667#G:16
#S:19010#R:238#I:270#A:19537#G:14
#S:19026#R:238#I:270#A:19933#G:12
#S:19043#R:238#I:270#A:20465#G:10
#S:19061#R:239#I:270#A:21204#G:8
#S:19082#R:237#I:270#A:22321#G:5
#S:19083#R:238#I:270#A:18756#G:3
#S:19085#R:240#I:270#A:18986#G:3
#S:19104#R:239#I:270#A:22288#G:3
#S:19102#R:237#I:270#A:18773#G:0
#S:19108#R:239#I:270#A:20543#G:-1
#S:19115#R:238#I:270#A:21173#G:-3
#S:19124#R:238#I:270#A:22198#G:-6
#S:19122#R:237#I:270#A:20502#G:-8
#S:19113#R:239#I:270#A:18952#G:-8
#S:19108#R:238#I:270#A:19752#G:-8
#S:19111#R:237#I:270#A:21539#G:-9
#S:19102#R:239#I:240#A:19932#G:-13
#S:19096#R:236#I:240#A:20857#G:-14
#S:19092#R:238#I:240#A:21608#G:-16
#S:19086#R:238#I:240#A:21823#G:-19
#S:19057#R:237#I:240#A:17768#G:-22
#S:19040#R:237#I:240#A:19415#G:-18
#S:19022#R:236#I:240#A:19690#G:-21
#S:19021#R:236#I:210#A:22923#G:-20
#S:18987#R:236#I:210#A:17496#G:-26
#S:18982#R:237#I:210#A:22690#G:-23
#S:18961#R:235#I:210#A:20801#G:-30
#S:18951#R:233#I:210#A:22574#G:-28
#S:18909#R:237#I:210#A:17076#G:-32
#S:18884#R:234#I:210#A:19557#G:-28
#S:18862#R:234#I:210#A:21013#G:-32
#S:18842#R:235#I:165#A:21352#G:-32
#S:18804#R:233#I:165#A:18696#G:-37
#S:18785#R:233#I:165#A:22132#G:-35
#S:18753#R:234#I:165#A:20833#G:-42
#S:18722#R:230#I:165#A:20906#G:-41
#S:18667#R:231#I:165#A:16421#G:-43
#S:18631#R:233#I:165#A:19569#G:-40
#S:18603#R:231#I:165#A:21398#G:-42
#S:18566#R:229#I:135#A:20153#G:-44
#S:18519#R:231#I:135#A:18861#G:-48
#S:18495#R:229#I:135#A:23204#G:-47
#S:18451#R:227#I:135#A:20309#G:-53
#S:18404#R:227#I:135#A:19622#G:-53
#S:18335#R:228#I:135#A:14957#G:-52
#S:18294#R:227#I:135#A:20339#G:-51
#S:18254#R:226#I:135#A:20878#G:-53
#S:18200#R:224#I:90#A:19172#G:-58
#S:18152#R:223#I:90#A:20085#G:-57
#S:18109#R:221#I:90#A:21661#G:-60
#S:18065#R:223#I:90#A:21740#G:-62
#S:17991#R:222#I:90#A:16926#G:-68
#S:17931#R:221#I:90#A:17958#G:-60
#S:17874#R:222#I:90#A:19317#G:-64
#S:17827#R:218#I:90#A:21360#G:-64
#S:17743#R:217#I:60#A:15706#G:-73
#S:17695#R:218#I:60#A:21550#G:-67
#S:17626#R:216#I:60#A:18745#G:-74
#S:17577#R:216#I:60#A:22318#G:-72
#S:17468#R:215#I:60#A:12243#G:-82
#S:17409#R:214#I:60#A:19642#G:-70
#S:17333#R:212#I:60#A:17675#G:-77
#S:17267#R:213#I:60#A:19826#G:-78
#S:17155#R:209#I:-135#A:12124#G:-86
#S:17094#R:207#I:-135#A:20875#G:-79
#S:16994#R:208#I:-135#A:14563#G:-87
#S:16922#R:205#I:-135#A:19590#G:-85
#S:16793#R:205#I:-135#A:9334#G:-91
#S:16721#R:206#I:-135#A:18980#G:-83
#S:16643#R:205#I:-135#A:18783#G:-88
#S:16543#R:201#I:-420#A:15409#G:-94
#S:16436#R:202#I:-420#A:13953#G:-94
#S:16350#R:201#I:-420#A:17669#G:-92
#S:16250#R:201#I:-420#A:15260#G:-95
#S:16140#R:197#I:-420#A:14273#G:-100
#S:16029#R:197#I:-420#A:13012#G:-95
#S:15930#R:196#I:-420#A:15777#G:-98
#S:15858#R:194#I:-420#A:20547#G:-95
#S:15728#R:196#I:-1125#A:11646#G:-109
#S:15632#R:192#I:-1125#A:16746#G:-101
#S:15514#R:192#I:-1125#A:13277#G:-106
#S:15422#R:191#I:-1125#A:17311#G:-101
#S:15290#R:188#I:-1125#A:11759#G:-114
#S:15186#R:187#I:-1125#A:15147#G:-103
#S:15071#R:186#I:-1125#A:14350#G:-111
#S:14989#R:181#I:-1125#A:19739#G:-105
#S:14850#R:179#I:-1485#A:10736#G:-118
#S:14755#R:180#I:-1485#A:17686#G:-109
#S:14620#R:177#I:-1485#A:11033#G:-116
#S:14528#R:176#I:-1485#A:18008#G:-109
#S:14384#R:175#I:-1485#A:10448#G:-124
#S:14289#R:173#I:-1485#A:17559#G:-111
#S:14161#R:173#I:-1485#A:13156#G:-122
#S:14071#R:172#I:-1485#A:19308#G:-116
#S:13927#R:169#I:-2010#A:10734#G:-127
#S:13826#R:167#I:-2010#A:17390#G:-118
#S:13671#R:168#I:-2010#A:8408#G:-128
#S:13570#R:166#I:-2010#A:17009#G:-118
#S:13426#R:162#I:-2010#A:10658#G:-130
#S:13325#R:164#I:-2010#A:17687#G:-122
#S:13199#R:160#I:-2010#A:14070#G:-130
#S:13097#R:159#I:-2010#A:17987#G:-126
#S:12952#R:158#I:-2340#A:10947#G:-134
#S:12844#R:157#I:-2340#A:16768#G:-127
#S:12685#R:153#I:-2340#A:8070#G:-135
#S:12575#R:152#I:-2340#A:16280#G:-128
#S:12426#R:150#I:-2340#A:9858#G:-136
#S:12321#R:148#I:-2340#A:17448#G:-130
#S:12181#R:147#I:-2340#A:11852#G:-138
#S:12074#R:144#I:-3360#A:17805#G:-135
#S:11912#R:143#I:-3360#A:8511#G:-144
#S:11791#R:141#I:-3360#A:15022#G:-137
#S:11620#R:143#I:-3360#A:5925#G:-142
#S:11503#R:139#I:-3360#A:15091#G:-135
#S:11333#R:136#I:-3360#A:6346#G:-144
#S:11218#R:136#I:-3360#A:15795#G:-137
#S:11066#R:133#I:-3360#A:9615#G:-144
#S:10954#R:132#I:-3900#A:16939#G:-142
#S:10780#R:131#I:-3900#A:6247#G:-151
#S:10648#R:129#I:-3900#A:13085#G:-144
#S:10477#R:127#I:-3900#A:5861#G:-147
#S:10342#R:126#I:-3900#A:12074#G:-143
#S:10164#R:122#I:-3900#A:4397#G:-149
#S:10040#R:120#I:-3900#A:13942#G:-143
#S:9887#R:123#I:-3900#A:9246#G:-149
#S:9764#R:117#I:-4245#A:14916#G:-148
#S:9583#R:116#I:-4245#A:5163#G:-158
#S:9438#R:115#I:-4245#A:10475#G:-150
#S:9264#R:112#I:-4245#A:5248#G:-153
#S:9113#R:110#I:-4245#A:8516#G:-148
#S:8928#R:110#I:-4245#A:3118#G:-155
#S:8790#R:106#I:-4245#A:10899#G:-148
#S:8643#R:104#I:-4245#A:9826#G:-152
#S:8506#R:104#I:-4920#A:11595#G:-152
#S:8344#R:103#I:-4920#A:7755#G:-159
#S:8180#R:99#I:-4920#A:6899#G:-157
#S:8014#R:98#I:-4920#A:6090#G:-156
#S:7861#R:98#I:-4920#A:7889#G:-153
#S:7676#R:95#I:-4920#A:2335#G:-158
#S:7517#R:92#I:-4920#A:6267#G:-152
#S:7353#R:90#I:-4920#A:6022#G:-157
#S:7219#R:89#I:-5415#A:11036#G:-153
#S:7057#R:88#I:-5415#A:6832#G:-160
#S:6895#R:84#I:-5415#A:6460#G:-159
#S:6737#R:83#I:-5415#A:6998#G:-159
#S:6580#R:80#I:-5415#A:6338#G:-155
#S:6426#R:82#I:-5415#A:7178#G:-157
#S:6255#R:76#I:-5415#A:3084#G:-155
#S:6127#R:75#I:-5415#A:11342#G:-154
#S:5979#R:75#I:-7230#A:7445#G:-155
#S:5844#R:72#I:-7230#A:10620#G:-158
#S:5667#R:69#I:-7230#A:2855#G:-162
#S:5530#R:69#I:-7230#A:9836#G:-158
#S:5344#R:67#I:-7230#A:505#G:-161
#S:5207#R:65#I:-7230#A:8873#G:-155
#S:4989#R:64#I:-7230#A:-5965#G:-162
#S:4852#R:61#I:-7230#A:7898#G:-152
#S:4678#R:59#I:-7230#A:1857#G:-159
#S:4541#R:56#I:-7230#A:8240#G:-155
#S:4368#R:53#I:-7230#A:2331#G:-162
#S:4213#R:52#I:-7230#A:5021#G:-159
#S:4059#R:50#I:-7230#A:5696#G:-162
#S:3880#R:47#I:-7230#A:294#G:-160
#S:3705#R:45#I:-7230#A:871#G:-160
#S:3508#R:43#I:-8685#A:-4447#G:-157
#S:3368#R:44#I:-8685#A:6494#G:-155
#S:3214#R:41#I:-8685#A:3622#G:-156
#S:3066#R:40#I:-8685#A:5130#G:-158
#S:2898#R:38#I:-8685#A:1329#G:-160
#S:2760#R:34#I:-8685#A:6450#G:-156
#S:2609#R:32#I:-8685#A:4231#G:-159
#S:2459#R:33#I:-8685#A:3367#G:-154
#S:2300#R:-55#I:-13680#A:-8612#G:-104
#S:2151#R:-58#I:-13680#A:-7198#G:-102
#S:2015#R:-57#I:-13680#A:-4977#G:-100
#S:1879#R:-59#I:-13680#A:-5053#G:-101
#S:1730#R:-62#I:-13680#A:-7514#G:-102
#S:1573#R:-63#I:-13680#A:-9696#G:-100
#S:1428#R:-61#I:-13680#A:-8494#G:-95
#S:1297#R:-64#I:-13680#A:-6168#G:-93
#S:1182#R:-65#I:-10065#A:-3230#G:-92
#S:1056#R:-65#I:-10065#A:-5397#G:-93
#S:920#R:-68#I:-10065#A:-7611#G:-93
#S:768#R:-67#I:-10065#A:-11518#G:-90
#S:637#R:-67#I:-10065#A:-7975#G:-87
#S:520#R:-70#I:-10065#A:-5895#G:-84
#S:385#R:-76#I:-10065#A:-9537#G:-85
#S:271#R:-74#I:-10065#A:-5863#G:-83
#S:130#R:-77#I:-7800#A:-11214#G:-83
#S:7#R:-76#I:-7800#A:-8353#G:-80
#S:-104#R:-76#I:-7800#A:-7211#G:-76
#S:-203#R:-81#I:-7800#A:-5081#G:-75
#S:-312#R:-79#I:-7800#A:-7463#G:-74
#S:-410#R:-80#I:-7800#A:-5295#G:-74
#S:-535#R:-77#I:-7800#A:-11030#G:-73
#S:-644#R:-82#I:-2265#A:-8466#G:-70
#S:-741#R:-83#I:-2265#A:-6722#G:-67
#S:-850#R:-80#I:-2265#A:-9214#G:-67
#S:-943#R:-85#I:-2265#A:-6716#G:-64
#S:-1042#R:-84#I:-2265#A:-7965#G:-65
#S:-1151#R:-84#I:-2265#A:-10472#G:-63
#S:-1250#R:-87#I:-2265#A:-9104#G:-60
#S:-1339#R:-86#I:-2265#A:-7619#G:-58
#S:-1427#R:-87#I:810#A:-7942#G:-56
#S:-1512#R:-88#I:810#A:-7574#G:-55
#S:-1603#R:-88#I:810#A:-8792#G:-55
#S:-1693#R:-87#I:810#A:-9523#G:-51
#S:-1788#R:-89#I:810#A:-10378#G:-52
#S:-1856#R:-89#I:810#A:-6090#G:-47
#S:-1948#R:-91#I:810#A:-10559#G:-49
#S:-2013#R:-91#I:810#A:-6208#G:-44
#S:-2110#R:-94#I:585#A:-12063#G:-47
#S:-2178#R:-91#I:585#A:-7562#G:-41
#S:-2269#R:-93#I:585#A:-11889#G:-43
#S:-2324#R:-94#I:585#A:-6172#G:-36
#S:-2407#R:-91#I:585#A:-11555#G:-38
#S:-2459#R:-95#I:585#A:-6310#G:-33
#S:-2547#R:-95#I:585#A:-12950#G:-36
#S:-2601#R:-94#I:585#A:-7337#G:-31
#S:-2684#R:-96#I:240#A:-12904#G:-32
#S:-2732#R:-95#I:240#A:-6911#G:-28
#S:-2802#R:-92#I:240#A:-11208#G:-28
#S:-2862#R:-95#I:240#A:-9838#G:-25
#S:-2930#R:-98#I:240#A:-11798#G:-24
#S:-2980#R:-97#I:240#A:-8797#G:-21
#S:-3043#R:-95#I:240#A:-11468#G:-21
#S:-3084#R:-96#I:240#A:-7930#G:-17
#S:-3140#R:-97#I:345#A:-10643#G:-19
#S:-3188#R:-95#I:345#A:-9666#G:-16
#S:-3245#R:-95#I:345#A:-12197#G:-13
#S:-3284#R:-96#I:345#A:-9147#G:-10
#S:-3331#R:-95#I:345#A:-11081#G:-9
#S:-3365#R:-98#I:345#A:-8649#G:-8
#S:-3404#R:-89#I:345#A:-9627#G:-8
#S:-3437#R:-95#I:345#A:-8885#G:-6
#S:-3478#R:-97#I:315#A:-10841#G:-4
#S:-3512#R:-96#I:315#A:-9844#G:-3
#S:-3546#R:-96#I:315#A:-10426#G:0
#S:-3580#R:-95#I:315#A:-10410#G:0
#S:-3603#R:-94#I:315#A:-8566#G:1
#S:-3629#R:-95#I:315#A:-9327#G:2
#S:-3657#R:-95#I:315#A:-10202#G:4
#S:-3681#R:-95#I:315#A:-9535#G:5
#S:-3709#R:-95#I:315#A:-10668#G:6
#S:-3730#R:-97#I:315#A:-9727#G:9
#S:-3749#R:-98#I:315#A:-9643#G:10
#S:-3762#R:-96#I:315#A:-8605#G:11
#S:-3771#R:-95#I:315#A:-8070#G:12
#S:-3792#R:-97#I:315#A:-10349#G:11
#S:-3810#R:-95#I:315#A:-10072#G:13
#S:-3827#R:-97#I:345#A:-10317#G:15
#S:-3843#R:-89#I:345#A:-10435#G:17
#S:-3847#R:-95#I:345#A:-8607#G:19
#S:-3852#R:-95#I:345#A:-8456#G:18
#S:-3848#R:-96#I:345#A:-6744#G:18
#S:-3859#R:-95#I:345#A:-9890#G:19
#S:-3860#R:-95#I:345#A:-8193#G:20
#S:-3872#R:-92#I:345#A:-10824#G:22
#S:-3872#R:-94#I:345#A:-8692#G:24
#S:-3872#R:-94#I:345#A:-8788#G:24
#S:-3863#R:-95#I:345#A:-7082#G:25
#S:-3858#R:-94#I:345#A:-7679#G:24
#S:-3860#R:-93#I:345#A:-9412#G:25
#S:-3860#R:-93#I:345#A:-9175#G:26
#S:-3864#R:-90#I:345#A:-10193#G:27
#S:-3859#R:-92#I:345#A:-8975#G:30
#S:-3851#R:-92#I:345#A:-8403#G:30
#S:-3837#R:-92#I:345#A:-7353#G:31
#S:-3825#R:-91#I:345#A:-7546#G:30
#S:-3818#R:-92#I:345#A:-8720#G:31
#S:-3811#R:-89#I:345#A:-8844#G:32
#S:-3807#R:-88#I:345#A:-9853#G:34
#S:-3802#R:-87#I:345#A:-9905#G:35
#S:-3786#R:-88#I:345#A:-7880#G:36
#S:-3773#R:-86#I:345#A:-8426#G:36
#S:-3752#R:-88#I:345#A:-6921#G:36
#S:-3743#R:-87#I:345#A:-9026#G:35
#S:-3743#R:-86#I:345#A:-10952#G:36
#S:-3729#R:-87#I:345#A:-8851#G:39
#S:-3724#R:-86#I:345#A:-10808#G:40
#S:-3697#R:-84#I:345#A:-6822#G:42
#S:-3680#R:-85#I:345#A:-8471#G:41
#S:-3654#R:-85#I:345#A:-6673#G:41
#S:-3635#R:-84#I:345#A:-8187#G:41
#S:-3622#R:-84#I:345#A:-9449#G:42
#S:-3601#R:-83#I:345#A:-8549#G:45
#S:-3584#R:-82#I:345#A:-9401#G:46
#S:-3560#R:-83#I:345#A:-8270#G:47
#S:-3531#R:-82#I:345#A:-7121#G:47
#S:-3501#R:-82#I:345#A:-6758#G:46
#S:-3474#R:-80#I:345#A:-7329#G:46
#S:-3451#R:-80#I:345#A:-8372#G:47
#S:-3428#R:-79#I:345#A:-8577#G:48
#S:-3406#R:-77#I:345#A:-9112#G:50
#S:-3383#R:-78#I:345#A:-9153#G:51
#S:-3348#R:-78#I:345#A:-6906#G:52
#S:-3313#R:-76#I:345#A:-6526#G:51
#S:-3280#R:-71#I:345#A:-6950#G:51
#S:-3249#R:-76#I:345#A:-7324#G:51
#S:-3221#R:-74#I:345#A:-8178#G:52
#S:-3200#R:-75#I:345#A:-9723#G:53
#S:-3171#R:-74#I:345#A:-8544#G:56
#S:-3132#R:-68#I:345#A:-6758#G:57
#S:-3090#R:-70#I:345#A:-6113#G:57
#S:-3046#R:-68#I:345#A:-5462#G:56
#S:-3007#R:-66#I:315#A:-6534#G:56
#S:-2968#R:-67#I:315#A:-6526#G:56
#S:-2931#R:-67#I:315#A:-6986#G:57
#S:-2900#R:-64#I:315#A:-8158#G:57
#S:-2862#R:-67#I:315#A:-7414#G:60
#S:-2818#R:-69#I:315#A:-6168#G:60
#S:-2778#R:-63#I:315#A:-6842#G:60
#S:-2732#R:-64#I:315#A:-5844#G:61
#S:-2689#R:-62#I:345#A:-6257#G:60
#S:-2647#R:-62#I:345#A:-6408#G:60
#S:-2605#R:-61#I:345#A:-6239#G:60
#S:-2569#R:-62#I:345#A:-7388#G:60
#S:-2528#R:-60#I:345#A:-6733#G:62
#S:-2483#R:-58#I:345#A:-6253#G:63
#S:-2437#R:-58#I:345#A:-6178#G:64
#S:-2391#R:-59#I:345#A:-6047#G:64
#S:-2339#R:-56#I:315#A:-4703#G:63
#S:-2292#R:-57#I:315#A:-5519#G:63
#S:-2245#R:-56#I:315#A:-5475#G:63
#S:-2194#R:-53#I:315#A:-4964#G:64
#S:-2155#R:-53#I:315#A:-7117#G:63
#S:-2109#R:-53#I:315#A:-6095#G:66
#S:-2065#R:-50#I:315#A:-6337#G:65
#S:-2013#R:-52#I:315#A:-5175#G:67
#S:-1963#R:-51#I:345#A:-5362#G:67
#S:-1905#R:-49#I:345#A:-3729#G:67
#S:-1856#R:-50#I:345#A:-5359#G:66
#S:-1803#R:-49#I:345#A:-4508#G:66
#S:-1754#R:-47#I:345#A:-5163#G:66
#S:-1708#R:-48#I:345#A:-6044#G:67
#S:-1658#R:-47#I:345#A:-5452#G:69
#S:-1602#R:-44#I:345#A:-4364#G:69
#S:-1546#R:-44#I:345#A:-4337#G:70
#S:-1488#R:-44#I:345#A:-4032#G:70
#S:-1430#R:-42#I:345#A:-3688#G:69
#S:-1373#R:-44#I:345#A:-3831#G:69
#S:-1315#R:-43#I:345#A:-3526#G:69
#S:-1263#R:-41#I:345#A:-4522#G:68
#S:-1211#R:-40#I:345#A:-4977#G:70
#S:-1158#R:-40#I:345#A:-4775#G:71
#S:-1096#R:-38#I:345#A:-3223#G:72
#S:-1041#R:-38#I:345#A:-4312#G:71
#S:-978#R:-39#I:345#A:-2961#G:72
#S:-922#R:-37#I:345#A:-3999#G:71
#S:-865#R:-35#I:345#A:-3783#G:71
#S:-811#R:-35#I:345#A:-4234#G:71
#S:-756#R:-34#I:345#A:-4139#G:71
#S:-701#R:-30#I:375#A:-4277#G:72
#S:-645#R:-31#I:375#A:-4188#G:73
#S:-584#R:-30#I:375#A:-3049#G:73
#S:-528#R:-28#I:375#A:-3859#G:72
#S:-471#R:-27#I:375#A:-3798#G:73
#S:-413#R:-25#I:375#A:-3461#G:73
#S:-356#R:-25#I:375#A:-3435#G:72
#S:-298#R:-25#I:375#A:-3420#G:73
#S:-239#R:-25#I:345#A:-3075#G:73
#S:-177#R:-23#I:345#A:-2530#G:73
#S:-117#R:-23#I:345#A:-2776#G:73
#S:-55#R:-22#I:345#A:-2316#G:73
#S:0#R:-20#I:345#A:-3357#G:72
#S:55#R:-21#I:345#A:-3464#G:73
#S:110#R:-20#I:345#A:-3289#G:73
#S:164#R:-19#I:345#A:-3516#G:73
#S:227#R:-19#I:375#A:-1852#G:74
#S:283#R:-15#I:375#A:-2927#G:73
#S:347#R:-14#I:375#A:-1340#G:73
#S:405#R:-15#I:375#A:-2316#G:72
#S:465#R:-14#I:375#A:-2051#G:73
#S:521#R:-14#I:375#A:-2635#G:72
#S:580#R:-14#I:375#A:-2007#G:73
#S:638#R:-12#I:375#A:-2205#G:73
#S:695#R:-12#I:345#A:-2316#G:73
#S:754#R:-9#I:345#A:-1891#G:73
#S:819#R:-11#I:345#A:-909#G:74
#S:877#R:-8#I:345#A:-1712#G:72
#S:945#R:-8#I:345#A:6#G:73
#S:1002#R:-8#I:345#A:-1906#G:72
#S:1068#R:-5#I:345#A:-34#G:72
#S:1126#R:-3#I:345#A:-1342#G:71
#S:1189#R:-4#I:375#A:-282#G:71
#S:1243#R:-4#I:375#A:-1745#G:70
#S:1299#R:-3#I:375#A:-1577#G:71
#S:1352#R:-2#I:375#A:-2042#G:71
#S:1415#R:-2#I:375#A:-370#G:72
#S:1478#R:1#I:375#A:-300#G:72
#S:1542#R:0#I:375#A:376#G:70
#S:1606#R:-1#I:345#A:413#G:70
#S:1662#R:1#I:345#A:-806#G:69
#S:1719#R:1#I:345#A:-525#G:69
#S:1773#R:3#I:345#A:-1150#G:69
#S:1830#R:5#I:345#A:-378#G:69
#S:1885#R:4#I:345#A:-760#G:69
#S:1947#R:4#I:345#A:622#G:69
#S:2007#R:9#I:345#A:464#G:68
#S:2070#R:7#I:345#A:1113#G:68
#S:2131#R:8#I:345#A:988#G:67
#S:2190#R:10#I:345#A:777#G:67
#S:2249#R:10#I:345#A:985#G:66
#S:2305#R:9#I:345#A:635#G:65
#S:2359#R:12#I:345#A:510#G:64
#S:2415#R:13#I:345#A:705#G:65
#S:2467#R:11#I:345#A:140#G:64
#S:2522#R:11#I:345#A:882#G:64
#S:2577#R:14#I:345#A:984#G:64
#S:2635#R:14#I:345#A:1607#G:64
#S:2694#R:16#I:345#A:1911#G:63
#S:2749#R:16#I:345#A:1299#G:63
#S:2802#R:16#I:345#A:1086#G:62
#S:2854#R:16#I:345#A:909#G:62
#S:2903#R:18#I:345#A:566#G:61
#S:2955#R:17#I:345#A:1348#G:61
#S:3003#R:22#I:345#A:760#G:60
#S:3056#R:21#I:345#A:1821#G:60
#S:3106#R:20#I:345#A:1445#G:59
#S:3155#R:21#I:345#A:1435#G:58
#S:3207#R:22#I:345#A:1920#G:59
#S:3255#R:24#I:345#A:1279#G:58
#S:3306#R:26#I:345#A:2012#G:58
#S:3355#R:25#I:345#A:1778#G:57
#S:3404#R:24#I:345#A:2012#G:56
#S:3454#R:24#I:345#A:2419#G:56
#S:3497#R:27#I:345#A:1359#G:54
#S:3542#R:27#I:345#A:1802#G:54
#S:3586#R:30#I:345#A:1692#G:54
#S:3630#R:32#I:345#A:1664#G:54
#S:3677#R:33#I:345#A:2426#G:54
#S:3722#R:30#I:375#A:2278#G:53
#S:3769#R:31#I:375#A:2948#G:52
#S:3811#R:32#I:375#A:1847#G:52
#S:3850#R:32#I:375#A:1642#G:51
#S:3889#R:33#I:375#A:1553#G:51
#S:3931#R:34#I:375#A:2473#G:50
#S:3969#R:32#I:375#A:1863#G:49
#S:4009#R:34#I:345#A:2526#G:48
#S:4045#R:37#I:345#A:1764#G:48
#S:4083#R:34#I:345#A:2400#G:47
#S:4120#R:35#I:345#A:2294#G:47
#S:4158#R:36#I:345#A:2526#G:47
#S:4196#R:36#I:345#A:2667#G:46
#S:4235#R:36#I:345#A:2886#G:46
#S:4269#R:40#I:345#A:2184#G:45
#S:4305#R:39#I:345#A:2740#G:44
#S:4338#R:39#I:345#A:2358#G:43
#S:4374#R:40#I:345#A:3151#G:43
#S:4408#R:40#I:345#A:2987#G:42
#S:4441#R:41#I:345#A:3044#G:41
#S:4473#R:42#I:345#A:2843#G:41
#S:4505#R:41#I:345#A:3016#G:40
#S:4538#R:41#I:345#A:3187#G:40
#S:4571#R:43#I:345#A:3400#G:39
#S:4603#R:43#I:345#A:3228#G:39
#S:4634#R:41#I:345#A:3272#G:38
#S:4663#R:44#I:345#A:3258#G:37
#S:4691#R:42#I:345#A:3233#G:36
#S:4721#R:42#I:345#A:3680#G:36
#S:4751#R:43#I:345#A:3808#G:35
#S:4780#R:43#I:345#A:3845#G:34
#S:4807#R:44#I:345#A:3781#G:33
#S:4834#R:47#I:345#A:3706#G:33
#S:4857#R:45#I:345#A:3195#G:32
#S:4885#R:46#I:345#A:4135#G:32
#S:4910#R:45#I:345#A:3769#G:31
#S:4937#R:46#I:345#A:4442#G:30
#S:4962#R:47#I:345#A:4349#G:29
#S:4985#R:46#I:345#A:4080#G:28
#S:5009#R:50#I:345#A:4353#G:28
#S:5029#R:48#I:345#A:3708#G:27
#S:5051#R:46#I:345#A:4397#G:26
#S:5069#R:50#I:345#A:3869#G:25
#S:5089#R:49#I:345#A:4198#G:25
#S:5108#R:49#I:345#A:4176#G:24
#S:5127#R:51#I:345#A:4426#G:23
#S:5146#R:50#I:345#A:4666#G:22
#S:5163#R:50#I:375#A:4282#G:22
#S:5179#R:50#I:375#A:4252#G:21
#S:5195#R:51#I:375#A:4583#G:20
#S:5211#R:45#I:375#A:4513#G:20
#S:5225#R:53#I:375#A:4401#G:19
#S:5240#R:51#I:375#A:4728#G:18
#S:5249#R:52#I:375#A:3786#G:17
#S:5263#R:52#I:375#A:4770#G:17
#S:5269#R:52#I:375#A:3586#G:15
#S:5281#R:52#I:375#A:4859#G:15
#S:5288#R:54#I:375#A:3928#G:14
#S:5300#R:52#I:375#A:5097#G:14
#S:5310#R:53#I:375#A:4732#G:13
#S:5317#R:55#I:375#A:4475#G:12
#S:5322#R:53#I:375#A:4143#G:11
