#S:4151#R:61#I:255#A:4015#G:0
#S:4150#R:62#I:255#A:4047#G:0
#S:4152#R:61#I:255#A:4709#G:0
#S:4149#R:62#I:255#A:3710#G:0
#S:4147#R:62#I:255#A:3865#G:0
#S:4144#R:60#I:255#A:3652#G:0
#S:4137#R:61#I:255#A:2918#G:0
#S:4138#R:63#I:255#A:4495#G:0
#S:4134#R:55#I:255#A:3453#G:0
#S:4137#R:61#I:255#A:4867#G:0
#S:4133#R:62#I:255#A:3520#G:0
#S:4133#R:61#I:255#A:4289#G:0
#S:4131#R:62#I:255#A:3874#G:0
#S:4133#R:63#I:255#A:4562#G:0
#S:4130#R:60#I:255#A:3641#G:0
#S:4128#R:62#I:255#A:3785#G:0
#S:4126#R:63#I:255#A:3747#G:0
#S:4127#R:62#I:285#A:4478#G:0
#S:4129#R:60#I:285#A:4692#G:0
#S:4133#R:63#I:285#A:4955#G:0
#S:4132#R:62#I:285#A:4037#G:0
#S:4136#R:63#I:285#A:5038#G:0
#S:4135#R:62#I:285#A:4044#G:0
#S:4139#R:63#I:285#A:4988#G:0
#S:4138#R:62#I:255#A:4026#G:0
#S:4135#R:62#I:255#A:3614#G:0
#S:4137#R:63#I:255#A:4671#G:0
#S:4139#R:59#I:255#A:4539#G:0
#S:4144#R:62#I:255#A:5276#G:0
#S:4143#R:62#I:255#A:4038#G:0
#S:4148#R:62#I:255#A:4971#G:1
#S:4148#R:62#I:255#A:4303#G:0
#S:4151#R:62#I:285#A:4842#G:0
#S:4148#R:62#I:285#A:3750#G:0
#S:4144#R:61#I:285#A:3547#G:0
#S:4139#R:63#I:285#A:3214#G:0
#S:4141#R:60#I:285#A:4608#G:0
#S:4141#R:60#I:285#A:4282#G:0
#S:4143#R:62#I:285#A:4570#G:0
#S:4141#R:62#I:285#A:3897#G:0
#S:4140#R:61#I:255#A:4081#G:0
#S:4144#R:62#I:255#A:4976#G:0
#S:4143#R:62#I:255#A:3946#G:0
#S:4144#R:61#I:255#A:4526#G:0
#S:4139#R:65#I:255#A:3226#G:0
#S:4139#R:62#I:255#A:4118#G:1
#S:4141#R:62#I:255#A:4357#G:1
#S:4146#R:62#I:255#A:5031#G:1
#S:4142#R:66#I:255#A:3515#G:0
#S:4145#R:61#I:255#A:4711#G:1
#S:4147#R:62#I:255#A:4350#G:1
#S:4149#R:63#I:255#A:4724#G:0
#S:4152#R:62#I:255#A:4746#G:1
#S:4148#R:62#I:255#A:3504#G:0
#S:4146#R:61#I:255#A:3934#G:0
#S:4145#R:60#I:255#A:3971#G:0
#S:4144#R:60#I:255#A:4008#G:0
#S:4146#R:63#I:255#A:4654#G:0
#S:4149#R:61#I:255#A:4711#G:1
#S:4149#R:59#I:255#A:4331#G:0
#S:4153#R:63#I:255#A:4997#G:0
#S:4151#R:61#I:255#A:3788#G:0
#S:4149#R:60#I:255#A:3890#G:0
#S:4148#R:63#I:255#A:3969#G:0
#S:4145#R:61#I:255#A:3722#G:0
#S:4148#R:61#I:255#A:4867#G:0
#S:4148#R:63#I:255#A:4210#G:0
#S:4149#R:61#I:255#A:4487#G:0
#S:4152#R:60#I:255#A:4943#G:0
#S:4151#R:61#I:255#A:4128#G:0
#S:4152#R:61#I:255#A:4417#G:0
#S:4145#R:62#I:255#A:2845#G:0
#S:4147#R:62#I:255#A:4618#G:0
#S:4139#R:61#I:255#A:2674#G:0
#S:4144#R:61#I:255#A:5291#G:0
#S:4139#R:64#I:255#A:3308#G:0
#S:4140#R:61#I:255#A:4533#G:0
#S:4144#R:61#I:255#A:5102#G:0
#S:4144#R:62#I:255#A:4163#G:0
#S:4149#R:62#I:255#A:5265#G:0
#S:4142#R:61#I:255#A:3147#G:-1
#S:4141#R:62#I:255#A:3970#G:0
#S:4133#R:61#I:255#A:2830#G:-1
#S:4133#R:61#I:255#A:4152#G:0
#S:4129#R:63#I:255#A:3606#G:-1
#S:4128#R:64#I:255#A:4064#G:0
#S:4132#R:61#I:255#A:5032#G:0
#S:4132#R:62#I:285#A:4321#G:0
#S:4139#R:63#I:285#A:5569#G:0
#S:4136#R:61#I:285#A:3749#G:-1
#S:4133#R:62#I:285#A:3540#G:0
#S:4130#R:63#I:285#A:3559#G:0
#S:4124#R:61#I:285#A:3022#G:0
#S:4126#R:61#I:285#A:4581#G:0
#S:4125#R:62#I:285#A:4062#G:0
#S:4130#R:62#I:255#A:5246#G:0
#S:4135#R:61#I:255#A:5278#G:0
#S:4139#R:63#I:255#A:4945#G:0
#S:4143#R:61#I:255#A:4980#G:0
#S:4139#R:62#I:255#A:3429#G:0
#S:4142#R:62#I:255#A:4838#G:0
#S:4135#R:61#I:255#A:2928#G:0
#S:4140#R:62#I:255#A:5067#G:1
#S:4137#R:62#I:255#A:3730#G:0
#S:4137#R:60#I:255#A:4198#G:0
#S:4143#R:60#I:255#A:5339#G:0
#S:4142#R:63#I:255#A:3981#G:0
#S:4149#R:61#I:255#A:5695#G:0
#S:4146#R:62#I:255#A:3694#G:0
#S:4148#R:64#I:255#A:4665#G:0
#S:4143#R:62#I:255#A:3255#G:0
#S:4148#R:60#I:255#A:5099#G:1
#S:4147#R:61#I:255#A:4004#G:0
#S:4151#R:63#I:255#A:5000#G:0
#S:4152#R:60#I:255#A:4431#G:0
#S:4151#R:61#I:255#A:4080#G:0
#S:4152#R:63#I:255#A:4369#G:0
#S:4152#R:62#I:255#A:4169#G:0
#S:4146#R:62#I:255#A:3073#G:0
#S:4147#R:64#I:255#A:4424#G:0
#S:4138#R:60#I:255#A:2378#G:0
#S:4138#R:61#I:255#A:4325#G:0
#S:4135#R:63#I:255#A:3543#G:0
#S:4135#R:59#I:255#A:4294#G:0
#S:4139#R:61#I:255#A:5004#G:0
#S:4138#R:62#I:255#A:3988#G:0
#S:4139#R:61#I:255#A:4498#G:0
#S:4134#R:62#I:255#A:3318#G:0
#S:4133#R:63#I:255#A:3985#G:0
#S:4123#R:62#I:255#A:2222#G:0
#S:4124#R:61#I:255#A:4295#G:1
#S:4119#R:64#I:255#A:3129#G:0
#S:4122#R:61#I:255#A:4545#G:1
#S:4129#R:61#I:255#A:5388#G:1
#S:4129#R:64#I:255#A:4284#G:0
#S:4130#R:60#I:255#A:4434#G:0
#S:4130#R:62#I:255#A:4274#G:0
#S:4125#R:62#I:255#A:3174#G:0
#S:4129#R:62#I:255#A:4729#G:1
#S:4128#R:61#I:255#A:3770#G:1
#S:4129#R:64#I:255#A:4248#G:1
#S:4133#R:61#I:255#A:4927#G:1
#S:4133#R:62#I:255#A:4304#G:0
#S:4138#R:61#I:255#A:5241#G:0
#S:4137#R:62#I:255#A:4095#G:0
#S:4138#R:61#I:255#A:4492#G:0
#S:4138#R:60#I:255#A:4327#G:0
#S:4139#R:63#I:255#A:4460#G:0
#S:4134#R:61#I:255#A:3316#G:0
#S:4137#R:62#I:255#A:4661#G:1
#S:4131#R:62#I:330#A:3050#G:0
#S:4136#R:64#I:330#A:4984#G:1
#S:4137#R:61#I:330#A:4432#G:0
#S:4137#R:62#I:330#A:4270#G:0
#S:4139#R:61#I:330#A:4650#G:0
#S:4139#R:59#I:330#A:4199#G:0
#S:4142#R:63#I:330#A:4787#G:0
#S:4135#R:61#I:330#A:2933#G:0
#S:4135#R:61#I:285#A:4283#G:0
#S:4130#R:64#I:285#A:3149#G:0
#S:4136#R:61#I:285#A:5245#G:1
#S:4138#R:61#I:285#A:4587#G:0
#S:4144#R:63#I:285#A:5503#G:0
#S:4142#R:62#I:285#A:3953#G:-1
#S:4147#R:60#I:285#A:5191#G:0
#S:4146#R:63#I:330#A:4022#G:0
#S:4149#R:60#I:330#A:4865#G:0
#S:4147#R:61#I:330#A:3823#G:0
#S:4149#R:62#I:330#A:4619#G:0
#S:4151#R:61#I:330#A:4560#G:0
#S:4155#R:61#I:330#A:5053#G:0
#S:4159#R:62#I:330#A:5038#G:0
#S:4160#R:63#I:330#A:4650#G:-1
#S:4160#R:62#I:330#A:4502#G:-1
#S:4161#R:61#I:330#A:4694#G:-1
#S:4165#R:62#I:330#A:4991#G:0
#S:4157#R:61#I:330#A:2981#G:-2
#S:4158#R:61#I:330#A:4535#G:0
#S:4152#R:61#I:330#A:3190#G:-1
#S:4153#R:61#I:330#A:4513#G:0
#S:4151#R:61#I:330#A:3856#G:0
#S:4152#R:64#I:360#A:4671#G:-1
#S:4148#R:61#I:360#A:3709#G:-1
#S:4147#R:62#I:360#A:4331#G:-1
#S:4144#R:63#I:360#A:3881#G:-1
#S:4140#R:60#I:360#A:3583#G:-1
#S:4135#R:62#I:360#A:3250#G:0
#S:4132#R:65#I:360#A:3695#G:0
#S:4133#R:62#I:360#A:4400#G:0
#S:4132#R:62#I:330#A:4011#G:0
#S:4136#R:63#I:330#A:5009#G:0
#S:4136#R:61#I:330#A:4152#G:0
#S:4137#R:61#I:330#A:4438#G:0
#S:4135#R:63#I:330#A:3804#G:0
#S:4135#R:61#I:330#A:4158#G:0
#S:4133#R:62#I:330#A:3812#G:0
#S:4128#R:62#I:330#A:3316#G:0
#S:4129#R:61#I:330#A:4319#G:1
#S:4126#R:61#I:330#A:3669#G:0
#S:4129#R:62#I:330#A:4598#G:1
#S:4128#R:61#I:330#A:4087#G:0
#S:4131#R:61#I:330#A:4555#G:1
#S:4128#R:63#I:330#A:3684#G:0
#S:4131#R:63#I:330#A:4542#G:1
#S:4130#R:61#I:330#A:3989#G:0
#S:4125#R:62#I:330#A:3320#G:0
#S:4124#R:63#I:330#A:3898#G:1
#S:4121#R:60#I:330#A:3431#G:1
#S:4123#R:62#I:330#A:4302#G:2
#S:4125#R:65#I:330#A:4461#G:1
#S:4127#R:60#I:330#A:4437#G:1
#S:4126#R:60#I:330#A:4089#G:0
#S:4127#R:63#I:285#A:4181#G:1
#S:4128#R:61#I:285#A:4220#G:1
#S:4130#R:62#I:285#A:4414#G:1
#S:4129#R:62#I:285#A:3741#G:1
#S:4132#R:61#I:285#A:4611#G:1
#S:4133#R:60#I:285#A:3937#G:2
#S:4138#R:63#I:285#A:4749#G:2
#S:4140#R:59#I:285#A:4508#G:1
#S:4143#R:61#I:330#A:4687#G:1
#S:4141#R:63#I:330#A:3644#G:1
#S:4143#R:61#I:330#A:4441#G:1
#S:4146#R:61#I:330#A:4606#G:1
#S:4145#R:63#I:330#A:3941#G:1
#S:4150#R:61#I:330#A:4944#G:2
#S:4150#R:61#I:330#A:4008#G:1
#S:4154#R:63#I:330#A:4717#G:2
#S:4155#R:60#I:330#A:4269#G:1
#S:4159#R:61#I:330#A:4797#G:1
#S:4158#R:62#I:330#A:4139#G:0
#S:4159#R:60#I:330#A:4475#G:0
#S:4159#R:60#I:330#A:4337#G:0
#S:4158#R:60#I:330#A:4157#G:0
#S:4156#R:63#I:330#A:3840#G:0
#S:4158#R:62#I:330#A:4544#G:1
#S:4160#R:58#I:285#A:4547#G:1
#S:4161#R:63#I:285#A:4239#G:1
#S:4163#R:61#I:285#A:4692#G:0
#S:4165#R:59#I:285#A:4724#G:0
#S:4166#R:63#I:285#A:4416#G:0
#S:4165#R:61#I:285#A:4126#G:0
#S:4167#R:60#I:285#A:4579#G:0
#S:4164#R:62#I:285#A:3590#G:0
#S:4167#R:62#I:330#A:4899#G:0
#S:4165#R:62#I:330#A:3871#G:0
#S:4166#R:62#I:330#A:4510#G:0
#S:4169#R:62#I:330#A:4786#G:0
#S:4171#R:61#I:330#A:4634#G:0
#S:4172#R:63#I:330#A:4762#G:-1
#S:4169#R:62#I:330#A:3809#G:-1
#S:4169#R:59#I:330#A:4226#G:0
#S:4167#R:63#I:285#A:4165#G:-1
#S:4164#R:61#I:285#A:3929#G:-1
#S:4165#R:61#I:285#A:4539#G:0
#S:4163#R:64#I:285#A:3839#G:0
#S:4165#R:59#I:285#A:4635#G:0
#S:4166#R:61#I:285#A:4598#G:-1
#S:4165#R:62#I:285#A:4407#G:-2
#S:4164#R:63#I:285#A:4191#G:-1
#S:4161#R:60#I:285#A:3871#G:-1
#S:4164#R:62#I:285#A:5073#G:-1
#S:4157#R:62#I:285#A:3331#G:-2
#S:4163#R:61#I:285#A:5535#G:0
#S:4157#R:61#I:285#A:3354#G:-1
#S:4158#R:62#I:285#A:4365#G:0
#S:4160#R:61#I:285#A:4777#G:-1
#S:4160#R:61#I:330#A:4521#G:-1
#S:4162#R:65#I:330#A:4767#G:-1
#S:4159#R:61#I:330#A:4108#G:-2
#S:4161#R:62#I:330#A:4767#G:-1
#S:4160#R:61#I:330#A:4556#G:-2
#S:4159#R:61#I:330#A:4317#G:-1
#S:4160#R:63#I:330#A:4730#G:-1
#S:4159#R:62#I:330#A:4083#G:0
#S:4156#R:61#I:330#A:3792#G:-1
#S:4160#R:61#I:330#A:5191#G:-1
#S:4153#R:64#I:330#A:3344#G:-2
#S:4156#R:60#I:330#A:5118#G:-1
#S:4148#R:61#I:330#A:3088#G:-2
#S:4152#R:63#I:330#A:5203#G:-1
#S:4144#R:63#I:330#A:3134#G:-2
#S:4145#R:61#I:330#A:4716#G:-1
#S:4141#R:63#I:300#A:3575#G:-1
#S:4138#R:61#I:300#A:3666#G:0
#S:4135#R:61#I:300#A:3654#G:0
#S:4131#R:63#I:300#A:3543#G:-1
#S:4131#R:61#I:300#A:4234#G:0
#S:4126#R:61#I:300#A:3463#G:-1
#S:4125#R:63#I:300#A:4082#G:0
#S:4122#R:61#I:300#A:3870#G:-1
#S:4118#R:61#I:330#A:3468#G:0
#S:4117#R:60#I:330#A:3942#G:0
#S:4113#R:62#I:330#A:3433#G:0
#S:4108#R:61#I:330#A:3185#G:0
#S:4110#R:61#I:330#A:4565#G:0
#S:4105#R:62#I:330#A:3205#G:0
#S:4114#R:61#I:330#A:5982#G:0
#S:4112#R:61#I:330#A:3871#G:0
#S:4115#R:63#I:285#A:4878#G:0
#S:4115#R:62#I:285#A:4272#G:0
#S:4112#R:61#I:285#A:3592#G:0
#S:4112#R:63#I:285#A:4168#G:0
#S:4109#R:61#I:285#A:3538#G:0
#S:4109#R:62#I:285#A:4130#G:0
#S:4111#R:63#I:285#A:4680#G:0
#S:4112#R:59#I:330#A:4453#G:0
#S:4113#R:61#I:330#A:4433#G:0
#S:4115#R:63#I:330#A:4553#G:0
#S:4114#R:61#I:330#A:4049#G:0
#S:4112#R:61#I:330#A:3778#G:0
#S:4111#R:62#I:330#A:3883#G:1
#S:4107#R:61#I:330#A:3286#G:1
#S:4105#R:62#I:330#A:3541#G:1
#S:4108#R:63#I:330#A:4557#G:1
#S:4107#R:59#I:330#A:3927#G:0
#S:4111#R:62#I:330#A:4851#G:1
#S:4111#R:63#I:330#A:4200#G:0
#S:4112#R:60#I:330#A:4216#G:1
#S:4114#R:61#I:330#A:4410#G:1
#S:4112#R:65#I:330#A:3708#G:1
#S:4113#R:62#I:330#A:4151#G:1
#S:4111#R:61#I:330#A:3554#G:1
#S:4111#R:63#I:330#A:3849#G:2
#S:4112#R:60#I:330#A:4243#G:1
#S:4113#R:61#I:330#A:4281#G:1
#S:4116#R:62#I:330#A:4668#G:1
#S:4119#R:62#I:330#A:4566#G:1
#S:4120#R:61#I:330#A:4211#G:1
#S:4122#R:61#I:330#A:4392#G:1
#S:4121#R:63#I:285#A:3901#G:1
#S:4124#R:61#I:285#A:4373#G:2
#S:4121#R:61#I:285#A:3486#G:1
#S:4124#R:63#I:285#A:4609#G:1
#S:4123#R:65#I:285#A:4081#G:0
#S:4127#R:61#I:285#A:5070#G:0
#S:4127#R:63#I:285#A:4280#G:0
#S:4128#R:61#I:285#A:4338#G:0
#S:4130#R:61#I:330#A:4572#G:0
#S:4129#R:63#I:330#A:4064#G:0
#S:4130#R:62#I:330#A:4309#G:1
#S:4127#R:61#I:330#A:3657#G:0
#S:4128#R:62#I:330#A:4155#G:1
#S:4128#R:62#I:330#A:4229#G:0
#S:4130#R:62#I:330#A:4722#G:0
#S:4134#R:64#I:330#A:4969#G:0
#S:4136#R:62#I:330#A:4541#G:0
#S:4136#R:59#I:330#A:4301#G:0
#S:4138#R:63#I:330#A:4567#G:0
#S:4133#R:61#I:330#A:3335#G:0
#S:4131#R:62#I:330#A:3798#G:0
#S:4127#R:65#I:330#A:3391#G:0
#S:4126#R:62#I:330#A:4058#G:0
#S:4128#R:61#I:330#A:4584#G:0
#S:4128#R:61#I:330#A:4398#G:-1
#S:4131#R:64#I:330#A:4736#G:0
#S:4130#R:60#I:330#A:4183#G:-1
#S:4134#R:61#I:330#A:5119#G:0
#S:4130#R:62#I:330#A:3542#G:-1
#S:4127#R:61#I:330#A:3570#G:0
#S:4122#R:61#I:330#A:3280#G:0
#S:4121#R:61#I:330#A:3969#G:0
#S:4123#R:62#I:330#A:4680#G:0
#S:4125#R:61#I:330#A:4809#G:-1
#S:4128#R:64#I:330#A:4878#G:0
#S:4131#R:61#I:330#A:5019#G:-1
#S:4134#R:61#I:330#A:4732#G:0
#S:4139#R:63#I:330#A:5149#G:0
#S:4133#R:61#I:330#A:3039#G:0
#S:4130#R:61#I:330#A:3558#G:0
#S:4128#R:62#I:330#A:3850#G:0
#S:4127#R:62#I:330#A:4059#G:0
#S:4132#R:61#I:330#A:5157#G:0
#S:4127#R:66#I:330#A:3474#G:-1
#S:4133#R:62#I:330#A:5373#G:0
#S:4129#R:62#I:330#A:3473#G:0
#S:4135#R:63#I:330#A:5508#G:0
#S:4132#R:60#I:360#A:3637#G:0
#S:4126#R:61#I:360#A:2951#G:0
#S:4126#R:61#I:360#A:4109#G:1
#S:4120#R:63#I:360#A:3033#G:0
#S:4125#R:60#I:360#A:5154#G:0
#S:4123#R:63#I:360#A:3754#G:0
#S:4127#R:63#I:360#A:4914#G:1
#S:4126#R:61#I:360#A:4053#G:0
#S:4132#R:62#I:285#A:5314#G:1
#S:4130#R:63#I:285#A:3874#G:0
#S:4126#R:62#I:285#A:3317#G:1
#S:4119#R:60#I:285#A:2575#G:1
#S:4118#R:61#I:285#A:3735#G:1
#S:4115#R:61#I:285#A:3474#G:1
#S:4119#R:61#I:285#A:5099#G:0
#S:4113#R:63#I:285#A:2973#G:0
#S:4120#R:60#I:360#A:5419#G:1
#S:4117#R:61#I:360#A:3562#G:0
#S:4123#R:61#I:360#A:5156#G:1
#S:4122#R:62#I:360#A:3747#G:1
#S:4116#R:63#I:360#A:2811#G:1
#S:4116#R:63#I:360#A:3783#G:2
#S:4113#R:60#I:360#A:3347#G:1
#S:4118#R:61#I:330#A:4787#G:2
#S:4116#R:62#I:330#A:3821#G:0
#S:4121#R:60#I:330#A:4964#G:1
#S:4119#R:63#I:330#A:3877#G:0
#S:4128#R:64#I:330#A:5833#G:1
#S:4127#R:63#I:330#A:4033#G:0
#S:4126#R:63#I:330#A:3922#G:1
#S:4124#R:64#I:330#A:3676#G:1
#S:4127#R:60#I:330#A:4711#G:1
#S:4127#R:62#I:330#A:4187#G:0
#S:4134#R:63#I:330#A:5534#G:0
#S:4135#R:61#I:330#A:4441#G:0
#S:4141#R:62#I:330#A:5496#G:0
#S:4147#R:62#I:330#A:5406#G:0
#S:4151#R:63#I:330#A:5060#G:0
#S:4154#R:62#I:330#A:4847#G:0
#S:4147#R:59#I:330#A:2908#G:0
#S:4149#R:62#I:330#A:4589#G:0
#S:4147#R:61#I:330#A:3861#G:0
#S:4150#R:63#I:330#A:4798#G:0
#S:4149#R:62#I:330#A:4255#G:-1
#S:4154#R:61#I:330#A:5267#G:0
#S:4153#R:60#I:330#A:4335#G:-1
#S:4160#R:63#I:330#A:5562#G:0
#S:4158#R:61#I:330#A:3979#G:-1
#S:4153#R:60#I:330#A:3303#G:0
#S:4148#R:62#I:330#A:3164#G:0
#S:4145#R:61#I:330#A:3662#G:0
#S:4142#R:62#I:330#A:3736#G:0
#S:4141#R:61#I:330#A:4302#G:-1
#S:4143#R:62#I:330#A:4547#G:0
#S:4141#R:61#I:330#A:4079#G:-1
#S:4142#R:62#I:330#A:4522#G:0
#S:4138#R:61#I:330#A:3708#G:-1
#S:4139#R:60#I:330#A:4359#G:0
#S:4131#R:63#I:330#A:2735#G:0
#S:4130#R:61#I:330#A:3991#G:0
#S:4128#R:62#I:330#A:3847#G:0
#S:4127#R:63#I:330#A:4035#G:0
#S:4125#R:62#I:330#A:3844#G:0
#S:4126#R:61#I:330#A:4515#G:0
#S:4128#R:63#I:330#A:4670#G:0
#S:4130#R:63#I:330#A:4709#G:0
#S:4130#R:60#I:330#A:4261#G:0
#S:4125#R:62#I:330#A:3280#G:0
#S:4124#R:63#I:330#A:3767#G:1
#S:4121#R:61#I:330#A:3632#G:0
#S:4122#R:62#I:360#A:4513#G:0
#S:4120#R:63#I:360#A:3734#G:0
#S:4126#R:62#I:360#A:5296#G:1
#S:4125#R:63#I:360#A:3936#G:0
#S:4131#R:63#I:360#A:5319#G:1
#S:4127#R:60#I:360#A:3458#G:0
#S:4128#R:59#I:360#A:4197#G:1
#S:4122#R:62#I:360#A:3125#G:0
#S:4122#R:61#I:330#A:4015#G:1
#S:4121#R:61#I:330#A:4093#G:0
#S:4120#R:62#I:330#A:3966#G:0
#S:4119#R:60#I:330#A:3890#G:1
#S:4119#R:61#I:330#A:4254#G:0
#S:4124#R:65#I:330#A:4927#G:1
#S:4118#R:61#I:330#A:2930#G:0
#S:4124#R:61#I:330#A:5007#G:2
#S:4119#R:62#I:330#A:3213#G:0
#S:4122#R:62#I:330#A:4352#G:2
#S:4120#R:61#I:330#A:3598#G:1
#S:4122#R:62#I:330#A:4486#G:1
#S:4120#R:61#I:330#A:3648#G:1
#S:4131#R:61#I:330#A:5947#G:2
#S:4133#R:65#I:330#A:4400#G:1
#S:4139#R:60#I:330#A:5248#G:1
#S:4142#R:61#I:300#A:4363#G:2
#S:4143#R:63#I:300#A:4210#G:1
#S:4145#R:63#I:300#A:4253#G:2
#S:4142#R:61#I:300#A:3371#G:1
#S:4146#R:60#I:300#A:4690#G:2
#S:4145#R:63#I:300#A:3909#G:1
#S:4155#R:61#I:300#A:5875#G:2
#S:4154#R:61#I:300#A:3842#G:1
#S:4162#R:63#I:285#A:5497#G:2
#S:4158#R:61#I:285#A:3239#G:1
#S:4161#R:61#I:285#A:4255#G:3
#S:4162#R:63#I:285#A:4093#G:2
#S:4160#R:63#I:285#A:3408#G:2
#S:4162#R:60#I:285#A:4166#G:2
#S:4160#R:62#I:285#A:3514#G:2
#S:4162#R:61#I:285#A:4209#G:2
#S:4164#R:60#I:285#A:4286#G:2
#S:4168#R:63#I:285#A:4462#G:3
#S:4166#R:61#I:285#A:3401#G:2
#S:4168#R:61#I:285#A:4126#G:3
#S:4171#R:63#I:285#A:4314#G:3
#S:4170#R:62#I:285#A:3610#G:2
#S:4172#R:62#I:285#A:3986#G:3
#S:4178#R:63#I:285#A:4896#G:3
#S:4180#R:61#I:285#A:4175#G:3
#S:4190#R:61#I:285#A:5627#G:3
#S:4192#R:69#I:285#A:4126#G:3
#S:4196#R:62#I:285#A:4557#G:3
#S:4196#R:61#I:285#A:3718#G:3
#S:4199#R:63#I:285#A:4396#G:3
#S:4199#R:64#I:285#A:3747#G:3
#S:4196#R:61#I:285#A:3295#G:2
#S:4200#R:63#I:285#A:4515#G:3
#S:4199#R:62#I:285#A:3581#G:3
#S:4208#R:62#I:285#A:5491#G:3
#S:4206#R:63#I:285#A:3458#G:2
#S:4210#R:62#I:285#A:4550#G:3
#S:4211#R:62#I:285#A:3916#G:3
#S:4214#R:61#I:285#A:4315#G:3
#S:4214#R:63#I:330#A:3843#G:2
#S:4212#R:61#I:330#A:3589#G:2
#S:4217#R:61#I:330#A:4971#G:2
#S:4216#R:64#I:330#A:3817#G:2
#S:4222#R:62#I:330#A:5177#G:2
#S:4222#R:63#I:330#A:3647#G:3
#S:4228#R:63#I:330#A:4874#G:3
#S:4229#R:61#I:330#A:3978#G:3
#S:4234#R:62#I:285#A:4719#G:3
#S:4239#R:63#I:285#A:4836#G:2
#S:4240#R:62#I:285#A:4203#G:2
#S:4250#R:62#I:285#A:6009#G:2
#S:4254#R:64#I:285#A:4514#G:3
#S:4263#R:62#I:285#A:5717#G:2
#S:4264#R:63#I:285#A:4141#G:2
#S:4270#R:63#I:285#A:4883#G:3
#S:4272#R:62#I:285#A:4366#G:2
#S:4274#R:62#I:285#A:4408#G:2
#S:4272#R:63#I:285#A:3706#G:1
#S:4270#R:62#I:285#A:3670#G:2
#S:4273#R:61#I:285#A:4729#G:1
#S:4268#R:64#I:285#A:3014#G:2
#S:4270#R:63#I:285#A:4386#G:2
#S:4268#R:62#I:285#A:3397#G:3
#S:4275#R:64#I:285#A:5131#G:3
#S:4270#R:66#I:285#A:3058#G:2
#S:4282#R:61#I:285#A:6191#G:3
#S:4276#R:62#I:285#A:2897#G:1
#S:4288#R:63#I:285#A:5956#G:4
#S:4289#R:60#I:285#A:4170#G:2
#S:4296#R:61#I:285#A:4973#G:4
#S:4297#R:65#I:285#A:4160#G:2
#S:4306#R:63#I:285#A:5440#G:4
#S:4312#R:63#I:285#A:4969#G:3
#S:4317#R:63#I:285#A:4836#G:3
#S:4325#R:62#I:285#A:5406#G:3
#S:4320#R:63#I:285#A:3059#G:2
#S:4331#R:63#I:285#A:5920#G:4
#S:4320#R:64#I:285#A:2124#G:1
#S:4327#R:64#I:330#A:4736#G:5
#S:4321#R:65#I:330#A:2690#G:3
#S:4333#R:62#I:330#A:5732#G:5
#S:4334#R:63#I:330#A:4106#G:3
#S:4342#R:63#I:330#A:5148#G:4
#S:4350#R:63#I:330#A:5520#G:3
#S:4349#R:64#I:330#A:3794#G:2
#S:4361#R:64#I:330#A:6059#G:4
#S:4350#R:64#I:285#A:1961#G:2
#S:4360#R:64#I:285#A:5389#G:5
#S:4356#R:64#I:285#A:3033#G:3
#S:4367#R:64#I:285#A:5661#G:5
#S:4371#R:63#I:285#A:4386#G:4
#S:4376#R:62#I:285#A:4647#G:4
#S:4385#R:66#I:285#A:5625#G:3
#S:4389#R:61#I:285#A:4529#G:4
#S:4395#R:65#I:285#A:4899#G:4
#S:4393#R:63#I:285#A:3116#G:5
#S:4403#R:64#I:285#A:5465#G:5
#S:4411#R:64#I:285#A:4963#G:6
#S:4421#R:66#I:285#A:5495#G:5
#S:4427#R:64#I:285#A:4775#G:5
#S:4437#R:63#I:285#A:5451#G:5
#S:4438#R:66#I:285#A:4034#G:4
#S:4443#R:63#I:285#A:4464#G:5
#S:4432#R:64#I:285#A:1538#G:4
#S:4438#R:65#I:285#A:4272#G:7
#S:4435#R:64#I:285#A:2993#G:5
#S:4451#R:64#I:285#A:6050#G:8
#S:4452#R:67#I:285#A:3754#G:5
#S:4464#R:67#I:285#A:5478#G:7
#S:4473#R:64#I:285#A:5408#G:5
#S:4470#R:66#I:285#A:2937#G:5
#S:4476#R:65#I:285#A:4473#G:7
#S:4469#R:66#I:285#A:1827#G:7
#S:4482#R:66#I:285#A:5663#G:8
#S:4483#R:65#I:285#A:3345#G:7
#S:4497#R:65#I:285#A:5720#G:8
#S:4502#R:67#I:285#A:4229#G:7
#S:4512#R:65#I:285#A:5142#G:7
#S:4520#R:66#I:285#A:4917#G:7
#S:4522#R:67#I:285#A:3429#G:8
#S:4527#R:66#I:285#A:3965#G:8
#S:4536#R:66#I:285#A:4532#G:10
#S:4545#R:68#I:285#A:4730#G:9
#S:4558#R:66#I:285#A:5517#G:9
#S:4569#R:67#I:285#A:5067#G:9
#S:4580#R:67#I:330#A:5043#G:9
#S:4590#R:68#I:330#A:4876#G:9
#S:4584#R:67#I:330#A:1737#G:9
#S:4597#R:66#I:330#A:5150#G:11
#S:4595#R:68#I:330#A:2399#G:10
#S:4613#R:67#I:330#A:5985#G:12
#S:4621#R:67#I:330#A:4370#G:10
#S:4641#R:66#I:330#A:6304#G:12
#S:4655#R:67#I:330#A:5306#G:11
#S:4664#R:67#I:330#A:4654#G:10
#S:4674#R:68#I:330#A:4667#G:11
#S:4679#R:68#I:330#A:3514#G:11
#S:4691#R:66#I:330#A:4733#G:12
#S:4697#R:69#I:330#A:3641#G:12
#S:4710#R:68#I:330#A:5085#G:12
#S:4726#R:68#I:330#A:5502#G:13
#S:4739#R:68#I:285#A:5091#G:12
#S:4749#R:67#I:285#A:4507#G:12
#S:4762#R:68#I:285#A:4822#G:13
#S:4772#R:69#I:285#A:4204#G:13
#S:4790#R:68#I:285#A:5679#G:14
#S:4794#R:68#I:285#A:3346#G:12
#S:4813#R:72#I:285#A:5932#G:14
#S:4825#R:66#I:285#A:4733#G:13
#S:4841#R:71#I:285#A:5399#G:14
#S:4853#R:71#I:285#A:4613#G:14
#S:4865#R:71#I:285#A:4389#G:15
#S:4887#R:69#I:285#A:6103#G:16
#S:4901#R:71#I:285#A:4728#G:15
#S:4918#R:70#I:285#A:5389#G:15
#S:4937#R:69#I:285#A:5599#G:16
#S:4953#R:71#I:285#A:4990#G:16
#S:4973#R:71#I:285#A:5957#G:16
#S:4983#R:72#I:285#A:3806#G:16
#S:4998#R:71#I:285#A:4622#G:17
#S:5018#R:74#I:285#A:5416#G:18
#S:5026#R:73#I:285#A:3619#G:16
#S:5047#R:72#I:285#A:5636#G:19
#S:5057#R:75#I:285#A:3673#G:17
#S:5075#R:71#I:285#A:4965#G:19
#S:5093#R:73#I:285#A:5036#G:19
#S:5109#R:74#I:285#A:4413#G:20
#S:5128#R:74#I:285#A:4789#G:21
#S:5149#R:73#I:285#A:5156#G:21
#S:5170#R:70#I:285#A:5529#G:20
#S:5185#R:73#I:285#A:4216#G:20
#S:5200#R:75#I:285#A:4371#G:20
#S:5221#R:77#I:300#A:5124#G:22
#S:5237#R:73#I:300#A:4400#G:21
#S:5260#R:75#I:300#A:5275#G:23
#S:5281#R:76#I:300#A:4783#G:24
#S:5308#R:75#I:300#A:5986#G:24
#S:5336#R:76#I:300#A:6197#G:24
#S:5355#R:78#I:300#A:4680#G:23
#S:5387#R:76#I:300#A:6846#G:25
#S:5405#R:77#I:330#A:4307#G:24
#S:5427#R:80#I:330#A:4719#G:26
#S:5450#R:80#I:330#A:4665#G:27
#S:5475#R:80#I:330#A:5022#G:28
#S:5504#R:80#I:330#A:6065#G:27
#S:5533#R:82#I:330#A:5934#G:27
#S:5560#R:81#I:330#A:5906#G:26
#S:5585#R:80#I:330#A:5374#G:27
#S:5606#R:83#I:330#A:4635#G:26
#S:5629#R:82#I:330#A:4716#G:28
#S:5654#R:82#I:330#A:4960#G:29
#S:5687#R:82#I:330#A:6302#G:30
#S:5721#R:82#I:330#A:6674#G:30
#S:5751#R:82#I:330#A:5954#G:29
#S:5789#R:84#I:330#A:7592#G:29
#S:5815#R:83#I:330#A:5536#G:28
#S:5849#R:83#I:285#A:6863#G:29
#S:5865#R:85#I:285#A:3383#G:29
#S:5891#R:84#I:285#A:5003#G:31
#S:5927#R:85#I:285#A:6639#G:33
#S:5960#R:86#I:285#A:6233#G:32
#S:5995#R:85#I:285#A:6766#G:32
#S:6032#R:86#I:285#A:7339#G:31
#S:6067#R:88#I:285#A:7041#G:31
#S:6101#R:87#I:285#A:6820#G:31
#S:6123#R:85#I:285#A:4482#G:31
#S:6153#R:88#I:285#A:5603#G:33
#S:6186#R:86#I:285#A:6081#G:34
#S:6222#R:88#I:285#A:6800#G:34
#S:6256#R:89#I:285#A:6354#G:34
#S:6294#R:87#I:285#A:7364#G:33
#S:6331#R:89#I:285#A:7292#G:33
#S:6359#R:90#I:285#A:5593#G:32
#S:6391#R:91#I:285#A:6031#G:34
#S:6419#R:90#I:285#A:5055#G:35
#S:6453#R:92#I:285#A:6365#G:35
#S:6497#R:91#I:285#A:8125#G:36
#S:6532#R:91#I:285#A:6715#G:35
#S:6574#R:93#I:285#A:8066#G:35
#S:6610#R:94#I:285#A:7167#G:34
#S:6641#R:93#I:285#A:6119#G:34
#S:6675#R:94#I:285#A:6393#G:36
#S:6698#R:96#I:285#A:4205#G:36
#S:6740#R:94#I:285#A:7626#G:38
#S:6779#R:96#I:285#A:7071#G:38
#S:6823#R:96#I:285#A:8411#G:37
#S:6865#R:95#I:285#A:7770#G:38
#S:6908#R:96#I:285#A:8488#G:36
#S:6945#R:95#I:285#A:7220#G:36
#S:6979#R:97#I:285#A:6648#G:36
#S:7010#R:99#I:285#A:5695#G:38
#S:7049#R:99#I:285#A:7221#G:39
#S:7084#R:98#I:285#A:6512#G:38
#S:7133#R:99#I:285#A:9169#G:39
#S:7170#R:100#I:285#A:7052#G:38
#S:7220#R:99#I:285#A:9695#G:38
#S:7253#R:101#I:285#A:6494#G:37
#S:7291#R:102#I:285#A:7344#G:38
#S:7327#R:99#I:285#A:6603#G:40
#S:7368#R:100#I:285#A:7638#G:40
#S:7405#R:103#I:285#A:7137#G:39
#S:7451#R:103#I:285#A:8745#G:40
#S:7490#R:101#I:285#A:7496#G:39
#S:7539#R:104#I:330#A:9454#G:40
#S:7568#R:104#I:330#A:6161#G:37
#S:7612#R:105#I:330#A:8542#G:40
#S:7651#R:105#I:330#A:7552#G:40
#S:7691#R:106#I:330#A:7868#G:40
#S:7736#R:105#I:330#A:8565#G:41
#S:7773#R:107#I:330#A:7508#G:39
#S:7826#R:107#I:330#A:10344#G:41
#S:7863#R:105#I:300#A:7521#G:39
#S:7904#R:105#I:300#A:8246#G:40
#S:7942#R:109#I:300#A:7695#G:40
#S:7987#R:110#I:300#A:8811#G:41
#S:8028#R:110#I:300#A:8367#G:40
#S:8070#R:110#I:300#A:8303#G:41
#S:8112#R:110#I:300#A:8672#G:40
#S:8163#R:109#I:330#A:10023#G:42
#S:8207#R:112#I:330#A:9199#G:40
#S:8249#R:109#I:330#A:8588#G:41
#S:8287#R:110#I:330#A:7896#G:40
#S:8332#R:109#I:330#A:9296#G:41
#S:8371#R:112#I:330#A:8192#G:40
#S:8408#R:113#I:330#A:7924#G:40
#S:8454#R:115#I:330#A:9555#G:41
#S:8494#R:114#I:285#A:8658#G:40
#S:8541#R:115#I:285#A:9872#G:41
#S:8578#R:117#I:285#A:7969#G:41
#S:8618#R:115#I:285#A:8614#G:41
#S:8667#R:116#I:285#A:10424#G:41
#S:8703#R:118#I:285#A:8271#G:39
#S:8748#R:118#I:285#A:9872#G:40
#S:8781#R:117#I:285#A:7640#G:39
#S:8823#R:119#I:300#A:9254#G:40
#S:8861#R:120#I:300#A:8577#G:40
#S:8898#R:119#I:300#A:8421#G:40
#S:8940#R:121#I:300#A:9185#G:41
#S:8983#R:121#I:300#A:9610#G:40
#S:9025#R:121#I:300#A:9662#G:39
#S:9074#R:121#I:300#A:10989#G:40
#S:9110#R:123#I:300#A:8765#G:38
#S:9156#R:122#I:285#A:10624#G:39
#S:9186#R:120#I:285#A:7774#G:38
#S:9231#R:124#I:285#A:10292#G:40
#S:9268#R:122#I:285#A:8918#G:39
#S:9307#R:123#I:285#A:9475#G:39
#S:9354#R:124#I:285#A:11109#G:39
#S:9391#R:124#I:285#A:9568#G:37
#S:9439#R:125#I:285#A:11630#G:37
#S:9473#R:127#I:330#A:8881#G:37
#S:9512#R:127#I:330#A:9726#G:38
#S:9554#R:125#I:330#A:10364#G:38
#S:9593#R:129#I:330#A:9964#G:38
#S:9633#R:127#I:330#A:10355#G:37
#S:9679#R:127#I:330#A:11632#G:37
#S:9713#R:131#I:330#A:9886#G:34
#S:9757#R:129#I:330#A:11729#G:35
#S:9782#R:130#I:285#A:7994#G:34
#S:9824#R:133#I:285#A:11070#G:36
#S:9856#R:132#I:285#A:9165#G:36
#S:9900#R:131#I:285#A:11347#G:37
#S:9937#R:132#I:285#A:10494#G:35
#S:9979#R:129#I:285#A:11663#G:34
#S:10014#R:132#I:285#A:10755#G:32
#S:10051#R:132#I:285#A:10997#G:33
#S:10075#R:133#I:285#A:8804#G:31
#S:10107#R:132#I:285#A:10077#G:33
#S:10133#R:133#I:285#A:8864#G:33
#S:10172#R:134#I:285#A:11236#G:34
#S:10206#R:133#I:285#A:10722#G:32
#S:10242#R:133#I:285#A:11330#G:31
#S:10284#R:135#I:285#A:12498#G:31
#S:10313#R:134#I:285#A:10445#G:29
#S:10346#R:134#I:285#A:11080#G:30
#S:10366#R:135#I:285#A:8704#G:29
#S:10395#R:135#I:285#A:10178#G:31
#S:10426#R:134#I:285#A:10631#G:30
#S:10459#R:137#I:285#A:11098#G:30
#S:10494#R:136#I:285#A:11883#G:29
#S:10528#R:137#I:285#A:12020#G:27
#S:10553#R:138#I:285#A:10639#G:25
#S:10582#R:137#I:285#A:11180#G:26
#S:10596#R:137#I:285#A:8566#G:25
#S:10619#R:137#I:285#A:10005#G:27
#S:10647#R:139#I:285#A:11022#G:27
#S:10674#R:139#I:285#A:10943#G:26
#S:10705#R:142#I:285#A:11937#G:25
#S:10731#R:137#I:285#A:11480#G:23
#S:10757#R:139#I:285#A:11532#G:23
#S:10781#R:142#I:285#A:11217#G:22
#S:10799#R:142#I:285#A:9871#G:23
#S:10820#R:141#I:285#A:10433#G:23
#S:10846#R:141#I:285#A:11395#G:24
#S:10874#R:141#I:285#A:11928#G:23
#S:10904#R:142#I:285#A:12426#G:23
#S:10929#R:142#I:285#A:12009#G:20
#S:10956#R:142#I:285#A:12506#G:20
#S:10973#R:140#I:285#A:10959#G:18
#S:10991#R:142#I:285#A:10700#G:20
#S:11008#R:144#I:285#A:10650#G:19
#S:11027#R:143#I:285#A:11200#G:19
#S:11052#R:143#I:285#A:12380#G:19
#S:11072#R:145#I:285#A:11308#G:19
#S:11099#R:142#I:285#A:12945#G:18
#S:11121#R:143#I:330#A:12253#G:17
#S:11139#R:145#I:330#A:11915#G:15
#S:11156#R:142#I:330#A:11402#G:16
#S:11173#R:143#I:330#A:11489#G:16
#S:11186#R:143#I:330#A:10624#G:16
#S:11208#R:144#I:330#A:12219#G:17
#S:11221#R:143#I:330#A:10876#G:15
#S:11247#R:144#I:330#A:13245#G:16
#S:11261#R:143#I:330#A:11480#G:13
#S:11282#R:143#I:330#A:12825#G:14
#S:11292#R:145#I:330#A:10954#G:12
#S:11307#R:141#I:330#A:11872#G:13
#S:11313#R:144#I:330#A:10337#G:11
#S:11328#R:145#I:330#A:11758#G:13
#S:11340#R:143#I:330#A:11555#G:11
#S:11356#R:144#I:285#A:12454#G:11
#S:11368#R:145#I:285#A:12072#G:9
#S:11383#R:145#I:285#A:12712#G:9
#S:11390#R:145#I:285#A:11314#G:8
#S:11402#R:146#I:285#A:12323#G:8
#S:11408#R:144#I:285#A:11111#G:8
#S:11416#R:145#I:285#A:11584#G:8
#S:11430#R:144#I:285#A:12554#G:9
#S:11439#R:145#I:330#A:11902#G:7
#S:11453#R:145#I:330#A:13023#G:7
#S:11459#R:143#I:330#A:11856#G:5
#S:11463#R:146#I:330#A:11499#G:4
#S:11471#R:144#I:330#A:12278#G:4
#S:11470#R:146#I:330#A:10734#G:3
#S:11473#R:146#I:330#A:11371#G:4
#S:11477#R:143#I:330#A:11597#G:4
#S:11486#R:145#I:330#A:12286#G:5
#S:11492#R:145#I:330#A:12220#G:3
#S:11495#R:145#I:330#A:11709#G:2
#S:11498#R:143#I:330#A:11838#G:2
#S:11500#R:146#I:330#A:11757#G:1
#S:11497#R:145#I:330#A:11024#G:0
#S:11497#R:146#I:330#A:11492#G:1
#S:11495#R:145#I:330#A:10975#G:1
#S:11501#R:145#I:330#A:12473#G:2
#S:11502#R:144#I:330#A:11606#G:1
#S:11508#R:148#I:330#A:12788#G:0
#S:11511#R:146#I:330#A:12180#G:0
#S:11512#R:144#I:330#A:12015#G:-1
#S:11510#R:147#I:330#A:11659#G:-2
#S:11508#R:145#I:330#A:11412#G:-1
#S:11500#R:145#I:330#A:10404#G:-2
#S:11504#R:146#I:285#A:12409#G:0
#S:11499#R:145#I:285#A:10916#G:-2
#S:11503#R:145#I:285#A:12616#G:-1
#S:11499#R:145#I:285#A:11659#G:-4
#S:11497#R:146#I:285#A:11905#G:-4
#S:11495#R:142#I:285#A:12101#G:-5
#S:11490#R:145#I:285#A:11512#G:-5
#S:11481#R:145#I:285#A:10801#G:-5
#S:11474#R:144#I:285#A:10979#G:-4
#S:11473#R:143#I:285#A:12159#G:-4
#S:11471#R:146#I:285#A:12222#G:-5
#S:11466#R:145#I:285#A:11858#G:-6
#S:11461#R:145#I:285#A:11754#G:-6
#S:11462#R:146#I:285#A:12956#G:-6
#S:11455#R:145#I:285#A:11738#G:-8
#S:11450#R:144#I:285#A:11872#G:-7
#S:11435#R:145#I:285#A:10201#G:-8
#S:11434#R:144#I:285#A:12627#G:-6
#S:11424#R:145#I:285#A:11164#G:-8
#S:11418#R:144#I:285#A:11780#G:-7
#S:11412#R:146#I:285#A:11921#G:-8
#S:11406#R:144#I:285#A:11959#G:-8
#S:11404#R:146#I:285#A:12834#G:-9
#S:11392#R:144#I:285#A:10979#G:-9
#S:11378#R:144#I:285#A:10524#G:-9
#S:11373#R:145#I:285#A:11909#G:-7
#S:11366#R:145#I:285#A:11387#G:-7
#S:11360#R:143#I:285#A:11776#G:-8
#S:11352#R:144#I:285#A:11680#G:-9
#S:11348#R:142#I:285#A:12473#G:-9
#S:11342#R:144#I:285#A:12508#G:-11
#S:11328#R:144#I:285#A:10641#G:-10
#S:11314#R:144#I:285#A:10637#G:-10
#S:11305#R:143#I:285#A:11448#G:-9
#S:11295#R:143#I:285#A:11127#G:-9
#S:11287#R:144#I:285#A:11694#G:-10
#S:11281#R:143#I:285#A:12188#G:-10
#S:11274#R:142#I:285#A:12343#G:-12
#S:11263#R:143#I:285#A:11993#G:-14
#S:11250#R:142#I:285#A:11264#G:-13
#S:11229#R:141#I:285#A:9664#G:-13
#S:11216#R:146#I:285#A:11292#G:-13
#S:11201#R:141#I:285#A:10739#G:-12
#S:11185#R:141#I:285#A:10877#G:-14
#S:11180#R:143#I:285#A:12659#G:-12
#S:11164#R:143#I:285#A:11292#G:-16
#S:11152#R:142#I:285#A:11964#G:-16
#S:11133#R:143#I:285#A:10670#G:-16
#S:11110#R:140#I:285#A:9724#G:-16
#S:11096#R:142#I:285#A:11605#G:-16
#S:11076#R:142#I:285#A:10315#G:-16
#S:11059#R:140#I:285#A:11155#G:-17
#S:11047#R:141#I:285#A:11985#G:-16
#S:11028#R:140#I:285#A:11335#G:-20
#S:11013#R:141#I:285#A:11944#G:-19
#S:10992#R:139#I:285#A:10946#G:-20
#S:10965#R:142#I:285#A:9678#G:-20
#S:10952#R:138#I:285#A:12306#G:-19
#S:10925#R:140#I:285#A:9708#G:-20
#S:10908#R:142#I:285#A:11558#G:-20
#S:10890#R:132#I:285#A:11578#G:-21
#S:10870#R:139#I:285#A:11652#G:-23
#S:10848#R:140#I:330#A:11421#G:-24
#S:10822#R:137#I:330#A:10564#G:-24
#S:10790#R:137#I:330#A:9393#G:-24
#S:10771#R:135#I:330#A:11746#G:-23
#S:10746#R:137#I:330#A:10579#G:-24
#S:10723#R:137#I:330#A:11220#G:-25
#S:10704#R:136#I:330#A:12291#G:-26
#S:10676#R:136#I:330#A:10769#G:-28
#S:10647#R:133#I:285#A:10771#G:-29
#S:10615#R:134#I:285#A:9832#G:-28
#S:10579#R:135#I:285#A:9225#G:-29
#S:10555#R:133#I:285#A:11167#G:-27
#S:10525#R:132#I:285#A:10352#G:-29
#S:10498#R:134#I:285#A:10949#G:-29
#S:10473#R:134#I:285#A:11482#G:-30
#S:10443#R:131#I:285#A:10660#G:-31
#S:10409#R:133#I:285#A:10262#G:-33
#S:10374#R:133#I:285#A:9926#G:-32
#S:10336#R:130#I:285#A:9248#G:-32
#S:10307#R:133#I:285#A:10829#G:-31
#S:10278#R:132#I:285#A:10968#G:-32
#S:10248#R:130#I:285#A:10753#G:-32
#S:10226#R:133#I:285#A:12535#G:-33
#S:10188#R:131#I:285#A:9983#G:-36
#S:10157#R:130#I:285#A:11209#G:-36
#S:10116#R:130#I:285#A:9307#G:-36
#S:10081#R:128#I:285#A:10115#G:-35
#S:10043#R:128#I:285#A:9678#G:-36
#S:10015#R:129#I:285#A:11430#G:-35
#S:9979#R:127#I:285#A:10198#G:-37
#S:9957#R:125#I:285#A:12644#G:-35
#S:9916#R:128#I:285#A:9726#G:-40
#S:9885#R:126#I:285#A:11419#G:-38
#S:9840#R:124#I:285#A:9022#G:-40
#S:9805#R:124#I:285#A:10244#G:-37
#S:9764#R:123#I:285#A:9520#G:-39
#S:9736#R:122#I:285#A:11672#G:-37
#S:9696#R:122#I:285#A:9785#G:-40
#S:9670#R:126#I:285#A:12258#G:-39
#S:9625#R:121#I:285#A:9098#G:-42
#S:9590#R:119#I:285#A:11077#G:-42
#S:9542#R:122#I:285#A:8663#G:-43
#S:9499#R:121#I:285#A:9270#G:-41
#S:9455#R:120#I:285#A:9097#G:-42
#S:9421#R:119#I:285#A:10698#G:-40
#S:9379#R:118#I:285#A:9666#G:-43
#S:9348#R:118#I:285#A:11676#G:-42
#S:9299#R:118#I:285#A:8690#G:-45
#S:9259#R:117#I:285#A:10393#G:-45
#S:9207#R:115#I:285#A:8175#G:-46
#S:9159#R:116#I:285#A:8481#G:-44
#S:9112#R:115#I:285#A:8530#G:-44
#S:9075#R:114#I:285#A:10275#G:-43
#S:9032#R:116#I:285#A:9516#G:-45
#S:8998#R:113#I:285#A:11230#G:-45
#S:8946#R:113#I:330#A:8269#G:-48
#S:8904#R:115#I:330#A:10264#G:-48
#S:8846#R:111#I:330#A:7056#G:-49
#S:8794#R:112#I:330#A:7879#G:-47
#S:8740#R:110#I:330#A:7493#G:-47
#S:8698#R:111#I:330#A:9683#G:-46
#S:8649#R:110#I:330#A:8576#G:-48
#S:8611#R:110#I:330#A:10615#G:-48
#S:8554#R:110#I:330#A:7262#G:-50
#S:8510#R:107#I:330#A:9793#G:-50
#S:8447#R:107#I:330#A:6174#G:-51
#S:8394#R:109#I:330#A:7793#G:-49
#S:8335#R:106#I:330#A:6515#G:-49
#S:8294#R:105#I:330#A:9737#G:-48
#S:8243#R:107#I:330#A:8061#G:-50
#S:8205#R:104#I:330#A:10460#G:-49
#S:8145#R:102#I:330#A:6670#G:-52
#S:8101#R:104#I:330#A:9604#G:-51
#S:8038#R:101#I:330#A:6153#G:-53
#S:7986#R:101#I:330#A:7691#G:-50
#S:7924#R:102#I:330#A:5881#G:-51
#S:7882#R:100#I:330#A:9352#G:-49
#S:7832#R:100#I:330#A:8032#G:-51
#S:7793#R:101#I:330#A:10284#G:-51
#S:7733#R:98#I:330#A:6584#G:-54
#S:7689#R:97#I:330#A:9448#G:-52
#S:7630#R:99#I:330#A:6712#G:-54
#S:7578#R:95#I:330#A:7550#G:-51
#S:7514#R:96#I:330#A:5336#G:-53
#S:7473#R:98#I:330#A:9378#G:-50
#S:7420#R:93#I:330#A:7476#G:-53
#S:7383#R:95#I:285#A:10430#G:-52
#S:7322#R:96#I:285#A:6488#G:-56
#S:7277#R:95#I:285#A:8971#G:-53
#S:7219#R:92#I:285#A:6869#G:-56
#S:7163#R:94#I:285#A:6761#G:-53
#S:7097#R:91#I:285#A:4742#G:-54
#S:7055#R:90#I:285#A:9042#G:-51
#S:7004#R:92#I:285#A:7762#G:-54
#S:6965#R:88#I:330#A:9950#G:-53
#S:6907#R:89#I:330#A:6779#G:-57
#S:6859#R:87#I:330#A:8272#G:-55
#S:6800#R:90#I:330#A:6511#G:-57
#S:6742#R:87#I:330#A:6003#G:-54
#S:6675#R:86#I:330#A:4497#G:-56
#S:6630#R:87#I:330#A:8129#G:-52
#S:6577#R:85#I:330#A:7168#G:-55
#S:6534#R:85#I:330#A:9074#G:-55
#S:6476#R:83#I:330#A:6562#G:-58
#S:6423#R:84#I:330#A:7418#G:-57
#S:6362#R:82#I:330#A:5835#G:-58
#S:6303#R:82#I:330#A:5823#G:-56
#S:6231#R:80#I:330#A:3308#G:-57
#S:6183#R:81#I:330#A:7403#G:-54
#S:6128#R:81#I:330#A:6374#G:-56
#S:6084#R:78#I:330#A:8588#G:-56
#S:6024#R:78#I:330#A:5872#G:-59
#S:5971#R:78#I:330#A:7092#G:-58
#S:5907#R:75#I:330#A:5033#G:-59
#S:5850#R:73#I:330#A:5987#G:-57
#S:5771#R:77#I:330#A:1978#G:-59
#S:5724#R:73#I:330#A:7327#G:-55
#S:5664#R:74#I:330#A:5146#G:-57
#S:5620#R:74#I:330#A:8218#G:-57
#S:5558#R:73#I:330#A:5164#G:-60
#S:5507#R:72#I:330#A:6917#G:-58
#S:5440#R:72#I:330#A:4204#G:-60
#S:5385#R:70#I:330#A:5875#G:-57
#S:5307#R:68#I:330#A:1550#G:-59
#S:5260#R:69#I:330#A:6823#G:-54
#S:5199#R:69#I:330#A:4454#G:-57
#S:5153#R:66#I:285#A:7491#G:-57
#S:5094#R:64#I:285#A:5285#G:-59
#S:5040#R:67#I:285#A:6131#G:-59
#S:4975#R:66#I:285#A:4152#G:-60
#S:4917#R:65#I:285#A:4750#G:-57
#S:4843#R:65#I:285#A:1866#G:-59
#S:4791#R:63#I:285#A:5442#G:-55
#S:4732#R:64#I:285#A:4399#G:-57
#S:4684#R:65#I:285#A:6568#G:-57
#S:4628#R:61#I:285#A:5323#G:-59
#S:4573#R:60#I:285#A:5369#G:-59
#S:4511#R:61#I:285#A:4125#G:-60
#S:4452#R:60#I:285#A:4151#G:-57
#S:4379#R:59#I:285#A:1678#G:-59
#S:4327#R:59#I:285#A:4784#G:-54
#S:4269#R:55#I:330#A:4057#G:-56
#S:4218#R:53#I:330#A:5380#G:-56
#S:4165#R:58#I:330#A:5344#G:-58
#S:4112#R:51#I:330#A:4993#G:-57
#S:4053#R:53#I:330#A:4231#G:-59
#S:3992#R:53#I:330#A:3110#G:-56
#S:3916#R:52#I:330#A:207#G:-57
#S:3861#R:52#I:330#A:3832#G:-54
#S:3804#R:52#I:285#A:3349#G:-54
#S:3753#R:51#I:285#A:4352#G:-54
#S:3697#R:50#I:285#A:3962#G:-57
#S:3644#R:49#I:285#A:4256#G:-56
#S:3576#R:47#I:285#A:1734#G:-58
#S:3515#R:46#I:285#A:2463#G:-55
#S:3444#R:46#I:285#A:374#G:-55
#S:3390#R:46#I:285#A:3237#G:-53
#S:3336#R:44#I:285#A:3278#G:-53
#S:3286#R:41#I:285#A:3983#G:-53
#S:3232#R:46#I:285#A:3406#G:-54
#S:3181#R:42#I:285#A:3940#G:-54
#S:3122#R:40#I:285#A:2471#G:-55
#S:3065#R:44#I:285#A:2449#G:-53
#S:3002#R:41#I:285#A:1002#G:-52
#S:2946#R:41#I:285#A:2078#G:-51
#S:2901#R:42#I:285#A:3965#G:-50
#S:2852#R:46#I:285#A:3466#G:-52
#S:2804#R:39#I:285#A:3751#G:-52
#S:2754#R:39#I:285#A:3236#G:-52
#S:2703#R:36#I:285#A:2929#G:-52
#S:2645#R:36#I:285#A:1455#G:-52
#S:2589#R:37#I:285#A:1217#G:-49
#S:2534#R:35#I:285#A:1374#G:-49
#S:2492#R:35#I:330#A:3760#G:-48
#S:2444#R:35#I:330#A:2940#G:-50
#S:2393#R:35#I:330#A:2590#G:-51
#S:2346#R:33#I:330#A:3037#G:-50
#S:2296#R:35#I:330#A:2419#G:-50
#S:2248#R:26#I:330#A:2462#G:-49
#S:2193#R:31#I:330#A:633#G:-47
#S:2143#R:33#I:285#A:1624#G:-47
#S:2100#R:30#I:285#A:2996#G:-47
#S:2054#R:31#I:285#A:2404#G:-47
#S:2005#R:31#I:285#A:2008#G:-49
#S:1962#R:32#I:285#A:2813#G:-47
#S:1909#R:28#I:285#A:1002#G:-48
#S:1865#R:30#I:285#A:2658#G:-47
#S:1806#R:27#I:285#A:-595#G:-46
#S:1760#R:27#I:285#A:1462#G:-44
#S:1713#R:26#I:285#A:1499#G:-45
#S:1671#R:25#I:285#A:2223#G:-44
#S:1621#R:24#I:285#A:1005#G:-46
#S:1581#R:23#I:285#A:2419#G:-44
#S:1531#R:24#I:285#A:767#G:-46
#S:1491#R:24#I:285#A:2439#G:-44
#S:1436#R:22#I:285#A:-690#G:-44
#S:1390#R:23#I:285#A:600#G:-42
#S:1347#R:22#I:285#A:1317#G:-42
#S:1303#R:21#I:285#A:970#G:-42
#S:1257#R:20#I:285#A:847#G:-43
#S:1215#R:19#I:285#A:1273#G:-42
#S:1168#R:19#I:285#A:552#G:-43
#S:1126#R:21#I:285#A:1290#G:-42
#S:1074#R:19#I:285#A:-1093#G:-41
#S:1027#R:18#I:330#A:-537#G:-39
#S:990#R:20#I:330#A:1512#G:-39
#S:944#R:17#I:330#A:-361#G:-39
#S:902#R:18#I:330#A:623#G:-40
#S:859#R:18#I:330#A:233#G:-39
#S:815#R:17#I:330#A:159#G:-40
#S:774#R:15#I:330#A:405#G:-39
#S:730#R:17#I:330#A:-620#G:-37
#S:680#R:15#I:285#A:-1712#G:-37
#S:647#R:13#I:285#A:1204#G:-35
#S:599#R:14#I:285#A:-1492#G:-37
#S:564#R:15#I:285#A:702#G:-35
#S:523#R:14#I:285#A:-557#G:-35
#S:486#R:12#I:285#A:103#G:-35
#S:449#R:14#I:285#A:43#G:-34
#S:408#R:12#I:285#A:-808#G:-34
#S:365#R:12#I:285#A:-1681#G:-32
#S:332#R:12#I:285#A:95#G:-31
#S:292#R:9#I:285#A:-1358#G:-31
#S:257#R:10#I:285#A:-432#G:-31
#S:224#R:12#I:285#A:-317#G:-30
#S:188#R:11#I:285#A:-852#G:-30
#S:160#R:10#I:285#A:512#G:-29
#S:121#R:11#I:330#A:-1682#G:-29
#S:87#R:9#I:330#A:-1304#G:-27
#S:59#R:10#I:330#A:-331#G:-26
#S:28#R:11#I:330#A:-816#G:-26
#S:1#R:7#I:330#A:-278#G:-25
#S:-24#R:8#I:330#A:-142#G:-25
#S:-52#R:8#I:330#A:-792#G:-25
#S:-71#R:7#I:330#A:606#G:-23
#S:-102#R:8#I:285#A:-1525#G:-24
#S:-130#R:7#I:285#A:-1491#G:-22
#S:-155#R:7#I:285#A:-1059#G:-21
#S:-176#R:7#I:285#A:-556#G:-20
#S:-201#R:9#I:285#A:-1024#G:-21
#S:-221#R:7#I:285#A:-454#G:-19
#S:-247#R:7#I:285#A:-1607#G:-20
#S:-256#R:5#I:285#A:1175#G:-17
#S:-285#R:6#I:285#A:-2447#G:-19
#S:-301#R:5#I:285#A:-332#G:-16
#S:-324#R:4#I:285#A:-1787#G:-16
#S:-338#R:7#I:285#A:-372#G:-14
#S:-359#R:5#I:285#A:-1415#G:-16
#S:-368#R:6#I:285#A:237#G:-13
#S:-389#R:5#I:285#A:-1736#G:-15
#S:-397#R:5#I:285#A:254#G:-12
#S:-417#R:4#I:285#A:-1746#G:-14
#S:-432#R:6#I:285#A:-1200#G:-12
#S:-448#R:2#I:285#A:-1397#G:-12
#S:-461#R:2#I:285#A:-1077#G:-10
#S:-478#R:4#I:285#A:-1629#G:-12
#S:-486#R:3#I:285#A:-346#G:-9
#S:-503#R:3#I:285#A:-1732#G:-11
#S:-510#R:4#I:285#A:-427#G:-8
#S:-523#R:3#I:285#A:-1385#G:-9
#S:-532#R:4#I:285#A:-1124#G:-7
#S:-543#R:5#I:285#A:-1356#G:-7
#S:-557#R:4#I:285#A:-2179#G:-6
#S:-565#R:1#I:285#A:-1119#G:-6
#S:-569#R:4#I:285#A:-622#G:-4
#S:-579#R:3#I:285#A:-1384#G:-6
#S:-583#R:3#I:285#A:-857#G:-3
#S:-589#R:4#I:285#A:-1022#G:-4
#S:-594#R:1#I:285#A:-1274#G:-2
#S:-599#R:4#I:285#A:-1321#G:-2
#S:-608#R:6#I:285#A:-2371#G:-1
#S:-608#R:4#I:285#A:-521#G:-1
#S:-609#R:2#I:285#A:-928#G:0
#S:-614#R:4#I:285#A:-1478#G:-1
#S:-614#R:4#I:285#A:-629#G:0
#S:-616#R:3#I:285#A:-1088#G:0
#S:-617#R:3#I:285#A:-1148#G:1
#S:-619#R:4#I:285#A:-1285#G:1
#S:-625#R:6#I:285#A:-2416#G:2
#S:-623#R:3#I:285#A:-734#G:2
#S:-624#R:5#I:285#A:-1476#G:3
#S:-625#R:3#I:285#A:-1482#G:3
#S:-622#R:4#I:285#A:-963#G:4
#S:-620#R:4#I:285#A:-1158#G:4
#S:-620#R:3#I:285#A:-1704#G:5
#S:-613#R:4#I:285#A:-581#G:6
#S:-621#R:3#I:285#A:-3238#G:5
#S:-612#R:4#I:285#A:-130#G:6
#S:-603#R:4#I:285#A:-449#G:8
#S:-596#R:4#I:285#A:-616#G:7
#S:-586#R:3#I:285#A:-212#G:8
#S:-577#R:3#I:285#A:-523#G:8
#S:-574#R:6#I:285#A:-1694#G:8
#S:-565#R:5#I:285#A:-622#G:9
#S:-563#R:2#I:285#A:-2298#G:10
#S:-547#R:5#I:285#A:280#G:11
#S:-540#R:5#I:285#A:-1337#G:11
#S:-526#R:4#I:285#A:-55#G:11
#S:-516#R:6#I:285#A:-731#G:11
#S:-502#R:6#I:285#A:-286#G:12
#S:-496#R:5#I:285#A:-1767#G:12
#S:-483#R:5#I:285#A:-664#G:13
#S:-480#R:7#I:285#A:-2528#G:13
#S:-462#R:6#I:285#A:117#G:15
#S:-450#R:6#I:285#A:-1081#G:15
#S:-434#R:7#I:285#A:-340#G:15
#S:-419#R:6#I:285#A:-452#G:15
#S:-402#R:6#I:285#A:-263#G:16
#S:-391#R:8#I:285#A:-1449#G:16
#S:-375#R:7#I:285#A:-642#G:17
#S:-365#R:7#I:285#A:-1762#G:17
#S:-342#R:8#I:285#A:394#G:19
#S:-325#R:8#I:285#A:-589#G:18
#S:-304#R:8#I:285#A:35#G:19
#S:-283#R:10#I:285#A:81#G:19
#S:-262#R:7#I:285#A:-228#G:20
#S:-242#R:9#I:285#A:-328#G:20
#S:-221#R:10#I:285#A:-365#G:21
#S:-206#R:8#I:285#A:-1444#G:21
#S:-179#R:10#I:285#A:522#G:23
#S:-156#R:12#I:285#A:-242#G:23
#S:-127#R:10#I:285#A:718#G:24
#S:-97#R:11#I:285#A:700#G:25
#S:-68#R:12#I:285#A:568#G:25
#S:-40#R:11#I:285#A:277#G:26
#S:-12#R:13#I:285#A:361#G:26
#S:11#R:14#I:285#A:-590#G:27
#S:41#R:9#I:285#A:505#G:28
#S:68#R:12#I:285#A:-56#G:28
#S:104#R:13#I:300#A:1541#G:29
#S:134#R:12#I:300#A:332#G:30
#S:169#R:11#I:300#A:1045#G:31
#S:201#R:16#I:300#A:533#G:31
#S:236#R:13#I:300#A:886#G:32
#S:265#R:13#I:300#A:-289#G:32
#S:296#R:14#I:300#A:-85#G:33
#S:326#R:16#I:300#A:-226#G:33
#S:364#R:15#I:285#A:1018#G:35
#S:396#R:16#I:285#A:42#G:34
#S:432#R:18#I:285#A:619#G:36
#S:468#R:18#I:285#A:575#G:36
#S:503#R:16#I:285#A:214#G:37
#S:538#R:21#I:285#A:35#G:38
#S:568#R:18#I:285#A:-1132#G:39
#S:604#R:18#I:285#A:196#G:39
#S:640#R:20#I:285#A:-148#G:40
#S:680#R:20#I:285#A:724#G:40
#S:717#R:20#I:285#A:-221#G:42
#S:759#R:23#I:285#A:947#G:42
#S:796#R:22#I:285#A:-272#G:43
#S:840#R:21#I:285#A:929#G:44
#S:872#R:25#I:285#A:-1487#G:44
#S:915#R:23#I:285#A:701#G:45
#S:955#R:23#I:285#A:-237#G:46
#S:1000#R:26#I:285#A:909#G:46
#S:1045#R:25#I:285#A:512#G:48
#S:1091#R:25#I:285#A:529#G:49
#S:1136#R:29#I:285#A:513#G:49
#S:1188#R:28#I:285#A:1493#G:51
#S:1229#R:27#I:285#A:-452#G:50
#S:1285#R:31#I:285#A:2071#G:53
#S:1325#R:30#I:285#A:-669#G:51
#S:1378#R:30#I:285#A:1398#G:53
#S:1431#R:32#I:285#A:1312#G:54
#S:1476#R:32#I:285#A:-319#G:55
#S:1530#R:32#I:285#A:1310#G:56
#S:1583#R:33#I:285#A:1081#G:56
#S:1638#R:34#I:285#A:1242#G:57
#S:1695#R:32#I:285#A:1510#G:58
#S:1748#R:35#I:285#A:796#G:58
#S:1804#R:36#I:285#A:1287#G:59
#S:1862#R:37#I:285#A:1631#G:60
#S:1913#R:37#I:285#A:212#G:60
#S:1974#R:39#I:285#A:1940#G:62
#S:2030#R:39#I:285#A:1052#G:61
#S:2098#R:41#I:285#A:3297#G:62
#S:2156#R:45#I:300#A:1389#G:62
#S:2221#R:42#I:300#A:2746#G:63
#S:2284#R:42#I:300#A:2185#G:64
#S:2344#R:44#I:300#A:1746#G:64
#S:2411#R:42#I:300#A:2793#G:66
#S:2472#R:44#I:300#A:1584#G:66
#S:2541#R:45#I:300#A:3277#G:66
#S:2611#R:44#I:300#A:3418#G:66
#S:2674#R:44#I:285#A:2114#G:66
#S:2743#R:48#I:285#A:3298#G:67
#S:2808#R:51#I:285#A:2373#G:68
#S:2874#R:49#I:285#A:2525#G:68
#S:2949#R:52#I:285#A:3883#G:71
#S:3015#R:53#I:285#A:2294#G:70
#S:3092#R:53#I:285#A:4412#G:71
#S:3165#R:54#I:285#A:3959#G:70
#S:3234#R:53#I:285#A:3191#G:70
#S:3307#R:53#I:285#A:3846#G:71
#S:3376#R:55#I:285#A:2864#G:72
#S:3447#R:58#I:285#A:3265#G:72
#S:3522#R:58#I:285#A:3697#G:75
#S:3601#R:59#I:285#A:4420#G:75
#S:3682#R:62#I:285#A:5014#G:75
#S:3761#R:63#I:285#A:4837#G:74
#S:3840#R:62#I:285#A:4870#G:74
#S:3916#R:65#I:285#A:4440#G:74
#S:3986#R:63#I:285#A:3307#G:74
#S:4061#R:66#I:285#A:3870#G:76
#S:4136#R:69#I:285#A:3840#G:77
#S:4220#R:65#I:285#A:5609#G:78
#S:4301#R:68#I:285#A:4926#G:78
#S:4383#R:68#I:285#A:5332#G:78
#S:4471#R:69#I:285#A:6487#G:78
#S:4545#R:68#I:285#A:4075#G:77
#S:4629#R:74#I:285#A:5749#G:79
#S:4698#R:71#I:285#A:3000#G:78
#S:4779#R:73#I:285#A:5032#G:80
#S:4857#R:75#I:285#A:4451#G:81
#S:4939#R:74#I:285#A:5218#G:81
#S:5024#R:74#I:285#A:5931#G:81
#S:5110#R:77#I:285#A:6317#G:80
#S:5194#R:78#I:285#A:6038#G:80
#S:5277#R:80#I:285#A:5810#G:81
#S:5352#R:81#I:285#A:4308#G:81
#S:5436#R:81#I:285#A:5635#G:83
#S:5513#R:82#I:285#A:4640#G:82
#S:5603#R:85#I:285#A:6827#G:84
#S:5687#R:84#I:285#A:6076#G:83
#S:5773#R:85#I:285#A:6564#G:83
#S:5860#R:86#I:285#A:6881#G:82
#S:5936#R:88#I:285#A:4896#G:82
#S:6022#R:87#I:285#A:6720#G:83
#S:6098#R:89#I:285#A:4510#G:84
#S:6178#R:91#I:285#A:5690#G:83
#S:6260#R:91#I:285#A:5833#G:85
#S:6349#R:93#I:285#A:7392#G:84
#S:6431#R:95#I:285#A:6086#G:84
#S:6525#R:94#I:285#A:8537#G:84
#S:6599#R:95#I:285#A:5033#G:82
#S:6690#R:97#I:285#A:8005#G:85
#S:6758#R:97#I:285#A:3773#G:83
#S:6849#R:99#I:285#A:8191#G:85
#S:6924#R:100#I:285#A:5528#G:83
#S:7022#R:101#I:300#A:9419#G:86
#S:7101#R:101#I:300#A:6327#G:83
#S:7197#R:103#I:300#A:9572#G:85
#S:7278#R:103#I:300#A:7110#G:82
#S:7368#R:103#I:300#A:8500#G:85
#S:7443#R:105#I:300#A:5971#G:83
#S:7535#R:106#I:300#A:8740#G:86
#S:7613#R:105#I:300#A:6578#G:84
#S:7707#R:110#I:285#A:9395#G:86
#S:7791#R:109#I:285#A:7851#G:84
#S:7881#R:109#I:285#A:9265#G:84
#S:7967#R:112#I:285#A:8703#G:83
#S:8049#R:113#I:285#A:7786#G:84
#S:8134#R:113#I:285#A:8336#G:84
#S:8218#R:115#I:285#A:8255#G:84
#S:8300#R:116#I:285#A:8002#G:84
#S:8388#R:115#I:330#A:9048#G:85
#S:8472#R:113#I:330#A:8569#G:84
#S:8559#R:120#I:330#A:9509#G:83
#S:8641#R:119#I:330#A:8800#G:82
#S:8723#R:120#I:330#A:8698#G:83
#S:8803#R:122#I:330#A:8260#G:83
#S:8884#R:122#I:330#A:8853#G:82
#S:8962#R:123#I:330#A:8075#G:83
#S:9047#R:125#I:330#A:9253#G:84
#S:9131#R:124#I:330#A:9134#G:84
#S:9221#R:127#I:330#A:10787#G:83
#S:9299#R:129#I:330#A:8694#G:82
#S:9386#R:129#I:330#A:10292#G:83
#S:9467#R:129#I:330#A:9384#G:82
#S:9553#R:132#I:330#A:10557#G:81
#S:9632#R:132#I:330#A:9281#G:81
#S:9714#R:131#I:330#A:9789#G:82
#S:9798#R:135#I:330#A:10189#G:83
#S:9887#R:132#I:330#A:11116#G:83
#S:9972#R:134#I:330#A:10746#G:82
#S:10060#R:135#I:330#A:11314#G:82
#S:10144#R:135#I:330#A:10767#G:81
#S:10228#R:136#I:330#A:11062#G:80
#S:10310#R:138#I:285#A:10805#G:80
#S:10386#R:139#I:285#A:9771#G:80
#S:10472#R:140#I:285#A:11472#G:81
#S:10550#R:142#I:285#A:10329#G:80
#S:10640#R:143#I:285#A:12470#G:81
#S:10721#R:142#I:285#A:11254#G:79
#S:10810#R:142#I:285#A:12794#G:80
#S:10890#R:144#I:285#A:11314#G:78
#S:10976#R:146#I:285#A:12573#G:78
#S:11047#R:144#I:285#A:9857#G:77
#S:11132#R:149#I:285#A:12463#G:79
#S:11209#R:148#I:285#A:11168#G:78
#S:11293#R:148#I:285#A:12376#G:79
#S:11367#R:151#I:285#A:11109#G:76
#S:11456#R:150#I:285#A:13757#G:78
#S:11532#R:151#I:285#A:11927#G:75
#S:11613#R:153#I:330#A:12731#G:76
#S:11684#R:155#I:330#A:11137#G:74
#S:11759#R:154#I:330#A:11957#G:75
#S:11833#R:158#I:330#A:11847#G:74
#S:11910#R:156#I:330#A:12318#G:75
#S:11982#R:157#I:330#A:11902#G:73
#S:12064#R:160#I:330#A:13803#G:74
#S:12137#R:158#I:330#A:12551#G:71
#S:12214#R:161#I:285#A:13473#G:71
#S:12286#R:161#I:285#A:12647#G:71
#S:12356#R:162#I:285#A:12519#G:70
#S:12433#R:163#I:285#A:13504#G:72
#S:12497#R:166#I:285#A:11399#G:70
#S:12572#R:163#I:285#A:13466#G:71
#S:12643#R:163#I:285#A:13339#G:68
#S:12717#R:167#I:285#A:13999#G:68
#S:12785#R:166#I:285#A:13155#G:67
#S:12851#R:168#I:285#A:13008#G:66
#S:12924#R:171#I:285#A:14332#G:66
#S:12992#R:170#I:285#A:13355#G:67
#S:13057#R:171#I:285#A:12876#G:66
#S:13128#R:170#I:285#A:14095#G:67
#S:13196#R:173#I:285#A:14086#G:64
#S:13266#R:172#I:285#A:14619#G:64
#S:13330#R:174#I:285#A:13587#G:63
#S:13394#R:172#I:285#A:13960#G:62
#S:13463#R:173#I:285#A:14940#G:62
#S:13518#R:174#I:285#A:12631#G:60
#S:13583#R:177#I:285#A:14346#G:62
#S:13642#R:176#I:285#A:13324#G:61
#S:13708#R:175#I:285#A:15094#G:60
#S:13774#R:179#I:285#A:15167#G:59
#S:13834#R:179#I:285#A:14622#G:57
#S:13899#R:179#I:285#A:15654#G:57
#S:13958#R:181#I:285#A:14822#G:55
#S:14010#R:178#I:285#A:13634#G:54
#S:14067#R:178#I:285#A:14662#G:55
#S:14120#R:185#I:285#A:14074#G:54
#S:14182#R:182#I:285#A:15729#G:55
#S:14242#R:181#I:330#A:15820#G:53
#S:14301#R:185#I:330#A:16002#G:51
#S:14363#R:185#I:330#A:16598#G:51
#S:14418#R:186#I:330#A:15650#G:49
#S:14471#R:189#I:330#A:15588#G:48
#S:14517#R:187#I:330#A:14462#G:47
#S:14569#R:186#I:330#A:15398#G:48
#S:14619#R:188#I:330#A:15275#G:47
#S:14670#R:190#I:330#A:15854#G:46
#S:14723#R:187#I:330#A:16332#G:45
#S:14779#R:191#I:330#A:17322#G:44
#S:14829#R:191#I:330#A:16742#G:41
#S:14876#R:190#I:330#A:16145#G:41
#S:14915#R:192#I:330#A:14822#G:40
#S:14964#R:194#I:330#A:16738#G:41
#S:15001#R:192#I:330#A:14602#G:40
#S:15047#R:193#I:330#A:16317#G:40
#S:15091#R:195#I:330#A:16343#G:38
#S:15142#R:191#I:330#A:18120#G:37
#S:15182#R:193#I:330#A:16546#G:34
#S:15221#R:194#I:330#A:16298#G:34
#S:15253#R:194#I:330#A:15122#G:33
#S:15293#R:193#I:330#A:16784#G:33
#S:15322#R:195#I:330#A:14838#G:32
#S:15358#R:194#I:330#A:16205#G:32
#S:15395#R:195#I:330#A:16726#G:31
#S:15437#R:197#I:330#A:18055#G:29
#S:15471#R:196#I:330#A:17004#G:27
#S:15500#R:196#I:330#A:16114#G:26
#S:15527#R:196#I:330#A:15755#G:26
#S:15560#R:196#I:330#A:17090#G:26
#S:15583#R:196#I:285#A:15332#G:25
#S:15610#R:197#I:285#A:16016#G:25
#S:15637#R:197#I:285#A:16607#G:23
#S:15668#R:196#I:285#A:17788#G:21
#S:15690#R:200#I:285#A:16462#G:19
#S:15708#R:196#I:285#A:15747#G:18
#S:15729#R:197#I:285#A:16417#G:18
#S:15749#R:199#I:285#A:16367#G:17
#S:15761#R:199#I:330#A:14975#G:16
#S:15778#R:200#I:330#A:15910#G:17
#S:15798#R:198#I:330#A:16832#G:15
#S:15824#R:200#I:330#A:18343#G:14
#S:15839#R:199#I:330#A:16645#G:11
#S:15853#R:199#I:330#A:16477#G:11
#S:15865#R:200#I:330#A:16642#G:9
#S:15876#R:199#I:330#A:16421#G:9
#S:15882#R:199#I:285#A:15873#G:7
#S:15887#R:201#I:285#A:15378#G:8
#S:15898#R:200#I:285#A:17013#G:6
#S:15913#R:199#I:285#A:18022#G:5
#S:15918#R:200#I:285#A:16733#G:1
#S:15921#R:199#I:285#A:16367#G:1
#S:15922#R:198#I:285#A:16181#G:0
#S:15926#R:200#I:285#A:16730#G:0
#S:15922#R:199#I:285#A:15420#G:-1
#S:15921#R:198#I:285#A:15739#G:0
#S:15922#R:201#I:285#A:16564#G:-2
#S:15931#R:200#I:285#A:18143#G:-2
#S:15924#R:198#I:285#A:15892#G:-6
#S:15922#R:200#I:285#A:16541#G:-5
#S:15917#R:199#I:285#A:16459#G:-7
#S:15912#R:200#I:285#A:16373#G:-7
#S:15904#R:201#I:330#A:16070#G:-8
#S:15892#R:197#I:330#A:15263#G:-8
#S:15890#R:199#I:330#A:17113#G:-8
#S:15886#R:200#I:330#A:17112#G:-10
#S:15877#R:200#I:330#A:16615#G:-12
#S:15860#R:198#I:330#A:15182#G:-13
#S:15850#R:200#I:330#A:16567#G:-13
#S:15837#R:198#I:285#A:16103#G:-14
#S:15825#R:198#I:285#A:16412#G:-14
#S:15803#R:198#I:285#A:14591#G:-15
#S:15796#R:197#I:285#A:17290#G:-14
#S:15783#R:199#I:285#A:16689#G:-17
#S:15772#R:198#I:285#A:17206#G:-18
#S:15752#R:198#I:285#A:15678#G:-19
#S:15738#R:195#I:285#A:16891#G:-19
#S:15718#R:196#I:300#A:16047#G:-21
#S:15700#R:197#I:300#A:16388#G:-21
#S:15672#R:195#I:300#A:14499#G:-22
#S:15659#R:195#I:300#A:17250#G:-20
#S:15641#R:196#I:300#A:16660#G:-23
#S:15624#R:194#I:300#A:17137#G:-24
#S:15599#R:192#I:300#A:15776#G:-25
#S:15578#R:195#I:300#A:16740#G:-26
#S:15553#R:193#I:330#A:16123#G:-27
#S:15529#R:192#I:330#A:16249#G:-27
#S:15496#R:195#I:330#A:14633#G:-28
#S:15475#R:193#I:330#A:16750#G:-27
#S:15450#R:193#I:330#A:16475#G:-30
#S:15425#R:193#I:330#A:16771#G:-31
#S:15395#R:193#I:330#A:15802#G:-32
#S:15364#R:193#I:330#A:15948#G:-33
#S:15333#R:194#I:300#A:16097#G:-34
#S:15303#R:191#I:300#A:16148#G:-34
#S:15266#R:189#I:300#A:14943#G:-35
#S:15236#R:191#I:300#A:16306#G:-35
#S:15202#R:192#I:300#A:15953#G:-37
#S:15173#R:190#I:300#A:17078#G:-38
#S:15135#R:190#I:300#A:15726#G:-40
#S:15097#R:189#I:300#A:15756#G:-41
#S:15060#R:187#I:330#A:16040#G:-41
#S:15020#R:186#I:330#A:15653#G:-43
#S:14972#R:187#I:330#A:14338#G:-44
#S:14936#R:181#I:330#A:16152#G:-42
#S:14893#R:185#I:330#A:15406#G:-45
#S:14859#R:185#I:330#A:17309#G:-46
#S:14812#R:185#I:330#A:15229#G:-49
#S:14767#R:180#I:330#A:15649#G:-49
#S:14716#R:181#I:330#A:14684#G:-50
#S:14667#R:179#I:330#A:15077#G:-51
#S:14608#R:179#I:330#A:13406#G:-52
#S:14560#R:180#I:330#A:15004#G:-50
#S:14510#R:177#I:330#A:14958#G:-52
#S:14466#R:177#I:330#A:16597#G:-54
#S:14414#R:178#I:330#A:15394#G:-56
#S:14357#R:175#I:300#A:14430#G:-57
#S:14300#R:173#I:300#A:14415#G:-57
#S:14240#R:174#I:300#A:14154#G:-59
#S:14175#R:172#I:300#A:13146#G:-59
#S:14116#R:172#I:300#A:13947#G:-58
#S:14059#R:174#I:300#A:14533#G:-59
#S:14006#R:172#I:300#A:15770#G:-61
#S:13950#R:171#I:300#A:15389#G:-63
#S:13880#R:171#I:330#A:13066#G:-65
#S:13817#R:169#I:330#A:13947#G:-63
#S:13751#R:169#I:330#A:13697#G:-65
#S:13680#R:167#I:330#A:12814#G:-66
#S:13614#R:167#I:330#A:13493#G:-65
#S:13550#R:165#I:330#A:14097#G:-66
#S:13494#R:165#I:330#A:15814#G:-67
#S:13427#R:165#I:330#A:14197#G:-70
#S:13357#R:162#I:285#A:13708#G:-71
#S:13285#R:162#I:285#A:13211#G:-71
#S:13222#R:161#I:285#A:14896#G:-71
#S:13139#R:159#I:285#A:11490#G:-74
#S:13072#R:156#I:285#A:13959#G:-71
#S:12996#R:160#I:285#A:12426#G:-73
#S:12938#R:158#I:285#A:16093#G:-73
#S:12865#R:156#I:285#A:13666#G:-77
#S:12795#R:157#I:285#A:14339#G:-77
#S:12713#R:153#I:285#A:12301#G:-79
#S:12647#R:152#I:285#A:14734#G:-76
#S:12560#R:153#I:285#A:11470#G:-81
#S:12492#R:151#I:285#A:14308#G:-77
#S:12409#R:148#I:285#A:12159#G:-81
#S:12346#R:150#I:285#A:15548#G:-79
#S:12270#R:147#I:285#A:14164#G:-85
#S:12193#R:145#I:285#A:13698#G:-84
#S:12106#R:146#I:285#A:11987#G:-86
#S:12030#R:142#I:285#A:13575#G:-83
#S:11939#R:142#I:285#A:11188#G:-87
#S:11859#R:143#I:285#A:12686#G:-84
#S:11775#R:141#I:285#A:12482#G:-87
#S:11698#R:141#I:285#A:13860#G:-87
#S:11619#R:141#I:285#A:13907#G:-90
#S:11532#R:138#I:285#A:12166#G:-90
#S:11444#R:137#I:285#A:12259#G:-92
#S:11355#R:137#I:285#A:11816#G:-91
#S:11257#R:133#I:285#A:10446#G:-93
#S:11162#R:134#I:285#A:10645#G:-92
#S:11074#R:133#I:285#A:12020#G:-92
#S:10984#R:133#I:285#A:11968#G:-94
#S:10899#R:130#I:330#A:12951#G:-95
#S:10802#R:131#I:330#A:10981#G:-97
#S:10711#R:130#I:330#A:12035#G:-97
#S:10611#R:127#I:330#A:10379#G:-98
#S:10507#R:125#I:330#A:9360#G:-98
#S:10405#R:123#I:330#A:9619#G:-98
#S:10311#R:123#I:330#A:10923#G:-97
#S:10211#R:121#I:330#A:10202#G:-99
#S:10116#R:122#I:285#A:11287#G:-100
#S:10017#R:120#I:285#A:10583#G:-101
#S:9916#R:118#I:285#A:10227#G:-102
#S:9811#R:118#I:285#A:9530#G:-103
#S:9704#R:115#I:285#A:8790#G:-102
#S:9596#R:114#I:285#A:8758#G:-103
#S:9501#R:113#I:285#A:10802#G:-101
#S:9396#R:111#I:285#A:9314#G:-104
#S:9296#R:111#I:330#A:10220#G:-104
#S:9189#R:110#I:330#A:9060#G:-106
#S:9090#R:108#I:330#A:10603#G:-106
#S:8977#R:105#I:330#A:8150#G:-108
#S:8865#R:107#I:330#A:7750#G:-106
#S:8753#R:102#I:330#A:7697#G:-106
#S:8652#R:103#I:330#A:9763#G:-106
#S:8541#R:104#I:330#A:8305#G:-109
#S:8437#R:102#I:285#A:9077#G:-107
#S:8323#R:98#I:285#A:7483#G:-109
#S:8223#R:100#I:285#A:9894#G:-108
#S:8105#R:97#I:285#A:7039#G:-112
#S:7993#R:94#I:285#A:7526#G:-109
#S:7875#R:95#I:285#A:6411#G:-110
#S:7771#R:94#I:285#A:8924#G:-109
#S:7655#R:91#I:285#A:6945#G:-112
#S:7549#R:90#I:300#A:8459#G:-110
#S:7428#R:90#I:300#A:5772#G:-112
#S:7327#R:87#I:300#A:9281#G:-110
#S:7205#R:86#I:300#A:5771#G:-114
#S:7095#R:88#I:300#A:7620#G:-112
#S:6967#R:81#I:300#A:4142#G:-113
#S:6865#R:82#I:300#A:8819#G:-111
#S:6740#R:83#I:300#A:4819#G:-115
#S:6636#R:80#I:285#A:8108#G:-111
#S:6507#R:78#I:285#A:3786#G:-115
#S:6407#R:76#I:285#A:8649#G:-111
#S:6280#R:75#I:285#A:4092#G:-116
#S:6172#R:75#I:285#A:7176#G:-113
#S:6042#R:74#I:285#A:3082#G:-115
#S:5940#R:71#I:285#A:8022#G:-112
#S:5814#R:68#I:285#A:4013#G:-116
#S:5710#R:68#I:285#A:7498#G:-112
#S:5580#R:67#I:285#A:2964#G:-116
#S:5481#R:66#I:285#A:7987#G:-111
#S:5349#R:66#I:285#A:2563#G:-117
#S:5247#R:62#I:285#A:7553#G:-113
#S:5117#R:61#I:285#A:2720#G:-117
#S:5011#R:64#I:285#A:6257#G:-112
#S:4887#R:59#I:285#A:3461#G:-116
#S:4784#R:59#I:285#A:6668#G:-112
#S:4657#R:54#I:285#A:2660#G:-116
#S:4557#R:54#I:285#A:6831#G:-111
#S:4429#R:53#I:285#A:2093#G:-116
#S:4329#R:50#I:285#A:6780#G:-112
#S:4207#R:52#I:285#A:3070#G:-116
#S:4096#R:47#I:285#A:4354#G:-112
#S:3978#R:46#I:330#A:3266#G:-114
#S:3871#R:44#I:330#A:4752#G:-111
#S:3754#R:44#I:330#A:3200#G:-114
#S:3649#R:41#I:330#A:4865#G:-111
#S:3527#R:44#I:330#A:1912#G:-113
#S:3419#R:40#I:330#A:4153#G:-111
#S:3307#R:39#I:330#A:3472#G:-112
#S:3187#R:38#I:330#A:1489#G:-111
#S:3077#R:35#I:285#A:3082#G:-110
#S:2963#R:33#I:285#A:2186#G:-110
#S:2854#R:35#I:285#A:3058#G:-110
#S:2745#R:31#I:285#A:2879#G:-109
#S:2629#R:31#I:285#A:1591#G:-110
#S:2520#R:31#I:285#A:2377#G:-108
#S:2414#R:30#I:285#A:2845#G:-108
#S:2298#R:27#I:285#A:934#G:-109
#S:2186#R:28#I:330#A:1209#G:-107
#S:2075#R:23#I:330#A:1362#G:-107
#S:1964#R:22#I:330#A:1346#G:-107
#S:1857#R:22#I:330#A:1726#G:-106
#S:1740#R:19#I:330#A:-312#G:-106
#S:1634#R:17#I:330#A:1346#G:-104
#S:1531#R:19#I:330#A:1848#G:-104
#S:1422#R:18#I:330#A:589#G:-104
#S:1309#R:16#I:330#A:-492#G:-103
#S:1206#R:16#I:330#A:1168#G:-102
#S:1098#R:14#I:330#A:14#G:-102
#S:995#R:11#I:330#A:988#G:-102
#S:880#R:11#I:330#A:-1675#G:-102
#S:778#R:10#I:330#A:449#G:-100
#S:676#R:9#I:330#A:181#G:-99
#S:576#R:7#I:330#A:441#G:-99
#S:469#R:8#I:330#A:-974#G:-99
#S:375#R:6#I:330#A:981#G:-97
#S:268#R:5#I:330#A:-1331#G:-98
#S:175#R:4#I:330#A:787#G:-96
#S:64#R:1#I:330#A:-2633#G:-97
#S:-31#R:1#I:330#A:-400#G:-94
#S:-128#R:2#I:330#A:-768#G:-94
#S:-222#R:0#I:285#A:-365#G:-94
#S:-321#R:-3#I:285#A:-1615#G:-93
#S:-412#R:0#I:285#A:-454#G:-91
#S:-506#R:-5#I:285#A:-952#G:-92
#S:-596#R:-5#I:285#A:-584#G:-91
#S:-699#R:-4#I:285#A:-3276#G:-91
#S:-793#R:-6#I:285#A:-1926#G:-89
#S:-884#R:-8#I:285#A:-1539#G:-88
#S:-976#R:-8#I:330#A:-1819#G:-88
#S:-1063#R:-10#I:330#A:-1094#G:-87
#S:-1155#R:-12#I:330#A:-2322#G:-87
#S:-1238#R:-12#I:330#A:-976#G:-85
#S:-1323#R:-14#I:330#A:-1487#G:-85
#S:-1418#R:-15#I:330#A:-3473#G:-85
#S:-1499#R:-14#I:330#A:-1491#G:-82
#S:-1589#R:-15#I:330#A:-3351#G:-82
#S:-1673#R:-15#I:330#A:-2309#G:-81
#S:-1752#R:-17#I:330#A:-1736#G:-80
#S:-1841#R:-17#I:330#A:-3728#G:-80
#S:-1915#R:-23#I:330#A:-1164#G:-78
#S:-2000#R:-21#I:330#A:-3452#G:-78
#S:-2078#R:-20#I:330#A:-2115#G:-78
#S:-2157#R:-24#I:330#A:-3067#G:-75
#S:-2240#R:-23#I:330#A:-3879#G:-75
#S:-2314#R:-21#I:330#A:-2366#G:-74
#S:-2392#R:-23#I:330#A:-3332#G:-74
#S:-2475#R:-26#I:330#A:-4534#G:-73
#S:-2546#R:-24#I:330#A:-2573#G:-71
#S:-2630#R:-27#I:330#A:-5077#G:-72
#S:-2699#R:-27#I:330#A:-2652#G:-70
#S:-2778#R:-26#I:330#A:-4935#G:-69
#S:-2852#R:-31#I:330#A:-4124#G:-68
#S:-2916#R:-30#I:285#A:-2641#G:-66
#S:-2995#R:-29#I:285#A:-5571#G:-67
#S:-3063#R:-32#I:285#A:-3734#G:-65
#S:-3138#R:-32#I:285#A:-5382#G:-64
#S:-3206#R:-32#I:285#A:-4400#G:-63
#S:-3277#R:-36#I:285#A:-5145#G:-62
#S:-3344#R:-35#I:285#A:-4632#G:-61
#S:-3412#R:-33#I:300#A:-5396#G:-59
#S:-3466#R:-39#I:300#A:-2979#G:-57
#S:-3537#R:-38#I:300#A:-6314#G:-58
#S:-3586#R:-36#I:300#A:-2774#G:-54
#S:-3659#R:-38#I:300#A:-7103#G:-56
#S:-3704#R:-39#I:300#A:-2289#G:-53
#S:-3772#R:-38#I:300#A:-6708#G:-54
#S:-3823#R:-38#I:300#A:-3988#G:-51
#S:-3883#R:-42#I:285#A:-5775#G:-51
#S:-3933#R:-39#I:285#A:-4460#G:-48
#S:-3985#R:-40#I:285#A:-4781#G:-48
#S:-4028#R:-41#I:285#A:-3873#G:-44
#S:-4089#R:-43#I:285#A:-7463#G:-45
#S:-4123#R:-41#I:285#A:-2714#G:-42
#S:-4178#R:-43#I:285#A:-6599#G:-43
#S:-4218#R:-45#I:285#A:-4156#G:-41
#S:-4263#R:-41#I:330#A:-5401#G:-40
#S:-4308#R:-43#I:330#A:-5562#G:-39
#S:-4351#R:-44#I:330#A:-5410#G:-38
#S:-4396#R:-43#I:330#A:-6244#G:-36
#S:-4442#R:-44#I:330#A:-6602#G:-36
#S:-4476#R:-46#I:330#A:-4715#G:-33
#S:-4518#R:-44#I:330#A:-6312#G:-33
#S:-4551#R:-46#I:330#A:-5023#G:-31
#S:-4588#R:-49#I:300#A:-5943#G:-31
#S:-4621#R:-45#I:300#A:-5612#G:-29
#S:-4650#R:-48#I:300#A:-4861#G:-28
#S:-4688#R:-48#I:300#A:-6940#G:-27
#S:-4717#R:-46#I:300#A:-5536#G:-25
#S:-4750#R:-49#I:300#A:-6679#G:-24
#S:-4776#R:-48#I:300#A:-5393#G:-23
#S:-4803#R:-46#I:300#A:-5919#G:-22
#S:-4826#R:-49#I:330#A:-5416#G:-21
#S:-4849#R:-50#I:330#A:-5535#G:-20
#S:-4868#R:-47#I:330#A:-5171#G:-18
#S:-4893#R:-48#I:330#A:-6372#G:-18
#S:-4907#R:-49#I:330#A:-4855#G:-15
#S:-4935#R:-48#I:330#A:-7682#G:-15
#S:-4941#R:-48#I:330#A:-3741#G:-13
#S:-4962#R:-51#I:330#A:-6579#G:-13
#S:-4972#R:-50#I:285#A:-4895#G:-11
#S:-4991#R:-48#I:285#A:-6669#G:-11
#S:-4999#R:-49#I:285#A:-4993#G:-9
#S:-5013#R:-49#I:285#A:-6019#G:-9
#S:-5022#R:-47#I:285#A:-5644#G:-6
#S:-5037#R:-49#I:285#A:-7025#G:-6
#S:-5035#R:-49#I:285#A:-4141#G:-3
#S:-5042#R:-49#I:285#A:-5680#G:-4
#S:-5039#R:-49#I:285#A:-4390#G:-1
#S:-5045#R:-49#I:285#A:-5863#G:-2
#S:-5046#R:-48#I:285#A:-5269#G:0
#S:-5048#R:-50#I:285#A:-5462#G:0
#S:-5053#R:-49#I:285#A:-6633#G:2
#S:-5052#R:-47#I:285#A:-5624#G:3
#S:-5056#R:-49#I:285#A:-7006#G:5
#S:-5042#R:-50#I:300#A:-3464#G:6
#S:-5039#R:-51#I:300#A:-5691#G:6
#S:-5034#R:-49#I:300#A:-5452#G:7
#S:-5032#R:-49#I:300#A:-6338#G:8
#S:-5021#R:-49#I:300#A:-4938#G:10
#S:-5019#R:-49#I:300#A:-6768#G:10
#S:-5012#R:-50#I:300#A:-6138#G:12
#S:-5014#R:-46#I:300#A:-7946#G:12
#S:-4997#R:-48#I:330#A:-4619#G:15
#S:-4989#R:-47#I:330#A:-6193#G:14
#S:-4975#R:-48#I:330#A:-5200#G:15
#S:-4964#R:-48#I:330#A:-5984#G:16
#S:-4950#R:-47#I:330#A:-5694#G:17
#S:-4935#R:-48#I:330#A:-5671#G:18
#S:-4927#R:-46#I:330#A:-7263#G:19
#S:-4911#R:-47#I:330#A:-5897#G:20
#S:-4900#R:-47#I:285#A:-6941#G:21
#S:-4876#R:-44#I:285#A:-4645#G:22
#S:-4860#R:-45#I:285#A:-6083#G:22
#S:-4839#R:-45#I:285#A:-5469#G:24
#S:-4819#R:-44#I:285#A:-5974#G:25
#S:-4794#R:-45#I:285#A:-5112#G:26
#S:-4775#R:-44#I:285#A:-6267#G:26
#S:-4749#R:-42#I:285#A:-5419#G:29
#S:-4730#R:-44#I:285#A:-6736#G:29
#S:-4695#R:-43#I:285#A:-4057#G:31
#S:-4667#R:-41#I:285#A:-5327#G:31
#S:-4636#R:-42#I:285#A:-5056#G:33
#S:-4609#R:-44#I:285#A:-5876#G:33
#S:-4575#R:-41#I:285#A:-4910#G:35
#S:-4541#R:-42#I:285#A:-5135#G:36
#S:-4510#R:-42#I:285#A:-5777#G:37
#S:-4477#R:-39#I:285#A:-5479#G:38
#S:-4438#R:-43#I:285#A:-4749#G:40
#S:-4398#R:-40#I:285#A:-4571#G:40
#S:-4357#R:-38#I:285#A:-4539#G:41
#S:-4320#R:-40#I:285#A:-5467#G:42
#S:-4278#R:-39#I:285#A:-4750#G:44
#S:-4236#R:-36#I:285#A:-4963#G:45
#S:-4197#R:-37#I:330#A:-5448#G:45
#S:-4154#R:-37#I:330#A:-5106#G:47
#S:-4110#R:-34#I:330#A:-5097#G:48
#S:-4062#R:-36#I:330#A:-4548#G:50
#S:-4011#R:-35#I:330#A:-4054#G:51
#S:-3961#R:-34#I:330#A:-4455#G:52
#S:-3906#R:-33#I:330#A:-3830#G:54
#S:-3856#R:-33#I:330#A:-4700#G:54
#S:-3796#R:-31#I:330#A:-3028#G:56
#S:-3749#R:-30#I:330#A:-5495#G:55
#S:-3687#R:-30#I:330#A:-3108#G:59
#S:-3632#R:-29#I:330#A:-4603#G:59
#S:-3569#R:-25#I:330#A:-3193#G:61
#S:-3508#R:-27#I:330#A:-3686#G:61
#S:-3444#R:-28#I:330#A:-3516#G:64
#S:-3380#R:-23#I:330#A:-3424#G:64
#S:-3314#R:-25#I:330#A:-3455#G:66
#S:-3245#R:-24#I:330#A:-2755#G:66
#S:-3180#R:-21#I:330#A:-3950#G:68
#S:-3108#R:-22#I:330#A:-2602#G:69
#S:-3041#R:-21#I:330#A:-3796#G:70
#S:-2970#R:-20#I:330#A:-3103#G:71
#S:-2896#R:-19#I:330#A:-2760#G:73
#S:-2825#R:-20#I:330#A:-3554#G:74
#S:-2748#R:-17#I:285#A:-2656#G:76
#S:-2674#R:-16#I:285#A:-3263#G:76
#S:-2599#R:-18#I:285#A:-3001#G:77
#S:-2521#R:-14#I:285#A:-2629#G:78
#S:-2449#R:-17#I:285#A:-3979#G:79
#S:-2370#R:-15#I:285#A:-2839#G:81
#S:-2288#R:-11#I:285#A:-2684#G:83
#S:-2203#R:-11#I:285#A:-2010#G:84
#S:-2116#R:-11#I:285#A:-2112#G:86
#S:-2032#R:-8#I:285#A:-2563#G:86
#S:-1939#R:-6#I:285#A:-952#G:88
#S:-1852#R:-8#I:285#A:-1948#G:87
#S:-1767#R:-4#I:285#A:-2720#G:89
#S:-1682#R:-6#I:285#A:-2731#G:90
#S:-1598#R:-4#I:285#A:-3141#G:91
#S:-1505#R:-3#I:285#A:-1517#G:93
#S:-1422#R:0#I:285#A:-3573#G:93
#S:-1323#R:0#I:285#A:-924#G:96
#S:-1233#R:0#I:285#A:-2413#G:95
#S:-1131#R:3#I:285#A:-248#G:97
#S:-1041#R:2#I:285#A:-2344#G:96
#S:-942#R:5#I:285#A:-790#G:98
#S:-851#R:6#I:285#A:-2539#G:99
#S:-756#R:5#I:285#A:-1989#G:101
#S:-658#R:8#I:285#A:-1459#G:102
#S:-562#R:9#I:285#A:-2098#G:103
#S:-455#R:11#I:285#A:115#G:104
#S:-358#R:11#I:285#A:-1597#G:103
#S:-246#R:14#I:285#A:1086#G:105
#S:-150#R:14#I:285#A:-1656#G:103
#S:-45#R:16#I:285#A:-244#G:106
#S:46#R:17#I:285#A:-2779#G:106
#S:152#R:19#I:285#A:-490#G:110
#S:252#R:19#I:285#A:-1439#G:109
#S:364#R:20#I:285#A:531#G:112
#S:473#R:22#I:285#A:69#G:112
#S:587#R:22#I:285#A:1102#G:112
#S:699#R:26#I:285#A:704#G:112
#S:805#R:27#I:285#A:-264#G:112
#S:908#R:28#I:285#A:-1231#G:114
#S:1015#R:31#I:285#A:-599#G:116
#S:1123#R:34#I:285#A:-458#G:116
#S:1244#R:33#I:285#A:1877#G:118
#S:1358#R:31#I:285#A:700#G:118
#S:1484#R:33#I:285#A:2927#G:119
#S:1601#R:34#I:285#A:1548#G:118
#S:1721#R:37#I:285#A:2001#G:119
#S:1835#R:42#I:300#A:644#G:120
#S:1949#R:41#I:300#A:622#G:121
#S:2072#R:42#I:300#A:2234#G:123
#S:2193#R:44#I:300#A:1808#G:123
#S:2318#R:44#I:300#A:2722#G:123
#S:2440#R:46#I:300#A:2133#G:124
#S:2567#R:49#I:300#A:3438#G:123
#S:2691#R:49#I:300#A:2822#G:124
#S:2809#R:51#I:285#A:1663#G:124
#S:2930#R:54#I:285#A:1997#G:126
#S:3050#R:53#I:285#A:1994#G:126
#S:3178#R:55#I:285#A:3396#G:127
#S:3301#R:61#I:285#A:2599#G:127
#S:3432#R:61#I:285#A:3974#G:129
#S:3568#R:62#I:285#A:5128#G:129
#S:3696#R:65#I:285#A:3852#G:128
#S:3829#R:64#I:330#A:4585#G:130
#S:3954#R:66#I:330#A:3043#G:130
#S:4093#R:69#I:330#A:5635#G:132
#S:4220#R:67#I:330#A:3804#G:130
#S:4354#R:70#I:330#A:4907#G:132
#S:4486#R:74#I:330#A:4563#G:132
#S:4623#R:74#I:330#A:5581#G:133
#S:4764#R:74#I:330#A:6579#G:132
#S:4896#R:77#I:330#A:4751#G:133
#S:5033#R:81#I:330#A:5802#G:134
#S:5162#R:81#I:330#A:4500#G:133
#S:5305#R:83#I:330#A:7227#G:134
#S:5430#R:84#I:330#A:3950#G:133
#S:5571#R:85#I:330#A:6625#G:136
#S:5706#R:87#I:330#A:6081#G:134
#S:5846#R:90#I:285#A:6936#G:135
#S:5982#R:90#I:285#A:6308#G:135
#S:6116#R:95#I:285#A:5809#G:136
#S:6256#R:96#I:285#A:7079#G:136
#S:6392#R:95#I:285#A:6430#G:136
#S:6537#R:97#I:285#A:8504#G:136
#S:6663#R:100#I:285#A:5185#G:134
#S:6808#R:101#I:285#A:8755#G:136
#S:6941#R:100#I:300#A:6670#G:135
#S:7081#R:104#I:300#A:7734#G:137
#S:7217#R:104#I:300#A:7099#G:137
#S:7359#R:106#I:300#A:8491#G:137
#S:7500#R:110#I:300#A:8566#G:136
#S:7638#R:110#I:300#A:8189#G:136
#S:7774#R:112#I:300#A:7989#G:135
#S:7915#R:114#I:300#A:9078#G:136
#S:8053#R:113#I:285#A:8533#G:136
#S:8190#R:115#I:285#A:8541#G:136
#S:8316#R:119#I:285#A:6367#G:136
#S:8458#R:120#I:285#A:9821#G:136
#S:8589#R:119#I:285#A:7917#G:135
#S:8735#R:124#I:285#A:10876#G:136
#S:8861#R:125#I:285#A:7604#G:133
#S:9010#R:127#I:285#A:11598#G:136
#S:9142#R:129#I:300#A:9335#G:132
#S:9284#R:131#I:300#A:10595#G:136
#S:9414#R:132#I:300#A:8623#G:134
#S:9550#R:127#I:300#A:9716#G:136
#S:9696#R:135#I:300#A:11894#G:135
#S:9834#R:134#I:300#A:10800#G:134
#S:9979#R:137#I:300#A:12378#G:133
#S:10106#R:140#I:300#A:9436#G:131
#S:10256#R:140#I:330#A:13872#G:132
#S:10369#R:141#I:330#A:7494#G:128
#S:10505#R:142#I:330#A:11323#G:132
#S:10620#R:143#I:330#A:7782#G:130
#S:10761#R:144#I:330#A:12288#G:134
#S:10889#R:150#I:330#A:10808#G:129
#S:11027#R:150#I:330#A:12660#G:130
#S:11157#R:149#I:285#A:11939#G:127
#S:11286#R:153#I:285#A:11759#G:127
#S:11418#R:154#I:285#A:12629#G:126
#S:11531#R:157#I:285#A:9250#G:125
#S:11658#R:157#I:285#A:11714#G:127
#S:11784#R:159#I:285#A:11591#G:127
#S:11920#R:159#I:285#A:14077#G:126
#S:12053#R:163#I:285#A:13905#G:124
#S:12184#R:160#I:330#A:13691#G:124
#S:12321#R:164#I:330#A:15461#G:122
#S:12440#R:166#I:330#A:12085#G:121
#S:12570#R:169#I:330#A:14468#G:121
#S:12680#R:169#I:330#A:10607#G:121
#S:12815#R:170#I:330#A:15217#G:123
#S:12930#R:173#I:330#A:12102#G:120
#S:13063#R:172#I:330#A:15460#G:121
#S:13179#R:173#I:285#A:13131#G:117
#S:13314#R:176#I:285#A:16739#G:118
#S:13429#R:177#I:285#A:13769#G:114
#S:13544#R:179#I:285#A:13614#G:115
#S:13658#R:181#I:285#A:13855#G:114
#S:13772#R:180#I:285#A:13870#G:114
#S:13894#R:182#I:285#A:15527#G:114
#S:14008#R:186#I:285#A:14227#G:113
#S:14133#R:186#I:330#A:16578#G:113
#S:14255#R:187#I:330#A:16738#G:110
#S:14377#R:190#I:330#A:17002#G:109
#S:14491#R:190#I:330#A:15997#G:107
#S:14595#R:190#I:330#A:14134#G:107
#S:14715#R:193#I:330#A:17478#G:107
#S:14818#R:193#I:330#A:14477#G:105
#S:14938#R:193#I:330#A:17735#G:106
#S:15034#R:197#I:285#A:13713#G:103
#S:15157#R:195#I:285#A:18899#G:105
#S:15258#R:197#I:285#A:15720#G:99
#S:15368#R:200#I:285#A:17402#G:100
#S:15460#R:200#I:285#A:14495#G:97
#S:15562#R:203#I:285#A:16186#G:99
#S:15660#R:207#I:285#A:16453#G:95
#S:15755#R:206#I:285#A:15788#G:95
#S:15855#R:204#I:285#A:17092#G:94
#S:15944#R:208#I:285#A:15296#G:93
#S:16051#R:207#I:285#A:18992#G:93
#S:16139#R:207#I:285#A:16065#G:89
#S:16239#R:209#I:285#A:18255#G:90
#S:16321#R:209#I:285#A:15414#G:87
#S:16417#R:211#I:285#A:18038#G:88
#S:16507#R:212#I:300#A:17615#G:85
#S:16600#R:214#I:300#A:18375#G:85
#S:16688#R:215#I:300#A:17694#G:83
#S:16780#R:215#I:300#A:18702#G:83
#S:16869#R:217#I:300#A:18552#G:81
#S:16950#R:217#I:300#A:17476#G:79
#S:17034#R:217#I:300#A:18269#G:78
#S:17115#R:221#I:300#A:17978#G:77
#S:17194#R:220#I:300#A:17971#G:76
#S:17269#R:220#I:300#A:17740#G:73
#S:17351#R:222#I:300#A:19286#G:73
#S:17426#R:222#I:300#A:18347#G:71
#S:17502#R:222#I:300#A:18566#G:71
#S:17574#R:224#I:300#A:18518#G:68
#S:17647#R:224#I:300#A:18877#G:67
#S:17720#R:225#I:300#A:19189#G:66
#S:17786#R:227#I:285#A:18316#G:64
#S:17855#R:226#I:285#A:19230#G:63
#S:17916#R:225#I:285#A:18015#G:61
#S:17985#R:229#I:285#A:19783#G:60
#S:18040#R:225#I:285#A:17561#G:58
#S:18101#R:229#I:285#A:18764#G:58
#S:18158#R:231#I:285#A:18646#G:55
#S:18219#R:230#I:285#A:19461#G:55
#S:18274#R:231#I:300#A:19002#G:52
#S:18324#R:232#I:300#A:18412#G:50
#S:18382#R:235#I:300#A:20252#G:49
#S:18426#R:231#I:300#A:17975#G:47
#S:18490#R:236#I:300#A:21679#G:48
#S:18524#R:235#I:300#A:16576#G:44
#S:18579#R:232#I:300#A:20386#G:46
#S:18620#R:235#I:300#A:18677#G:41
#S:18674#R:236#I:330#A:21067#G:42
#S:18715#R:235#I:330#A:19181#G:39
#S:18759#R:234#I:330#A:19960#G:38
#S:18803#R:237#I:330#A:20569#G:36
#S:18843#R:236#I:330#A:19914#G:35
#S:18888#R:237#I:330#A:21057#G:35
#S:18920#R:238#I:330#A:18886#G:33
#S:18962#R:236#I:330#A:20864#G:33
#S:18993#R:237#I:330#A:19580#G:29
#S:19036#R:239#I:330#A:21891#G:29
#S:19062#R:236#I:330#A:19371#G:25
#S:19095#R:238#I:330#A:20812#G:25
#S:19119#R:238#I:330#A:19564#G:22
#S:19153#R:239#I:330#A:21549#G:22
#S:19168#R:239#I:330#A:18381#G:19
#S:19190#R:240#I:285#A:19680#G:20
#S:19209#R:239#I:285#A:19901#G:16
#S:19234#R:239#I:285#A:21097#G:16
#S:19248#R:241#I:285#A:19842#G:12
#S:19265#R:237#I:285#A:20291#G:12
#S:19283#R:239#I:285#A:21069#G:10
#S:19296#R:239#I:285#A:20352#G:8
#S:19311#R:239#I:285#A:20781#G:8
#S:19310#R:239#I:285#A:18083#G:6
#S:19326#R:240#I:285#A:21483#G:6
#S:19330#R:239#I:285#A:19829#G:2
#S:19343#R:239#I:285#A:21899#G:1
#S:19345#R:239#I:285#A:19844#G:0
#S:19350#R:241#I:285#A:20918#G:-2
#S:19355#R:239#I:285#A:20994#G:-3
#S:19358#R:238#I:285#A:20851#G:-4
#S:19355#R:240#I:285#A:19851#G:-5
#S:19355#R:239#I:285#A:20480#G:-5
#S:19355#R:239#I:285#A:20886#G:-7
#S:19357#R:240#I:285#A:21557#G:-9
#S:19349#R:239#I:285#A:20166#G:-12
#S:19346#R:239#I:285#A:21166#G:-12
#S:19338#R:239#I:285#A:20598#G:-14
#S:19329#R:238#I:285#A:20852#G:-16
#S:19314#R:236#I:330#A:19545#G:-16
#S:19292#R:239#I:330#A:18400#G:-17
#S:19283#R:238#I:330#A:20716#G:-16
#S:19262#R:236#I:330#A:19144#G:-20
#S:19253#R:238#I:330#A:21487#G:-20
#S:19228#R:236#I:330#A:18968#G:-23
#S:19213#R:236#I:330#A:20848#G:-23
#S:19193#R:238#I:330#A:20387#G:-25
#S:19171#R:235#I:330#A:20074#G:-26
#S:19143#R:236#I:330#A:18895#G:-26
#S:19114#R:238#I:330#A:18663#G:-26
#S:19086#R:234#I:330#A:19479#G:-29
#S:19059#R:235#I:330#A:19622#G:-29
#S:19027#R:235#I:330#A:19105#G:-32
#S:18999#R:233#I:330#A:19894#G:-32
#S:18968#R:235#I:330#A:19843#G:-35
#S:18938#R:234#I:330#A:20008#G:-35
#S:18899#R:235#I:330#A:18471#G:-36
#S:18859#R:230#I:330#A:18120#G:-36
#S:18829#R:232#I:330#A:20076#G:-36
#S:18787#R:232#I:330#A:18523#G:-40
#S:18756#R:231#I:330#A:20602#G:-40
#S:18709#R:229#I:330#A:18067#G:-43
#S:18673#R:229#I:330#A:20393#G:-44
#S:18630#R:230#I:330#A:19232#G:-46
#S:18584#R:227#I:330#A:18842#G:-47
#S:18534#R:229#I:330#A:18017#G:-47
#S:18488#R:228#I:330#A:18718#G:-47
#S:18445#R:225#I:330#A:19618#G:-48
#S:18398#R:227#I:330#A:19129#G:-50
#S:18347#R:224#I:330#A:18716#G:-52
#S:18299#R:223#I:300#A:19327#G:-53
#S:18249#R:224#I:300#A:19385#G:-55
#S:18192#R:221#I:300#A:18301#G:-57
#S:18136#R:221#I:300#A:18340#G:-57
#S:18067#R:221#I:300#A:16008#G:-58
#S:18018#R:220#I:300#A:19530#G:-56
#S:17951#R:219#I:300#A:16991#G:-62
#S:17902#R:221#I:300#A:20289#G:-60
#S:17835#R:217#I:300#A:17267#G:-64
#S:17778#R:218#I:300#A:19281#G:-64
#S:17711#R:219#I:300#A:17822#G:-67
#S:17644#R:217#I:300#A:17764#G:-67
#S:17571#R:214#I:300#A:16666#G:-68
#S:17498#R:215#I:300#A:16573#G:-68
#S:17433#R:214#I:300#A:18565#G:-70
#S:17362#R:210#I:300#A:17479#G:-71
#S:17291#R:211#I:330#A:17908#G:-74
#S:17217#R:210#I:330#A:17321#G:-74
#S:17147#R:209#I:330#A:18491#G:-76
#S:17071#R:206#I:330#A:17344#G:-77
#S:16999#R:208#I:330#A:18218#G:-78
#S:16912#R:205#I:330#A:15340#G:-79
#S:16841#R:205#I:330#A:18299#G:-78
#S:16762#R:205#I:330#A:17204#G:-81
#S:16687#R:203#I:285#A:18391#G:-83
#S:16604#R:203#I:285#A:17032#G:-85
#S:16529#R:201#I:285#A:18589#G:-85
#S:16447#R:199#I:285#A:17446#G:-87
#S:16364#R:197#I:285#A:17502#G:-88
#S:16272#R:197#I:285#A:15735#G:-89
#S:16188#R:196#I:285#A:17162#G:-88
#S:16104#R:195#I:285#A:17363#G:-90
#S:16018#R:195#I:300#A:17451#G:-93
#S:15925#R:191#I:300#A:16424#G:-95
#S:15834#R:191#I:300#A:16766#G:-95
#S:15748#R:192#I:300#A:17903#G:-96
#S:15654#R:189#I:300#A:16457#G:-98
#S:15556#R:188#I:300#A:15858#G:-99
#S:15462#R:186#I:300#A:16318#G:-98
#S:15367#R:185#I:285#A:16480#G:-100
#S:15278#R:181#I:285#A:17808#G:-101
#S:15177#R:182#I:285#A:15845#G:-104
#S:15079#R:179#I:285#A:16472#G:-105
#S:14980#R:178#I:285#A:16434#G:-106
#S:14878#R:177#I:285#A:16034#G:-107
#S:14773#R:176#I:285#A:15585#G:-109
#S:14666#R:173#I:285#A:14870#G:-108
#S:14564#R:172#I:285#A:16112#G:-109
#S:14461#R:173#I:285#A:15894#G:-110
#S:14344#R:170#I:285#A:14048#G:-115
#S:14234#R:170#I:285#A:15193#G:-114
#S:14119#R:168#I:285#A:14435#G:-116
#S:14004#R:166#I:285#A:14307#G:-116
#S:13883#R:163#I:285#A:13558#G:-119
#S:13762#R:163#I:285#A:13191#G:-118
#S:13646#R:160#I:285#A:14450#G:-120
#S:13527#R:158#I:285#A:13902#G:-120
#S:13406#R:159#I:285#A:13974#G:-123
#S:13284#R:154#I:285#A:13824#G:-124
#S:13159#R:156#I:285#A:13324#G:-125
#S:13036#R:154#I:285#A:13450#G:-125
#S:12911#R:152#I:285#A:13307#G:-126
#S:12776#R:150#I:285#A:11521#G:-128
#S:12655#R:150#I:285#A:13733#G:-126
#S:12526#R:146#I:285#A:12627#G:-129
#S:12401#R:143#I:285#A:13484#G:-130
#S:12267#R:144#I:285#A:12120#G:-133
#S:12133#R:142#I:285#A:11896#G:-132
#S:11999#R:141#I:285#A:11981#G:-133
#S:11866#R:142#I:285#A:11888#G:-133
#S:11728#R:137#I:285#A:11061#G:-134
#S:11594#R:137#I:285#A:11435#G:-133
#S:11461#R:135#I:285#A:12009#G:-135
#S:11330#R:134#I:285#A:12618#G:-137
#S:11190#R:132#I:285#A:11105#G:-139
#S:11052#R:133#I:285#A:11406#G:-139
#S:10909#R:129#I:285#A:10300#G:-139
#S:10770#R:126#I:285#A:10942#G:-139
#S:10630#R:124#I:285#A:10655#G:-140
#S:10486#R:121#I:330#A:9920#G:-141
#S:10347#R:120#I:330#A:10690#G:-140
#S:10210#R:118#I:330#A:11238#G:-142
#S:10071#R:119#I:330#A:11159#G:-144
#S:9922#R:115#I:330#A:9404#G:-146
#S:9781#R:115#I:330#A:10432#G:-144
#S:9629#R:112#I:330#A:8618#G:-146
#S:9486#R:110#I:285#A:10008#G:-145
#S:9333#R:108#I:285#A:8297#G:-147
#S:9185#R:106#I:285#A:8980#G:-146
#S:9039#R:107#I:285#A:9361#G:-147
#S:8893#R:102#I:285#A:9665#G:-149
#S:8740#R:102#I:285#A:8566#G:-152
#S:8586#R:99#I:285#A:8051#G:-151
#S:8432#R:99#I:285#A:7757#G:-150
#S:8277#R:98#I:285#A:7387#G:-150
#S:8123#R:95#I:285#A:7671#G:-151
#S:7971#R:92#I:285#A:7650#G:-150
#S:7827#R:91#I:285#A:8953#G:-149
#S:7677#R:88#I:285#A:8075#G:-152
#S:7530#R:87#I:285#A:9008#G:-154
#S:7372#R:88#I:285#A:6851#G:-155
#S:7213#R:83#I:285#A:6255#G:-154
#S:7061#R:81#I:330#A:7368#G:-153
#S:6896#R:81#I:330#A:4760#G:-154
#S:6750#R:78#I:330#A:8109#G:-152
#S:6591#R:76#I:330#A:5426#G:-153
#S:6450#R:75#I:330#A:8652#G:-152
#S:6293#R:73#I:330#A:6236#G:-156
#S:6147#R:70#I:330#A:8153#G:-156
#S:5981#R:69#I:330#A:4425#G:-158
#S:5822#R:67#I:300#A:5107#G:-155
#S:5649#R:64#I:300#A:2529#G:-157
#S:5496#R:63#I:300#A:5530#G:-153
#S:5332#R:64#I:300#A:3779#G:-156
#S:5181#R:60#I:300#A:5622#G:-153
#S:5021#R:55#I:300#A:4532#G:-157
#S:4868#R:55#I:300#A:5547#G:-156
#S:4711#R:52#I:300#A:4947#G:-158
#S:4543#R:50#I:330#A:2506#G:-157
#S:4383#R:50#I:330#A:3675#G:-156
#S:4207#R:47#I:330#A:355#G:-156
#S:4058#R:44#I:330#A:5353#G:-155
#S:3895#R:43#I:330#A:2470#G:-155
#S:3746#R:42#I:330#A:4850#G:-154
#S:3582#R:41#I:330#A:2154#G:-156
#S:3435#R:39#I:330#A:5206#G:-155
#S:3275#R:35#I:285#A:2754#G:-157
#S:3123#R:33#I:285#A:3421#G:-153
#S:2947#R:34#I:285#A:-923#G:-156
#S:2803#R:27#I:285#A:4359#G:-151
#S:2643#R:29#I:285#A:1614#G:-154
#S:2495#R:27#I:285#A:3145#G:-151
#S:2340#R:25#I:285#A:2075#G:-153
#S:2187#R:22#I:285#A:2010#G:-152
#S:2044#R:21#I:285#A:4003#G:-152
#S:1887#R:19#I:285#A:926#G:-152
#S:1735#R:18#I:285#A:1784#G:-152
#S:1571#R:14#I:285#A:-1407#G:-149
#S:1428#R:14#I:285#A:2584#G:-148
#S:1278#R:11#I:285#A:977#G:-148
#S:1132#R:11#I:285#A:1628#G:-148
#S:971#R:11#I:330#A:-1405#G:-149
#S:824#R:8#I:330#A:988#G:-147
#S:665#R:4#I:330#A:-1154#G:-149
#S:522#R:5#I:330#A:1229#G:-146
#S:346#R:0#I:330#A:-5220#G:-148
#S:200#R:1#I:330#A:-324#G:-143
#S:50#R:0#I:330#A:-1077#G:-144
#S:-90#R:-2#I:330#A:259#G:-142
#S:-239#R:-4#I:330#A:-1505#G:-143
#S:-392#R:-4#I:330#A:-2676#G:-142
#S:-529#R:-7#I:330#A:174#G:-141
#S:-677#R:-12#I:330#A:-1986#G:-142
#S:-822#R:-10#I:330#A:-1758#G:-141
#S:-983#R:-13#I:330#A:-5350#G:-140
#S:-1126#R:-15#I:330#A:-2336#G:-137
#S:-1265#R:-14#I:330#A:-1947#G:-136
#S:-1406#R:-18#I:330#A:-2327#G:-137
#S:-1546#R:-19#I:330#A:-2478#G:-136
#S:-1685#R:-17#I:330#A:-2848#G:-134
#S:-1820#R:-23#I:330#A:-2230#G:-133
#S:-1948#R:-24#I:330#A:-1152#G:-132
#S:-2093#R:-23#I:330#A:-4289#G:-134
#S:-2221#R:-25#I:330#A:-2346#G:-128
#S:-2361#R:-28#I:330#A:-4430#G:-130
#S:-2485#R:-26#I:330#A:-1982#G:-127
#S:-2620#R:-31#I:330#A:-4028#G:-128
#S:-2757#R:-32#I:330#A:-4833#G:-127
#S:-2887#R:-35#I:330#A:-3937#G:-125
#S:-3025#R:-34#I:330#A:-5736#G:-125
#S:-3138#R:-38#I:330#A:-1353#G:-122
#S:-3286#R:-38#I:330#A:-7897#G:-125
#S:-3402#R:-39#I:330#A:-2621#G:-120
#S:-3538#R:-42#I:300#A:-6869#G:-120
#S:-3656#R:-43#I:300#A:-3717#G:-118
#S:-3780#R:-43#I:300#A:-4791#G:-119
#S:-3906#R:-44#I:300#A:-5694#G:-118
#S:-4023#R:-46#I:300#A:-4353#G:-116
#S:-4154#R:-45#I:300#A:-7303#G:-116
#S:-4262#R:-48#I:300#A:-3102#G:-114
#S:-4400#R:-50#I:330#A:-9129#G:-115
#S:-4509#R:-51#I:330#A:-4243#G:-111
#S:-4634#R:-50#I:330#A:-7443#G:-111
#S:-4745#R:-52#I:330#A:-5303#G:-109
#S:-4854#R:-56#I:330#A:-4938#G:-109
#S:-4964#R:-56#I:330#A:-5929#G:-106
#S:-5066#R:-58#I:330#A:-4446#G:-106
#S:-5177#R:-57#I:330#A:-6880#G:-103
#S:-5270#R:-61#I:285#A:-3479#G:-103
#S:-5387#R:-61#I:285#A:-8411#G:-102
#S:-5494#R:-60#I:285#A:-6751#G:-101
#S:-5601#R:-63#I:285#A:-7429#G:-98
#S:-5696#R:-63#I:285#A:-5424#G:-97
#S:-5803#R:-64#I:285#A:-7611#G:-98
#S:-5893#R:-65#I:285#A:-5228#G:-94
#S:-5996#R:-68#I:285#A:-7696#G:-95
#S:-6083#R:-67#I:330#A:-5509#G:-90
#S:-6176#R:-66#I:330#A:-6388#G:-92
#S:-6266#R:-70#I:330#A:-6858#G:-88
#S:-6355#R:-71#I:330#A:-6364#G:-89
#S:-6444#R:-74#I:330#A:-7048#G:-86
#S:-6529#R:-75#I:330#A:-6501#G:-86
#S:-6630#R:-76#I:330#A:-9690#G:-86
#S:-6711#R:-77#I:330#A:-6665#G:-82
#S:-6808#R:-79#I:360#A:-9664#G:-83
#S:-6887#R:-80#I:360#A:-7022#G:-79
#S:-6976#R:-78#I:360#A:-8811#G:-80
#S:-7060#R:-83#I:360#A:-8708#G:-76
#S:-7140#R:-83#I:360#A:-8016#G:-76
#S:-7218#R:-81#I:360#A:-8071#G:-74
#S:-7290#R:-82#I:360#A:-7480#G:-72
#S:-7369#R:-85#I:360#A:-8955#G:-72
#S:-7434#R:-83#I:330#A:-7025#G:-68
#S:-7508#R:-86#I:330#A:-8636#G:-69
#S:-7567#R:-87#I:330#A:-6541#G:-65
#S:-7635#R:-85#I:330#A:-8421#G:-65
#S:-7702#R:-89#I:330#A:-8719#G:-62
#S:-7768#R:-87#I:330#A:-8668#G:-62
#S:-7833#R:-86#I:330#A:-9075#G:-59
#S:-7894#R:-89#I:330#A:-8635#G:-58
#S:-7962#R:-89#I:330#A:-10183#G:-57
#S:-8026#R:-88#I:330#A:-10040#G:-54
#S:-8087#R:-91#I:330#A:-9859#G:-53
#S:-8144#R:-92#I:330#A:-9440#G:-51
#S:-8204#R:-91#I:330#A:-10322#G:-50
#S:-8260#R:-93#I:330#A:-10016#G:-48
#S:-8315#R:-94#I:330#A:-10213#G:-46
#S:-8365#R:-93#I:330#A:-9737#G:-44
#S:-8411#R:-93#I:330#A:-9248#G:-42
#S:-8460#R:-99#I:330#A:-10251#G:-41
#S:-8505#R:-93#I:330#A:-9958#G:-38
#S:-8551#R:-94#I:330#A:-10409#G:-37
#S:-8589#R:-95#I:330#A:-9231#G:-35
#S:-8632#R:-95#I:330#A:-10532#G:-34
#S:-8669#R:-95#I:330#A:-9751#G:-32
#S:-8711#R:-96#I:330#A:-11074#G:-31
#S:-8747#R:-97#I:330#A:-10179#G:-29
#S:-8783#R:-94#I:330#A:-10693#G:-27
#S:-8821#R:-96#I:330#A:-11294#G:-26
#S:-8853#R:-99#I:330#A:-10788#G:-23
#S:-8886#R:-95#I:330#A:-11102#G:-22
#S:-8906#R:-97#I:330#A:-9280#G:-19
#S:-8936#R:-96#I:330#A:-11306#G:-19
#S:-8956#R:-96#I:330#A:-9721#G:-17
#S:-8984#R:-96#I:330#A:-11426#G:-16
#S:-9001#R:-102#I:330#A:-9764#G:-14
#S:-9020#R:-97#I:330#A:-10496#G:-12
#S:-9037#R:-97#I:330#A:-10248#G:-11
#S:-9052#R:-99#I:330#A:-10628#G:-8
#S:-9067#R:-96#I:330#A:-10782#G:-7
#S:-9071#R:-99#I:330#A:-8892#G:-5
#S:-9083#R:-96#I:330#A:-10588#G:-5
#S:-9087#R:-96#I:330#A:-9514#G:-2
#S:-9098#R:-98#I:330#A:-10960#G:-2
#S:-9099#R:-97#I:330#A:-9309#G:0
#S:-9105#R:-96#I:330#A:-10489#G:0
#S:-9108#R:-96#I:330#A:-10282#G:2
#S:-9112#R:-99#I:330#A:-10674#G:3
#S:-9113#R:-98#I:330#A:-10317#G:5
#S:-9106#R:-96#I:330#A:-9174#G:7
#S:-9105#R:-98#I:330#A:-10312#G:7
#S:-9100#R:-97#I:330#A:-9996#G:9
#S:-9094#R:-97#I:330#A:-10039#G:10
#S:-9086#R:-100#I:330#A:-9801#G:11
#S:-9076#R:-97#I:330#A:-9534#G:12
#S:-9065#R:-95#I:330#A:-9732#G:14
#S:-9054#R:-97#I:330#A:-9879#G:15
#S:-9039#R:-97#I:360#A:-9386#G:16
#S:-9019#R:-96#I:360#A:-8781#G:18
#S:-8999#R:-96#I:360#A:-8737#G:18
#S:-8980#R:-96#I:360#A:-9336#G:20
#S:-8959#R:-96#I:360#A:-8902#G:20
#S:-8938#R:-96#I:360#A:-9196#G:22
#S:-8914#R:-96#I:360#A:-8691#G:22
#S:-8895#R:-95#I:285#A:-9845#G:23
#S:-8875#R:-95#I:285#A:-9788#G:24
#S:-8852#R:-96#I:285#A:-9458#G:26
#S:-8829#R:-94#I:285#A:-9508#G:26
#S:-8801#R:-94#I:285#A:-8848#G:28
#S:-8776#R:-95#I:285#A:-9648#G:29
#S:-8744#R:-94#I:285#A:-8285#G:29
#S:-8718#R:-95#I:285#A:-9643#G:30
#S:-8684#R:-94#I:360#A:-8276#G:31
#S:-8653#R:-91#I:360#A:-9026#G:32
#S:-8622#R:-91#I:360#A:-9264#G:34
#S:-8586#R:-92#I:360#A:-8583#G:35
#S:-8553#R:-89#I:360#A:-9304#G:36
#S:-8515#R:-88#I:360#A:-8365#G:37
#S:-8481#R:-88#I:360#A:-9362#G:38
#S:-8439#R:-90#I:360#A:-7908#G:39
#S:-8402#R:-88#I:330#A:-9106#G:40
#S:-8358#R:-88#I:330#A:-7790#G:41
#S:-8319#R:-88#I:330#A:-8931#G:42
#S:-8280#R:-87#I:330#A:-9257#G:43
#S:-8235#R:-87#I:330#A:-8417#G:45
#S:-8190#R:-86#I:330#A:-8525#G:46
#S:-8144#R:-84#I:330#A:-8453#G:47
#S:-8098#R:-87#I:330#A:-8609#G:48
#S:-8047#R:-84#I:330#A:-7943#G:50
#S:-8000#R:-82#I:330#A:-8563#G:49
#S:-7946#R:-83#I:330#A:-7377#G:51
#S:-7899#R:-82#I:330#A:-8882#G:51
#S:-7851#R:-80#I:330#A:-8916#G:53
#S:-7800#R:-82#I:330#A:-8635#G:55
#S:-7745#R:-83#I:330#A:-8061#G:56
#S:-7693#R:-77#I:330#A:-8636#G:56
#S:-7635#R:-79#I:330#A:-7809#G:58
#S:-7580#R:-78#I:330#A:-8440#G:59
#S:-7521#R:-76#I:330#A:-7706#G:59
#S:-7461#R:-76#I:330#A:-7567#G:60
#S:-7408#R:-77#I:330#A:-8948#G:60
#S:-7346#R:-70#I:330#A:-7732#G:63
#S:-7291#R:-75#I:330#A:-9203#G:64
#S:-7227#R:-78#I:330#A:-7448#G:65
#S:-7165#R:-69#I:330#A:-8019#G:66
#S:-7097#R:-66#I:330#A:-7154#G:68
#S:-7034#R:-68#I:330#A:-8114#G:68
#S:-6961#R:-67#I:330#A:-6205#G:69
#S:-6894#R:-63#I:330#A:-7297#G:69
#S:-6824#R:-65#I:330#A:-6736#G:69
#S:-6756#R:-65#I:330#A:-7494#G:71
#S:-6691#R:-63#I:330#A:-8159#G:72
#S:-6621#R:-63#I:330#A:-7489#G:74
#S:-6547#R:-63#I:330#A:-6663#G:74
#S:-6474#R:-61#I:330#A:-6979#G:75
#S:-6399#R:-60#I:330#A:-6754#G:76
#S:-6318#R:-60#I:330#A:-5592#G:77
#S:-6246#R:-57#I:330#A:-7074#G:76
#S:-6164#R:-57#I:330#A:-5409#G:78
#S:-6096#R:-55#I:330#A:-7978#G:77
#S:-6019#R:-54#I:330#A:-6744#G:80
#S:-5942#R:-55#I:330#A:-6809#G:81
#S:-5860#R:-54#I:330#A:-6012#G:82
#S:-5779#R:-51#I:330#A:-6284#G:83
#S:-5696#R:-51#I:330#A:-5974#G:84
#S:-5607#R:-52#I:330#A:-4630#G:84
#S:-5525#R:-48#I:330#A:-5921#G:83
#S:-5434#R:-48#I:360#A:-4264#G:85
#S:-5357#R:-46#I:360#A:-6767#G:84
#S:-5269#R:-46#I:360#A:-5113#G:87
#S:-5187#R:-48#I:360#A:-6100#G:86
#S:-5096#R:-46#I:360#A:-4896#G:89
#S:-5005#R:-42#I:360#A:-4512#G:88
#S:-4915#R:-43#I:360#A:-4869#G:89
#S:-4821#R:-43#I:360#A:-4041#G:90
#S:-4732#R:-40#I:330#A:-4769#G:89
#S:-4639#R:-39#I:330#A:-4176#G:90
#S:-4552#R:-39#I:330#A:-5279#G:90
#S:-4463#R:-37#I:330#A:-5052#G:91
#S:-4375#R:-37#I:330#A:-5194#G:92
#S:-4287#R:-36#I:330#A:-5360#G:93
#S:-4188#R:-34#I:330#A:-3371#G:94
#S:-4094#R:-32#I:330#A:-4224#G:94
#S:-3993#R:-31#I:330#A:-2840#G:95
#S:-3896#R:-31#I:330#A:-3413#G:94
#S:-3800#R:-27#I:330#A:-3608#G:95
#S:-3702#R:-28#I:330#A:-3194#G:95
#S:-3608#R:-27#I:330#A:-4143#G:96
#S:-3511#R:-22#I:330#A:-3566#G:97
#S:-3417#R:-23#I:330#A:-4274#G:98
#S:-3315#R:-23#I:330#A:-2807#G:99
#S:-3211#R:-21#I:330#A:-2188#G:98
#S:-3111#R:-21#I:330#A:-2842#G:98
#S:-3006#R:-21#I:330#A:-1993#G:99
#S:-2904#R:-19#I:330#A:-2411#G:99
#S:-2803#R:-17#I:330#A:-2520#G:99
#S:-2700#R:-17#I:330#A:-2087#G:99
#S:-2604#R:-14#I:330#A:-3558#G:100
#S:-2503#R:-14#I:330#A:-2668#G:101
#S:-2402#R:-14#I:330#A:-2774#G:102
#S:-2296#R:-8#I:330#A:-1689#G:102
#S:-2192#R:-14#I:330#A:-1680#G:101
#S:-2088#R:-8#I:330#A:-1827#G:102
#S:-1982#R:-6#I:330#A:-1210#G:102
#S:-1881#R:-4#I:330#A:-2235#G:102
#S:-1772#R:-5#I:330#A:-531#G:102
#S:-1673#R:-6#I:330#A:-2330#G:102
#S:-1570#R:-2#I:330#A:-1796#G:104
#S:-1469#R:-2#I:330#A:-2200#G:104
#S:-1361#R:-2#I:330#A:-780#G:105
#S:-1251#R:1#I:330#A:-182#G:104
#S:-1149#R:1#I:330#A:-1429#G:103
#S:-1038#R:3#I:330#A:48#G:105
#S:-939#R:5#I:330#A:-1985#G:104
#S:-831#R:5#I:360#A:-376#G:105
#S:-729#R:6#I:360#A:-1217#G:104
#S:-630#R:10#I:360#A:-1857#G:105
#S:-525#R:10#I:360#A:-770#G:106
#S:-424#R:10#I:360#A:-1601#G:106
#S:-313#R:12#I:360#A:530#G:106
#S:-205#R:12#I:360#A:320#G:105
#S:-100#R:13#I:360#A:-314#G:106
#S:8#R:16#I:360#A:587#G:106
#S:114#R:16#I:360#A:152#G:106
#S:220#R:18#I:360#A:492#G:105
#S:322#R:19#I:360#A:-286#G:106
#S:421#R:19#I:360#A:-994#G:107
#S:525#R:22#I:360#A:119#G:107
#S:632#R:25#I:360#A:691#G:107
#S:744#R:23#I:360#A:2054#G:106
#S:847#R:24#I:285#A:260#G:106
#S:958#R:28#I:285#A:1766#G:107
#S:1058#R:28#I:285#A:251#G:105
#S:1164#R:30#I:285#A:1321#G:106
#S:1271#R:32#I:285#A:1535#G:106
#S:1370#R:30#I:285#A:35#G:106
#S:1478#R:34#I:285#A:1804#G:107
#S:1582#R:34#I:285#A:1260#G:106
#S:1692#R:31#I:330#A:2545#G:106
#S:1797#R:37#I:330#A:1833#G:105
#S:1905#R:37#I:330#A:2463#G:106
#S:2005#R:42#I:330#A:1328#G:104
#S:2111#R:41#I:330#A:2446#G:105
#S:2215#R:41#I:330#A:2367#G:104
#S:2318#R:45#I:330#A:2021#G:105
#S:2423#R:44#I:285#A:2561#G:105
#S:2528#R:43#I:285#A:2677#G:105
#S:2636#R:47#I:285#A:3494#G:104
#S:2747#R:46#I:285#A:4221#G:104
#S:2853#R:48#I:285#A:3335#G:104
#S:2962#R:52#I:285#A:4101#G:104
#S:3066#R:51#I:285#A:3336#G:103
#S:3175#R:53#I:285#A:4379#G:103
#S:3276#R:55#I:285#A:3158#G:102
#S:3381#R:54#I:285#A:4161#G:102
#S:3484#R:57#I:285#A:3822#G:102
#S:3588#R:62#I:285#A:4170#G:102
#S:3693#R:62#I:285#A:4507#G:101
#S:3798#R:62#I:285#A:4755#G:101
#S:3905#R:63#I:285#A:5278#G:101
#S:4005#R:62#I:285#A:4032#G:100
#S:4112#R:65#I:330#A:5638#G:100
#S:4210#R:67#I:330#A:4186#G:99
#S:4316#R:66#I:330#A:5751#G:99
#S:4417#R:68#I:330#A:5012#G:99
#S:4521#R:70#I:330#A:5516#G:99
#S:4620#R:72#I:330#A:5034#G:97
#S:4725#R:72#I:330#A:6178#G:98
#S:4827#R:74#I:330#A:5865#G:97
#S:4924#R:75#I:330#A:5186#G:96
#S:5027#R:75#I:330#A:6253#G:97
#S:5120#R:75#I:330#A:4739#G:95
#S:5218#R:77#I:330#A:5906#G:95
#S:5315#R:76#I:330#A:5931#G:94
#S:5408#R:80#I:330#A:5302#G:94
#S:5504#R:82#I:330#A:6247#G:93
#S:5597#R:82#I:330#A:5654#G:93
#S:5695#R:83#I:360#A:6982#G:92
#S:5789#R:86#I:360#A:6312#G:92
#S:5886#R:84#I:360#A:7047#G:92
#S:5980#R:86#I:360#A:6834#G:90
#S:6073#R:88#I:360#A:6733#G:90
#S:6170#R:88#I:360#A:7620#G:90
#S:6254#R:89#I:360#A:5653#G:88
#S:6348#R:90#I:360#A:7506#G:89
#S:6429#R:91#I:360#A:5347#G:87
#S:6525#R:92#I:360#A:8250#G:88
#S:6609#R:96#I:360#A:6339#G:86
#S:6699#R:94#I:360#A:7407#G:87
#S:6788#R:95#I:360#A:7764#G:85
#S:6872#R:97#I:360#A:6900#G:84
#S:6962#R:95#I:360#A:8317#G:84
#S:7044#R:97#I:300#A:6964#G:83
#S:7128#R:99#I:300#A:7449#G:83
#S:7209#R:101#I:300#A:7034#G:82
#S:7298#R:100#I:300#A:8723#G:82
#S:7379#R:104#I:300#A:7760#G:80
#S:7462#R:102#I:300#A:8125#G:80
#S:7544#R:103#I:300#A:8010#G:80
#S:7624#R:102#I:300#A:8081#G:78
#S:7707#R:105#I:360#A:8998#G:77
#S:7786#R:107#I:360#A:8408#G:76
#S:7860#R:105#I:360#A:7628#G:76
#S:7938#R:109#I:360#A:8519#G:76
#S:8016#R:109#I:360#A:8677#G:75
#S:8092#R:111#I:360#A:8522#G:74
#S:8170#R:111#I:360#A:9184#G:73
#S:8243#R:111#I:360#A:8522#G:72
#S:8319#R:111#I:330#A:9357#G:71
#S:8394#R:114#I:330#A:9523#G:70
#S:8464#R:114#I:330#A:9040#G:68
#S:8531#R:113#I:330#A:8510#G:68
#S:8601#R:115#I:330#A:9114#G:68
#S:8669#R:115#I:330#A:8991#G:67
#S:8741#R:119#I:330#A:9738#G:67
#S:8812#R:118#I:330#A:9962#G:66
#S:8879#R:121#I:285#A:9517#G:64
#S:8949#R:118#I:285#A:10178#G:64
#S:9016#R:121#I:285#A:10155#G:62
#S:9080#R:121#I:285#A:9864#G:61
#S:9143#R:121#I:285#A:9822#G:60
#S:9201#R:124#I:285#A:9095#G:59
#S:9264#R:121#I:285#A:10186#G:59
#S:9325#R:121#I:285#A:10054#G:58
#S:9387#R:124#I:300#A:10405#G:57
#S:9450#R:123#I:300#A:10913#G:56
#S:9510#R:123#I:300#A:10640#G:55
#S:9573#R:127#I:300#A:11408#G:54
#S:9632#R:127#I:300#A:10870#G:53
#S:9685#R:127#I:300#A:10010#G:52
#S:9740#R:128#I:300#A:10695#G:51
#S:9790#R:131#I:300#A:9919#G:50
#S:9842#R:130#I:330#A:10626#G:49
#S:9894#R:130#I:330#A:10673#G:49
#S:9948#R:129#I:330#A:11201#G:48
#S:10000#R:131#I:330#A:11370#G:46
#S:10054#R:131#I:330#A:11775#G:46
#S:10103#R:133#I:330#A:11162#G:44
#S:10150#R:132#I:330#A:10797#G:44
#S:10196#R:131#I:330#A:10958#G:43
#S:10238#R:134#I:330#A:10534#G:41
#S:10287#R:133#I:330#A:11738#G:42
#S:10329#R:133#I:330#A:10775#G:40
#S:10369#R:132#I:330#A:10585#G:39
#S:10415#R:133#I:330#A:12194#G:38
#S:10453#R:134#I:330#A:10829#G:37
#S:10496#R:134#I:330#A:12001#G:36
#S:10532#R:135#I:330#A:10888#G:35
#S:10566#R:134#I:330#A:10803#G:33
#S:10605#R:133#I:330#A:11824#G:33
#S:10638#R:135#I:330#A:10960#G:32
#S:10677#R:137#I:330#A:12085#G:32
#S:10707#R:140#I:330#A:10711#G:30
#S:10744#R:137#I:330#A:12146#G:30
#S:10771#R:137#I:330#A:10939#G:27
#S:10805#R:138#I:330#A:12270#G:27
#S:10831#R:138#I:330#A:11171#G:25
#S:10859#R:136#I:330#A:11556#G:25
#S:10886#R:138#I:330#A:11733#G:23
#S:10908#R:140#I:330#A:10918#G:22
#S:10935#R:140#I:330#A:11937#G:22
#S:10955#R:139#I:330#A:11121#G:20
#S:10977#R:142#I:330#A:11559#G:20
#S:11002#R:138#I:330#A:12299#G:19
#S:11022#R:139#I:330#A:11526#G:18
#S:11046#R:139#I:330#A:12475#G:17
#S:11063#R:138#I:330#A:11535#G:15
#S:11077#R:141#I:330#A:11095#G:14
#S:11093#R:140#I:330#A:11703#G:13
#S:11106#R:140#I:330#A:11378#G:12
#S:11119#R:140#I:330#A:11566#G:11
#S:11127#R:143#I:330#A:10896#G:10
#S:11142#R:140#I:330#A:12165#G:10
#S:11154#R:140#I:330#A:12145#G:8
#S:11168#R:143#I:330#A:12448#G:8
#S:11175#R:139#I:330#A:11546#G:6
#S:11179#R:140#I:330#A:11030#G:5
#S:11189#R:142#I:330#A:12355#G:5
#S:11191#R:140#I:330#A:11170#G:3
#S:11199#R:141#I:360#A:12392#G:3
#S:11197#R:141#I:360#A:10714#G:1
#S:11198#R:139#I:360#A:11333#G:1
#S:11202#R:140#I:360#A:12169#G:0
#S:11204#R:143#I:360#A:11768#G:0
#S:11205#R:141#I:360#A:11859#G:-2
#S:11203#R:141#I:360#A:11238#G:-2
#S:11202#R:141#I:285#A:11790#G:-3
#S:11204#R:142#I:285#A:12232#G:-3
#S:11203#R:141#I:285#A:11907#G:-4
#S:11199#R:141#I:285#A:11476#G:-5
#S:11195#R:141#I:285#A:11555#G:-5
#S:11194#R:137#I:285#A:12083#G:-5
#S:11192#R:142#I:285#A:12014#G:-6
#S:11188#R:143#I:285#A:11809#G:-7
#S:11178#R:140#I:285#A:10934#G:-8
#S:11171#R:139#I:285#A:11440#G:-8
#S:11168#R:142#I:285#A:12433#G:-9
#S:11159#R:141#I:285#A:11414#G:-10
#S:11152#R:138#I:285#A:11794#G:-10
#S:11139#R:142#I:285#A:10588#G:-10
#S:11133#R:139#I:285#A:12120#G:-10
#S:11125#R:139#I:285#A:11844#G:-11
#S:11116#R:140#I:285#A:11623#G:-11
#S:11105#R:139#I:285#A:11477#G:-12
#S:11092#R:139#I:285#A:11054#G:-12
#S:11084#R:141#I:285#A:11893#G:-12
#S:11073#R:140#I:285#A:11590#G:-13
#S:11060#R:137#I:285#A:11429#G:-14
#S:11042#R:139#I:285#A:10428#G:-14
#S:11028#R:140#I:285#A:10921#G:-13
#S:11018#R:137#I:285#A:11840#G:-14
#S:11006#R:139#I:285#A:11557#G:-14
#S:10994#R:135#I:285#A:11597#G:-15
#S:10977#R:137#I:285#A:10746#G:-15
#S:10962#R:139#I:285#A:11324#G:-16
#S:10950#R:139#I:285#A:11925#G:-16
#S:10931#R:135#I:285#A:10680#G:-17
#S:10916#R:137#I:285#A:11416#G:-17
#S:10894#R:138#I:330#A:9959#G:-17
#S:10882#R:137#I:330#A:11738#G:-16
#S:10864#R:137#I:330#A:10806#G:-17
#S:10850#R:135#I:330#A:11546#G:-17
#S:10828#R:135#I:330#A:10140#G:-18
#S:10809#R:135#I:330#A:10674#G:-18
#S:10796#R:139#I:330#A:11944#G:-18
#S:10779#R:134#I:330#A:11233#G:-19
#S:10761#R:134#I:285#A:11136#G:-19
#S:10741#R:135#I:285#A:10549#G:-19
#S:10721#R:132#I:285#A:10651#G:-19
#S:10703#R:133#I:285#A:10916#G:-19
#S:10683#R:133#I:285#A:10762#G:-20
#S:10661#R:132#I:285#A:10413#G:-20
#S:10637#R:132#I:285#A:10061#G:-21
#S:10617#R:135#I:330#A:10920#G:-21
#S:10595#R:134#I:330#A:10792#G:-22
#S:10573#R:134#I:330#A:10621#G:-22
#S:10549#R:134#I:330#A:10234#G:-22
#S:10521#R:133#I:330#A:9402#G:-22
#S:10501#R:133#I:330#A:10819#G:-21
#S:10475#R:132#I:330#A:9769#G:-22
#S:10455#R:129#I:330#A:10908#G:-22
#S:10427#R:131#I:330#A:9497#G:-23
#S:10406#R:132#I:330#A:10874#G:-23
#S:10382#R:131#I:330#A:10383#G:-24
#S:10359#R:129#I:330#A:10720#G:-24
#S:10331#R:132#I:330#A:9728#G:-24
#S:10304#R:131#I:330#A:9876#G:-24
#S:10283#R:130#I:330#A:10802#G:-23
#S:10256#R:132#I:330#A:9746#G:-24
#S:10234#R:131#I:300#A:10763#G:-24
#S:10207#R:129#I:300#A:10008#G:-25
#S:10185#R:129#I:300#A:10799#G:-25
#S:10161#R:130#I:300#A:10651#G:-26
#S:10137#R:127#I:300#A:10719#G:-26
#S:10108#R:130#I:300#A:9835#G:-27
#S:10080#R:129#I:300#A:9811#G:-26
#S:10051#R:128#I:300#A:9756#G:-27
#S:10024#R:124#I:285#A:10142#G:-27
#S:9994#R:128#I:285#A:9484#G:-27
#S:9968#R:123#I:285#A:10536#G:-28
#S:9933#R:124#I:285#A:8924#G:-29
#S:9909#R:125#I:285#A:10817#G:-28
#S:9880#R:122#I:285#A:9920#G:-29
#S:9853#R:122#I:285#A:10374#G:-29
#S:9825#R:123#I:285#A:10114#G:-29
#S:9791#R:121#I:285#A:9100#G:-30
#S:9765#R:121#I:285#A:10377#G:-29
#S:9732#R:123#I:285#A:9269#G:-30
#S:9705#R:121#I:285#A:10427#G:-30
#S:9674#R:121#I:285#A:9716#G:-31
#S:9644#R:123#I:285#A:9919#G:-31
#S:9614#R:119#I:285#A:10022#G:-32
#S:9586#R:119#I:285#A:10340#G:-31
#S:9556#R:122#I:330#A:10032#G:-32
#S:9525#R:116#I:330#A:9847#G:-32
#S:9495#R:119#I:330#A:9807#G:-31
#S:9462#R:120#I:330#A:9278#G:-32
#S:9432#R:117#I:330#A:9896#G:-32
#S:9400#R:117#I:330#A:9718#G:-33
#S:9366#R:118#I:330#A:9475#G:-34
#S:9335#R:119#I:330#A:9974#G:-34
#S:9302#R:115#I:330#A:9556#G:-34
#S:9271#R:115#I:330#A:9953#G:-34
#S:9238#R:117#I:330#A:9594#G:-34
#S:9201#R:115#I:330#A:8822#G:-35
#S:9167#R:113#I:330#A:9206#G:-34
