#S:2847#R:43#I:315#A:2728#G:1
#S:2842#R:43#I:315#A:2016#G:0
#S:2850#R:43#I:315#A:4488#G:0
#S:2853#R:44#I:315#A:3860#G:-2
#S:2859#R:43#I:315#A:4310#G:-1
#S:2847#R:42#I:315#A:1144#G:-3
#S:2855#R:43#I:315#A:4481#G:0
#S:2840#R:43#I:315#A:310#G:-2
#S:2847#R:42#I:315#A:4288#G:0
#S:2845#R:44#I:315#A:2474#G:0
#S:2848#R:42#I:315#A:3632#G:0
#S:2848#R:42#I:345#A:3031#G:0
#S:2859#R:45#I:345#A:5411#G:-1
#S:2859#R:41#I:345#A:3317#G:-2
#S:2865#R:42#I:345#A:4651#G:-2
#S:2867#R:42#I:345#A:3466#G:-1
#S:2861#R:43#I:345#A:2141#G:-2
#S:2868#R:41#I:345#A:4311#G:0
#S:2855#R:43#I:345#A:627#G:-1
#S:2861#R:45#I:345#A:4049#G:1
#S:2854#R:41#I:345#A:1810#G:-1
#S:2866#R:42#I:345#A:5293#G:0
#S:2864#R:43#I:345#A:3043#G:-2
#S:2872#R:41#I:345#A:4845#G:-1
#S:2860#R:40#I:345#A:1053#G:-2
#S:2869#R:44#I:345#A:4838#G:0
#S:2852#R:43#I:345#A:-21#G:-2
#S:2850#R:41#I:345#A:2651#G:0
#S:2840#R:44#I:345#A:908#G:0
#S:2833#R:43#I:345#A:1637#G:0
#S:2841#R:42#I:345#A:4545#G:0
#S:2842#R:44#I:345#A:3303#G:-1
#S:2844#R:43#I:345#A:3489#G:-1
#S:2844#R:44#I:345#A:2887#G:0
#S:2843#R:42#I:345#A:2708#G:0
#S:2836#R:44#I:375#A:1829#G:-1
#S:2826#R:42#I:375#A:1030#G:0
#S:2816#R:44#I:375#A:844#G:0
#S:2817#R:42#I:375#A:2695#G:2
#S:2824#R:43#I:375#A:3856#G:2
#S:2827#R:43#I:375#A:3585#G:0
#S:2831#R:43#I:375#A:3705#G:0
#S:2832#R:41#I:375#A:3189#G:0
#S:2827#R:44#I:345#A:2100#G:-1
#S:2833#R:42#I:345#A:4139#G:0
#S:2820#R:40#I:345#A:328#G:0
#S:2812#R:43#I:345#A:1311#G:0
#S:2809#R:43#I:345#A:1968#G:2
#S:2808#R:42#I:345#A:2235#G:2
#S:2815#R:43#I:345#A:4138#G:1
#S:2818#R:43#I:345#A:3253#G:1
#S:2820#R:43#I:345#A:3349#G:0
#S:2826#R:43#I:345#A:4188#G:0
#S:2826#R:43#I:345#A:2909#G:0
#S:2830#R:42#I:345#A:3769#G:0
#S:2823#R:43#I:345#A:1328#G:1
#S:2817#R:44#I:345#A:1465#G:1
#S:2820#R:43#I:345#A:2877#G:3
#S:2819#R:43#I:375#A:2264#G:2
#S:2824#R:43#I:375#A:3658#G:1
#S:2827#R:42#I:375#A:3436#G:0
#S:2833#R:44#I:375#A:4226#G:0
#S:2830#R:44#I:375#A:2386#G:0
#S:2836#R:43#I:375#A:4159#G:0
#S:2827#R:43#I:375#A:1146#G:0
#S:2823#R:45#I:375#A:1859#G:1
#S:2823#R:43#I:315#A:2551#G:2
#S:2822#R:42#I:315#A:2397#G:2
#S:2828#R:43#I:315#A:3914#G:1
#S:2832#R:43#I:315#A:3655#G:0
#S:2835#R:42#I:315#A:3543#G:0
#S:2836#R:43#I:315#A:3233#G:0
#S:2835#R:43#I:315#A:2678#G:0
#S:2835#R:41#I:315#A:2881#G:0
#S:2827#R:44#I:345#A:1424#G:0
#S:2822#R:42#I:345#A:1842#G:0
#S:2825#R:43#I:345#A:3174#G:2
#S:2821#R:42#I:345#A:2097#G:0
#S:2831#R:43#I:345#A:4905#G:0
#S:2835#R:41#I:345#A:3876#G:-1
#S:2841#R:46#I:345#A:4212#G:0
#S:2839#R:44#I:345#A:2714#G:-1
#S:2843#R:43#I:345#A:4003#G:-1
#S:2836#R:43#I:345#A:1706#G:-1
#S:2828#R:42#I:345#A:1343#G:0
#S:2831#R:43#I:345#A:3312#G:1
#S:2823#R:40#I:345#A:1303#G:0
#S:2828#R:44#I:345#A:3824#G:0
#S:2834#R:42#I:345#A:4254#G:-1
#S:2839#R:44#I:345#A:4108#G:-1
#S:2842#R:43#I:375#A:3770#G:-1
#S:2837#R:41#I:375#A:2092#G:-1
#S:2839#R:41#I:375#A:3324#G:0
#S:2827#R:44#I:375#A:827#G:-1
#S:2832#R:43#I:375#A:3789#G:1
#S:2826#R:42#I:375#A:1682#G:0
#S:2828#R:43#I:375#A:3284#G:0
#S:2829#R:42#I:315#A:3115#G:0
#S:2830#R:42#I:315#A:3578#G:-2
#S:2837#R:44#I:315#A:4275#G:0
#S:2827#R:43#I:315#A:1193#G:-1
#S:2829#R:42#I:315#A:3296#G:0
#S:2825#R:42#I:315#A:2180#G:0
#S:2818#R:43#I:315#A:1572#G:0
#S:2821#R:42#I:315#A:3330#G:1
#S:2813#R:45#I:390#A:1296#G:0
#S:2812#R:41#I:390#A:2698#G:0
#S:2822#R:42#I:390#A:4924#G:0
#S:2819#R:44#I:390#A:2514#G:-1
#S:2827#R:42#I:390#A:4586#G:0
#S:2820#R:43#I:390#A:1609#G:0
#S:2826#R:45#I:390#A:4081#G:0
#S:2826#R:43#I:390#A:3020#G:0
#S:2819#R:41#I:390#A:1499#G:0
#S:2815#R:43#I:390#A:1989#G:1
#S:2812#R:44#I:390#A:2289#G:0
#S:2813#R:42#I:390#A:3123#G:0
#S:2828#R:44#I:390#A:5815#G:0
#S:2830#R:43#I:390#A:3312#G:0
#S:2831#R:43#I:390#A:3081#G:0
#S:2831#R:42#I:390#A:2921#G:0
#S:2829#R:44#I:345#A:2530#G:0
#S:2828#R:42#I:345#A:2712#G:0
#S:2818#R:42#I:345#A:925#G:0
#S:2812#R:44#I:345#A:1733#G:0
#S:2808#R:43#I:345#A:2160#G:0
#S:2813#R:43#I:345#A:3898#G:0
#S:2822#R:43#I:345#A:4757#G:0
#S:2824#R:43#I:345#A:3389#G:0
#S:2824#R:42#I:345#A:2978#G:0
#S:2818#R:44#I:345#A:1633#G:0
#S:2825#R:42#I:345#A:4279#G:0
#S:2812#R:43#I:345#A:372#G:0
#S:2818#R:43#I:345#A:3748#G:2
#S:2811#R:42#I:345#A:1484#G:0
#S:2814#R:43#I:345#A:3275#G:1
#S:2826#R:45#I:345#A:5215#G:0
#S:2826#R:44#I:345#A:2945#G:0
#S:2828#R:42#I:345#A:3254#G:0
#S:2823#R:44#I:345#A:1848#G:0
#S:2822#R:42#I:345#A:2681#G:0
#S:2828#R:41#I:345#A:3939#G:1
#S:2821#R:44#I:345#A:1392#G:1
#S:2821#R:42#I:345#A:2649#G:1
#S:2817#R:41#I:315#A:1876#G:1
#S:2823#R:44#I:315#A:3904#G:1
#S:2830#R:45#I:315#A:4393#G:0
#S:2830#R:42#I:315#A:2915#G:0
#S:2829#R:44#I:315#A:2778#G:0
#S:2828#R:45#I:315#A:2721#G:0
#S:2838#R:41#I:315#A:4781#G:1
#S:2837#R:42#I:315#A:2733#G:0
#S:2837#R:44#I:345#A:2607#G:2
#S:2834#R:42#I:345#A:2052#G:1
#S:2839#R:44#I:345#A:3729#G:1
#S:2846#R:44#I:345#A:4103#G:1
#S:2849#R:42#I:345#A:3448#G:0
#S:2847#R:43#I:345#A:2491#G:0
#S:2841#R:45#I:345#A:1675#G:0
#S:2842#R:43#I:345#A:3058#G:0
#S:2844#R:42#I:345#A:3402#G:0
#S:2840#R:45#I:345#A:2094#G:0
#S:2832#R:43#I:345#A:1353#G:0
#S:2834#R:42#I:345#A:3057#G:1
#S:2833#R:44#I:345#A:2704#G:0
#S:2845#R:42#I:345#A:5399#G:0
#S:2841#R:43#I:345#A:2130#G:0
#S:2844#R:43#I:345#A:3442#G:0
#S:2838#R:42#I:345#A:1783#G:0
#S:2849#R:43#I:345#A:4867#G:1
#S:2844#R:43#I:345#A:2012#G:0
#S:2844#R:44#I:345#A:2769#G:1
#S:2839#R:49#I:345#A:1942#G:0
#S:2841#R:42#I:345#A:3245#G:0
#S:2845#R:42#I:345#A:3672#G:0
#S:2855#R:41#I:345#A:4971#G:0
#S:2845#R:44#I:315#A:973#G:0
#S:2852#R:42#I:315#A:4125#G:1
#S:2854#R:42#I:315#A:3406#G:0
#S:2864#R:43#I:315#A:5037#G:0
#S:2864#R:44#I:315#A:2915#G:0
#S:2855#R:44#I:315#A:1248#G:0
#S:2857#R:41#I:315#A:3372#G:0
#S:2857#R:44#I:315#A:2880#G:0
#S:2865#R:42#I:345#A:4535#G:0
#S:2868#R:43#I:345#A:3482#G:0
#S:2870#R:44#I:345#A:3346#G:0
#S:2865#R:41#I:345#A:2106#G:-1
#S:2879#R:44#I:345#A:5818#G:0
#S:2869#R:44#I:345#A:1451#G:-2
#S:2866#R:45#I:345#A:2367#G:0
#S:2855#R:42#I:315#A:714#G:0
#S:2855#R:43#I:315#A:3041#G:0
#S:2852#R:41#I:315#A:2444#G:0
#S:2867#R:42#I:315#A:5954#G:0
#S:2858#R:44#I:315#A:1436#G:-1
#S:2862#R:42#I:315#A:3823#G:0
#S:2855#R:43#I:315#A:1719#G:-1
#S:2852#R:43#I:315#A:2553#G:-1
#S:2854#R:43#I:345#A:3270#G:0
#S:2840#R:42#I:345#A:307#G:-1
#S:2846#R:44#I:345#A:4086#G:0
#S:2839#R:42#I:345#A:1657#G:-1
#S:2846#R:42#I:345#A:4314#G:0
#S:2845#R:45#I:345#A:2972#G:-1
#S:2841#R:41#I:345#A:2177#G:0
#S:2837#R:43#I:345#A:2352#G:-1
#S:2845#R:44#I:345#A:4483#G:0
#S:2845#R:44#I:345#A:2944#G:0
#S:2848#R:43#I:345#A:3613#G:0
#S:2842#R:43#I:345#A:1839#G:0
#S:2843#R:45#I:345#A:3150#G:0
#S:2844#R:43#I:345#A:3103#G:0
#S:2849#R:44#I:345#A:3927#G:0
#S:2848#R:44#I:345#A:2784#G:0
#S:2844#R:43#I:345#A:2246#G:0
#S:2848#R:41#I:345#A:3701#G:0
#S:2847#R:45#I:345#A:2883#G:-1
#S:2847#R:42#I:345#A:3015#G:0
#S:2843#R:40#I:345#A:2206#G:0
#S:2841#R:44#I:345#A:2470#G:0
#S:2838#R:43#I:345#A:2407#G:0
#S:2843#R:43#I:345#A:4029#G:0
#S:2840#R:44#I:315#A:2559#G:-1
#S:2840#R:43#I:315#A:2868#G:0
#S:2836#R:42#I:315#A:2191#G:0
#S:2842#R:45#I:315#A:4193#G:0
#S:2846#R:42#I:315#A:3829#G:0
#S:2846#R:42#I:315#A:2906#G:0
#S:2838#R:44#I:315#A:1447#G:-1
#S:2839#R:42#I:315#A:3054#G:0
#S:2832#R:43#I:345#A:1604#G:0
#S:2844#R:44#I:345#A:5265#G:0
#S:2839#R:43#I:345#A:2020#G:0
#S:2839#R:42#I:345#A:2958#G:0
#S:2844#R:45#I:345#A:3843#G:0
#S:2848#R:40#I:345#A:3736#G:0
#S:2849#R:41#I:345#A:3100#G:0
#S:2844#R:44#I:345#A:1892#G:0
#S:2837#R:43#I:345#A:1604#G:0
#S:2837#R:44#I:345#A:2890#G:0
#S:2841#R:43#I:345#A:3832#G:0
#S:2839#R:44#I:345#A:2511#G:0
#S:2847#R:41#I:345#A:4324#G:1
#S:2841#R:44#I:345#A:1820#G:0
#S:2852#R:44#I:345#A:5180#G:0
#S:2853#R:41#I:345#A:3088#G:0
#S:2849#R:43#I:345#A:2244#G:0
#S:2841#R:43#I:345#A:1351#G:0
#S:2840#R:42#I:345#A:2636#G:1
#S:2833#R:42#I:345#A:1509#G:0
#S:2844#R:43#I:345#A:4927#G:1
#S:2829#R:42#I:345#A:28#G:0
#S:2829#R:43#I:345#A:2864#G:0
#S:2824#R:45#I:345#A:1943#G:0
#S:2827#R:42#I:345#A:3554#G:0
#S:2829#R:43#I:345#A:3367#G:0
#S:2825#R:45#I:345#A:2159#G:0
#S:2821#R:41#I:345#A:2202#G:0
#S:2820#R:42#I:345#A:2600#G:1
#S:2818#R:46#I:345#A:2349#G:1
#S:2809#R:43#I:345#A:1172#G:0
#S:2819#R:42#I:390#A:4486#G:2
#S:2808#R:45#I:390#A:806#G:0
#S:2827#R:42#I:390#A:6458#G:1
#S:2818#R:43#I:390#A:1310#G:-1
#S:2826#R:43#I:390#A:4347#G:1
#S:2819#R:42#I:390#A:1562#G:0
#S:2820#R:43#I:390#A:3062#G:0
#S:2816#R:43#I:390#A:2208#G:0
#S:2822#R:42#I:345#A:4183#G:0
#S:2819#R:43#I:345#A:2165#G:1
#S:2832#R:44#I:345#A:5258#G:1
#S:2844#R:42#I:345#A:5142#G:1
#S:2854#R:43#I:345#A:4885#G:0
#S:2860#R:42#I:345#A:3899#G:1
#S:2856#R:43#I:345#A:2432#G:-1
#S:2851#R:44#I:345#A:1900#G:0
#S:2850#R:40#I:345#A:2833#G:0
#S:2849#R:45#I:345#A:2731#G:0
#S:2842#R:43#I:345#A:1536#G:0
#S:2862#R:44#I:345#A:6455#G:2
#S:2852#R:44#I:345#A:1136#G:-1
#S:2876#R:41#I:345#A:7513#G:1
#S:2866#R:42#I:345#A:1202#G:-1
#S:2871#R:44#I:345#A:3964#G:0
#S:2866#R:44#I:345#A:1933#G:0
#S:2858#R:43#I:345#A:1338#G:0
#S:2861#R:44#I:345#A:3262#G:1
#S:2859#R:42#I:345#A:2481#G:0
#S:2850#R:42#I:345#A:1129#G:0
#S:2855#R:45#I:345#A:3866#G:0
#S:2844#R:42#I:345#A:828#G:0
#S:2849#R:41#I:345#A:3941#G:0
#S:2851#R:42#I:345#A:3166#G:1
#S:2851#R:43#I:345#A:2935#G:0
#S:2843#R:43#I:345#A:1324#G:0
#S:2839#R:44#I:345#A:1995#G:1
#S:2835#R:42#I:345#A:1856#G:1
#S:2826#R:42#I:345#A:1048#G:0
#S:2833#R:50#I:345#A:3931#G:2
#S:2820#R:41#I:315#A:284#G:0
#S:2836#R:42#I:315#A:5810#G:2
#S:2836#R:44#I:315#A:2848#G:0
#S:2842#R:42#I:315#A:4031#G:1
#S:2838#R:43#I:315#A:2131#G:0
#S:2830#R:44#I:315#A:1431#G:0
#S:2829#R:47#I:315#A:2542#G:1
#S:2833#R:43#I:315#A:3576#G:1
#S:2831#R:43#I:315#A:2162#G:2
#S:2845#R:43#I:315#A:5454#G:1
#S:2842#R:43#I:315#A:2136#G:1
#S:2860#R:43#I:315#A:6319#G:1
#S:2864#R:44#I:315#A:3761#G:0
#S:2866#R:42#I:315#A:3397#G:0
#S:2861#R:42#I:315#A:1942#G:0
#S:2851#R:44#I:315#A:937#G:0
#S:2855#R:43#I:315#A:3382#G:2
#S:2854#R:42#I:315#A:2805#G:0
#S:2864#R:44#I:315#A:4591#G:2
#S:2867#R:43#I:315#A:3616#G:0
#S:2879#R:43#I:315#A:5178#G:1
#S:2886#R:44#I:315#A:4448#G:0
#S:2888#R:43#I:315#A:3326#G:0
#S:2888#R:41#I:315#A:3084#G:0
#S:2878#R:43#I:315#A:1018#G:0
#S:2869#R:43#I:315#A:1141#G:0
#S:2873#R:44#I:315#A:3600#G:1
#S:2861#R:39#I:315#A:619#G:0
#S:2876#R:42#I:315#A:5665#G:1
#S:2868#R:42#I:315#A:1344#G:0
#S:2888#R:44#I:315#A:6712#G:1
#S:2887#R:42#I:345#A:2803#G:0
#S:2889#R:42#I:345#A:3423#G:0
#S:2881#R:44#I:345#A:1391#G:0
#S:2868#R:43#I:345#A:341#G:0
#S:2866#R:42#I:345#A:2340#G:1
#S:2854#R:42#I:345#A:648#G:0
#S:2860#R:44#I:345#A:3568#G:3
#S:2857#R:43#I:345#A:2445#G:0
#S:2864#R:41#I:345#A:4180#G:1
#S:2866#R:44#I:345#A:3422#G:0
#S:2873#R:41#I:345#A:4461#G:0
#S:2867#R:43#I:345#A:1780#G:0
#S:2867#R:44#I:345#A:2958#G:0
#S:2853#R:42#I:345#A:196#G:0
#S:2862#R:43#I:345#A:4331#G:2
#S:2857#R:42#I:345#A:1669#G:1
#S:2876#R:42#I:345#A:6405#G:2
#S:2875#R:39#I:345#A:2768#G:0
#S:2887#R:46#I:345#A:5322#G:0
#S:2890#R:43#I:345#A:3540#G:0
#S:2888#R:43#I:345#A:2621#G:0
#S:2885#R:43#I:345#A:2185#G:1
#S:2874#R:43#I:345#A:496#G:1
#S:2884#R:42#I:345#A:4444#G:3
#S:2872#R:43#I:315#A:593#G:0
#S:2892#R:44#I:315#A:6125#G:4
#S:2886#R:42#I:315#A:1518#G:1
#S:2900#R:46#I:315#A:5321#G:2
#S:2899#R:43#I:315#A:2505#G:1
#S:2899#R:44#I:315#A:2558#G:2
#S:2898#R:43#I:315#A:2340#G:2
#S:2890#R:41#I:315#A:980#G:2
#S:2897#R:44#I:345#A:3876#G:3
#S:2892#R:42#I:345#A:1613#G:2
#S:2904#R:42#I:345#A:4875#G:3
#S:2901#R:42#I:345#A:2183#G:1
#S:2912#R:44#I:345#A:4785#G:2
#S:2919#R:45#I:345#A:4088#G:2
#S:2916#R:43#I:345#A:2001#G:2
#S:2921#R:43#I:345#A:3440#G:3
#S:2914#R:45#I:360#A:1255#G:2
#S:2915#R:43#I:360#A:2527#G:3
#S:2911#R:41#I:360#A:1828#G:2
#S:2919#R:44#I:360#A:3849#G:4
#S:2919#R:39#I:360#A:2688#G:2
#S:2930#R:41#I:360#A:4770#G:2
#S:2940#R:44#I:360#A:4345#G:3
#S:2930#R:43#I:345#A:719#G:2
#S:2940#R:43#I:345#A:4005#G:5
#S:2927#R:44#I:345#A:140#G:2
#S:2940#R:44#I:345#A:4555#G:5
#S:2940#R:44#I:345#A:2403#G:3
#S:2948#R:43#I:345#A:3713#G:5
#S:2954#R:41#I:345#A:3693#G:3
#S:2962#R:43#I:345#A:4056#G:3
#S:2969#R:45#I:345#A:3667#G:4
#S:2961#R:43#I:345#A:759#G:4
#S:2964#R:41#I:345#A:2460#G:6
#S:2963#R:45#I:345#A:1771#G:5
#S:2965#R:43#I:345#A:2379#G:5
#S:2969#R:43#I:345#A:3109#G:4
#S:2971#R:46#I:345#A:2278#G:6
#S:2980#R:43#I:345#A:4108#G:4
#S:2990#R:44#I:345#A:4175#G:5
#S:2996#R:45#I:345#A:3194#G:6
#S:2996#R:42#I:345#A:1951#G:6
#S:3004#R:43#I:345#A:3124#G:8
#S:3011#R:45#I:345#A:3329#G:6
#S:3022#R:44#I:345#A:3883#G:7
#S:3033#R:43#I:345#A:4056#G:6
#S:3048#R:44#I:345#A:4464#G:8
#S:3063#R:46#I:345#A:5007#G:6
#S:3068#R:44#I:345#A:2535#G:8
#S:3070#R:45#I:345#A:2053#G:8
#S:3073#R:43#I:345#A:1914#G:9
#S:3075#R:45#I:345#A:1807#G:9
#S:3085#R:44#I:345#A:3390#G:9
#S:3091#R:45#I:345#A:2663#G:9
#S:3089#R:44#I:345#A:1249#G:8
#S:3103#R:44#I:345#A:3831#G:11
#S:3111#R:47#I:345#A:3072#G:9
#S:3121#R:48#I:345#A:2892#G:12
#S:3122#R:40#I:345#A:1026#G:12
#S:3136#R:48#I:345#A:3526#G:13
#S:3152#R:45#I:345#A:3806#G:13
#S:3164#R:45#I:345#A:3314#G:12
#S:3182#R:49#I:345#A:4356#G:13
#S:3191#R:46#I:345#A:2978#G:11
#S:3209#R:47#I:345#A:4229#G:13
#S:3223#R:47#I:345#A:3484#G:13
#S:3235#R:46#I:345#A:2735#G:15
#S:3239#R:48#I:345#A:1038#G:16
#S:3252#R:48#I:345#A:2843#G:16
#S:3274#R:49#I:345#A:4289#G:17
#S:3282#R:49#I:345#A:1980#G:15
#S:3310#R:52#I:345#A:5651#G:17
#S:3307#R:46#I:345#A:92#G:14
#S:3325#R:49#I:345#A:3468#G:18
#S:3338#R:51#I:345#A:2290#G:19
#S:3353#R:49#I:345#A:2528#G:20
#S:3375#R:51#I:345#A:3619#G:21
#S:3395#R:53#I:345#A:3527#G:20
#S:3427#R:54#I:345#A:5746#G:21
#S:3434#R:52#I:345#A:1151#G:19
#S:3459#R:51#I:345#A:4632#G:20
#S:3460#R:55#I:345#A:-6#G:19
#S:3485#R:51#I:345#A:3736#G:24
#S:3497#R:52#I:345#A:1206#G:24
#S:3523#R:53#I:345#A:3976#G:24
#S:3545#R:53#I:345#A:3021#G:25
#S:3572#R:53#I:345#A:4314#G:24
#S:3597#R:55#I:345#A:3923#G:24
#S:3620#R:54#I:345#A:3639#G:23
#S:3637#R:54#I:345#A:2319#G:24
#S:3661#R:55#I:345#A:3109#G:27
#S:3675#R:53#I:345#A:1244#G:27
#S:3711#R:59#I:345#A:5302#G:29
#S:3732#R:58#I:345#A:2483#G:28
#S:3771#R:55#I:345#A:6154#G:28
#S:3788#R:57#I:345#A:1979#G:27
#S:3818#R:59#I:345#A:4435#G:27
#S:3838#R:55#I:345#A:2327#G:28
#S:3858#R:58#I:345#A:1910#G:30
#S:3877#R:61#I:345#A:1444#G:32
#S:3920#R:60#I:345#A:5886#G:34
#S:3946#R:60#I:345#A:2860#G:32
#S:3996#R:62#I:345#A:7331#G:34
#S:4022#R:61#I:345#A:3098#G:31
#S:4067#R:61#I:345#A:6658#G:32
#S:4087#R:62#I:345#A:1704#G:32
#S:4121#R:62#I:345#A:3784#G:36
#S:4138#R:62#I:345#A:699#G:35
#S:4188#R:64#I:345#A:6568#G:39
#S:4224#R:64#I:345#A:4079#G:37
#S:4272#R:66#I:315#A:6402#G:38
#S:4313#R:63#I:315#A:5287#G:37
#S:4341#R:66#I:315#A:2882#G:36
#S:4384#R:67#I:315#A:5507#G:38
#S:4396#R:64#I:315#A:-828#G:39
#S:4445#R:68#I:315#A:5830#G:43
#S:4481#R:67#I:315#A:3379#G:42
#S:4542#R:68#I:315#A:8031#G:44
#S:4582#R:70#I:315#A:4349#G:42
#S:4637#R:67#I:315#A:7069#G:43
#S:4667#R:64#I:315#A:2755#G:40
#S:4708#R:65#I:315#A:4311#G:43
#S:4727#R:69#I:315#A:136#G:43
#S:4772#R:70#I:315#A:4269#G:48
#S:4807#R:74#I:315#A:2934#G:45
#S:4871#R:71#I:345#A:8115#G:48
#S:4913#R:73#I:345#A:4575#G:44
#S:4975#R:74#I:345#A:8140#G:47
#S:5013#R:73#I:345#A:3618#G:46
#S:5052#R:73#I:345#A:3647#G:47
#S:5098#R:76#I:345#A:4435#G:50
#S:5140#R:76#I:345#A:3669#G:50
#S:5198#R:74#I:345#A:6961#G:50
#S:5256#R:76#I:315#A:7170#G:49
#S:5305#R:75#I:315#A:5828#G:47
#S:5364#R:77#I:315#A:7409#G:49
#S:5398#R:80#I:315#A:2428#G:49
#S:5457#R:78#I:315#A:6942#G:52
#S:5503#R:79#I:315#A:4174#G:53
#S:5564#R:83#I:315#A:7281#G:53
#S:5631#R:83#I:315#A:8596#G:53
#S:5681#R:81#I:345#A:6048#G:49
#S:5731#R:83#I:345#A:5882#G:50
#S:5778#R:84#I:345#A:5108#G:51
#S:5817#R:83#I:345#A:3056#G:53
#S:5867#R:84#I:345#A:4890#G:55
#S:5919#R:83#I:345#A:5163#G:56
#S:5986#R:85#I:345#A:8530#G:55
#S:6046#R:85#I:345#A:7402#G:54
#S:6095#R:87#I:345#A:5724#G:51
#S:6144#R:86#I:345#A:5156#G:54
#S:6187#R:85#I:345#A:4098#G:54
#S:6238#R:90#I:345#A:4898#G:58
#S:6294#R:88#I:345#A:5796#G:59
#S:6355#R:90#I:345#A:7120#G:58
#S:6424#R:91#I:345#A:9075#G:56
#S:6481#R:90#I:345#A:6892#G:55
#S:6531#R:90#I:345#A:5838#G:54
#S:6577#R:92#I:345#A:4630#G:56
#S:6626#R:94#I:345#A:4930#G:58
#S:6672#R:94#I:345#A:4058#G:60
#S:6731#R:95#I:345#A:6369#G:61
#S:6800#R:95#I:345#A:8490#G:61
#S:6870#R:95#I:345#A:9573#G:57
#S:6924#R:98#I:345#A:6399#G:57
#S:6982#R:97#I:345#A:7072#G:58
#S:7019#R:98#I:345#A:3213#G:57
#S:7076#R:100#I:345#A:6325#G:61
#S:7117#R:97#I:345#A:3040#G:62
#S:7190#R:99#I:345#A:9050#G:64
#S:7260#R:102#I:345#A:8970#G:62
#S:7327#R:101#I:345#A:9188#G:58
#S:7380#R:104#I:315#A:6531#G:58
#S:7441#R:102#I:315#A:7808#G:60
#S:7487#R:103#I:315#A:4706#G:60
#S:7542#R:103#I:315#A:6010#G:63
#S:7602#R:104#I:315#A:6667#G:65
#S:7686#R:106#I:315#A:11314#G:66
#S:7765#R:107#I:315#A:11313#G:62
#S:7835#R:108#I:315#A:9984#G:60
#S:7893#R:108#I:345#A:8027#G:58
#S:7946#R:109#I:345#A:6430#G:61
#S:8001#R:110#I:345#A:6580#G:63
#S:8061#R:111#I:345#A:7243#G:65
#S:8128#R:110#I:345#A:8547#G:65
#S:8223#R:111#I:345#A:14163#G:66
#S:8295#R:113#I:345#A:10497#G:61
#S:8363#R:113#I:345#A:10097#G:60
#S:8406#R:114#I:315#A:5439#G:58
#S:8460#R:115#I:315#A:6902#G:62
#S:8517#R:115#I:315#A:7269#G:64
#S:8575#R:115#I:315#A:7519#G:64
#S:8649#R:118#I:315#A:10443#G:65
#S:8737#R:117#I:315#A:13777#G:63
#S:8813#R:119#I:315#A:11666#G:62
#S:8866#R:121#I:315#A:7823#G:59
#S:8914#R:119#I:315#A:6902#G:59
#S:8972#R:121#I:315#A:7996#G:63
#S:9029#R:121#I:315#A:7811#G:64
#S:9092#R:119#I:315#A:8944#G:64
#S:9175#R:122#I:315#A:12959#G:64
#S:9244#R:124#I:315#A:11150#G:60
#S:9324#R:125#I:315#A:13191#G:61
#S:9368#R:124#I:315#A:6754#G:58
#S:9425#R:127#I:315#A:8647#G:61
#S:9468#R:127#I:315#A:5978#G:61
#S:9539#R:128#I:315#A:10804#G:65
#S:9604#R:129#I:315#A:10207#G:62
#S:9698#R:130#I:315#A:15801#G:64
#S:9763#R:131#I:315#A:11236#G:58
#S:9833#R:130#I:315#A:12377#G:58
#S:9878#R:134#I:315#A:7011#G:60
#S:9941#R:131#I:315#A:10600#G:60
#S:9998#R:131#I:315#A:8934#G:63
#S:10069#R:134#I:315#A:11699#G:63
#S:10157#R:132#I:315#A:15134#G:63
#S:10235#R:132#I:315#A:14404#G:58
#S:10300#R:136#I:315#A:11979#G:57
#S:10355#R:135#I:315#A:10169#G:56
#S:10414#R:134#I:315#A:10264#G:60
#S:10460#R:138#I:315#A:8460#G:57
#S:10522#R:136#I:315#A:10693#G:62
#S:10588#R:139#I:315#A:11636#G:61
#S:10673#R:140#I:315#A:16186#G:58
#S:10733#R:135#I:315#A:11787#G:55
#S:10781#R:140#I:315#A:9905#G:53
#S:10834#R:142#I:315#A:10294#G:56
#S:10879#R:141#I:345#A:8772#G:56
#S:10926#R:143#I:345#A:9010#G:57
#S:10986#R:144#I:345#A:11237#G:59
#S:11063#R:142#I:345#A:14707#G:59
#S:11131#R:144#I:345#A:14019#G:54
#S:11185#R:147#I:345#A:11682#G:52
#S:11224#R:145#I:345#A:8649#G:52
#S:11279#R:145#I:345#A:11341#G:55
#S:11324#R:147#I:345#A:9352#G:55
#S:11369#R:146#I:345#A:9184#G:56
#S:11439#R:145#I:345#A:14409#G:56
#S:11514#R:149#I:345#A:15747#G:54
#S:11577#R:150#I:345#A:14318#G:50
#S:11609#R:146#I:345#A:8498#G:48
#S:11653#R:151#I:345#A:10628#G:50
#S:11692#R:151#I:345#A:9181#G:52
#S:11739#R:151#I:345#A:11053#G:51
#S:11788#R:151#I:345#A:11223#G:52
#S:11855#R:153#I:345#A:15360#G:50
#S:11917#R:153#I:345#A:14465#G:50
#S:11963#R:152#I:345#A:12202#G:45
#S:11998#R:155#I:345#A:9878#G:46
#S:12041#R:156#I:345#A:11600#G:46
#S:12076#R:156#I:345#A:9475#G:49
#S:12122#R:158#I:315#A:12121#G:47
#S:12177#R:157#I:315#A:13633#G:48
#S:12233#R:156#I:315#A:14824#G:43
#S:12291#R:159#I:315#A:15173#G:44
#S:12317#R:158#I:315#A:9656#G:40
#S:12361#R:157#I:315#A:12216#G:45
#S:12384#R:160#I:315#A:8792#G:42
#S:12436#R:159#I:315#A:13443#G:47
#S:12482#R:160#I:315#A:13091#G:43
#S:12549#R:160#I:315#A:17000#G:45
#S:12585#R:161#I:315#A:12286#G:38
#S:12632#R:160#I:315#A:14046#G:40
#S:12658#R:164#I:315#A:10454#G:38
#S:12706#R:161#I:315#A:14254#G:41
#S:12724#R:162#I:315#A:8920#G:38
#S:12781#R:165#I:345#A:15559#G:44
#S:12826#R:164#I:345#A:14527#G:37
#S:12885#R:164#I:345#A:17135#G:38
#S:12922#R:165#I:345#A:13715#G:34
#S:12955#R:165#I:345#A:13068#G:33
#S:12991#R:166#I:345#A:13196#G:35
#S:13020#R:167#I:345#A:12218#G:34
#S:13051#R:169#I:345#A:12217#G:36
#S:13093#R:166#I:345#A:14311#G:36
#S:13148#R:168#I:345#A:17665#G:33
#S:13190#R:168#I:345#A:15900#G:29
#S:13218#R:167#I:345#A:13515#G:27
#S:13233#R:168#I:345#A:10657#G:28
#S:13274#R:170#I:345#A:15550#G:30
#S:13299#R:172#I:345#A:12254#G:31
#S:13332#R:171#I:345#A:13960#G:30
#S:13389#R:172#I:345#A:18730#G:31
#S:13437#R:175#I:345#A:18125#G:25
#S:13459#R:171#I:345#A:13359#G:23
#S:13473#R:173#I:345#A:11821#G:23
#S:13507#R:172#I:345#A:14853#G:28
#S:13523#R:171#I:345#A:12202#G:23
#S:13563#R:174#I:345#A:15773#G:29
#S:13583#R:172#I:345#A:12907#G:24
#S:13647#R:172#I:345#A:21507#G:25
#S:13664#R:174#I:345#A:13834#G:17
#S:13678#R:171#I:345#A:12842#G:19
#S:13683#R:172#I:345#A:11025#G:19
#S:13702#R:174#I:345#A:13300#G:22
#S:13716#R:170#I:345#A:12448#G:21
#S:13751#R:173#I:345#A:16212#G:23
#S:13781#R:173#I:345#A:16077#G:19
#S:13819#R:173#I:345#A:18004#G:17
#S:13830#R:174#I:345#A:13760#G:12
#S:13828#R:174#I:345#A:10718#G:14
#S:13846#R:174#I:345#A:14267#G:16
#S:13846#R:172#I:345#A:10881#G:15
#S:13866#R:175#I:345#A:14495#G:17
#S:13896#R:176#I:345#A:16756#G:16
#S:13929#R:174#I:345#A:18092#G:13
#S:13948#R:175#I:345#A:15856#G:10
#S:13945#R:176#I:345#A:12011#G:7
#S:13947#R:175#I:345#A:12488#G:10
#S:13953#R:175#I:345#A:13485#G:9
#S:13961#R:177#I:345#A:13528#G:11
#S:13976#R:175#I:345#A:15311#G:9
#S:14005#R:174#I:345#A:18022#G:9
#S:14018#R:176#I:345#A:15922#G:4
#S:14025#R:175#I:345#A:14927#G:3
#S:14016#R:175#I:345#A:11915#G:2
#S:14018#R:177#I:345#A:13729#G:4
#S:14012#R:175#I:345#A:12606#G:2
#S:14021#R:175#I:345#A:15100#G:4
#S:14032#R:177#I:345#A:15998#G:2
#S:14051#R:176#I:345#A:17915#G:0
#S:14047#R:174#I:345#A:13935#G:-3
#S:14039#R:176#I:345#A:13338#G:-4
#S:14026#R:175#I:345#A:12227#G:-3
#S:14011#R:176#I:345#A:12163#G:-5
#S:14005#R:177#I:345#A:13591#G:-3
#S:14008#R:174#I:345#A:15526#G:-4
#S:14019#R:174#I:345#A:17395#G:-5
#S:14008#R:178#I:345#A:13994#G:-10
#S:14003#R:172#I:345#A:14948#G:-9
#S:13980#R:175#I:345#A:11577#G:-10
#S:13977#R:176#I:345#A:15122#G:-8
#S:13958#R:177#I:345#A:12013#G:-9
#S:13955#R:175#I:345#A:15099#G:-8
#S:13964#R:176#I:345#A:17628#G:-9
#S:13978#R:176#I:345#A:19251#G:-12
#S:13961#R:174#I:345#A:13703#G:-15
#S:13948#R:174#I:345#A:14479#G:-15
#S:13931#R:174#I:345#A:13450#G:-14
#S:13923#R:173#I:345#A:15601#G:-16
#S:13914#R:172#I:345#A:14894#G:-13
#S:13898#R:180#I:345#A:13960#G:-16
#S:13912#R:172#I:345#A:19567#G:-14
#S:13912#R:174#I:345#A:18000#G:-20
#S:13896#R:174#I:345#A:14751#G:-20
#S:13864#R:172#I:345#A:12033#G:-22
#S:13858#R:172#I:345#A:16458#G:-19
#S:13816#R:175#I:345#A:10197#G:-23
#S:13802#R:173#I:345#A:14793#G:-18
#S:13778#R:173#I:345#A:13268#G:-21
#S:13786#R:173#I:345#A:19835#G:-22
#S:13764#R:172#I:345#A:14808#G:-27
#S:13731#R:171#I:345#A:12576#G:-27
#S:13689#R:172#I:345#A:10521#G:-26
#S:13674#R:169#I:345#A:15886#G:-26
#S:13618#R:171#I:345#A:8049#G:-28
#S:13586#R:171#I:345#A:12545#G:-26
#S:13570#R:170#I:345#A:15520#G:-25
#S:13557#R:169#I:345#A:17463#G:-32
#S:13526#R:172#I:345#A:13612#G:-31
#S:13473#R:166#I:315#A:9825#G:-34
#S:13435#R:168#I:315#A:12012#G:-30
#S:13390#R:170#I:315#A:11229#G:-34
#S:13353#R:169#I:315#A:12202#G:-31
#S:13305#R:168#I:315#A:10462#G:-33
#S:13297#R:168#I:315#A:17699#G:-30
#S:13266#R:167#I:315#A:15108#G:-40
#S:13225#R:164#I:315#A:12925#G:-39
#S:13168#R:164#I:315#A:9676#G:-39
#S:13136#R:166#I:315#A:14016#G:-36
#S:13076#R:162#I:315#A:9493#G:-41
#S:13044#R:163#I:315#A:13941#G:-36
#S:13008#R:164#I:315#A:13704#G:-39
#S:12995#R:161#I:315#A:18531#G:-40
#S:12952#R:162#I:315#A:13958#G:-48
#S:12898#R:161#I:315#A:11744#G:-48
#S:12839#R:159#I:315#A:10331#G:-46
#S:12799#R:160#I:315#A:13954#G:-45
#S:12742#R:161#I:315#A:11048#G:-48
#S:12691#R:159#I:315#A:11856#G:-46
#S:12663#R:157#I:315#A:16447#G:-47
#S:12641#R:160#I:315#A:18532#G:-51
#S:12577#R:158#I:315#A:11332#G:-57
#S:12518#R:157#I:315#A:11790#G:-55
#S:12458#R:157#I:315#A:11460#G:-54
#S:12409#R:153#I:315#A:13458#G:-54
#S:12347#R:154#I:315#A:11112#G:-55
#S:12286#R:155#I:315#A:11134#G:-55
#S:12260#R:151#I:315#A:18065#G:-55
#S:12222#R:151#I:315#A:16854#G:-61
#S:12164#R:151#I:315#A:12991#G:-62
#S:12087#R:148#I:315#A:9619#G:-64
#S:12033#R:149#I:360#A:13399#G:-60
#S:11963#R:149#I:360#A:10917#G:-64
#S:11896#R:147#I:360#A:11161#G:-63
#S:11828#R:144#I:360#A:10639#G:-62
#S:11797#R:146#I:360#A:18212#G:-63
#S:11730#R:145#I:360#A:12335#G:-70
#S:11667#R:144#I:360#A:13057#G:-69
#S:11579#R:141#I:345#A:8390#G:-71
#S:11517#R:142#I:345#A:12924#G:-69
#S:11442#R:142#I:345#A:10516#G:-70
#S:11367#R:139#I:345#A:10673#G:-71
#S:11300#R:141#I:345#A:11999#G:-70
#S:11249#R:139#I:345#A:15671#G:-73
#S:11168#R:138#I:345#A:10485#G:-77
#S:11089#R:138#I:345#A:10941#G:-78
#S:10995#R:135#I:315#A:7539#G:-76
#S:10930#R:133#I:315#A:13105#G:-75
#S:10850#R:134#I:315#A:10322#G:-77
#S:10777#R:135#I:315#A:11500#G:-76
#S:10707#R:132#I:315#A:12314#G:-78
#S:10637#R:132#I:315#A:13147#G:-82
#S:10564#R:132#I:315#A:12733#G:-83
#S:10457#R:131#I:315#A:6676#G:-87
#S:10359#R:131#I:315#A:7342#G:-82
#S:10282#R:128#I:315#A:11293#G:-82
#S:10201#R:125#I:315#A:10850#G:-84
#S:10113#R:126#I:315#A:9650#G:-85
#S:10047#R:123#I:315#A:13791#G:-84
#S:9962#R:121#I:315#A:10836#G:-89
#S:9883#R:121#I:315#A:12298#G:-91
#S:9758#R:122#I:315#A:3261#G:-92
#S:9679#R:122#I:345#A:10899#G:-85
#S:9593#R:121#I:345#A:10260#G:-89
#S:9510#R:116#I:345#A:11056#G:-90
#S:9411#R:115#I:345#A:8012#G:-91
#S:9329#R:115#I:345#A:11154#G:-91
#S:9259#R:115#I:345#A:13754#G:-92
#S:9146#R:113#I:345#A:6248#G:-98
#S:9033#R:112#I:345#A:5352#G:-94
#S:8938#R:112#I:345#A:8452#G:-92
#S:8863#R:110#I:345#A:12469#G:-93
#S:8762#R:109#I:345#A:8019#G:-97
#S:8666#R:107#I:345#A:8305#G:-94
#S:8578#R:106#I:345#A:10195#G:-96
#S:8510#R:107#I:345#A:14643#G:-98
#S:8380#R:105#I:345#A:3095#G:-103
#S:8276#R:102#I:345#A:7024#G:-97
#S:8178#R:105#I:345#A:8221#G:-98
#S:8104#R:101#I:345#A:13035#G:-98
#S:7994#R:100#I:345#A:6287#G:-101
#S:7894#R:98#I:345#A:7917#G:-100
#S:7817#R:98#I:345#A:12413#G:-100
#S:7729#R:96#I:345#A:11113#G:-105
#S:7605#R:94#I:345#A:4008#G:-105
#S:7494#R:96#I:315#A:5703#G:-102
#S:7408#R:93#I:315#A:10482#G:-101
#S:7324#R:89#I:315#A:11731#G:-106
#S:7207#R:91#I:315#A:5030#G:-106
#S:7098#R:87#I:315#A:6418#G:-105
#S:7016#R:88#I:315#A:11793#G:-106
#S:6904#R:87#I:315#A:6714#G:-111
#S:6786#R:85#I:315#A:4600#G:-107
#S:6672#R:82#I:345#A:5471#G:-107
#S:6600#R:85#I:345#A:13214#G:-105
#S:6486#R:80#I:345#A:6586#G:-114
#S:6368#R:80#I:345#A:4685#G:-109
#S:6255#R:80#I:345#A:5551#G:-109
#S:6158#R:76#I:345#A:9083#G:-111
#S:6034#R:75#I:345#A:4343#G:-115
#S:5926#R:75#I:345#A:6126#G:-109
#S:5802#R:75#I:345#A:3570#G:-112
#S:5730#R:71#I:345#A:13190#G:-109
#S:5587#R:69#I:345#A:514#G:-117
#S:5482#R:70#I:345#A:6439#G:-109
#S:5366#R:65#I:345#A:4778#G:-113
#S:5267#R:67#I:345#A:8022#G:-112
#S:5137#R:67#I:345#A:2427#G:-116
#S:5028#R:64#I:345#A:5552#G:-111
#S:4908#R:61#I:315#A:3679#G:-113
#S:4807#R:61#I:315#A:7395#G:-114
#S:4662#R:60#I:315#A:-981#G:-116
#S:4553#R:55#I:315#A:4987#G:-111
#S:4427#R:59#I:315#A:2022#G:-113
#S:4324#R:53#I:315#A:6525#G:-114
#S:4199#R:53#I:315#A:2432#G:-116
#S:4079#R:53#I:315#A:2716#G:-113
#S:3972#R:51#I:315#A:5050#G:-112
#S:3857#R:46#I:315#A:3909#G:-115
#S:3724#R:47#I:315#A:127#G:-114
#S:3602#R:44#I:315#A:1631#G:-112
#S:3487#R:42#I:315#A:2706#G:-111
#S:3379#R:43#I:315#A:4623#G:-114
#S:3269#R:41#I:315#A:4238#G:-114
#S:3154#R:40#I:315#A:2682#G:-112
#S:3056#R:40#I:345#A:5885#G:-112
#S:2932#R:37#I:345#A:1229#G:-115
#S:2813#R:35#I:345#A:1239#G:-111
#S:2678#R:36#I:345#A:-2033#G:-111
#S:2583#R:34#I:345#A:5324#G:-108
#S:2479#R:29#I:345#A:4378#G:-113
#S:2370#R:32#I:345#A:3190#G:-113
#S:2264#R:30#I:345#A:3369#G:-111
#S:2158#R:29#I:345#A:3404#G:-112
#S:2036#R:27#I:345#A:341#G:-113
#S:1914#R:26#I:345#A:-122#G:-111
#S:1799#R:26#I:345#A:270#G:-107
#S:1700#R:19#I:345#A:3615#G:-108
#S:1610#R:22#I:345#A:5781#G:-110
#S:1484#R:19#I:345#A:-932#G:-113
#S:1385#R:18#I:345#A:3311#G:-108
#S:1268#R:20#I:345#A:-116#G:-110
#S:1159#R:16#I:345#A:1279#G:-109
#S:1012#R:15#I:345#A:-6160#G:-110
#S:919#R:14#I:345#A:2937#G:-103
#S:806#R:12#I:345#A:-427#G:-106
#S:707#R:12#I:345#A:2882#G:-109
#S:586#R:13#I:345#A:-1886#G:-108
#S:477#R:9#I:315#A:51#G:-106
#S:360#R:7#I:315#A:-1660#G:-106
#S:242#R:4#I:315#A:-2089#G:-106
#S:97#R:6#I:315#A:-8119#G:-103
#S:-1#R:4#I:315#A:444#G:-101
#S:-89#R:7#I:315#A:2031#G:-99
#S:-199#R:1#I:315#A:-1584#G:-104
#S:-289#R:0#I:315#A:1763#G:-101
#S:-410#R:1#I:345#A:-4316#G:-102
#S:-503#R:-3#I:345#A:313#G:-98
#S:-638#R:-1#I:345#A:-7685#G:-100
#S:-745#R:-1#I:345#A:-3596#G:-93
#S:-846#R:-6#I:345#A:-2079#G:-95
#S:-914#R:-6#I:345#A:3973#G:-93
#S:-1011#R:-8#I:345#A:-820#G:-98
#S:-1106#R:-7#I:345#A:-1227#G:-95
#S:-1218#R:-7#I:345#A:-4644#G:-95
#S:-1301#R:-8#I:345#A:337#G:-92
#S:-1429#R:-10#I:345#A:-8884#G:-91
#S:-1518#R:-12#I:345#A:-2086#G:-87
#S:-1594#R:-12#I:345#A:412#G:-87
#S:-1664#R:-15#I:345#A:2030#G:-89
#S:-1756#R:-14#I:345#A:-2006#G:-91
#S:-1850#R:-16#I:345#A:-3029#G:-89
#S:-1942#R:-16#I:345#A:-3289#G:-86
#S:-2033#R:-20#I:345#A:-2976#G:-87
#S:-2141#R:-20#I:345#A:-7431#G:-82
#S:-2222#R:-20#I:345#A:-2502#G:-80
#S:-2292#R:-23#I:345#A:-216#G:-81
#S:-2355#R:-22#I:345#A:1614#G:-83
#S:-2453#R:-21#I:345#A:-5465#G:-83
#S:-2538#R:-23#I:345#A:-3590#G:-80
#S:-2620#R:-24#I:345#A:-3792#G:-77
#S:-2710#R:-22#I:345#A:-5491#G:-77
#S:-2802#R:-26#I:345#A:-6814#G:-72
#S:-2857#R:-27#I:345#A:-47#G:-70
#S:-2922#R:-26#I:345#A:-1459#G:-73
#S:-2973#R:-28#I:345#A:1457#G:-74
#S:-3061#R:-31#I:345#A:-6422#G:-72
#S:-3140#R:-28#I:345#A:-4855#G:-71
#S:-3202#R:-28#I:345#A:-2507#G:-66
#S:-3291#R:-37#I:345#A:-7612#G:-68
#S:-3357#R:-30#I:345#A:-4218#G:-62
#S:-3405#R:-36#I:345#A:-510#G:-63
#S:-3442#R:-36#I:345#A:1655#G:-63
#S:-3510#R:-33#I:345#A:-3655#G:-68
#S:-3575#R:-37#I:345#A:-4433#G:-61
#S:-3653#R:-37#I:315#A:-7278#G:-60
#S:-3704#R:-38#I:315#A:-2768#G:-56
#S:-3793#R:-37#I:315#A:-10546#G:-56
#S:-3828#R:-38#I:315#A:-555#G:-52
#S:-3887#R:-40#I:315#A:-4729#G:-55
#S:-3909#R:-38#I:315#A:2418#G:-54
#S:-3986#R:-42#I:315#A:-8705#G:-54
#S:-4035#R:-42#I:315#A:-3836#G:-51
#S:-4089#R:-41#I:345#A:-5562#G:-47
#S:-4137#R:-43#I:345#A:-4444#G:-47
#S:-4203#R:-44#I:345#A:-8745#G:-44
#S:-4222#R:-42#I:345#A:284#G:-42
#S:-4256#R:-45#I:345#A:-2651#G:-43
#S:-4286#R:-43#I:345#A:-1124#G:-46
#S:-4335#R:-40#I:345#A:-6162#G:-40
#S:-4385#R:-44#I:345#A:-6204#G:-41
#S:-4414#R:-45#I:315#A:-3381#G:-35
#S:-4471#R:-45#I:315#A:-8293#G:-38
#S:-4496#R:-46#I:315#A:-3184#G:-32
#S:-4523#R:-47#I:315#A:-3022#G:-35
#S:-4522#R:-46#I:315#A:1940#G:-32
#S:-4579#R:-47#I:315#A:-8219#G:-39
#S:-4602#R:-48#I:315#A:-3703#G:-28
#S:-4652#R:-47#I:315#A:-8673#G:-30
#S:-4671#R:-48#I:315#A:-3757#G:-24
#S:-4737#R:-48#I:315#A:-12564#G:-27
#S:-4731#R:-47#I:315#A:385#G:-20
#S:-4762#R:-51#I:315#A:-5789#G:-26
#S:-4766#R:-48#I:315#A:-934#G:-24
#S:-4821#R:-48#I:315#A:-10726#G:-26
#S:-4839#R:-47#I:315#A:-4877#G:-18
#S:-4876#R:-49#I:315#A:-9023#G:-17
#S:-4897#R:-48#I:315#A:-6335#G:-14
#S:-4938#R:-49#I:315#A:-10440#G:-14
#S:-4937#R:-50#I:315#A:-2385#G:-12
#S:-4953#R:-49#I:315#A:-5607#G:-13
#S:-4965#R:-49#I:315#A:-4759#G:-14
#S:-5001#R:-48#I:315#A:-10073#G:-11
#S:-5012#R:-50#I:315#A:-5993#G:-7
#S:-5025#R:-49#I:345#A:-6850#G:-4
#S:-5051#R:-51#I:345#A:-9387#G:-5
#S:-5063#R:-49#I:345#A:-7409#G:-1
#S:-5062#R:-50#I:345#A:-4425#G:-3
#S:-5059#R:-51#I:345#A:-4354#G:-1
#S:-5074#R:-50#I:345#A:-7463#G:-3
#S:-5090#R:-51#I:345#A:-8757#G:2
#S:-5103#R:-49#I:345#A:-8139#G:2
#S:-5100#R:-49#I:345#A:-5945#G:7
#S:-5122#R:-50#I:345#A:-10554#G:5
#S:-5103#R:-49#I:345#A:-3379#G:10
#S:-5096#R:-49#I:345#A:-4923#G:6
#S:-5084#R:-48#I:345#A:-4364#G:8
#S:-5093#R:-49#I:345#A:-8358#G:7
#S:-5089#R:-50#I:345#A:-6750#G:12
#S:-5088#R:-49#I:345#A:-7629#G:13
#S:-5083#R:-49#I:345#A:-7224#G:15
#S:-5070#R:-49#I:345#A:-5922#G:17
#S:-5044#R:-47#I:345#A:-3087#G:16
#S:-5033#R:-49#I:345#A:-5878#G:15
#S:-5022#R:-48#I:345#A:-6356#G:17
#S:-5014#R:-46#I:345#A:-7580#G:20
#S:-4996#R:-50#I:345#A:-5631#G:21
#S:-4987#R:-48#I:345#A:-7885#G:23
#S:-4973#R:-49#I:345#A:-7361#G:25
#S:-4950#R:-47#I:345#A:-5516#G:25
#S:-4909#R:-48#I:345#A:-1973#G:26
#S:-4909#R:-44#I:345#A:-9761#G:24
#S:-4875#R:-46#I:345#A:-4083#G:30
#S:-4862#R:-46#I:345#A:-8390#G:30
#S:-4827#R:-44#I:345#A:-4594#G:33
#S:-4818#R:-46#I:345#A:-9899#G:34
#S:-4771#R:-44#I:345#A:-3011#G:38
#S:-4750#R:-46#I:345#A:-7486#G:34
#S:-4687#R:-43#I:345#A:-81#G:39
#S:-4677#R:-43#I:345#A:-10235#G:37
#S:-4624#R:-44#I:345#A:-2666#G:43
#S:-4595#R:-41#I:345#A:-7571#G:43
#S:-4545#R:-45#I:345#A:-3892#G:46
#S:-4507#R:-42#I:345#A:-6493#G:47
#S:-4452#R:-39#I:345#A:-2929#G:47
#S:-4406#R:-41#I:345#A:-4757#G:47
#S:-4354#R:-40#I:345#A:-3506#G:47
#S:-4321#R:-36#I:345#A:-7990#G:51
#S:-4255#R:-39#I:345#A:-2131#G:55
#S:-4220#R:-39#I:345#A:-8101#G:54
#S:-4164#R:-36#I:345#A:-4197#G:56
#S:-4104#R:-37#I:345#A:-3938#G:59
#S:-4030#R:-35#I:345#A:-905#G:58
#S:-3985#R:-34#I:345#A:-6554#G:57
#S:-3927#R:-33#I:345#A:-4412#G:60
#S:-3874#R:-36#I:345#A:-6267#G:65
#S:-3790#R:-28#I:345#A:-225#G:66
#S:-3739#R:-31#I:345#A:-7061#G:67
#S:-3659#R:-32#I:345#A:-1284#G:68
#S:-3575#R:-28#I:345#A:-841#G:70
#S:-3497#R:-28#I:345#A:-1586#G:68
#S:-3449#R:-26#I:345#A:-7889#G:70
#S:-3372#R:-26#I:345#A:-2667#G:73
#S:-3291#R:-24#I:345#A:-2960#G:79
#S:-3198#R:-24#I:345#A:-406#G:78
#S:-3121#R:-23#I:345#A:-3577#G:79
#S:-3026#R:-22#I:345#A:143#G:79
#S:-2937#R:-25#I:345#A:-1319#G:80
#S:-2865#R:-21#I:345#A:-4056#G:77
#S:-2793#R:-20#I:345#A:-5239#G:84
#S:-2711#R:-22#I:345#A:-3315#G:85
#S:-2618#R:-18#I:345#A:-2221#G:91
#S:-2516#R:-17#I:345#A:370#G:87
#S:-2418#R:-16#I:345#A:-812#G:89
#S:-2311#R:-15#I:345#A:1314#G:88
#S:-2225#R:-15#I:345#A:-3004#G:89
#S:-2151#R:-15#I:345#A:-5425#G:90
#S:-2066#R:-13#I:345#A:-4393#G:96
#S:-1968#R:-9#I:345#A:-2106#G:98
#S:-1863#R:-9#I:345#A:-1093#G:101
#S:-1741#R:-8#I:345#A:2635#G:100
#S:-1626#R:-5#I:345#A:1369#G:99
#S:-1530#R:-5#I:345#A:-2070#G:98
#S:-1442#R:-6#I:345#A:-4099#G:101
#S:-1349#R:-3#I:345#A:-3692#G:104
#S:-1259#R:-2#I:345#A:-4935#G:108
#S:-1152#R:0#I:345#A:-1847#G:110
#S:-1034#R:0#I:345#A:279#G:111
#S:-888#R:0#I:345#A:5815#G:112
#S:-806#R:2#I:345#A:-5630#G:106
#S:-694#R:4#I:345#A:-682#G:111
#S:-618#R:6#I:345#A:-7972#G:112
#S:-480#R:5#I:345#A:3169#G:119
#S:-410#R:10#I:345#A:-9902#G:117
#S:-261#R:11#I:345#A:4899#G:123
#S:-133#R:11#I:345#A:1038#G:122
#S:35#R:14#I:345#A:9237#G:122
#S:108#R:14#I:345#A:-8394#G:116
#S:238#R:15#I:345#A:1633#G:123
#S:361#R:17#I:345#A:-761#G:129
#S:488#R:20#I:345#A:544#G:127
#S:611#R:20#I:345#A:-1020#G:132
#S:760#R:21#I:345#A:4607#G:130
#S:924#R:24#I:345#A:7073#G:134
#S:1018#R:25#I:345#A:-4306#G:121
#S:1131#R:27#I:345#A:-2154#G:130
#S:1249#R:30#I:345#A:-1375#G:132
#S:1372#R:31#I:345#A:-1492#G:138
#S:1493#R:32#I:345#A:-773#G:133
#S:1620#R:34#I:345#A:-419#G:138
#S:1775#R:34#I:345#A:5695#G:136
#S:1893#R:37#I:345#A:-1252#G:134
#S:2015#R:39#I:345#A:-305#G:134
#S:2126#R:41#I:345#A:-3380#G:139
#S:2250#R:42#I:345#A:-652#G:139
#S:2372#R:44#I:345#A:-1792#G:143
#S:2508#R:44#I:345#A:1407#G:142
#S:2666#R:46#I:345#A:5056#G:146
#S:2790#R:49#I:345#A:-163#G:139
#S:2922#R:50#I:345#A:928#G:143
#S:3050#R:52#I:345#A:172#G:143
#S:3197#R:59#I:345#A:2877#G:149
#S:3325#R:54#I:345#A:41#G:145
#S:3466#R:57#I:345#A:2003#G:149
#S:3633#R:61#I:345#A:7349#G:149
#S:3774#R:62#I:345#A:2668#G:147
#S:3923#R:64#I:345#A:4715#G:146
#S:4030#R:68#I:345#A:-4072#G:148
#S:4207#R:69#I:345#A:9361#G:152
#S:4293#R:68#I:345#A:-7724#G:147
#S:4452#R:72#I:345#A:6432#G:150
#S:4578#R:71#I:345#A:-429#G:152
#S:4738#R:75#I:345#A:6998#G:149
#S:4840#R:74#I:345#A:-4367#G:149
#S:4983#R:77#I:345#A:3686#G:150
#S:5116#R:80#I:345#A:342#G:157
#S:5268#R:78#I:345#A:6035#G:149
#S:5398#R:85#I:345#A:655#G:154
#S:5543#R:85#I:345#A:4785#G:149
#S:5726#R:88#I:345#A:10800#G:158
#S:5843#R:90#I:345#A:393#G:145
#S:5994#R:91#I:345#A:4905#G:157
#S:6133#R:93#I:345#A:3437#G:153
#S:6311#R:96#I:345#A:9581#G:162
#S:6461#R:95#I:345#A:6431#G:151
#S:6620#R:97#I:315#A:7059#G:157
#S:6783#R:101#I:315#A:9072#G:152
#S:6944#R:101#I:315#A:8086#G:156
#S:7075#R:103#I:315#A:3118#G:151
#S:7225#R:105#I:315#A:6049#G:156
#S:7386#R:107#I:315#A:8909#G:154
#S:7534#R:109#I:315#A:5769#G:157
#S:7694#R:112#I:315#A:9198#G:153
#S:7854#R:110#I:345#A:8851#G:155
#S:8005#R:112#I:345#A:8208#G:150
#S:8142#R:118#I:345#A:5114#G:153
#S:8274#R:119#I:345#A:4199#G:153
#S:8442#R:121#I:345#A:10364#G:159
#S:8585#R:122#I:345#A:6985#G:152
#S:8744#R:124#I:345#A:9191#G:157
#S:8915#R:125#I:345#A:12632#G:153
#S:9086#R:128#I:345#A:13061#G:152
#S:9218#R:132#I:345#A:6311#G:147
#S:9346#R:130#I:345#A:4804#G:151
#S:9512#R:133#I:345#A:11752#G:155
#S:9656#R:134#I:345#A:8240#G:152
#S:9819#R:135#I:345#A:11867#G:153
#S:9955#R:139#I:345#A:7047#G:151
#S:10145#R:140#I:345#A:17997#G:151
#S:10249#R:143#I:345#A:2884#G:142
#S:10392#R:141#I:345#A:9644#G:147
#S:10503#R:146#I:345#A:3040#G:149
#S:10669#R:146#I:345#A:13941#G:150
#S:10781#R:148#I:345#A:3988#G:147
#S:10930#R:153#I:345#A:11486#G:147
#S:11087#R:152#I:345#A:12594#G:150
#S:11242#R:154#I:345#A:14123#G:141
#S:11346#R:158#I:345#A:4158#G:141
#S:11472#R:158#I:345#A:8115#G:143
#S:11628#R:160#I:345#A:12896#G:150
#S:11760#R:163#I:345#A:9886#G:142
#S:11904#R:162#I:345#A:11348#G:147
#S:12054#R:165#I:345#A:13534#G:143
#S:12234#R:169#I:345#A:18836#G:147
#S:12368#R:165#I:345#A:12163#G:136
#S:12499#R:170#I:345#A:10908#G:139
#S:12636#R:172#I:345#A:12181#G:140
#S:12789#R:170#I:345#A:14861#G:143
#S:12926#R:173#I:345#A:12430#G:140
#S:13063#R:177#I:345#A:12595#G:140
#S:13235#R:176#I:345#A:19648#G:140
#S:13377#R:178#I:345#A:14778#G:135
#S:13513#R:181#I:345#A:14001#G:134
#S:13634#R:182#I:345#A:11193#G:134
#S:13779#R:187#I:345#A:16050#G:134
#S:13909#R:186#I:345#A:13202#G:134
#S:14044#R:192#I:345#A:14123#G:135
#S:14190#R:190#I:345#A:16400#G:135
#S:14331#R:193#I:345#A:16785#G:129
#S:14462#R:195#I:345#A:14862#G:129
#S:14585#R:193#I:315#A:13755#G:128
#S:14720#R:194#I:315#A:15815#G:130
#S:14833#R:200#I:315#A:12554#G:125
#S:14969#R:199#I:315#A:16615#G:128
#S:15109#R:200#I:315#A:17817#G:127
#S:15258#R:203#I:315#A:20103#G:125
#S:15385#R:205#I:315#A:16652#G:121
#S:15499#R:206#I:315#A:14497#G:120
#S:15635#R:207#I:345#A:18489#G:122
#S:15756#R:207#I:345#A:16473#G:118
#S:15879#R:207#I:345#A:17054#G:118
#S:15989#R:211#I:345#A:14954#G:116
#S:16137#R:213#I:345#A:21981#G:119
#S:16244#R:214#I:345#A:15651#G:110
#S:16362#R:217#I:345#A:17770#G:111
#S:16457#R:215#I:345#A:13652#G:110
#S:16583#R:217#I:345#A:19777#G:110
#S:16676#R:220#I:345#A:14270#G:106
#S:16783#R:219#I:345#A:17200#G:105
#S:16902#R:219#I:345#A:19109#G:108
#S:17008#R:223#I:345#A:18048#G:101
#S:17114#R:224#I:345#A:17990#G:102
#S:17198#R:224#I:345#A:14703#G:97
#S:17319#R:228#I:345#A:20887#G:104
#S:17407#R:227#I:315#A:16153#G:95
#S:17516#R:226#I:315#A:19510#G:99
#S:17599#R:229#I:315#A:15842#G:92
#S:17735#R:230#I:315#A:25489#G:98
#S:17812#R:231#I:315#A:15808#G:88
#S:17916#R:232#I:315#A:20658#G:91
#S:18000#R:234#I:315#A:17232#G:88
#S:18126#R:234#I:315#A:25149#G:91
#S:18206#R:234#I:315#A:17516#G:84
#S:18305#R:237#I:315#A:20975#G:86
#S:18416#R:238#I:315#A:23614#G:85
#S:18519#R:238#I:315#A:22947#G:81
#S:18602#R:241#I:315#A:19489#G:79
#S:18677#R:240#I:315#A:18083#G:78
#S:18783#R:240#I:315#A:24130#G:80
#S:18866#R:242#I:345#A:20525#G:75
#S:18954#R:240#I:345#A:21897#G:74
#S:19022#R:242#I:345#A:18482#G:71
#S:19124#R:243#I:345#A:25553#G:70
#S:19183#R:243#I:345#A:17957#G:66
#S:19253#R:246#I:345#A:19951#G:67
#S:19335#R:246#I:345#A:22115#G:69
#S:19413#R:247#I:345#A:22182#G:65
#S:19503#R:247#I:345#A:24542#G:65
#S:19571#R:251#I:345#A:21527#G:59
#S:19652#R:249#I:345#A:24184#G:59
#S:19709#R:248#I:345#A:20494#G:54
#S:19765#R:252#I:345#A:19851#G:56
#S:19819#R:251#I:345#A:19483#G:56
#S:19890#R:252#I:345#A:22928#G:56
#S:19942#R:251#I:345#A:20027#G:52
#S:20024#R:253#I:345#A:26126#G:52
#S:20078#R:252#I:345#A:21818#G:46
#S:20135#R:254#I:345#A:22764#G:44
#S:20177#R:255#I:345#A:20271#G:42
#S:20222#R:253#I:345#A:20817#G:43
#S:20261#R:256#I:345#A:19776#G:42
#S:20319#R:257#I:345#A:23582#G:42
#S:20363#R:254#I:345#A:21510#G:39
#S:20428#R:256#I:315#A:26368#G:36
#S:20463#R:258#I:315#A:21410#G:31
#S:20505#R:257#I:315#A:23071#G:30
#S:20528#R:258#I:315#A:19569#G:28
#S:20562#R:260#I:315#A:21531#G:30
#S:20583#R:258#I:315#A:19224#G:28
#S:20630#R:258#I:315#A:24254#G:29
#S:20658#R:260#I:315#A:21554#G:24
#S:20705#R:259#I:315#A:25840#G:22
#S:20723#R:257#I:315#A:21062#G:17
#S:20749#R:260#I:315#A:22765#G:16
#S:20749#R:259#I:315#A:18115#G:14
#S:20768#R:257#I:315#A:21363#G:17
#S:20776#R:260#I:315#A:19980#G:13
#S:20803#R:259#I:315#A:23454#G:14
#S:20820#R:258#I:345#A:22583#G:9
#S:20842#R:259#I:345#A:24400#G:5
#S:20839#R:258#I:345#A:19963#G:2
#S:20841#R:259#I:345#A:20982#G:2
#S:20828#R:258#I:345#A:18129#G:1
#S:20831#R:259#I:345#A:21143#G:2
#S:20834#R:257#I:345#A:21499#G:0
#S:20843#R:260#I:345#A:23133#G:-2
#S:20854#R:260#I:315#A:24094#G:-5
#S:20852#R:259#I:315#A:22582#G:-10
#S:20842#R:259#I:315#A:21064#G:-11
#S:20817#R:261#I:315#A:18161#G:-11
#S:20802#R:259#I:315#A:19838#G:-10
#S:20794#R:259#I:315#A:21299#G:-10
#S:20800#R:260#I:315#A:24311#G:-11
#S:20798#R:259#I:315#A:23728#G:-16
#S:20805#R:258#I:345#A:26147#G:-19
#S:20787#R:259#I:345#A:21863#G:-23
#S:20763#R:258#I:345#A:20830#G:-24
#S:20737#R:258#I:345#A:19986#G:-22
#S:20713#R:260#I:345#A:20600#G:-23
#S:20701#R:258#I:345#A:22723#G:-22
#S:20687#R:257#I:345#A:22978#G:-25
#S:20686#R:258#I:345#A:26376#G:-29
#S:20673#R:257#I:345#A:25039#G:-34
#S:20641#R:255#I:345#A:21481#G:-36
#S:20596#R:256#I:345#A:18895#G:-36
#S:20564#R:255#I:345#A:21231#G:-35
#S:20521#R:254#I:345#A:19598#G:-38
#S:20497#R:255#I:345#A:23138#G:-37
#S:20465#R:253#I:345#A:22240#G:-40
#S:20455#R:251#I:345#A:27468#G:-45
#S:20405#R:253#I:345#A:20777#G:-51
#S:20351#R:250#I:345#A:19806#G:-51
#S:20286#R:250#I:345#A:17421#G:-50
#S:20239#R:253#I:345#A:21138#G:-51
#S:20186#R:244#I:345#A:20180#G:-52
#S:20139#R:250#I:345#A:21216#G:-52
#S:20105#R:249#I:345#A:24103#G:-54
#S:20065#R:249#I:345#A:24677#G:-63
#S:20002#R:245#I:315#A:20936#G:-67
#S:19921#R:246#I:315#A:17111#G:-66
#S:19853#R:246#I:315#A:19169#G:-64
#S:19780#R:243#I:315#A:18706#G:-67
#S:19725#R:244#I:315#A:22093#G:-66
#S:19660#R:243#I:315#A:20747#G:-70
#S:19626#R:240#I:315#A:27039#G:-71
#S:19552#R:241#I:345#A:21500#G:-83
#S:19480#R:240#I:345#A:21365#G:-81
#S:19375#R:239#I:345#A:14667#G:-81
#S:19300#R:236#I:345#A:20201#G:-79
#S:19216#R:238#I:345#A:18977#G:-82
#S:19150#R:235#I:345#A:22377#G:-82
#S:19087#R:236#I:345#A:23719#G:-86
#S:19021#R:235#I:345#A:24091#G:-91
#S:18946#R:231#I:315#A:23008#G:-95
#S:18839#R:230#I:315#A:17318#G:-99
#S:18736#R:231#I:315#A:17060#G:-94
#S:18628#R:228#I:315#A:16440#G:-97
#S:18544#R:228#I:315#A:21145#G:-97
#S:18441#R:228#I:315#A:17805#G:-99
#S:18357#R:225#I:315#A:22250#G:-103
#S:18268#R:223#I:315#A:22066#G:-108
#S:18170#R:222#I:345#A:21150#G:-112
#S:18019#R:221#I:345#A:11089#G:-116
#S:17887#R:220#I:345#A:13975#G:-112
#S:17785#R:220#I:345#A:19303#G:-109
#S:17665#R:217#I:345#A:16716#G:-115
#S:17567#R:214#I:345#A:20383#G:-112
#S:17446#R:216#I:345#A:17771#G:-122
#S:17367#R:211#I:345#A:25150#G:-118
#S:17209#R:210#I:315#A:12365#G:-133
#S:17078#R:208#I:315#A:15698#G:-124
#S:16919#R:207#I:315#A:10660#G:-127
#S:16829#R:205#I:315#A:22786#G:-119
#S:16692#R:205#I:315#A:15139#G:-129
#S:16586#R:205#I:315#A:20945#G:-127
#S:16469#R:200#I:315#A:19872#G:-134
#S:16367#R:200#I:315#A:22606#G:-133
#S:16208#R:198#I:345#A:12934#G:-142
#S:16050#R:194#I:345#A:12366#G:-139
#S:15917#R:192#I:345#A:15858#G:-132
#S:15798#R:194#I:345#A:19279#G:-136
#S:15667#R:192#I:345#A:17540#G:-140
#S:15529#R:189#I:345#A:16977#G:-145
#S:15408#R:190#I:345#A:20159#G:-144
#S:15258#R:182#I:345#A:15634#G:-151
#S:15103#R:181#I:315#A:14500#G:-151
#S:14914#R:182#I:315#A:7771#G:-153
#S:14775#R:179#I:315#A:15784#G:-144
#S:14656#R:176#I:315#A:20365#G:-147
#S:14499#R:175#I:315#A:14596#G:-157
#S:14354#R:171#I:315#A:16508#G:-155
#S:14196#R:170#I:315#A:14544#G:-159
#S:14049#R:172#I:345#A:16528#G:-159
#S:13848#R:167#I:345#A:7055#G:-166
#S:13683#R:165#I:345#A:11781#G:-155
#S:13535#R:164#I:345#A:15452#G:-157
#S:13412#R:159#I:345#A:20570#G:-158
#S:13237#R:158#I:345#A:12024#G:-168
#S:13097#R:158#I:345#A:17496#G:-162
#S:12907#R:154#I:345#A:8718#G:-168
#S:12766#R:152#I:345#A:17895#G:-166
#S:12568#R:152#I:345#A:7174#G:-170
#S:12397#R:145#I:345#A:12157#G:-169
#S:12259#R:145#I:345#A:17518#G:-164
#S:12085#R:143#I:345#A:13017#G:-178
#S:11922#R:143#I:345#A:14010#G:-173
#S:11719#R:141#I:345#A:6727#G:-177
#S:11563#R:135#I:345#A:14798#G:-172
#S:11370#R:137#I:345#A:8792#G:-180
#S:11198#R:133#I:345#A:11649#G:-174
#S:11049#R:132#I:345#A:15889#G:-173
#S:10877#R:130#I:345#A:12924#G:-182
#S:10725#R:128#I:345#A:16566#G:-181
#S:10511#R:123#I:345#A:5238#G:-187
#S:10354#R:124#I:345#A:14535#G:-178
#S:10137#R:121#I:345#A:4655#G:-189
#S:9985#R:120#I:315#A:15444#G:-179
#S:9767#R:118#I:315#A:4405#G:-191
#S:9607#R:114#I:315#A:14451#G:-184
#S:9393#R:111#I:315#A:5044#G:-192
#S:9219#R:111#I:315#A:12503#G:-190
#S:8941#R:106#I:315#A:-7445#G:-195
#S:8765#R:103#I:315#A:11205#G:-188
#S:8522#R:105#I:315#A:-1709#G:-191
#S:8344#R:100#I:345#A:11273#G:-192
#S:8145#R:99#I:345#A:6694#G:-191
#S:7936#R:98#I:345#A:6259#G:-200
#S:7762#R:93#I:345#A:11117#G:-190
#S:7507#R:91#I:345#A:-2900#G:-202
#S:7299#R:91#I:345#A:3325#G:-188
#S:7049#R:88#I:345#A:-3176#G:-198
#S:6886#R:85#I:345#A:11061#G:-183
#S:6676#R:83#I:345#A:4664#G:-199
#S:6509#R:82#I:345#A:11466#G:-191
#S:6286#R:77#I:345#A:1619#G:-199
#S:6125#R:75#I:345#A:12200#G:-191
#S:5860#R:74#I:345#A:-7518#G:-197
#S:5676#R:70#I:345#A:7026#G:-190
#S:5462#R:68#I:345#A:767#G:-190
#S:5304#R:66#I:345#A:11313#G:-188
#S:5124#R:65#I:345#A:8106#G:-194
#S:4927#R:63#I:345#A:5693#G:-200
#S:4746#R:61#I:345#A:7471#G:-194
#S:4536#R:54#I:345#A:2237#G:-198
#S:4327#R:52#I:345#A:1156#G:-193
#S:4084#R:52#I:345#A:-5426#G:-195
#S:3924#R:48#I:345#A:9028#G:-185
#S:3749#R:46#I:345#A:7638#G:-194
#S:3558#R:43#I:345#A:5191#G:-199
#S:3348#R:42#I:345#A:1239#G:-199
#S:3145#R:41#I:345#A:1925#G:-196
#S:2921#R:39#I:345#A:-2686#G:-195
#S:2689#R:36#I:345#A:-4799#G:-194
#S:2465#R:33#I:345#A:-4781#G:-187
#S:2300#R:32#I:345#A:6957#G:-188
#S:2133#R:29#I:345#A:6788#G:-190
#S:1924#R:27#I:345#A:-407#G:-197
#S:1745#R:25#I:345#A:4336#G:-192
#S:1521#R:21#I:345#A:-4606#G:-193
#S:1321#R:19#I:345#A:-819#G:-189
#S:1064#R:20#I:345#A:-13032#G:-186
#S:903#R:14#I:345#A:4600#G:-179
#S:731#R:11#I:345#A:2977#G:-183
#S:565#R:13#I:315#A:5027#G:-188
#S:381#R:8#I:315#A:960#G:-186
#S:198#R:7#I:315#A:1352#G:-188
#S:-14#R:4#I:315#A:-5720#G:-184
#S:-214#R:1#I:315#A:-3928#G:-182
#S:-410#R:0#I:315#A:-4813#G:-174
#S:-560#R:-2#I:315#A:4372#G:-175
#S:-721#R:-1#I:315#A:2522#G:-178
#S:-890#R:-6#I:345#A:1533#G:-182
#S:-1067#R:-7#I:345#A:-545#G:-180
#S:-1264#R:-9#I:345#A:-4709#G:-180
#S:-1472#R:-14#I:345#A:-7969#G:-176
#S:-1661#R:-14#I:345#A:-6022#G:-168
#S:-1842#R:-15#I:345#A:-4204#G:-170
#S:-1982#R:-18#I:345#A:2285#G:-162
#S:-2155#R:-21#I:345#A:-2144#G:-174
#S:-2285#R:-21#I:315#A:4786#G:-166
#S:-2490#R:-22#I:315#A:-9185#G:-172
#S:-2658#R:-25#I:315#A:-3483#G:-164
#S:-2861#R:-25#I:315#A:-10957#G:-163
#S:-3013#R:-27#I:315#A:-2488#G:-155
#S:-3179#R:-32#I:315#A:-5435#G:-155
#S:-3291#R:-32#I:315#A:4276#G:-151
#S:-3428#R:-37#I:345#A:452#G:-157
#S:-3559#R:-38#I:345#A:1831#G:-159
#S:-3726#R:-36#I:345#A:-6313#G:-154
#S:-3897#R:-40#I:345#A:-7277#G:-155
#S:-4047#R:-41#I:345#A:-5239#G:-145
#S:-4211#R:-41#I:345#A:-7866#G:-146
#S:-4319#R:-46#I:345#A:1161#G:-136
#S:-4452#R:-45#I:345#A:-2012#G:-146
#S:-4546#R:-49#I:315#A:4565#G:-140
#S:-4713#R:-50#I:315#A:-8246#G:-150
#S:-4845#R:-52#I:315#A:-3607#G:-139
#S:-5024#R:-51#I:315#A:-12370#G:-143
#S:-5149#R:-51#I:315#A:-4235#G:-130
#S:-5313#R:-56#I:315#A:-11413#G:-134
#S:-5403#R:-56#I:315#A:1742#G:-126
#S:-5551#R:-58#I:315#A:-8172#G:-135
#S:-5636#R:-59#I:345#A:2875#G:-128
#S:-5816#R:-65#I:345#A:-14884#G:-135
#S:-5941#R:-63#I:345#A:-5874#G:-126
#S:-6115#R:-64#I:345#A:-15842#G:-126
#S:-6226#R:-66#I:345#A:-5177#G:-117
#S:-6378#R:-68#I:345#A:-13313#G:-118
#S:-6468#R:-67#I:345#A:-1493#G:-115
#S:-6598#R:-71#I:345#A:-9155#G:-118
#S:-6700#R:-70#I:390#A:-3701#G:-118
#S:-6862#R:-75#I:390#A:-15987#G:-117
#S:-6986#R:-77#I:390#A:-9455#G:-112
#S:-7135#R:-78#I:390#A:-15263#G:-109
#S:-7247#R:-78#I:390#A:-8904#G:-104
#S:-7365#R:-79#I:390#A:-11141#G:-100
#S:-7465#R:-80#I:390#A:-6764#G:-104
#S:-7548#R:-81#I:390#A:-4490#G:-99
#S:-7672#R:-84#I:390#A:-11482#G:-105
#S:-7783#R:-83#I:390#A:-10478#G:-98
#S:-7918#R:-85#I:390#A:-15492#G:-97
#S:-8020#R:-87#I:390#A:-10719#G:-89
#S:-8129#R:-85#I:390#A:-12477#G:-88
#S:-8194#R:-88#I:390#A:-4708#G:-83
#S:-8292#R:-87#I:390#A:-10262#G:-89
#S:-8344#R:-86#I:390#A:-2233#G:-83
#S:-8463#R:-92#I:375#A:-14658#G:-88
#S:-8547#R:-91#I:375#A:-9329#G:-81
#S:-8663#R:-92#I:375#A:-16187#G:-79
#S:-8742#R:-94#I:375#A:-10515#G:-71
#S:-8823#R:-93#I:375#A:-10842#G:-71
#S:-8873#R:-93#I:375#A:-5301#G:-68
#S:-8939#R:-94#I:375#A:-8054#G:-71
#S:-8987#R:-96#I:315#A:-4687#G:-70
#S:-9079#R:-95#I:315#A:-13674#G:-69
#S:-9158#R:-97#I:315#A:-12026#G:-65
#S:-9248#R:-96#I:315#A:-15374#G:-60
#S:-9303#R:-98#I:315#A:-9655#G:-54
#S:-9358#R:-98#I:315#A:-9761#G:-53
#S:-9413#R:-100#I:315#A:-9302#G:-56
#S:-9449#R:-102#I:315#A:-6289#G:-52
#S:-9524#R:-108#I:345#A:-13336#G:-56
#S:-9596#R:-103#I:345#A:-14163#G:-50
#S:-9684#R:-101#I:345#A:-17723#G:-48
#S:-9736#R:-101#I:345#A:-12535#G:-38
#S:-9793#R:-103#I:345#A:-13331#G:-40
#S:-9807#R:-104#I:345#A:-5949#G:-34
#S:-9851#R:-102#I:345#A:-10710#G:-40
#S:-9863#R:-105#I:345#A:-5329#G:-35
#S:-9923#R:-107#I:315#A:-14251#G:-39
#S:-9972#R:-107#I:315#A:-13242#G:-33
#S:-10039#R:-107#I:315#A:-17956#G:-28
#S:-10065#R:-105#I:315#A:-11340#G:-20
#S:-10088#R:-105#I:315#A:-10574#G:-21
#S:-10088#R:-107#I:315#A:-6115#G:-20
#S:-10108#R:-107#I:315#A:-9774#G:-22
#S:-10106#R:-104#I:315#A:-5564#G:-21
#S:-10152#R:-109#I:315#A:-15340#G:-20
#S:-10183#R:-109#I:315#A:-13202#G:-16
#S:-10221#R:-106#I:315#A:-16255#G:-8
#S:-10223#R:-106#I:315#A:-9900#G:-4
#S:-10216#R:-107#I:315#A:-8253#G:-3
#S:-10206#R:-105#I:315#A:-7066#G:-6
#S:-10201#R:-105#I:315#A:-8215#G:-5
#S:-10196#R:-108#I:315#A:-8148#G:-6
#S:-10222#R:-106#I:315#A:-15256#G:-1
#S:-10240#R:-105#I:315#A:-14150#G:1
#S:-10251#R:-109#I:315#A:-14506#G:10
#S:-10239#R:-107#I:315#A:-10341#G:12
#S:-10205#R:-104#I:315#A:-5866#G:12
#S:-10185#R:-107#I:315#A:-7828#G:8
#S:-10162#R:-108#I:315#A:-7843#G:11
#S:-10162#R:-106#I:315#A:-11996#G:9
#S:-10162#R:-108#I:345#A:-13503#G:16
#S:-10181#R:-107#I:345#A:-17841#G:19
#S:-10160#R:-108#I:345#A:-11715#G:28
#S:-10124#R:-105#I:345#A:-8653#G:28
#S:-10082#R:-103#I:345#A:-6934#G:26
#S:-10046#R:-104#I:345#A:-7689#G:24
#S:-10009#R:-105#I:345#A:-8111#G:27
#S:-10001#R:-105#I:345#A:-13635#G:26
#S:-9984#R:-104#I:345#A:-13523#G:34
#S:-9982#R:-105#I:345#A:-16961#G:37
#S:-9934#R:-105#I:345#A:-9456#G:45
#S:-9877#R:-103#I:345#A:-7082#G:42
#S:-9824#R:-103#I:345#A:-7446#G:41
#S:-9783#R:-96#I:345#A:-9416#G:39
#S:-9733#R:-102#I:345#A:-8467#G:43
#S:-9712#R:-102#I:345#A:-14201#G:43
#S:-9692#R:-98#I:345#A:-16052#G:51
#S:-9656#R:-97#I:345#A:-13704#G:56
#S:-9585#R:-98#I:345#A:-7223#G:59
#S:-9517#R:-97#I:345#A:-7232#G:56
#S:-9457#R:-96#I:345#A:-8656#G:55
#S:-9397#R:-95#I:345#A:-8634#G:56
#S:-9338#R:-97#I:345#A:-9373#G:59
#S:-9307#R:-93#I:345#A:-15198#G:60
#S:-9272#R:-93#I:345#A:-16231#G:69
#S:-9202#R:-94#I:345#A:-10115#G:74
#S:-9117#R:-93#I:345#A:-6774#G:73
#S:-9030#R:-93#I:345#A:-6086#G:72
#S:-8965#R:-91#I:345#A:-10178#G:71
#S:-8883#R:-89#I:345#A:-7375#G:74
#S:-8816#R:-87#I:345#A:-10758#G:76
#S:-8763#R:-88#I:345#A:-14278#G:80
#S:-8704#R:-87#I:345#A:-14097#G:86
#S:-8599#R:-83#I:345#A:-5652#G:90
#S:-8498#R:-83#I:345#A:-6129#G:89
#S:-8394#R:-85#I:345#A:-5137#G:87
#S:-8311#R:-81#I:345#A:-9755#G:90
#S:-8209#R:-81#I:345#A:-6475#G:93
#S:-8114#R:-79#I:345#A:-8460#G:96
#S:-8033#R:-79#I:390#A:-11377#G:97
#S:-7925#R:-79#I:390#A:-7195#G:104
#S:-7816#R:-75#I:390#A:-6724#G:103
#S:-7687#R:-73#I:390#A:-3141#G:106
#S:-7592#R:-74#I:390#A:-8863#G:101
#S:-7470#R:-70#I:390#A:-5182#G:110
#S:-7376#R:-66#I:390#A:-10520#G:109
#S:-7243#R:-67#I:390#A:-3988#G:116
#S:-7158#R:-65#I:345#A:-12661#G:112
#S:-7020#R:-64#I:345#A:-3585#G:120
#S:-6913#R:-64#I:345#A:-8878#G:116
#S:-6793#R:-62#I:345#A:-6758#G:119
#S:-6682#R:-60#I:345#A:-8294#G:119
#S:-6567#R:-57#I:345#A:-8859#G:126
#S:-6444#R:-56#I:345#A:-7320#G:127
#S:-6306#R:-54#I:345#A:-5069#G:131
#S:-6167#R:-52#I:345#A:-4325#G:129
#S:-6050#R:-52#I:345#A:-8444#G:129
#S:-5923#R:-49#I:345#A:-6815#G:131
#S:-5793#R:-52#I:345#A:-7188#G:137
#S:-5655#R:-48#I:345#A:-5819#G:138
#S:-5516#R:-46#I:345#A:-6338#G:143
#S:-5375#R:-42#I:345#A:-5613#G:142
#S:-5191#R:-42#I:345#A:2183#G:146
#S:-5054#R:-41#I:345#A:-5741#G:140
#S:-4923#R:-39#I:345#A:-7393#G:143
#S:-4803#R:-39#I:345#A:-10069#G:146
#S:-4656#R:-36#I:345#A:-5951#G:153
#S:-4510#R:-35#I:345#A:-6174#G:154
#S:-4364#R:-32#I:345#A:-6554#G:157
#S:-4181#R:-29#I:345#A:259#G:160
#S:-4003#R:-24#I:345#A:323#G:156
#S:-3847#R:-27#I:345#A:-3397#G:153
#S:-3734#R:-23#I:345#A:-12217#G:155
#S:-3579#R:-22#I:345#A:-5493#G:164
#S:-3423#R:-20#I:345#A:-5894#G:168
#S:-3254#R:-18#I:345#A:-3165#G:168
#S:-3078#R:-16#I:345#A:-2531#G:173
#S:-2866#R:-13#I:345#A:5010#G:172
#S:-2674#R:-12#I:345#A:1986#G:168
#S:-2523#R:-8#I:345#A:-4971#G:163
#S:-2366#R:-15#I:345#A:-6059#G:175
#S:-2202#R:-6#I:345#A:-4831#G:177
#S:-2024#R:-2#I:345#A:-2929#G:182
#S:-1852#R:0#I:345#A:-3288#G:179
#S:-1642#R:1#I:345#A:3170#G:185
#S:-1438#R:3#I:345#A:3002#G:181
#S:-1257#R:6#I:345#A:-577#G:177
#S:-1096#R:7#I:345#A:-4481#G:178
#S:-941#R:9#I:345#A:-6840#G:184
#S:-770#R:13#I:345#A:-4541#G:189
#S:-585#R:10#I:345#A:-2066#G:192
#S:-372#R:16#I:345#A:3223#G:194
#S:-171#R:19#I:345#A:1885#G:190
#S:32#R:19#I:345#A:3023#G:188
#S:215#R:23#I:345#A:-1038#G:190
#S:405#R:26#I:345#A:450#G:190
#S:567#R:25#I:345#A:-5820#G:195
#S:755#R:29#I:345#A:-1167#G:198
#S:962#R:34#I:345#A:2089#G:202
#S:1198#R:35#I:345#A:8137#G:202
#S:1387#R:37#I:345#A:971#G:192
#S:1591#R:42#I:345#A:3030#G:197
#S:1786#R:43#I:345#A:1432#G:197
#S:1993#R:42#I:345#A:3482#G:200
#S:2141#R:45#I:345#A:-7326#G:196
#S:2376#R:48#I:345#A:7448#G:210
#S:2595#R:50#I:345#A:5767#G:204
#S:2808#R:55#I:345#A:5988#G:198
#S:2978#R:55#I:345#A:-1943#G:195
#S:3205#R:58#I:345#A:7634#G:205
#S:3401#R:64#I:345#A:2381#G:202
#S:3596#R:63#I:345#A:2230#G:202
#S:3779#R:66#I:345#A:-418#G:205
#S:4028#R:67#I:345#A:11911#G:210
#S:4237#R:70#I:345#A:5515#G:203
#S:4445#R:74#I:345#A:5560#G:203
#S:4641#R:77#I:345#A:3345#G:203
#S:4867#R:78#I:345#A:8254#G:209
#S:5057#R:82#I:345#A:2633#G:203
#S:5273#R:85#I:345#A:7147#G:207
#S:5485#R:87#I:345#A:6725#G:206
#S:5721#R:88#I:345#A:11105#G:209
#S:5914#R:89#I:345#A:4523#G:200
#S:6125#R:95#I:345#A:6584#G:209
#S:6334#R:95#I:345#A:7323#G:205
#S:6548#R:101#I:345#A:7872#G:208
#S:6752#R:102#I:345#A:6398#G:206
#S:6984#R:102#I:345#A:11574#G:209
#S:7207#R:104#I:345#A:11141#G:204
#S:7413#R:111#I:345#A:7955#G:204
#S:7613#R:111#I:345#A:6849#G:204
#S:7828#R:112#I:345#A:8848#G:210
#S:8036#R:115#I:345#A:8297#G:207
#S:8258#R:118#I:315#A:11039#G:209
#S:8481#R:119#I:315#A:11625#G:208
#S:8719#R:123#I:315#A:15295#G:205
#S:8921#R:125#I:315#A:9826#G:198
#S:9110#R:127#I:315#A:6228#G:204
#S:9321#R:132#I:315#A:10458#G:206
#S:9529#R:133#I:315#A:9772#G:207
#S:9728#R:133#I:315#A:8892#G:204
#S:9958#R:139#I:345#A:14399#G:208
#S:10194#R:140#I:345#A:16600#G:204
#S:10421#R:142#I:345#A:15695#G:201
#S:10607#R:144#I:345#A:9294#G:193
#S:10795#R:143#I:345#A:8613#G:199
#S:10994#R:149#I:345#A:10607#G:201
#S:11196#R:151#I:345#A:10843#G:204
#S:11398#R:154#I:345#A:11765#G:201
#S:11619#R:157#I:345#A:15906#G:200
#S:11848#R:160#I:345#A:17982#G:199
#S:12046#R:161#I:345#A:13458#G:191
#S:12228#R:161#I:345#A:10761#G:190
#S:12402#R:168#I:345#A:9353#G:190
#S:12582#R:168#I:345#A:9335#G:197
#S:12777#R:170#I:345#A:12937#G:195
#S:12980#R:172#I:345#A:14231#G:197
#S:13182#R:173#I:345#A:15769#G:190
#S:13399#R:177#I:345#A:18738#G:191
#S:13582#R:177#I:345#A:14042#G:181
#S:13754#R:182#I:345#A:11459#G:184
#S:13923#R:185#I:345#A:11189#G:183
#S:14096#R:189#I:345#A:11238#G:188
#S:14282#R:190#I:345#A:14175#G:187
#S:14488#R:192#I:315#A:17974#G:189
#S:14687#R:194#I:315#A:18381#G:181
#S:14884#R:196#I:315#A:18641#G:179
#S:15063#R:196#I:315#A:16021#G:175
#S:15235#R:199#I:315#A:14968#G:174
#S:15401#R:203#I:315#A:13612#G:175
#S:15569#R:203#I:315#A:13949#G:177
#S:15762#R:206#I:315#A:18755#G:178
#S:15958#R:208#I:345#A:20046#G:176
#S:16145#R:209#I:345#A:19266#G:172
#S:16337#R:212#I:345#A:21441#G:167
#S:16510#R:216#I:345#A:18149#G:165
#S:16686#R:215#I:345#A:18960#G:165
#S:16827#R:215#I:345#A:12364#G:164
#S:17014#R:222#I:345#A:21019#G:167
#S:17176#R:221#I:345#A:17205#G:162
#S:17381#R:222#I:345#A:25191#G:166
#S:17538#R:227#I:345#A:17695#G:157
#S:17723#R:228#I:345#A:23217#G:158
#S:17868#R:228#I:345#A:16748#G:151
#S:18041#R:231#I:345#A:21976#G:154
#S:18171#R:234#I:345#A:14727#G:148
#S:18335#R:233#I:345#A:20834#G:152
#S:18479#R:236#I:345#A:18128#G:146
#S:18655#R:238#I:345#A:24312#G:148
#S:18799#R:239#I:345#A:19260#G:142
#S:18958#R:241#I:345#A:22457#G:142
#S:19105#R:243#I:345#A:20973#G:138
#S:19249#R:243#I:345#A:20727#G:137
#S:19387#R:246#I:345#A:19701#G:137
#S:19528#R:245#I:345#A:20803#G:135
#S:19672#R:246#I:345#A:21697#G:134
#S:19813#R:250#I:345#A:22327#G:129
#S:19966#R:252#I:345#A:24858#G:129
#S:20089#R:252#I:345#A:19907#G:124
#S:20221#R:254#I:345#A:21474#G:126
#S:20355#R:257#I:345#A:23001#G:121
#S:20488#R:257#I:345#A:23155#G:120
#S:20609#R:258#I:345#A:21253#G:118
#S:20726#R:261#I:375#A:21086#G:116
#S:20862#R:260#I:375#A:25353#G:114
#S:20976#R:261#I:375#A:22207#G:108
#S:21100#R:264#I:375#A:24269#G:109
#S:21215#R:263#I:375#A:23168#G:106
#S:21325#R:265#I:375#A:22289#G:106
#S:21440#R:268#I:375#A:24310#G:101
#S:21542#R:268#I:375#A:22170#G:99
#S:21658#R:269#I:345#A:25253#G:98
#S:21753#R:272#I:345#A:22043#G:94
#S:21861#R:271#I:345#A:25238#G:92
#S:21944#R:273#I:345#A:21277#G:87
#S:22041#R:276#I:345#A:23923#G:88
#S:22127#R:277#I:345#A:22516#G:85
#S:22218#R:277#I:345#A:23657#G:84
#S:22308#R:278#I:345#A:24485#G:80
#S:22395#R:280#I:345#A:24251#G:78
#S:22486#R:278#I:345#A:25501#G:76
#S:22563#R:279#I:345#A:23716#G:72
#S:22644#R:282#I:345#A:24863#G:70
#S:22713#R:280#I:345#A:23193#G:67
#S:22798#R:280#I:345#A:26425#G:67
#S:22862#R:284#I:345#A:22993#G:64
#S:22937#R:282#I:345#A:25526#G:62
#S:22995#R:282#I:345#A:23390#G:57
#S:23062#R:285#I:345#A:25312#G:56
#S:23115#R:284#I:345#A:23461#G:52
#S:23172#R:284#I:345#A:24443#G:51
#S:23220#R:286#I:345#A:23809#G:46
#S:23269#R:285#I:345#A:24066#G:45
#S:23317#R:287#I:345#A:24532#G:42
#S:23359#R:289#I:345#A:23705#G:41
#S:23400#R:288#I:420#A:24064#G:38
#S:23436#R:288#I:420#A:23768#G:35
#S:23475#R:291#I:420#A:24721#G:33
#S:23508#R:289#I:420#A:24010#G:31
#S:23547#R:289#I:420#A:25996#G:27
#S:23580#R:292#I:420#A:25261#G:25
#S:23616#R:290#I:420#A:26442#G:22
#S:23647#R:289#I:375#A:26019#G:20
#S:23674#R:291#I:375#A:25366#G:19
#S:23685#R:291#I:375#A:23324#G:13
#S:23706#R:290#I:375#A:25253#G:14
#S:23722#R:292#I:375#A:25023#G:10
#S:23742#R:290#I:375#A:26246#G:8
#S:23757#R:289#I:375#A:26146#G:3
#S:23767#R:290#I:375#A:25523#G:2
#S:23778#R:290#I:390#A:26098#G:0
#S:23784#R:289#I:390#A:25638#G:-3
#S:23788#R:291#I:390#A:25187#G:-3
#S:23787#R:291#I:390#A:25134#G:-7
#S:23785#R:290#I:390#A:25255#G:-9
#S:23781#R:287#I:390#A:25315#G:-11
#S:23781#R:291#I:390#A:26709#G:-14
#S:23770#R:289#I:390#A:25176#G:-18
#S:23757#R:289#I:390#A:25017#G:-19
#S:23743#R:290#I:390#A:25522#G:-22
#S:23723#R:290#I:390#A:24869#G:-25
#S:23701#R:289#I:390#A:24162#G:-24
#S:23675#R:290#I:390#A:24012#G:-27
#S:23646#R:289#I:390#A:23577#G:-28
#S:23632#R:288#I:390#A:26974#G:-30
#S:23600#R:289#I:390#A:24148#G:-34
#S:23573#R:286#I:390#A:25455#G:-36
#S:23542#R:285#I:390#A:24769#G:-37
#S:23517#R:285#I:390#A:26468#G:-39
#S:23488#R:283#I:390#A:25953#G:-41
#S:23444#R:283#I:390#A:23238#G:-42
#S:23405#R:286#I:390#A:24365#G:-43
#S:23353#R:282#I:390#A:22092#G:-45
#S:23325#R:281#I:390#A:26829#G:-45
#S:23273#R:284#I:345#A:23114#G:-51
#S:23230#R:281#I:345#A:25132#G:-52
#S:23181#R:281#I:345#A:24123#G:-53
#S:23136#R:281#I:345#A:25310#G:-55
#S:23084#R:279#I:345#A:24287#G:-58
#S:23018#R:278#I:345#A:22019#G:-60
#S:22955#R:280#I:345#A:22393#G:-60
#S:22887#R:281#I:345#A:21626#G:-61
#S:22845#R:277#I:345#A:26905#G:-62
#S:22780#R:275#I:345#A:23156#G:-66
#S:22722#R:277#I:345#A:24928#G:-69
#S:22653#R:272#I:345#A:22959#G:-70
#S:22589#R:272#I:345#A:24481#G:-73
#S:22526#R:272#I:345#A:24870#G:-74
#S:22441#R:270#I:345#A:21041#G:-77
#S:22364#R:270#I:315#A:22285#G:-76
#S:22278#R:271#I:315#A:20859#G:-78
#S:22213#R:268#I:315#A:24909#G:-78
#S:22129#R:268#I:315#A:22039#G:-83
#S:22051#R:267#I:315#A:23454#G:-85
#S:21963#R:265#I:315#A:21513#G:-85
#S:21882#R:263#I:315#A:23258#G:-87
#S:21803#R:263#I:315#A:23972#G:-89
#S:21704#R:258#I:345#A:20409#G:-92
#S:21615#R:259#I:345#A:21890#G:-90
#S:21513#R:261#I:345#A:19827#G:-93
#S:21437#R:257#I:345#A:24740#G:-92
#S:21342#R:256#I:345#A:21882#G:-97
#S:21253#R:256#I:345#A:23551#G:-100
#S:21149#R:253#I:345#A:20633#G:-101
#S:21054#R:251#I:345#A:22447#G:-101
#S:20956#R:251#I:345#A:22334#G:-104
#S:20836#R:248#I:345#A:18333#G:-107
#S:20732#R:249#I:345#A:21058#G:-105
#S:20616#R:249#I:345#A:19151#G:-108
#S:20519#R:246#I:345#A:22372#G:-106
#S:20409#R:245#I:345#A:20884#G:-112
#S:20304#R:243#I:345#A:22163#G:-114
#S:20187#R:242#I:345#A:20077#G:-116
#S:20076#R:240#I:315#A:20904#G:-115
#S:19963#R:238#I:315#A:20832#G:-117
#S:19845#R:238#I:315#A:20066#G:-119
#S:19731#R:235#I:315#A:20775#G:-119
#S:19608#R:234#I:315#A:19375#G:-121
#S:19497#R:233#I:315#A:21430#G:-120
#S:19376#R:232#I:315#A:20133#G:-124
#S:19253#R:229#I:315#A:20387#G:-128
#S:19126#R:229#I:345#A:19578#G:-129
#S:19003#R:231#I:345#A:20195#G:-128
#S:18875#R:225#I:345#A:19336#G:-130
#S:18741#R:224#I:345#A:18514#G:-132
#S:18600#R:222#I:345#A:17144#G:-133
#S:18467#R:221#I:345#A:18688#G:-134
#S:18331#R:222#I:345#A:17775#G:-133
#S:18198#R:217#I:345#A:18959#G:-136
#S:18064#R:213#I:345#A:19017#G:-138
#S:17928#R:214#I:345#A:19007#G:-141
#S:17796#R:213#I:345#A:19644#G:-141
#S:17653#R:209#I:345#A:17329#G:-141
#S:17518#R:208#I:345#A:18919#G:-142
#S:17366#R:205#I:345#A:15787#G:-144
#S:17232#R:205#I:345#A:19110#G:-143
#S:17090#R:205#I:345#A:17635#G:-144
#S:16949#R:201#I:345#A:17861#G:-145
#S:16812#R:199#I:345#A:19151#G:-148
#S:16658#R:197#I:345#A:16329#G:-152
#S:16522#R:196#I:345#A:19457#G:-150
#S:16365#R:193#I:345#A:15225#G:-151
#S:16221#R:196#I:345#A:17614#G:-151
#S:16053#R:193#I:345#A:13816#G:-156
#S:15911#R:187#I:135#A:17961#G:-152
#S:15756#R:187#I:135#A:16057#G:-156
#S:15604#R:182#I:135#A:16249#G:-155
#S:15445#R:179#I:135#A:15400#G:-158
#S:15278#R:180#I:135#A:14183#G:-161
#S:15124#R:179#I:135#A:16161#G:-159
#S:14961#R:175#I:135#A:14535#G:-160
#S:14801#R:172#I:135#A:14836#G:-160
#S:14624#R:174#I:135#A:12112#G:-164
#S:14465#R:170#I:135#A:14748#G:-160
#S:14306#R:169#I:135#A:15110#G:-163
#S:14149#R:166#I:135#A:15183#G:-162
#S:13980#R:162#I:135#A:13292#G:-165
#S:13812#R:162#I:135#A:13681#G:-167
#S:13645#R:161#I:135#A:13421#G:-165
#S:13493#R:156#I:135#A:16223#G:-165
#S:13321#R:156#I:-1440#A:12478#G:-167
#S:13150#R:154#I:-1440#A:12437#G:-167
#S:12979#R:151#I:-1440#A:12383#G:-168
#S:12812#R:149#I:-1440#A:13351#G:-169
#S:12644#R:146#I:-1440#A:12841#G:-168
#S:12471#R:144#I:-1440#A:11899#G:-170
#S:12292#R:142#I:-1440#A:10996#G:-172
#S:12119#R:144#I:-1440#A:11835#G:-171
#S:11953#R:137#I:-2655#A:13005#G:-171
#S:11780#R:135#I:-2655#A:11420#G:-171
#S:11600#R:136#I:-2655#A:10030#G:-172
#S:11415#R:132#I:-2655#A:9295#G:-174
#S:11243#R:131#I:-2655#A:11324#G:-172
#S:11066#R:132#I:-2655#A:10455#G:-173
#S:10896#R:129#I:-2655#A:11585#G:-173
#S:10714#R:123#I:-6015#A:9469#G:-175
#S:10539#R:122#I:-6015#A:10404#G:-174
#S:10368#R:122#I:-6015#A:10777#G:-173
#S:10195#R:117#I:-6015#A:10467#G:-174
#S:10019#R:115#I:-6015#A:9913#G:-175
#S:9837#R:114#I:-6015#A:8481#G:-175
#S:9663#R:111#I:-6015#A:9968#G:-175
#S:9486#R:110#I:-6015#A:9154#G:-175
#S:9314#R:109#I:-8010#A:10284#G:-176
#S:9130#R:104#I:-8010#A:8100#G:-178
#S:8946#R:103#I:-8010#A:7783#G:-178
#S:8772#R:105#I:-8010#A:8832#G:-174
#S:8591#R:100#I:-8010#A:7624#G:-176
#S:8416#R:97#I:-8010#A:8971#G:-177
#S:8237#R:96#I:-8010#A:7697#G:-176
#S:8059#R:93#I:-8010#A:8193#G:-178
#S:7878#R:93#I:-11475#A:7111#G:-177
#S:7703#R:91#I:-11475#A:7909#G:-176
#S:7521#R:87#I:-11475#A:6906#G:-178
#S:7342#R:85#I:-11475#A:7270#G:-178
#S:7168#R:85#I:-11475#A:7335#G:-174
#S:6986#R:80#I:-11475#A:5937#G:-176
#S:6814#R:82#I:-11475#A:7623#G:-176
#S:6626#R:76#I:-11475#A:4784#G:-178
#S:6439#R:73#I:-14805#A:4827#G:-178
#S:6260#R:72#I:-14805#A:5469#G:-175
#S:6078#R:70#I:-14805#A:4892#G:-176
#S:5903#R:67#I:-14805#A:5974#G:-175
#S:5731#R:65#I:-14805#A:6690#G:-176
#S:5547#R:66#I:-14805#A:4155#G:-177
#S:5366#R:63#I:-14805#A:4164#G:-174
#S:5194#R:61#I:-14805#A:5446#G:-173
#S:4997#R:-18#I:-13860#A:-4683#G:-148
#S:4825#R:-20#I:-13860#A:-516#G:-145
#S:4638#R:-20#I:-13860#A:-3348#G:-146
#S:4456#R:-23#I:-13860#A:-2462#G:-147
#S:4250#R:-23#I:-13860#A:-7306#G:-147
#S:4066#R:-23#I:-13860#A:-3998#G:-143
#S:3882#R:-26#I:-13860#A:-4623#G:-141
#S:3705#R:-29#I:-13860#A:-3581#G:-140
#S:3542#R:-27#I:-10305#A:-1457#G:-137
#S:3346#R:-31#I:-10305#A:-7107#G:-143
#S:3174#R:-35#I:-10305#A:-3770#G:-137
#S:2987#R:-35#I:-10305#A:-7278#G:-135
#S:2827#R:-39#I:-10305#A:-2741#G:-132
#S:2668#R:-39#I:-10305#A:-3030#G:-130
#S:2502#R:-39#I:-10305#A:-3701#G:-134
#S:2346#R:-42#I:-8250#A:-2858#G:-129
#S:2163#R:-44#I:-8250#A:-7484#G:-134
#S:2021#R:-42#I:-8250#A:-1639#G:-123
#S:1846#R:-47#I:-8250#A:-7359#G:-128
#S:1716#R:-50#I:-8250#A:663#G:-124
#S:1539#R:-48#I:-8250#A:-7753#G:-130
#S:1387#R:-49#I:-8250#A:-3808#G:-125
#S:1184#R:-51#I:-8250#A:-13827#G:-127
#S:1035#R:-52#I:-4110#A:-4838#G:-119
#S:866#R:-54#I:-4110#A:-8964#G:-119
#S:720#R:-57#I:-4110#A:-4333#G:-120
#S:569#R:-57#I:-4110#A:-5964#G:-118
#S:402#R:-56#I:-4110#A:-8758#G:-120
#S:233#R:-62#I:-4110#A:-10685#G:-114
#S:77#R:-61#I:-4110#A:-8317#G:-113
#S:-65#R:-62#I:-4110#A:-6913#G:-108
#S:-206#R:-64#I:3255#A:-6241#G:-111
#S:-334#R:-64#I:3255#A:-4230#G:-109
#S:-501#R:-65#I:3255#A:-11702#G:-111
#S:-645#R:-66#I:3255#A:-8559#G:-105
#S:-794#R:-68#I:3255#A:-9793#G:-104
#S:-919#R:-66#I:3255#A:-5919#G:-100
#S:-1049#R:-70#I:3255#A:-6781#G:-102
#S:-1164#R:-75#I:3255#A:-4340#G:-100
#S:-1317#R:-75#I:-2475#A:-11579#G:-102
#S:-1442#R:-77#I:-2475#A:-7502#G:-95
#S:-1581#R:-82#I:-2475#A:-10531#G:-95
#S:-1698#R:-78#I:-2475#A:-6980#G:-91
#S:-1820#R:-82#I:-2475#A:-7860#G:-92
#S:-1929#R:-80#I:-2475#A:-5416#G:-92
#S:-2057#R:-82#I:-2475#A:-9577#G:-91
#S:-2181#R:-83#I:-2475#A:-9730#G:-87
#S:-2298#R:-84#I:2220#A:-8669#G:-85
#S:-2421#R:-84#I:2220#A:-10221#G:-84
#S:-2526#R:-88#I:2220#A:-7250#G:-82
#S:-2635#R:-88#I:2220#A:-8055#G:-82
#S:-2745#R:-87#I:2220#A:-8551#G:-81
#S:-2862#R:-87#I:2220#A:-10678#G:-78
#S:-2969#R:-89#I:2220#A:-9487#G:-75
#S:-3085#R:-89#I:2220#A:-11443#G:-74
#S:-3181#R:-89#I:-1200#A:-8294#G:-71
#S:-3278#R:-91#I:-1200#A:-8714#G:-70
#S:-3370#R:-93#I:-1200#A:-7753#G:-70
#S:-3472#R:-93#I:-1200#A:-9964#G:-70
#S:-3565#R:-94#I:-1200#A:-9194#G:-65
#S:-3663#R:-95#I:-1200#A:-10561#G:-64
#S:-3746#R:-95#I:-1200#A:-8368#G:-60
#S:-3840#R:-96#I:-1200#A:-10722#G:-60
#S:-3918#R:-97#I:1800#A:-7865#G:-59
#S:-4004#R:-95#I:1800#A:-9534#G:-59
#S:-4105#R:-99#I:1800#A:-12949#G:-57
#S:-4182#R:-98#I:1800#A:-9297#G:-52
#S:-4273#R:-97#I:1800#A:-12301#G:-51
#S:-4342#R:-99#I:1800#A:-8713#G:-48
#S:-4415#R:-101#I:1800#A:-9757#G:-47
#S:-4480#R:-100#I:1800#A:-8062#G:-47
#S:-4563#R:-101#I:1050#A:-11887#G:-47
#S:-4637#R:-103#I:1050#A:-10855#G:-43
#S:-4713#R:-100#I:1050#A:-11993#G:-40
#S:-4779#R:-103#I:1050#A:-10395#G:-38
#S:-4841#R:-104#I:1050#A:-10037#G:-36
#S:-4900#R:-104#I:1050#A:-9465#G:-37
#S:-4960#R:-104#I:1050#A:-10130#G:-35
#S:-5033#R:-105#I:630#A:-13013#G:-33
#S:-5088#R:-102#I:630#A:-10398#G:-29
#S:-5149#R:-106#I:630#A:-11954#G:-27
#S:-5194#R:-104#I:630#A:-9249#G:-25
#S:-5242#R:-105#I:630#A:-9930#G:-25
#S:-5285#R:-108#I:630#A:-9259#G:-24
#S:-5338#R:-106#I:630#A:-11633#G:-22
#S:-5389#R:-107#I:630#A:-11673#G:-20
#S:-5437#R:-102#I:240#A:-11631#G:-17
#S:-5477#R:-107#I:240#A:-10540#G:-15
#S:-5512#R:-104#I:240#A:-9747#G:-14
#S:-5548#R:-105#I:240#A:-10197#G:-13
#S:-5584#R:-108#I:240#A:-10515#G:-12
#S:-5621#R:-105#I:240#A:-10830#G:-11
#S:-5664#R:-105#I:240#A:-12631#G:-8
#S:-5699#R:-106#I:240#A:-11828#G:-5
#S:-5726#R:-108#I:345#A:-10564#G:-3
#S:-5749#R:-106#I:345#A:-10054#G:-2
#S:-5768#R:-107#I:345#A:-9584#G:0
#S:-5791#R:-107#I:345#A:-10528#G:0
#S:-5821#R:-106#I:345#A:-11838#G:0
#S:-5848#R:-106#I:345#A:-11927#G:3
#S:-5877#R:-105#I:345#A:-12841#G:5
#S:-5890#R:-106#I:345#A:-10129#G:8
#S:-5909#R:-107#I:345#A:-11282#G:8
#S:-5914#R:-107#I:345#A:-8978#G:10
#S:-5934#R:-105#I:345#A:-11885#G:9
#S:-5941#R:-106#I:345#A:-9752#G:12
#S:-5956#R:-108#I:345#A:-11619#G:13
#S:-5961#R:-105#I:345#A:-9981#G:15
#S:-5968#R:-106#I:345#A:-10636#G:16
#S:-5968#R:-105#I:345#A:-9504#G:17
#S:-5968#R:-104#I:345#A:-9599#G:18
#S:-5973#R:-106#I:345#A:-10940#G:19
#S:-5973#R:-106#I:345#A:-10269#G:21
#S:-5977#R:-102#I:345#A:-11017#G:21
#S:-5973#R:-106#I:345#A:-9868#G:23
#S:-5971#R:-105#I:345#A:-10531#G:24
#S:-5957#R:-103#I:345#A:-8188#G:25
#S:-5957#R:-104#I:345#A:-10842#G:24
#S:-5949#R:-104#I:345#A:-9922#G:27
#S:-5947#R:-103#I:345#A:-11304#G:28
#S:-5935#R:-103#I:345#A:-9350#G:29
#S:-5930#R:-103#I:345#A:-10959#G:30
#S:-5914#R:-103#I:345#A:-9094#G:31
#S:-5906#R:-101#I:345#A:-10552#G:31
#S:-5890#R:-104#I:345#A:-9061#G:31
#S:-5878#R:-101#I:345#A:-10096#G:33
#S:-5864#R:-99#I:345#A:-9978#G:34
#S:-5845#R:-101#I:345#A:-9413#G:36
#S:-5834#R:-99#I:345#A:-10902#G:36
#S:-5813#R:-98#I:345#A:-9375#G:38
#S:-5792#R:-97#I:345#A:-9513#G:39
#S:-5765#R:-99#I:345#A:-8536#G:40
#S:-5744#R:-92#I:345#A:-9578#G:40
#S:-5717#R:-97#I:345#A:-8690#G:41
#S:-5700#R:-95#I:345#A:-10732#G:42
#S:-5676#R:-99#I:345#A:-9597#G:43
#S:-5654#R:-97#I:345#A:-10050#G:44
#S:-5626#R:-95#I:345#A:-9064#G:45
#S:-5597#R:-94#I:345#A:-9121#G:46
#S:-5562#R:-94#I:345#A:-8141#G:47
#S:-5530#R:-95#I:345#A:-8551#G:47
#S:-5503#R:-91#I:345#A:-9494#G:47
#S:-5470#R:-93#I:345#A:-8852#G:49
#S:-5447#R:-91#I:345#A:-10792#G:49
#S:-5411#R:-90#I:345#A:-8553#G:51
#S:-5381#R:-92#I:345#A:-9674#G:51
#S:-5345#R:-90#I:345#A:-8730#G:53
#S:-5303#R:-86#I:345#A:-7859#G:54
#S:-5265#R:-87#I:345#A:-8563#G:54
#S:-5222#R:-86#I:315#A:-7691#G:55
#S:-5182#R:-86#I:315#A:-8279#G:55
#S:-5145#R:-86#I:315#A:-8741#G:55
#S:-5110#R:-86#I:315#A:-9601#G:57
#S:-5071#R:-85#I:315#A:-8932#G:58
#S:-5029#R:-85#I:315#A:-8579#G:59
#S:-4985#R:-83#I:315#A:-8176#G:60
#S:-4937#R:-87#I:315#A:-7545#G:61
#S:-4889#R:-81#I:315#A:-7563#G:61
#S:-4843#R:-83#I:315#A:-8015#G:61
#S:-4799#R:-81#I:315#A:-8536#G:62
#S:-4755#R:-77#I:315#A:-8695#G:63
#S:-4710#R:-79#I:315#A:-8510#G:64
#S:-4661#R:-79#I:315#A:-7870#G:65
#S:-4610#R:-74#I:315#A:-7687#G:66
#S:-4555#R:-71#I:345#A:-7036#G:67
#S:-4506#R:-76#I:345#A:-7972#G:66
#S:-4451#R:-74#I:345#A:-6994#G:67
#S:-4399#R:-74#I:345#A:-7409#G:67
#S:-4346#R:-75#I:345#A:-7384#G:68
#S:-4296#R:-69#I:345#A:-8032#G:68
#S:-4247#R:-68#I:345#A:-8285#G:69
#S:-4189#R:-68#I:345#A:-6907#G:71
#S:-4136#R:-67#I:315#A:-7855#G:71
#S:-4075#R:-65#I:315#A:-6321#G:72
#S:-4018#R:-66#I:315#A:-7104#G:72
#S:-3956#R:-64#I:315#A:-6229#G:73
#S:-3898#R:-65#I:315#A:-7018#G:73
#S:-3835#R:-63#I:315#A:-5989#G:73
#S:-3774#R:-61#I:315#A:-6451#G:74
#S:-3718#R:-63#I:315#A:-7398#G:74
#S:-3655#R:-61#I:345#A:-6124#G:75
#S:-3599#R:-58#I:345#A:-7472#G:75
#S:-3535#R:-58#I:345#A:-5965#G:76
#S:-3471#R:-58#I:345#A:-6170#G:77
#S:-3406#R:-56#I:345#A:-5979#G:77
#S:-3340#R:-55#I:345#A:-5725#G:77
#S:-3280#R:-55#I:345#A:-6672#G:77
#S:-3213#R:-54#I:345#A:-5458#G:78
#S:-3153#R:-54#I:345#A:-6858#G:78
#S:-3085#R:-52#I:345#A:-5520#G:80
#S:-3019#R:-51#I:345#A:-5950#G:80
#S:-2947#R:-49#I:345#A:-4551#G:80
#S:-2879#R:-49#I:345#A:-5346#G:80
#S:-2809#R:-48#I:345#A:-4842#G:80
#S:-2740#R:-44#I:345#A:-5284#G:81
#S:-2671#R:-47#I:345#A:-5147#G:81
#S:-2599#R:-46#I:345#A:-4722#G:82
#S:-2529#R:-46#I:345#A:-4929#G:82
#S:-2458#R:-43#I:345#A:-4898#G:83
#S:-2380#R:-43#I:345#A:-3494#G:83
#S:-2305#R:-41#I:345#A:-4028#G:83
#S:-2230#R:-42#I:345#A:-3984#G:83
#S:-2154#R:-40#I:345#A:-3862#G:84
#S:-2086#R:-39#I:345#A:-5221#G:83
#S:-2010#R:-40#I:345#A:-3936#G:85
#S:-1935#R:-37#I:345#A:-3789#G:84
#S:-1862#R:-37#I:345#A:-4093#G:84
#S:-1791#R:-37#I:345#A:-4548#G:84
#S:-1713#R:-36#I:345#A:-3135#G:85
#S:-1640#R:-31#I:345#A:-4000#G:84
#S:-1562#R:-33#I:345#A:-3051#G:85
#S:-1490#R:-33#I:345#A:-4077#G:85
#S:-1415#R:-27#I:345#A:-3473#G:85
#S:-1338#R:-29#I:345#A:-3227#G:86
#S:-1260#R:-27#I:345#A:-2923#G:86
#S:-1182#R:-25#I:345#A:-2923#G:86
#S:-1106#R:-25#I:345#A:-2972#G:85
#S:-1032#R:-25#I:345#A:-3612#G:86
#S:-953#R:-24#I:345#A:-2671#G:87
#S:-877#R:-20#I:345#A:-3055#G:86
#S:-797#R:-23#I:345#A:-2224#G:87
#S:-723#R:-20#I:345#A:-3171#G:86
#S:-640#R:-20#I:345#A:-1502#G:87
#S:-566#R:-18#I:345#A:-3328#G:87
#S:-484#R:-18#I:345#A:-1516#G:87
#S:-405#R:-15#I:345#A:-2018#G:87
#S:-328#R:-17#I:345#A:-2130#G:86
#S:-251#R:-15#I:315#A:-2376#G:87
#S:-174#R:-12#I:315#A:-2237#G:87
#S:-96#R:-14#I:315#A:-1892#G:87
#S:-16#R:-15#I:315#A:-1471#G:87
#S:62#R:-11#I:315#A:-1363#G:86
#S:141#R:-9#I:315#A:-1059#G:86
#S:216#R:-9#I:315#A:-1896#G:86
#S:291#R:-5#I:315#A:-1772#G:86
#S:369#R:-7#I:345#A:-1345#G:87
#S:445#R:-6#I:345#A:-1364#G:86
#S:521#R:-3#I:345#A:-1334#G:86
#S:598#R:-3#I:345#A:-1102#G:86
#S:673#R:-3#I:345#A:-1508#G:86
#S:751#R:-1#I:345#A:-940#G:87
#S:832#R:-2#I:345#A:-165#G:87
#S:911#R:-1#I:345#A:-278#G:85
#S:994#R:2#I:390#A:660#G:85
#S:1064#R:1#I:390#A:-1562#G:84
#S:1143#R:1#I:390#A:48#G:85
#S:1210#R:4#I:390#A:-1991#G:84
#S:1291#R:7#I:390#A:574#G:85
#S:1365#R:5#I:390#A:-451#G:84
#S:1444#R:9#I:390#A:594#G:84
#S:1517#R:9#I:390#A:-345#G:83
#S:1594#R:8#I:345#A:301#G:84
#S:1668#R:10#I:345#A:-27#G:83
#S:1745#R:12#I:345#A:613#G:83
#S:1821#R:9#I:345#A:689#G:82
#S:1896#R:12#I:345#A:657#G:82
#S:1968#R:14#I:345#A:-14#G:82
#S:2043#R:14#I:345#A:660#G:82
#S:2120#R:15#I:315#A:1231#G:82
#S:2194#R:16#I:315#A:1090#G:80
#S:2268#R:18#I:315#A:1225#G:80
#S:2336#R:17#I:315#A:34#G:80
#S:2411#R:20#I:315#A:1494#G:80
#S:2479#R:19#I:315#A:371#G:79
#S:2557#R:20#I:315#A:2406#G:79
#S:2627#R:23#I:315#A:1174#G:78
#S:2705#R:23#I:315#A:2834#G:78
#S:2773#R:21#I:315#A:1129#G:77
#S:2842#R:25#I:315#A:1384#G:77
#S:2915#R:25#I:315#A:2146#G:77
#S:2986#R:26#I:315#A:1994#G:76
#S:3057#R:31#I:315#A:2325#G:75
#S:3124#R:28#I:315#A:1662#G:75
#S:3191#R:30#I:315#A:1925#G:74
#S:3257#R:33#I:345#A:1824#G:74
#S:3324#R:31#I:345#A:2253#G:73
#S:3392#R:32#I:345#A:2564#G:73
#S:3460#R:33#I:345#A:2763#G:72
#S:3528#R:34#I:345#A:3057#G:71
#S:3592#R:33#I:345#A:2212#G:71
#S:3658#R:37#I:345#A:2840#G:71
#S:3721#R:37#I:345#A:2487#G:70
#S:3787#R:36#I:345#A:3269#G:69
#S:3849#R:39#I:345#A:2484#G:69
#S:3914#R:38#I:345#A:3466#G:68
#S:3973#R:39#I:345#A:2310#G:68
#S:4039#R:40#I:345#A:3706#G:68
#S:4103#R:43#I:345#A:3811#G:66
#S:4162#R:42#I:345#A:3113#G:65
#S:4224#R:42#I:345#A:3744#G:65
#S:4283#R:43#I:345#A:3326#G:64
#S:4337#R:43#I:345#A:2656#G:63
#S:4395#R:43#I:345#A:3329#G:64
#S:4457#R:45#I:345#A:4258#G:63
#S:4513#R:46#I:345#A:3561#G:61
#S:4569#R:45#I:345#A:3722#G:61
#S:4621#R:50#I:345#A:3175#G:60
#S:4675#R:46#I:345#A:3764#G:59
#S:4727#R:47#I:345#A:3369#G:59
#S:4781#R:50#I:345#A:4125#G:58
#S:4834#R:48#I:345#A:4166#G:57
#S:4886#R:52#I:345#A:4244#G:56
#S:4936#R:53#I:345#A:4020#G:55
#S:4983#R:53#I:345#A:3723#G:54
#S:5033#R:52#I:345#A:4343#G:54
#S:5080#R:56#I:315#A:3731#G:54
#S:5132#R:52#I:315#A:4754#G:54
#S:5180#R:54#I:315#A:4435#G:52
#S:5228#R:59#I:315#A:4652#G:51
#S:5273#R:55#I:315#A:4452#G:50
#S:5318#R:57#I:315#A:4342#G:50
#S:5363#R:59#I:315#A:4694#G:49
#S:5406#R:60#I:315#A:4512#G:48
#S:5448#R:59#I:315#A:4498#G:47
#S:5493#R:61#I:315#A:5186#G:47
#S:5530#R:65#I:315#A:4017#G:45
#S:5572#R:60#I:315#A:5087#G:45
#S:5613#R:61#I:315#A:4916#G:45
#S:5656#R:63#I:315#A:5468#G:44
#S:5697#R:62#I:315#A:5404#G:43
#S:5732#R:63#I:315#A:4720#G:41
#S:5773#R:64#I:315#A:5954#G:41
#S:5805#R:65#I:315#A:4456#G:39
#S:5842#R:65#I:315#A:5636#G:39
#S:5874#R:67#I:315#A:4765#G:38
#S:5910#R:68#I:315#A:5835#G:37
#S:5942#R:65#I:315#A:5196#G:36
#S:5977#R:68#I:315#A:5977#G:35
#S:6006#R:67#I:315#A:5118#G:34
#S:6039#R:68#I:345#A:5899#G:34
#S:6066#R:69#I:345#A:5269#G:32
#S:6095#R:67#I:345#A:5696#G:32
#S:6124#R:66#I:345#A:5796#G:31
#S:6151#R:71#I:345#A:5647#G:30
#S:6175#R:68#I:345#A:5261#G:29
#S:6200#R:68#I:345#A:5730#G:28
#S:6223#R:70#I:345#A:5407#G:28
#S:6246#R:66#I:315#A:5796#G:26
#S:6270#R:68#I:315#A:5968#G:26
#S:6289#R:69#I:315#A:5490#G:24
#S:6311#R:69#I:315#A:5932#G:24
#S:6329#R:69#I:315#A:5553#G:22
#S:6346#R:71#I:315#A:5538#G:22
#S:6362#R:71#I:315#A:5510#G:21
#S:6379#R:69#I:315#A:5945#G:20
#S:6396#R:72#I:345#A:6098#G:19
#S:6411#R:70#I:345#A:5841#G:18
#S:6424#R:71#I:345#A:5780#G:17
#S:6438#R:69#I:345#A:5871#G:17
#S:6452#R:72#I:345#A:6191#G:16
#S:6462#R:71#I:345#A:5610#G:15
#S:6477#R:72#I:345#A:6746#G:14
#S:6486#R:73#I:315#A:5934#G:12
#S:6495#R:71#I:315#A:6175#G:11
#S:6500#R:74#I:315#A:5685#G:10
#S:6508#R:75#I:315#A:6146#G:10
#S:6514#R:73#I:315#A:5994#G:9
#S:6520#R:73#I:315#A:6184#G:8
#S:6526#R:73#I:315#A:6399#G:7
#S:6529#R:73#I:315#A:6042#G:6
#S:6531#R:72#I:345#A:6012#G:5
#S:6534#R:74#I:345#A:6434#G:4
#S:6534#R:73#I:345#A:5909#G:4
#S:6537#R:72#I:345#A:6594#G:3
#S:6536#R:74#I:345#A:6056#G:2
#S:6536#R:73#I:345#A:6421#G:1
#S:6532#R:73#I:345#A:5876#G:0
#S:6529#R:75#I:345#A:6113#G:0
#S:6521#R:72#I:315#A:5281#G:-1
#S:6518#R:73#I:315#A:6318#G:-1
#S:6510#R:75#I:315#A:5382#G:-2
#S:6503#R:72#I:315#A:5822#G:-3
#S:6495#R:72#I:315#A:5832#G:-4
#S:6485#R:73#I:315#A:5669#G:-5
#S:6475#R:74#I:315#A:5662#G:-5
#S:6466#R:73#I:315#A:5963#G:-6
#S:6454#R:74#I:345#A:5624#G:-7
#S:6445#R:74#I:345#A:6072#G:-7
#S:6434#R:72#I:345#A:5947#G:-8
#S:6421#R:73#I:345#A:5502#G:-8
#S:6410#R:73#I:345#A:5893#G:-8
#S:6397#R:72#I:345#A:5662#G:-9
#S:6384#R:72#I:345#A:5681#G:-9
#S:6369#R:74#I:345#A:5450#G:-10
#S:6357#R:73#I:345#A:6068#G:-10
#S:6340#R:72#I:345#A:5308#G:-11
#S:6326#R:74#I:345#A:5833#G:-11
#S:6313#R:71#I:345#A:5999#G:-11
#S:6297#R:73#I:345#A:5481#G:-11
#S:6283#R:74#I:345#A:5742#G:-11
#S:6266#R:72#I:345#A:5467#G:-12
#S:6248#R:69#I:345#A:5228#G:-12
#S:6231#R:72#I:345#A:5400#G:-12
#S:6215#R:70#I:345#A:5503#G:-12
#S:6198#R:71#I:345#A:5488#G:-13
#S:6182#R:73#I:345#A:5621#G:-13
#S:6163#R:69#I:345#A:5125#G:-13
#S:6145#R:71#I:345#A:5261#G:-13
#S:6128#R:72#I:345#A:5368#G:-13
#S:6111#R:72#I:345#A:5534#G:-14
#S:6095#R:69#I:345#A:5763#G:-14
#S:6073#R:73#I:345#A:4655#G:-14
#S:6054#R:67#I:345#A:5113#G:-14
#S:6034#R:67#I:345#A:4890#G:-14
#S:6015#R:71#I:345#A:5058#G:-14
#S:5997#R:70#I:345#A:5349#G:-14
#S:5978#R:70#I:345#A:5094#G:-14
#S:5959#R:68#I:345#A:5004#G:-14
#S:5938#R:69#I:345#A:4926#G:-15
#S:5916#R:69#I:345#A:4635#G:-15
#S:5898#R:69#I:345#A:5379#G:-15
#S:5876#R:69#I:345#A:4689#G:-16
#S:5856#R:67#I:345#A:4982#G:-15
#S:5833#R:68#I:345#A:4460#G:-16
#S:5813#R:69#I:345#A:4897#G:-15
#S:5792#R:67#I:345#A:4746#G:-15
#S:5774#R:68#I:345#A:5390#G:-16
#S:5756#R:68#I:345#A:5432#G:-16
#S:5735#R:67#I:345#A:4838#G:-16
#S:5713#R:67#I:345#A:4526#G:-16
#S:5691#R:69#I:345#A:4610#G:-16
#S:5666#R:66#I:345#A:4062#G:-16
#S:5647#R:66#I:345#A:5236#G:-16
#S:5628#R:67#I:345#A:5147#G:-16
#S:5606#R:66#I:345#A:4625#G:-17
#S:5586#R:65#I:345#A:4953#G:-16
#S:5565#R:68#I:345#A:4929#G:-17
#S:5544#R:65#I:345#A:4894#G:-17
#S:5523#R:64#I:345#A:4659#G:-16
#S:5507#R:67#I:345#A:5587#G:-16
#S:5485#R:66#I:345#A:4575#G:-17
#S:5465#R:66#I:345#A:4880#G:-17
#S:5445#R:64#I:345#A:4903#G:-17
#S:5424#R:64#I:345#A:4785#G:-17
#S:5403#R:65#I:345#A:4700#G:-17
#S:5383#R:65#I:345#A:4823#G:-17
#S:5364#R:62#I:345#A:4989#G:-17
#S:5341#R:63#I:345#A:4432#G:-18
#S:5320#R:65#I:345#A:4571#G:-17
#S:5297#R:64#I:345#A:4434#G:-18
#S:5273#R:60#I:345#A:4242#G:-18
#S:5249#R:62#I:345#A:3954#G:-17
#S:5227#R:63#I:345#A:4499#G:-18
#S:5206#R:64#I:345#A:4689#G:-18
#S:5183#R:61#I:345#A:4240#G:-18
#S:5165#R:63#I:345#A:5038#G:-17
#S:5142#R:62#I:315#A:4172#G:-18
#S:5122#R:61#I:315#A:4738#G:-18
#S:5101#R:60#I:315#A:4619#G:-18
