#Speed
0.000000,0
72.500000,168
102.500000,236
120.000000,724
172.500000,1050
202.500000,1645
227.500000,557
247.500000,1045
267.500000,1239
287.500000,1385
305.000000,1502
320.000000,1611
337.500000,1706
352.500000,1790
367.500000,1862
382.500000,1928
397.500000,1988
410.000000,2044
425.000000,2085
440.000000,2121
452.500000,2150
465.000000,2177
480.000000,2197
492.500000,2218
505.000000,2236
520.000000,2253
532.500000,2267
545.000000,2282
557.500000,2294
570.000000,2308
585.000000,2319
597.500000,2329
610.000000,2338
622.500000,2348
635.000000,2357
647.500000,2368
660.000000,2375
672.500000,2384
685.000000,2390
697.500000,2398
710.000000,2403
722.500000,2409
735.000000,2413
747.500000,2418
760.000000,2423
772.500000,2428
785.000000,2431
795.000000,2436
807.500000,2439
820.000000,2443
832.500000,2445
845.000000,2449
857.500000,2450
870.000000,2454
882.500000,2456
895.000000,2460
905.000000,2462
917.500000,2465
930.000000,2465
942.500000,2468
955.000000,2469
967.500000,2472
980.000000,2472
990.000000,2476
1002.500000,2476
1015.000000,2478
1027.500000,2478
1040.000000,2481
1052.500000,2480
1062.500000,2483
1075.000000,2483
1087.500000,2485
1100.000000,2485
1112.500000,2487
1122.500000,2488
1135.000000,2490
1147.500000,2490
1160.000000,2492
1172.500000,2491
1185.000000,2494
1195.000000,2493
1207.500000,2495
1220.000000,2494
1232.500000,2495
1245.000000,2494
1255.000000,2495
1267.500000,2495
1280.000000,2497
1292.500000,2497
1305.000000,2500
1315.000000,2499
1327.500000,2500
1340.000000,2499
1352.500000,2500
1365.000000,2499
1375.000000,2502
1387.500000,2501
1400.000000,2503
1412.500000,2503
1425.000000,2504
1435.000000,2503
1447.500000,2504
1460.000000,2502
1472.500000,2504
1485.000000,2502
1495.000000,2504
1507.500000,2503
1520.000000,2504
1532.500000,2502
1545.000000,2503
1555.000000,2502
1567.500000,2505
1580.000000,2503
1592.500000,2504
1605.000000,2502
1615.000000,2504
1627.500000,2504
1640.000000,2505
1652.500000,2504
1662.500000,2505
1675.000000,2504
1687.500000,2505
1700.000000,2504
1712.500000,2505
1722.500000,2503
1735.000000,2505
1747.500000,2503
1760.000000,2505
1772.500000,2503
1782.500000,2505
1795.000000,2504
1807.500000,2505
1820.000000,2504
1832.500000,2505
1842.500000,2504
1855.000000,2505
1867.500000,2504
1880.000000,2505
1892.500000,2504
1902.500000,2505
1915.000000,2505
1927.500000,2505
1940.000000,2504
1950.000000,2505
1962.500000,2504
1975.000000,2506
1987.500000,2505
2000.000000,2505
2010.000000,2505
2022.500000,2506
2035.000000,2504
2047.500000,2505
2060.000000,2505
2070.000000,2506
2082.500000,2505
2095.000000,2505
2107.500000,2504
2120.000000,2505
2130.000000,2504
2142.500000,2505
2155.000000,2505
2167.500000,2506
2180.000000,2505
2190.000000,2506
2202.500000,2505
2215.000000,2506
2227.500000,2505
2237.500000,2506
2250.000000,2505
2262.500000,2506
2275.000000,2506
2287.500000,2508
2297.500000,2507
2310.000000,2508
2322.500000,2506
2335.000000,2509
2347.500000,2507
2357.500000,2509
2370.000000,2508
2382.500000,2509
2395.000000,2508
2405.000000,2509
2417.500000,2509
2430.000000,2510
2442.500000,2507
2455.000000,2508
2465.000000,2506
2477.500000,2509
2490.000000,2507
2502.500000,2509
2512.500000,2507
2522.500000,2509
2532.500000,2557
2540.000000,2951
2547.500000,3333
2555.000000,3639
2562.500000,3886
2570.000000,4098
2577.500000,4271
2582.500000,4430
2590.000000,4556
2595.000000,4684
2602.500000,4777
2607.500000,4876
2612.500000,4947
2620.000000,5026
2625.000000,5081
2630.000000,5144
2635.000000,5186
2642.500000,5241
2647.500000,5274
2652.500000,5319
2657.500000,5341
2665.000000,5380
2670.000000,5395
2675.000000,5426
2680.000000,5442
2685.000000,5470
2692.500000,5478
2697.500000,5502
2702.500000,5510
2707.500000,5530
2712.500000,5535
2717.500000,5555
2725.000000,5555
2730.000000,5572
2735.000000,5572
2740.000000,5588
2745.000000,5588
2750.000000,5601
2755.000000,5601
2762.500000,5613
2767.500000,5613
2772.500000,5626
2777.500000,5622
2782.500000,5634
2787.500000,5630
2792.500000,5639
2800.000000,5639
2805.000000,5647
2810.000000,5643
2815.000000,5651
2820.000000,5651
2825.000000,5660
2830.000000,5651
2835.000000,5660
2840.000000,5656
2847.500000,5664
2852.500000,5660
2857.500000,5668
2862.500000,5660
2867.500000,5668
2872.500000,5660
2877.500000,5668
2882.500000,5664
2890.000000,5668
2895.000000,5664
2900.000000,5673
2905.000000,5664
2910.000000,5673
2915.000000,5664
2920.000000,5673
2925.000000,5668
2930.000000,5673
2937.500000,5668
2942.500000,5673
2947.500000,5664
2952.500000,5673
2957.500000,5664
2962.500000,5673
2967.500000,5664
2972.500000,5673
2980.000000,5668
2985.000000,5673
2990.000000,5664
2995.000000,5673
3000.000000,5664
3005.000000,5673
3010.000000,5668
3015.000000,5673
3020.000000,5664
3027.500000,5673
3032.500000,5664
3037.500000,5673
3042.500000,5664
3047.500000,5673
3052.500000,5668
3057.500000,5673
3062.500000,5668
3070.000000,5673
3075.000000,5668
3080.000000,5673
3085.000000,5668
3090.000000,5673
3095.000000,5668
3100.000000,5673
3105.000000,5668
3110.000000,5673
3117.500000,5664
3122.500000,5673
3127.500000,5664
3132.500000,5673
3137.500000,5664
3142.500000,5673
3147.500000,5664
3152.500000,5673
3160.000000,5664
3165.000000,5673
3170.000000,5664
3175.000000,5673
3180.000000,5668
3185.000000,5673
3190.000000,5668
3195.000000,5673
3202.500000,5668
3207.500000,5673
3212.500000,5664
3217.500000,5673
3222.500000,5664
3227.500000,5673
3232.500000,5664
3237.500000,5673
3242.500000,5668
3250.000000,5673
3255.000000,5668
3260.000000,5677
3265.000000,5668
3270.000000,5673
3275.000000,5668
3280.000000,5673
3285.000000,5668
3290.000000,5673
3297.500000,5668
3302.500000,5673
3307.500000,5668
3312.500000,5673
3317.500000,5668
3322.500000,5673
3327.500000,5664
3332.500000,5673
3340.000000,5668
3345.000000,5673
3350.000000,5668
3355.000000,5673
3360.000000,5668
3365.000000,5673
3370.000000,5664
3375.000000,5673
3380.000000,5664
3387.500000,5673
3392.500000,5668
3397.500000,5673
3402.500000,5668
3407.500000,5673
3412.500000,5664
3417.500000,5673
3422.500000,5664
3430.000000,5673
3435.000000,5664
3440.000000,5673
3445.000000,5664
3450.000000,5668
3455.000000,5664
3460.000000,5673
3465.000000,5664
3470.000000,5673
3477.500000,5664
3482.500000,5673
3487.500000,5664
3492.500000,5673
3497.500000,5664
3502.500000,5673
3507.500000,5664
3512.500000,5673
3520.000000,5668
3525.000000,5673
3530.000000,5664
3535.000000,5673
3540.000000,5664
3545.000000,5673
3550.000000,5664
3555.000000,5673
3562.500000,5664
3567.500000,5673
3572.500000,5664
3577.500000,5673
3582.500000,5668
3587.500000,5673
3592.500000,5664
3597.500000,5673
3602.500000,5664
3610.000000,5673
3615.000000,5668
3620.000000,5673
3625.000000,5668
3630.000000,5673
3635.000000,5668
3640.000000,5673
3645.000000,5668
3650.000000,5673
3657.500000,5668
3662.500000,5673
3667.500000,5668
3672.500000,5673
3677.500000,5664
3682.500000,5673
3687.500000,5668
3692.500000,5673
3700.000000,5668
3705.000000,5673
3710.000000,5668
3715.000000,5673
3720.000000,5664
3725.000000,5673
3730.000000,5664
3735.000000,5673
3742.500000,5664
3747.500000,5673
3752.500000,5664
3757.500000,5673
3762.500000,5664
3767.500000,5673
3772.500000,5664
3777.500000,5673
3782.500000,5668
3790.000000,5673
3795.000000,5668
3800.000000,5673
3805.000000,5668
3810.000000,5673
3815.000000,5664
3820.000000,5668
3825.000000,5664
3832.500000,5673
3837.500000,5664
3842.500000,5673
3847.500000,5664
3852.500000,5673
3857.500000,5664
3862.500000,5668
3867.500000,5664
3872.500000,5668
3880.000000,5660
3885.000000,5668
3890.000000,5664
3895.000000,5668
3900.000000,5664
3905.000000,5668
3910.000000,5664
3915.000000,5668
3922.500000,5664
3927.500000,5668
3932.500000,5664
3937.500000,5668
3942.500000,5664
3947.500000,5668
3952.500000,5664
3957.500000,5668
3962.500000,5664
3970.000000,5668
3975.000000,5664
3980.000000,5668
3985.000000,5664
3990.000000,5668
3995.000000,5664
4000.000000,5668
4005.000000,5664
4012.500000,5668
4017.500000,5664
4022.500000,5673
4027.500000,5664
4032.500000,5673
4037.500000,5668
4042.500000,5673
4047.500000,5668
4052.500000,5673
4060.000000,5668
4065.000000,5673
4070.000000,5668
4075.000000,5673
4080.000000,5668
4085.000000,5677
4090.000000,5668
4095.000000,5673
4102.500000,5668
4107.500000,5673
4112.500000,5668
4117.500000,5673
4122.500000,5664
4127.500000,5668
4132.500000,5664
4137.500000,5668
4142.500000,5664
4150.000000,5668
4155.000000,5664
4160.000000,5668
4165.000000,5664
4170.000000,5673
4175.000000,5664
4180.000000,5673
4185.000000,5664
4192.500000,5673
4197.500000,5664
4202.500000,5673
4207.500000,5664
4212.500000,5673
4217.500000,5664
4222.500000,5673
4227.500000,5664
4232.500000,5673
4240.000000,5668
4245.000000,5673
4250.000000,5668
4255.000000,5673
4260.000000,5668
4265.000000,5673
4270.000000,5668
4275.000000,5673
4282.500000,5664
4287.500000,5673
4292.500000,5664
4297.500000,5673
4302.500000,5668
4307.500000,5673
4312.500000,5664
4317.500000,5673
4322.500000,5664
4330.000000,5673
4335.000000,5668
4340.000000,5673
4345.000000,5668
4350.000000,5673
4355.000000,5664
4360.000000,5673
4365.000000,5664
4372.500000,5668
4377.500000,5664
4382.500000,5673
4387.500000,5664
4392.500000,5673
4397.500000,5664
4402.500000,5673
4407.500000,5664
4412.500000,5673
4420.000000,5664
4425.000000,5673
4430.000000,5664
4435.000000,5673
4440.000000,5664
4445.000000,5673
4450.000000,5668
4455.000000,5673
4462.500000,5668
4467.500000,5673
4472.500000,5668
4477.500000,5673
4482.500000,5668
4487.500000,5677
4492.500000,5668
4497.500000,5673
4502.500000,5668
4510.000000,5673
4515.000000,5668
4520.000000,5673
4525.000000,5605
4530.000000,5530
4537.500000,5438
4542.500000,5364
4547.500000,5277
4555.000000,5211
4560.000000,5126
4567.500000,5060
4572.500000,4976
4580.000000,4914
4585.000000,4835
4592.500000,4774
4597.500000,4699
4605.000000,4641
4612.500000,4567
4617.500000,4512
4625.000000,4440
4632.500000,4388
4640.000000,4320
4647.500000,4271
4655.000000,4206
4662.500000,4157
4670.000000,4096
4677.500000,4049
4685.000000,3991
4692.500000,3947
4700.000000,3892
4707.500000,3848
4715.000000,3799
4725.000000,3755
4732.500000,3709
4740.000000,3667
4750.000000,3624
4757.500000,3583
4767.500000,3544
4775.000000,3506
4785.000000,3467
4792.500000,3432
4802.500000,3395
4812.500000,3363
4820.000000,3327
4830.000000,3296
4840.000000,3263
4847.500000,3235
4857.500000,3203
4867.500000,3176
4877.500000,3147
4887.500000,3122
4897.500000,3094
4907.500000,3071
4917.500000,3045
4927.500000,3022
4937.500000,3000
4947.500000,2978
4957.500000,2957
4967.500000,2937
4977.500000,2918
4990.000000,2900
5000.000000,2881
5010.000000,2865
5020.000000,2847
5032.500000,2833
5042.500000,2816
5052.500000,2802
5065.000000,2787
5075.000000,2774
5085.000000,2759
5097.500000,2749
5107.500000,2735
5120.000000,2725
5130.000000,2713
5140.000000,2704
5152.500000,2693
5162.500000,2686
5175.000000,2676
5187.500000,2668
5197.500000,2658
5210.000000,2652
5220.000000,2643
5232.500000,2637
5242.500000,2629
5255.000000,2625
5267.500000,2618
5277.500000,2614
5290.000000,2607
5300.000000,2603
5312.500000,2596
5325.000000,2594
5335.000000,2588
5347.500000,2586
5360.000000,2580
5370.000000,2579
5382.500000,2574
5395.000000,2572
5405.000000,2567
5417.500000,2565
5430.000000,2560
5440.000000,2559
5452.500000,2555
5465.000000,2554
5477.500000,2551
5487.500000,2549
5500.000000,2544
5512.500000,2544
5522.500000,2541
5535.000000,2541
5547.500000,2538
5560.000000,2538
5570.000000,2533
5582.500000,2533
5595.000000,2531
5607.500000,2531
5617.500000,2528
5630.000000,2528
5642.500000,2526
5655.000000,2526
5665.000000,2524
5677.500000,2524
5690.000000,2522
5702.500000,2523
5712.500000,2521
5725.000000,2521
5737.500000,2519
5750.000000,2520
5760.000000,2518
5772.500000,2518
5785.000000,2516
5797.500000,2517
5810.000000,2515
5820.000000,2515
5832.500000,2513
5845.000000,2513
5857.500000,2511
5867.500000,2512
5880.000000,2510
5892.500000,2511
5905.000000,2510
5917.500000,2510
5927.500000,2510
5940.000000,2510
5952.500000,2509
5965.000000,2510
5975.000000,2509
5987.500000,2510
6000.000000,2509
6012.500000,2509
6025.000000,2508
6035.000000,2509
6047.500000,2506
6060.000000,2507
6072.500000,2505
6085.000000,2506
6095.000000,2505
6107.500000,2506
6120.000000,2505
6132.500000,2505
6145.000000,2504
6155.000000,2505
6167.500000,2504
6180.000000,2505
6192.500000,2502
6205.000000,2504
6215.000000,2502
6227.500000,2504
6240.000000,2502
6252.500000,2503
6262.500000,2502
6275.000000,2503
6287.500000,2501
6300.000000,2502
6312.500000,2501
6322.500000,2502
6335.000000,2500
6347.500000,2502
6360.000000,2500
6372.500000,2502
6382.500000,2501
6395.000000,2503
6407.500000,2501
6420.000000,2503
6432.500000,2501
6442.500000,2502
6455.000000,2500
6467.500000,2502
6480.000000,2500
6492.500000,2501
6502.500000,2500
6515.000000,2500
6525.000000,2499
6535.000000,2592
6542.500000,3008
6550.000000,3379
6557.500000,3667
6565.000000,3912
6570.000000,4111
6577.500000,4290
6585.000000,4435
6590.000000,4573
6597.500000,4678
6602.500000,4789
6607.500000,4870
6615.000000,4957
6620.000000,5016
6625.000000,5084
6632.500000,5133
6637.500000,5193
6642.500000,5230
6647.500000,5277
6655.000000,5304
6660.000000,5345
6665.000000,5364
6670.000000,5399
6677.500000,5415
6682.500000,5442
6687.500000,5454
6692.500000,5482
6697.500000,5490
6702.500000,5510
6710.000000,5514
6715.000000,5535
6720.000000,5539
6725.000000,5555
6730.000000,5555
6735.000000,5572
6742.500000,5572
6747.500000,5588
6752.500000,5584
6757.500000,5597
6762.500000,5597
6767.500000,5605
6772.500000,5605
6780.000000,5617
6785.000000,5613
6790.000000,5626
6795.000000,5622
6800.000000,5630
6805.000000,5626
6810.000000,5634
6815.000000,5630
6822.500000,5639
6827.500000,5634
6832.500000,5643
6837.500000,5639
6842.500000,5647
6847.500000,5643
6852.500000,5651
6857.500000,5647
6865.000000,5656
6870.000000,5651
6875.000000,5660
6880.000000,5651
6885.000000,5660
6890.000000,5656
6895.000000,5660
6900.000000,5656
6907.500000,5664
6912.500000,5656
6917.500000,5664
6922.500000,5660
6927.500000,5664
6932.500000,5660
6937.500000,5664
6942.500000,5660
6950.000000,5668
6955.000000,5660
6960.000000,5668
6965.000000,5660
6970.000000,5668
6975.000000,5660
6980.000000,5668
6985.000000,5660
6990.000000,5668
6997.500000,5660
#Thrust
2.500000,0
5.000000,0
7.500000,0
10.000000,0
12.500000,0
15.000000,0
17.500000,0
20.000000,0
22.500000,0
25.000000,0
27.500000,0
30.000000,0
32.500000,0
35.000000,0
37.500000,0
40.000000,0
42.500000,0
45.000000,0
47.500000,0
50.000000,0
52.500000,0
55.000000,0
57.500000,4
60.000000,4
62.500000,4
65.000000,4
67.500000,2
70.000000,2
72.500000,2
75.000000,2
77.500000,0
80.000000,0
82.500000,0
85.000000,0
87.500000,0
90.000000,0
92.500000,0
95.000000,0
97.500000,0
100.000000,4
102.500000,4
105.000000,4
107.500000,4
110.000000,4
112.500000,6
115.000000,6
117.500000,6
120.000000,6
122.500000,0
125.000000,0
127.500000,0
130.000000,0
132.500000,0
135.000000,0
137.500000,0
140.000000,0
142.500000,0
145.000000,0
147.500000,0
150.000000,0
152.500000,0
155.000000,0
157.500000,0
160.000000,0
162.500000,0
165.000000,0
167.500000,1
170.000000,1
172.500000,1
175.000000,1
177.500000,5
180.000000,5
182.500000,5
185.000000,5
187.500000,7
190.000000,7
192.500000,7
195.000000,7
197.500000,7
200.000000,11
202.500000,11
205.000000,11
207.500000,11
210.000000,13
212.500000,13
215.000000,13
217.500000,13
220.000000,13
222.500000,14
225.000000,14
227.500000,14
230.000000,14
232.500000,16
235.000000,16
237.500000,16
240.000000,16
242.500000,20
245.000000,20
247.500000,20
250.000000,20
252.500000,20
255.000000,20
257.500000,20
260.000000,20
262.500000,20
265.000000,20
267.500000,20
270.000000,20
272.500000,20
275.000000,20
277.500000,22
280.000000,22
282.500000,22
285.000000,22
287.500000,24
290.000000,24
292.500000,24
295.000000,24
297.500000,24
300.000000,24
302.500000,24
305.000000,24
307.500000,24
310.000000,26
312.500000,26
315.000000,26
317.500000,26
320.000000,29
322.500000,29
325.000000,29
327.500000,29
330.000000,29
332.500000,30
335.000000,30
337.500000,30
340.000000,30
342.500000,31
345.000000,31
347.500000,31
350.000000,31
352.500000,31
355.000000,34
357.500000,34
360.000000,34
362.500000,34
365.000000,38
367.500000,38
370.000000,38
372.500000,38
375.000000,38
377.500000,38
380.000000,38
382.500000,38
385.000000,38
387.500000,42
390.000000,42
392.500000,42
395.000000,42
397.500000,44
400.000000,44
402.500000,44
405.000000,44
407.500000,44
410.000000,44
412.500000,44
415.000000,44
417.500000,44
420.000000,47
422.500000,47
425.000000,47
427.500000,47
430.000000,46
432.500000,46
435.000000,46
437.500000,46
440.000000,46
442.500000,49
445.000000,49
447.500000,49
450.000000,49
452.500000,51
455.000000,51
457.500000,51
460.000000,51
462.500000,51
465.000000,51
467.500000,51
470.000000,51
472.500000,51
475.000000,53
477.500000,53
480.000000,53
482.500000,53
485.000000,51
487.500000,51
490.000000,51
492.500000,51
495.000000,51
497.500000,51
500.000000,51
502.500000,51
505.000000,51
507.500000,55
510.000000,55
512.500000,55
515.000000,55
517.500000,55
520.000000,52
522.500000,52
525.000000,52
527.500000,52
530.000000,55
532.500000,55
535.000000,55
537.500000,55
540.000000,53
542.500000,53
545.000000,53
547.500000,53
550.000000,53
552.500000,53
555.000000,53
557.500000,53
560.000000,53
562.500000,57
565.000000,57
567.500000,57
570.000000,57
572.500000,57
575.000000,56
577.500000,56
580.000000,56
582.500000,56
585.000000,60
587.500000,60
590.000000,60
592.500000,60
595.000000,56
597.500000,56
600.000000,56
602.500000,56
605.000000,56
607.500000,59
610.000000,59
612.500000,59
615.000000,59
617.500000,59
620.000000,59
622.500000,59
625.000000,59
627.500000,59
630.000000,58
632.500000,58
635.000000,58
637.500000,58
640.000000,60
642.500000,60
645.000000,60
647.500000,60
650.000000,60
652.500000,59
655.000000,59
657.500000,59
660.000000,59
662.500000,63
665.000000,63
667.500000,63
670.000000,63
672.500000,60
675.000000,60
677.500000,60
680.000000,60
682.500000,60
685.000000,63
687.500000,63
690.000000,63
692.500000,63
695.000000,64
697.500000,64
700.000000,64
702.500000,64
705.000000,64
707.500000,66
710.000000,66
712.500000,66
715.000000,66
717.500000,68
720.000000,68
722.500000,68
725.000000,68
727.500000,63
730.000000,63
732.500000,63
735.000000,63
737.500000,63
740.000000,66
742.500000,66
745.000000,66
747.500000,66
750.000000,64
752.500000,64
755.000000,64
757.500000,64
760.000000,64
762.500000,64
765.000000,64
767.500000,64
770.000000,64
772.500000,61
775.000000,61
777.500000,61
780.000000,61
782.500000,64
785.000000,64
787.500000,64
790.000000,64
792.500000,64
795.000000,66
797.500000,66
800.000000,66
802.500000,66
805.000000,67
807.500000,67
810.000000,67
812.500000,67
815.000000,67
817.500000,70
820.000000,70
822.500000,70
825.000000,70
827.500000,64
830.000000,64
832.500000,64
835.000000,64
837.500000,66
840.000000,66
842.500000,66
845.000000,66
847.500000,66
850.000000,65
852.500000,65
855.000000,65
857.500000,65
860.000000,67
862.500000,67
865.000000,67
867.500000,67
870.000000,67
872.500000,66
875.000000,66
877.500000,66
880.000000,66
882.500000,70
885.000000,70
887.500000,70
890.000000,70
892.500000,69
895.000000,69
897.500000,69
900.000000,69
902.500000,69
905.000000,66
907.500000,66
910.000000,66
912.500000,66
915.000000,67
917.500000,67
920.000000,67
922.500000,67
925.000000,67
927.500000,66
930.000000,66
932.500000,66
935.000000,66
937.500000,68
940.000000,68
942.500000,68
945.000000,68
947.500000,68
950.000000,66
952.500000,66
955.000000,66
957.500000,66
960.000000,68
962.500000,68
965.000000,68
967.500000,68
970.000000,66
972.500000,66
975.000000,66
977.500000,66
980.000000,66
982.500000,68
985.000000,68
987.500000,68
990.000000,68
992.500000,67
995.000000,67
997.500000,67
1000.000000,67
1002.500000,67
1005.000000,68
1007.500000,68
1010.000000,68
1012.500000,68
1015.000000,68
1017.500000,68
1020.000000,68
1022.500000,68
1025.000000,68
1027.500000,68
1030.000000,68
1032.500000,68
1035.000000,68
1037.500000,70
1040.000000,70
1042.500000,70
1045.000000,70
1047.500000,67
1050.000000,67
1052.500000,67
1055.000000,67
1057.500000,67
1060.000000,70
1062.500000,70
1065.000000,70
1067.500000,70
1070.000000,67
1072.500000,67
1075.000000,67
1077.500000,67
1080.000000,73
1082.500000,73
1085.000000,73
1087.500000,73
1090.000000,73
1092.500000,69
1095.000000,69
1097.500000,69
1100.000000,69
1102.500000,70
1105.000000,70
1107.500000,70
1110.000000,70
1112.500000,70
1115.000000,69
1117.500000,69
1120.000000,69
1122.500000,69
1125.000000,72
1127.500000,72
1130.000000,72
1132.500000,72
1135.000000,72
1137.500000,72
1140.000000,72
1142.500000,72
1145.000000,72
1147.500000,71
1150.000000,71
1152.500000,71
1155.000000,71
1157.500000,72
1160.000000,72
1162.500000,72
1165.000000,72
1167.500000,72
1170.000000,68
1172.500000,68
1175.000000,68
1177.500000,68
1180.000000,70
1182.500000,70
1185.000000,70
1187.500000,70
1190.000000,68
1192.500000,68
1195.000000,68
1197.500000,68
1200.000000,68
1202.500000,71
1205.000000,71
1207.500000,71
1210.000000,71
1212.500000,70
1215.000000,70
1217.500000,70
1220.000000,70
1222.500000,70
1225.000000,74
1227.500000,74
1230.000000,74
1232.500000,74
1235.000000,71
1237.500000,71
1240.000000,71
1242.500000,71
1245.000000,71
1247.500000,73
1250.000000,73
1252.500000,73
1255.000000,73
1257.500000,72
1260.000000,72
1262.500000,72
1265.000000,72
1267.500000,71
1270.000000,71
1272.500000,71
1275.000000,71
1277.500000,71
1280.000000,71
1282.500000,71
1285.000000,71
1287.500000,71
1290.000000,68
1292.500000,68
1295.000000,68
1297.500000,68
1300.000000,68
1302.500000,69
1305.000000,69
1307.500000,69
1310.000000,69
1312.500000,67
1315.000000,67
1317.500000,67
1320.000000,67
1322.500000,74
1325.000000,74
1327.500000,74
1330.000000,74
1332.500000,74
1335.000000,71
1337.500000,71
1340.000000,71
1342.500000,71
1345.000000,72
1347.500000,72
1350.000000,72
1352.500000,72
1355.000000,72
1357.500000,70
1360.000000,70
1362.500000,70
1365.000000,70
1367.500000,72
1370.000000,72
1372.500000,72
1375.000000,72
1377.500000,71
1380.000000,71
1382.500000,71
1385.000000,71
1387.500000,71
1390.000000,73
1392.500000,73
1395.000000,73
1397.500000,73
1400.000000,73
1402.500000,73
1405.000000,73
1407.500000,73
1410.000000,73
1412.500000,70
1415.000000,70
1417.500000,70
1420.000000,70
1422.500000,72
1425.000000,72
1427.500000,72
1430.000000,72
1432.500000,71
1435.000000,71
1437.500000,71
1440.000000,71
1442.500000,71
1445.000000,74
1447.500000,74
1450.000000,74
1452.500000,74
1455.000000,72
1457.500000,72
1460.000000,72
1462.500000,72
1465.000000,72
1467.500000,76
1470.000000,76
1472.500000,76
1475.000000,76
1477.500000,73
1480.000000,73
1482.500000,73
1485.000000,73
1487.500000,74
1490.000000,74
1492.500000,74
1495.000000,74
1497.500000,74
1500.000000,71
1502.500000,71
1505.000000,71
1507.500000,71
1510.000000,72
1512.500000,72
1515.000000,72
1517.500000,72
1520.000000,72
1522.500000,72
1525.000000,72
1527.500000,72
1530.000000,72
1532.500000,75
1535.000000,75
1537.500000,75
1540.000000,75
1542.500000,75
1545.000000,75
1547.500000,75
1550.000000,75
1552.500000,75
1555.000000,70
1557.500000,70
1560.000000,70
1562.500000,70
1565.000000,72
1567.500000,72
1570.000000,72
1572.500000,72
1575.000000,72
1577.500000,67
1580.000000,67
1582.500000,67
1585.000000,67
1587.500000,70
1590.000000,70
1592.500000,70
1595.000000,70
1597.500000,70
1600.000000,68
1602.500000,68
1605.000000,68
1607.500000,68
1610.000000,73
1612.500000,73
1615.000000,73
1617.500000,73
1620.000000,71
1622.500000,71
1625.000000,71
1627.500000,71
1630.000000,71
1632.500000,72
1635.000000,72
1637.500000,72
1640.000000,72
1642.500000,71
1645.000000,71
1647.500000,71
1650.000000,71
1652.500000,71
1655.000000,71
1657.500000,71
1660.000000,71
1662.500000,71
1665.000000,69
1667.500000,69
1670.000000,69
1672.500000,69
1675.000000,68
1677.500000,68
1680.000000,68
1682.500000,68
1685.000000,68
1687.500000,70
1690.000000,70
1692.500000,70
1695.000000,70
1697.500000,69
1700.000000,69
1702.500000,69
1705.000000,69
1707.500000,69
1710.000000,71
1712.500000,71
1715.000000,71
1717.500000,71
1720.000000,68
1722.500000,68
1725.000000,68
1727.500000,68
1730.000000,71
1732.500000,71
1735.000000,71
1737.500000,71
1740.000000,71
1742.500000,69
1745.000000,69
1747.500000,69
1750.000000,69
1752.500000,70
1755.000000,70
1757.500000,70
1760.000000,70
1762.500000,70
1765.000000,69
1767.500000,69
1770.000000,69
1772.500000,69
1775.000000,71
1777.500000,71
1780.000000,71
1782.500000,71
1785.000000,70
1787.500000,70
1790.000000,70
1792.500000,70
1795.000000,70
1797.500000,73
1800.000000,73
1802.500000,73
1805.000000,73
1807.500000,73
1810.000000,73
1812.500000,73
1815.000000,73
1817.500000,73
1820.000000,70
1822.500000,70
1825.000000,70
1827.500000,70
1830.000000,69
1832.500000,69
1835.000000,69
1837.500000,69
1840.000000,69
1842.500000,69
1845.000000,69
1847.500000,69
1850.000000,69
1852.500000,74
1855.000000,74
1857.500000,74
1860.000000,74
1862.500000,70
1865.000000,70
1867.500000,70
1870.000000,70
1872.500000,70
1875.000000,71
1877.500000,71
1880.000000,71
1882.500000,71
1885.000000,68
1887.500000,68
1890.000000,68
1892.500000,68
1895.000000,68
1897.500000,70
1900.000000,70
1902.500000,70
1905.000000,70
1907.500000,70
1910.000000,70
1912.500000,70
1915.000000,70
1917.500000,72
1920.000000,72
1922.500000,72
1925.000000,72
1927.500000,72
1930.000000,71
1932.500000,71
1935.000000,71
1937.500000,71
1940.000000,72
1942.500000,72
1945.000000,72
1947.500000,72
1950.000000,72
1952.500000,72
1955.000000,72
1957.500000,72
1960.000000,72
1962.500000,72
1965.000000,72
1967.500000,72
1970.000000,72
1972.500000,73
1975.000000,73
1977.500000,73
1980.000000,73
1982.500000,73
1985.000000,68
1987.500000,68
1990.000000,68
1992.500000,68
1995.000000,71
1997.500000,71
2000.000000,71
2002.500000,71
2005.000000,71
2007.500000,70
2010.000000,70
2012.500000,70
2015.000000,70
2017.500000,72
2020.000000,72
2022.500000,72
2025.000000,72
2027.500000,69
2030.000000,69
2032.500000,69
2035.000000,69
2037.500000,69
2040.000000,73
2042.500000,73
2045.000000,73
2047.500000,73
2050.000000,72
2052.500000,72
2055.000000,72
2057.500000,72
2060.000000,72
2062.500000,73
2065.000000,73
2067.500000,73
2070.000000,73
2072.500000,72
2075.000000,72
2077.500000,72
2080.000000,72
2082.500000,72
2085.000000,72
2087.500000,72
2090.000000,72
2092.500000,72
2095.000000,70
2097.500000,70
2100.000000,70
2102.500000,70
2105.000000,67
2107.500000,67
2110.000000,67
2112.500000,67
2115.000000,67
2117.500000,70
2120.000000,70
2122.500000,70
2125.000000,70
2127.500000,70
2130.000000,70
2132.500000,70
2135.000000,70
2137.500000,70
2140.000000,74
2142.500000,74
2145.000000,74
2147.500000,74
2150.000000,71
2152.500000,71
2155.000000,71
2157.500000,71
2160.000000,74
2162.500000,74
2165.000000,74
2167.500000,74
2170.000000,74
2172.500000,71
2175.000000,71
2177.500000,71
2180.000000,71
2182.500000,75
2185.000000,75
2187.500000,75
2190.000000,75
2192.500000,75
2195.000000,72
2197.500000,72
2200.000000,72
2202.500000,72
2205.000000,72
2207.500000,72
2210.000000,72
2212.500000,72
2215.000000,71
2217.500000,71
2220.000000,71
2222.500000,71
2225.000000,71
2227.500000,70
2230.000000,70
2232.500000,70
2235.000000,70
2237.500000,73
2240.000000,73
2242.500000,73
2245.000000,73
2247.500000,73
2250.000000,71
2252.500000,71
2255.000000,71
2257.500000,71
2260.000000,73
2262.500000,73
2265.000000,73
2267.500000,73
2270.000000,72
2272.500000,72
2275.000000,72
2277.500000,72
2280.000000,72
2282.500000,71
2285.000000,71
2287.500000,71
2290.000000,71
2292.500000,64
2295.000000,64
2297.500000,64
2300.000000,64
2302.500000,64
2305.000000,67
2307.500000,67
2310.000000,67
2312.500000,67
2315.000000,68
2317.500000,68
2320.000000,68
2322.500000,68
2325.000000,74
2327.500000,74
2330.000000,74
2332.500000,74
2335.000000,74
2337.500000,73
2340.000000,73
2342.500000,73
2345.000000,73
2347.500000,76
2350.000000,76
2352.500000,76
2355.000000,76
2357.500000,76
2360.000000,75
2362.500000,75
2365.000000,75
2367.500000,75
2370.000000,70
2372.500000,70
2375.000000,70
2377.500000,70
2380.000000,71
2382.500000,71
2385.000000,71
2387.500000,71
2390.000000,71
2392.500000,71
2395.000000,71
2397.500000,71
2400.000000,71
2402.500000,75
2405.000000,75
2407.500000,75
2410.000000,75
2412.500000,75
2415.000000,73
2417.500000,73
2420.000000,73
2422.500000,73
2425.000000,74
2427.500000,74
2430.000000,74
2432.500000,74
2435.000000,74
2437.500000,71
2440.000000,71
2442.500000,71
2445.000000,71
2447.500000,74
2450.000000,74
2452.500000,74
2455.000000,74
2457.500000,73
2460.000000,73
2462.500000,73
2465.000000,73
2467.500000,73
2470.000000,75
2472.500000,75
2475.000000,75
2477.500000,75
2480.000000,72
2482.500000,72
2485.000000,72
2487.500000,72
2490.000000,72
2492.500000,72
2495.000000,72
2497.500000,72
2500.000000,72
2502.500000,73
2505.000000,73
2507.500000,73
2510.000000,73
2512.500000,73
2515.000000,73
2517.500000,73
2520.000000,73
2522.500000,73
2525.000000,73
2527.500000,73
2530.000000,73
2532.500000,73
2535.000000,74
2537.500000,74
2540.000000,74
2542.500000,74
2545.000000,74
2547.500000,111
2550.000000,111
2552.500000,111
2555.000000,111
2557.500000,142
2560.000000,142
2562.500000,142
2565.000000,142
2567.500000,173
2570.000000,173
2572.500000,173
2575.000000,173
2577.500000,173
2580.000000,198
2582.500000,198
2585.000000,198
2587.500000,198
2590.000000,225
2592.500000,225
2595.000000,225
2597.500000,225
2600.000000,225
2602.500000,249
2605.000000,249
2607.500000,249
2610.000000,249
2612.500000,270
2615.000000,270
2617.500000,270
2620.000000,270
2622.500000,284
2625.000000,284
2627.500000,284
2630.000000,284
2632.500000,284
2635.000000,296
2637.500000,296
2640.000000,296
2642.500000,296
2645.000000,307
2647.500000,307
2650.000000,307
2652.500000,307
2655.000000,307
2657.500000,317
2660.000000,317
2662.500000,317
2665.000000,317
2667.500000,325
2670.000000,325
2672.500000,325
2675.000000,325
2677.500000,332
2680.000000,332
2682.500000,332
2685.000000,332
2687.500000,332
2690.000000,336
2692.500000,336
2695.000000,336
2697.500000,336
2700.000000,341
2702.500000,341
2705.000000,341
2707.500000,341
2710.000000,341
2712.500000,345
2715.000000,345
2717.500000,345
2720.000000,345
2722.500000,348
2725.000000,348
2727.500000,348
2730.000000,348
2732.500000,351
2735.000000,351
2737.500000,351
2740.000000,351
2742.500000,351
2745.000000,353
2747.500000,353
2750.000000,353
2752.500000,353
2755.000000,357
2757.500000,357
2760.000000,357
2762.500000,357
2765.000000,357
2767.500000,360
2770.000000,360
2772.500000,360
2775.000000,360
2777.500000,360
2780.000000,360
2782.500000,360
2785.000000,360
2787.500000,360
2790.000000,362
2792.500000,362
2795.000000,362
2797.500000,362
2800.000000,364
2802.500000,364
2805.000000,364
2807.500000,364
2810.000000,365
2812.500000,365
2815.000000,365
2817.500000,365
2820.000000,365
2822.500000,366
2825.000000,366
2827.500000,366
2830.000000,366
2832.500000,367
2835.000000,367
2837.500000,367
2840.000000,367
2842.500000,367
2845.000000,367
2847.500000,367
2850.000000,367
2852.500000,367
2855.000000,369
2857.500000,369
2860.000000,369
2862.500000,369
2865.000000,370
2867.500000,370
2870.000000,370
2872.500000,370
2875.000000,370
2877.500000,369
2880.000000,369
2882.500000,369
2885.000000,369
2887.500000,369
2890.000000,369
2892.500000,369
2895.000000,369
2897.500000,369
2900.000000,369
2902.500000,369
2905.000000,369
2907.500000,369
2910.000000,370
2912.500000,370
2915.000000,370
2917.500000,370
2920.000000,370
2922.500000,370
2925.000000,370
2927.500000,370
2930.000000,370
2932.500000,369
2935.000000,369
2937.500000,369
2940.000000,369
2942.500000,369
2945.000000,369
2947.500000,369
2950.000000,369
2952.500000,369
2955.000000,369
2957.500000,369
2960.000000,369
2962.500000,369
2965.000000,369
2967.500000,369
2970.000000,369
2972.500000,369
2975.000000,370
2977.500000,370
2980.000000,370
2982.500000,370
2985.000000,370
2987.500000,371
2990.000000,371
2992.500000,371
2995.000000,371
2997.500000,371
3000.000000,371
3002.500000,371
3005.000000,371
3007.500000,371
3010.000000,370
3012.500000,370
3015.000000,370
3017.500000,370
3020.000000,370
3022.500000,370
3025.000000,370
3027.500000,370
3030.000000,369
3032.500000,369
3035.000000,369
3037.500000,369
3040.000000,369
3042.500000,369
3045.000000,369
3047.500000,369
3050.000000,369
3052.500000,370
3055.000000,370
3057.500000,370
3060.000000,370
3062.500000,370
3065.000000,370
3067.500000,370
3070.000000,370
3072.500000,370
3075.000000,368
3077.500000,368
3080.000000,368
3082.500000,368
3085.000000,368
3087.500000,369
3090.000000,369
3092.500000,369
3095.000000,369
3097.500000,370
3100.000000,370
3102.500000,370
3105.000000,370
3107.500000,370
3110.000000,370
3112.500000,370
3115.000000,370
3117.500000,370
3120.000000,370
3122.500000,370
3125.000000,370
3127.500000,370
3130.000000,370
3132.500000,370
3135.000000,370
3137.500000,370
3140.000000,370
3142.500000,369
3145.000000,369
3147.500000,369
3150.000000,369
3152.500000,369
3155.000000,369
3157.500000,369
3160.000000,369
3162.500000,370
3165.000000,370
3167.500000,370
3170.000000,370
3172.500000,370
3175.000000,369
3177.500000,369
3180.000000,369
3182.500000,369
3185.000000,370
3187.500000,370
3190.000000,370
3192.500000,370
3195.000000,370
3197.500000,370
3200.000000,370
3202.500000,370
3205.000000,370
3207.500000,371
3210.000000,371
3212.500000,371
3215.000000,371
3217.500000,371
3220.000000,371
3222.500000,371
3225.000000,371
3227.500000,371
3230.000000,371
3232.500000,371
3235.000000,371
3237.500000,371
3240.000000,371
3242.500000,371
3245.000000,371
3247.500000,371
3250.000000,371
3252.500000,371
3255.000000,371
3257.500000,371
3260.000000,371
3262.500000,370
3265.000000,370
3267.500000,370
3270.000000,370
3272.500000,370
3275.000000,370
3277.500000,370
3280.000000,370
3282.500000,370
3285.000000,370
3287.500000,370
3290.000000,370
3292.500000,370
3295.000000,369
3297.500000,369
3300.000000,369
3302.500000,369
3305.000000,369
3307.500000,371
3310.000000,371
3312.500000,371
3315.000000,371
3317.500000,370
3320.000000,370
3322.500000,370
3325.000000,370
3327.500000,371
3330.000000,371
3332.500000,371
3335.000000,371
3337.500000,371
3340.000000,371
3342.500000,371
3345.000000,371
3347.500000,371
3350.000000,371
3352.500000,371
3355.000000,371
3357.500000,371
3360.000000,371
3362.500000,371
3365.000000,371
3367.500000,371
3370.000000,371
3372.500000,371
3375.000000,371
3377.500000,371
3380.000000,371
3382.500000,371
3385.000000,371
3387.500000,371
3390.000000,371
3392.500000,371
3395.000000,371
3397.500000,371
3400.000000,371
3402.500000,371
3405.000000,371
3407.500000,371
3410.000000,371
3412.500000,371
3415.000000,371
3417.500000,371
3420.000000,371
3422.500000,371
3425.000000,371
3427.500000,372
3430.000000,372
3432.500000,372
3435.000000,372
3437.500000,372
3440.000000,372
3442.500000,372
3445.000000,372
3447.500000,372
3450.000000,372
3452.500000,372
3455.000000,372
3457.500000,372
3460.000000,371
3462.500000,371
3465.000000,371
3467.500000,371
3470.000000,371
3472.500000,372
3475.000000,372
3477.500000,372
3480.000000,372
3482.500000,370
3485.000000,370
3487.500000,370
3490.000000,370
3492.500000,370
3495.000000,371
3497.500000,371
3500.000000,371
3502.500000,371
3505.000000,371
3507.500000,371
3510.000000,371
3512.500000,371
3515.000000,371
3517.500000,371
3520.000000,371
3522.500000,371
3525.000000,371
3527.500000,372
3530.000000,372
3532.500000,372
3535.000000,372
3537.500000,371
3540.000000,371
3542.500000,371
3545.000000,371
3547.500000,371
3550.000000,371
3552.500000,371
3555.000000,371
3557.500000,371
3560.000000,370
3562.500000,370
3565.000000,370
3567.500000,370
3570.000000,372
3572.500000,372
3575.000000,372
3577.500000,372
3580.000000,372
3582.500000,371
3585.000000,371
3587.500000,371
3590.000000,371
3592.500000,373
3595.000000,373
3597.500000,373
3600.000000,373
3602.500000,373
3605.000000,373
3607.500000,373
3610.000000,373
3612.500000,373
3615.000000,374
3617.500000,374
3620.000000,374
3622.500000,374
3625.000000,373
3627.500000,373
3630.000000,373
3632.500000,373
3635.000000,373
3637.500000,373
3640.000000,373
3642.500000,373
3645.000000,373
3647.500000,372
3650.000000,372
3652.500000,372
3655.000000,372
3657.500000,372
3660.000000,371
3662.500000,371
3665.000000,371
3667.500000,371
3670.000000,372
3672.500000,372
3675.000000,372
3677.500000,372
3680.000000,372
3682.500000,371
3685.000000,371
3687.500000,371
3690.000000,371
3692.500000,371
3695.000000,371
3697.500000,371
3700.000000,371
3702.500000,372
3705.000000,372
3707.500000,372
3710.000000,372
3712.500000,372
3715.000000,372
3717.500000,372
3720.000000,372
3722.500000,372
3725.000000,372
3727.500000,372
3730.000000,372
3732.500000,372
3735.000000,372
3737.500000,372
3740.000000,372
3742.500000,372
3745.000000,372
3747.500000,371
3750.000000,371
3752.500000,371
3755.000000,371
3757.500000,371
3760.000000,371
3762.500000,371
3765.000000,371
3767.500000,371
3770.000000,372
3772.500000,372
3775.000000,372
3777.500000,372
3780.000000,373
3782.500000,373
3785.000000,373
3787.500000,373
3790.000000,373
3792.500000,373
3795.000000,373
3797.500000,373
3800.000000,373
3802.500000,372
3805.000000,372
3807.500000,372
3810.000000,372
3812.500000,373
3815.000000,373
3817.500000,373
3820.000000,373
3822.500000,373
3825.000000,373
3827.500000,373
3830.000000,373
3832.500000,373
3835.000000,372
3837.500000,372
3840.000000,372
3842.500000,372
3845.000000,372
3847.500000,371
3850.000000,371
3852.500000,371
3855.000000,371
3857.500000,373
3860.000000,373
3862.500000,373
3865.000000,373
3867.500000,372
3870.000000,372
3872.500000,372
3875.000000,372
3877.500000,372
3880.000000,372
3882.500000,372
3885.000000,372
3887.500000,372
3890.000000,372
3892.500000,372
3895.000000,372
3897.500000,372
3900.000000,372
3902.500000,371
3905.000000,371
3907.500000,371
3910.000000,371
3912.500000,370
3915.000000,370
3917.500000,370
3920.000000,370
3922.500000,372
3925.000000,372
3927.500000,372
3930.000000,372
3932.500000,372
3935.000000,371
3937.500000,371
3940.000000,371
3942.500000,371
3945.000000,370
3947.500000,370
3950.000000,370
3952.500000,370
3955.000000,370
3957.500000,371
3960.000000,371
3962.500000,371
3965.000000,371
3967.500000,371
3970.000000,371
3972.500000,371
3975.000000,371
3977.500000,371
3980.000000,371
3982.500000,371
3985.000000,371
3987.500000,371
3990.000000,371
3992.500000,371
3995.000000,371
3997.500000,371
4000.000000,372
4002.500000,372
4005.000000,372
4007.500000,372
4010.000000,372
4012.500000,371
4015.000000,371
4017.500000,371
4020.000000,371
4022.500000,372
4025.000000,372
4027.500000,372
4030.000000,372
4032.500000,372
4035.000000,371
4037.500000,371
4040.000000,371
4042.500000,371
4045.000000,372
4047.500000,372
4050.000000,372
4052.500000,372
4055.000000,371
4057.500000,371
4060.000000,371
4062.500000,371
4065.000000,371
4067.500000,371
4070.000000,371
4072.500000,371
4075.000000,371
4077.500000,371
4080.000000,371
4082.500000,371
4085.000000,371
4087.500000,371
4090.000000,370
4092.500000,370
4095.000000,370
4097.500000,370
4100.000000,371
4102.500000,371
4105.000000,371
4107.500000,371
4110.000000,371
4112.500000,371
4115.000000,371
4117.500000,371
4120.000000,371
4122.500000,371
4125.000000,371
4127.500000,371
4130.000000,371
4132.500000,369
4135.000000,369
4137.500000,369
4140.000000,369
4142.500000,369
4145.000000,370
4147.500000,370
4150.000000,370
4152.500000,370
4155.000000,370
4157.500000,370
4160.000000,370
4162.500000,370
4165.000000,371
4167.500000,371
4170.000000,371
4172.500000,371
4175.000000,371
4177.500000,371
4180.000000,371
4182.500000,371
4185.000000,371
4187.500000,371
4190.000000,371
4192.500000,371
4195.000000,371
4197.500000,371
4200.000000,371
4202.500000,371
4205.000000,371
4207.500000,371
4210.000000,373
4212.500000,373
4215.000000,373
4217.500000,373
4220.000000,373
4222.500000,373
4225.000000,373
4227.500000,373
4230.000000,373
4232.500000,372
4235.000000,372
4237.500000,372
4240.000000,372
4242.500000,372
4245.000000,372
4247.500000,372
4250.000000,372
4252.500000,372
4255.000000,371
4257.500000,371
4260.000000,371
4262.500000,371
4265.000000,371
4267.500000,371
4270.000000,371
4272.500000,371
4275.000000,371
4277.500000,372
4280.000000,372
4282.500000,372
4285.000000,372
4287.500000,372
4290.000000,372
4292.500000,372
4295.000000,372
4297.500000,372
4300.000000,372
4302.500000,372
4305.000000,372
4307.500000,372
4310.000000,371
4312.500000,371
4315.000000,371
4317.500000,371
4320.000000,372
4322.500000,372
4325.000000,372
4327.500000,372
4330.000000,372
4332.500000,371
4335.000000,371
4337.500000,371
4340.000000,371
4342.500000,371
4345.000000,371
4347.500000,371
4350.000000,371
4352.500000,371
4355.000000,371
4357.500000,371
4360.000000,371
4362.500000,371
4365.000000,371
4367.500000,371
4370.000000,371
4372.500000,371
4375.000000,371
4377.500000,371
4380.000000,371
4382.500000,371
4385.000000,371
4387.500000,371
4390.000000,371
4392.500000,371
4395.000000,371
4397.500000,371
4400.000000,371
4402.500000,371
4405.000000,371
4407.500000,371
4410.000000,371
4412.500000,371
4415.000000,371
4417.500000,371
4420.000000,371
4422.500000,371
4425.000000,371
4427.500000,371
4430.000000,371
4432.500000,371
4435.000000,371
4437.500000,371
4440.000000,371
4442.500000,370
4445.000000,370
4447.500000,370
4450.000000,370
4452.500000,369
4455.000000,369
4457.500000,369
4460.000000,369
4462.500000,370
4465.000000,370
4467.500000,370
4470.000000,370
4472.500000,370
4475.000000,371
4477.500000,371
4480.000000,371
4482.500000,371
4485.000000,371
4487.500000,371
4490.000000,371
4492.500000,371
4495.000000,371
4497.500000,371
4500.000000,371
4502.500000,371
4505.000000,371
4507.500000,371
4510.000000,371
4512.500000,371
4515.000000,371
4517.500000,372
4520.000000,372
4522.500000,372
4525.000000,372
4527.500000,372
4530.000000,367
4532.500000,367
4535.000000,367
4537.500000,367
4540.000000,349
4542.500000,349
4545.000000,349
4547.500000,349
4550.000000,349
4552.500000,328
4555.000000,328
4557.500000,328
4560.000000,328
4562.500000,310
4565.000000,310
4567.500000,310
4570.000000,310
4572.500000,310
4575.000000,294
4577.500000,294
4580.000000,294
4582.500000,294
4585.000000,278
4587.500000,278
4590.000000,278
4592.500000,278
4595.000000,267
4597.500000,267
4600.000000,267
4602.500000,267
4605.000000,267
4607.500000,257
4610.000000,257
4612.500000,257
4615.000000,257
4617.500000,247
4620.000000,247
4622.500000,247
4625.000000,247
4627.500000,247
4630.000000,238
4632.500000,238
4635.000000,238
4637.500000,238
4640.000000,228
4642.500000,228
4645.000000,228
4647.500000,228
4650.000000,218
4652.500000,218
4655.000000,218
4657.500000,218
4660.000000,218
4662.500000,208
4665.000000,208
4667.500000,208
4670.000000,208
4672.500000,199
4675.000000,199
4677.500000,199
4680.000000,199
4682.500000,199
4685.000000,190
4687.500000,190
4690.000000,190
4692.500000,190
4695.000000,182
4697.500000,182
4700.000000,182
4702.500000,182
4705.000000,175
4707.500000,175
4710.000000,175
4712.500000,175
4715.000000,175
4717.500000,168
4720.000000,168
4722.500000,168
4725.000000,168
4727.500000,161
4730.000000,161
4732.500000,161
4735.000000,161
4737.500000,161
4740.000000,156
4742.500000,156
4745.000000,156
4747.500000,156
4750.000000,151
4752.500000,151
4755.000000,151
4757.500000,151
4760.000000,147
4762.500000,147
4765.000000,147
4767.500000,147
4770.000000,147
4772.500000,143
4775.000000,143
4777.500000,143
4780.000000,143
4782.500000,140
4785.000000,140
4787.500000,140
4790.000000,140
4792.500000,140
4795.000000,137
4797.500000,137
4800.000000,137
4802.500000,137
4805.000000,133
4807.500000,133
4810.000000,133
4812.500000,133
4815.000000,131
4817.500000,131
4820.000000,131
4822.500000,131
4825.000000,131
4827.500000,127
4830.000000,127
4832.500000,127
4835.000000,127
4837.500000,126
4840.000000,126
4842.500000,126
4845.000000,126
4847.500000,126
4850.000000,123
4852.500000,123
4855.000000,123
4857.500000,123
4860.000000,120
4862.500000,120
4865.000000,120
4867.500000,120
4870.000000,118
4872.500000,118
4875.000000,118
4877.500000,118
4880.000000,118
4882.500000,115
4885.000000,115
4887.500000,115
4890.000000,115
4892.500000,114
4895.000000,114
4897.500000,114
4900.000000,114
4902.500000,114
4905.000000,112
4907.500000,112
4910.000000,112
4912.500000,112
4915.000000,111
4917.500000,111
4920.000000,111
4922.500000,111
4925.000000,111
4927.500000,109
4930.000000,109
4932.500000,109
4935.000000,109
4937.500000,108
4940.000000,108
4942.500000,108
4945.000000,108
4947.500000,106
4950.000000,106
4952.500000,106
4955.000000,106
4957.500000,106
4960.000000,104
4962.500000,104
4965.000000,104
4967.500000,104
4970.000000,103
4972.500000,103
4975.000000,103
4977.500000,103
4980.000000,103
4982.500000,101
4985.000000,101
4987.500000,101
4990.000000,101
4992.500000,101
4995.000000,101
4997.500000,101
5000.000000,101
5002.500000,100
5005.000000,100
5007.500000,100
5010.000000,100
5012.500000,100
5015.000000,99
5017.500000,99
5020.000000,99
5022.500000,99
5025.000000,97
5027.500000,97
5030.000000,97
5032.500000,97
5035.000000,97
5037.500000,97
5040.000000,97
5042.500000,97
5045.000000,97
5047.500000,95
5050.000000,95
5052.500000,95
5055.000000,95
5057.500000,94
5060.000000,94
5062.500000,94
5065.000000,94
5067.500000,94
5070.000000,93
5072.500000,93
5075.000000,93
5077.500000,93
5080.000000,93
5082.500000,93
5085.000000,93
5087.500000,93
5090.000000,93
5092.500000,92
5095.000000,92
5097.500000,92
5100.000000,92
5102.500000,91
5105.000000,91
5107.500000,91
5110.000000,91
5112.500000,90
5115.000000,90
5117.500000,90
5120.000000,90
5122.500000,90
5125.000000,89
5127.500000,89
5130.000000,89
5132.500000,89
5135.000000,88
5137.500000,88
5140.000000,88
5142.500000,88
5145.000000,88
5147.500000,88
5150.000000,88
5152.500000,88
5155.000000,88
5157.500000,87
5160.000000,87
5162.500000,87
5165.000000,87
5167.500000,86
5170.000000,86
5172.500000,86
5175.000000,86
5177.500000,86
5180.000000,86
5182.500000,86
5185.000000,86
5187.500000,86
5190.000000,85
5192.500000,85
5195.000000,85
5197.500000,85
5200.000000,85
5202.500000,84
5205.000000,84
5207.500000,84
5210.000000,84
5212.500000,84
5215.000000,84
5217.500000,84
5220.000000,84
5222.500000,84
5225.000000,84
5227.500000,84
5230.000000,84
5232.500000,84
5235.000000,84
5237.500000,84
5240.000000,84
5242.500000,84
5245.000000,82
5247.500000,82
5250.000000,82
5252.500000,82
5255.000000,82
5257.500000,82
5260.000000,82
5262.500000,82
5265.000000,82
5267.500000,80
5270.000000,80
5272.500000,80
5275.000000,80
5277.500000,80
5280.000000,82
5282.500000,82
5285.000000,82
5287.500000,82
5290.000000,80
5292.500000,80
5295.000000,80
5297.500000,80
5300.000000,81
5302.500000,81
5305.000000,81
5307.500000,81
5310.000000,81
5312.500000,80
5315.000000,80
5317.500000,80
5320.000000,80
5322.500000,80
5325.000000,80
5327.500000,80
5330.000000,80
5332.500000,80
5335.000000,78
5337.500000,78
5340.000000,78
5342.500000,78
5345.000000,81
5347.500000,81
5350.000000,81
5352.500000,81
5355.000000,78
5357.500000,78
5360.000000,78
5362.500000,78
5365.000000,78
5367.500000,80
5370.000000,80
5372.500000,80
5375.000000,80
5377.500000,78
5380.000000,78
5382.500000,78
5385.000000,78
5387.500000,78
5390.000000,80
5392.500000,80
5395.000000,80
5397.500000,80
5400.000000,78
5402.500000,78
5405.000000,78
5407.500000,78
5410.000000,79
5412.500000,79
5415.000000,79
5417.500000,79
5420.000000,79
5422.500000,77
5425.000000,77
5427.500000,77
5430.000000,77
5432.500000,78
5435.000000,78
5437.500000,78
5440.000000,78
5442.500000,78
5445.000000,78
5447.500000,78
5450.000000,78
5452.500000,78
5455.000000,78
5457.500000,78
5460.000000,78
5462.500000,78
5465.000000,78
5467.500000,78
5470.000000,78
5472.500000,78
5475.000000,78
5477.500000,76
5480.000000,76
5482.500000,76
5485.000000,76
5487.500000,78
5490.000000,78
5492.500000,78
5495.000000,78
5497.500000,78
5500.000000,76
5502.500000,76
5505.000000,76
5507.500000,76
5510.000000,77
5512.500000,77
5515.000000,77
5517.500000,77
5520.000000,77
5522.500000,75
5525.000000,75
5527.500000,75
5530.000000,75
5532.500000,77
5535.000000,77
5537.500000,77
5540.000000,77
5542.500000,75
5545.000000,75
5547.500000,75
5550.000000,75
5552.500000,75
5555.000000,77
5557.500000,77
5560.000000,77
5562.500000,77
5565.000000,75
5567.500000,75
5570.000000,75
5572.500000,75
5575.000000,75
5577.500000,77
5580.000000,77
5582.500000,77
5585.000000,77
5587.500000,75
5590.000000,75
5592.500000,75
5595.000000,75
5597.500000,77
5600.000000,77
5602.500000,77
5605.000000,77
5607.500000,77
5610.000000,75
5612.500000,75
5615.000000,75
5617.500000,75
5620.000000,75
5622.500000,75
5625.000000,75
5627.500000,75
5630.000000,75
5632.500000,73
5635.000000,73
5637.500000,73
5640.000000,73
5642.500000,69
5645.000000,69
5647.500000,69
5650.000000,69
5652.500000,69
5655.000000,69
5657.500000,69
5660.000000,69
5662.500000,69
5665.000000,66
5667.500000,66
5670.000000,66
5672.500000,66
5675.000000,69
5677.500000,69
5680.000000,69
5682.500000,69
5685.000000,69
5687.500000,67
5690.000000,67
5692.500000,67
5695.000000,67
5697.500000,71
5700.000000,71
5702.500000,71
5705.000000,71
5707.500000,68
5710.000000,68
5712.500000,68
5715.000000,68
5717.500000,68
5720.000000,70
5722.500000,70
5725.000000,70
5727.500000,70
5730.000000,69
5732.500000,69
5735.000000,69
5737.500000,69
5740.000000,69
5742.500000,70
5745.000000,70
5747.500000,70
5750.000000,70
5752.500000,69
5755.000000,69
5757.500000,69
5760.000000,69
5762.500000,71
5765.000000,71
5767.500000,71
5770.000000,71
5772.500000,71
5775.000000,70
5777.500000,70
5780.000000,70
5782.500000,70
5785.000000,73
5787.500000,73
5790.000000,73
5792.500000,73
5795.000000,73
5797.500000,74
5800.000000,74
5802.500000,74
5805.000000,74
5807.500000,71
5810.000000,71
5812.500000,71
5815.000000,71
5817.500000,71
5820.000000,73
5822.500000,73
5825.000000,73
5827.500000,73
5830.000000,70
5832.500000,70
5835.000000,70
5837.500000,70
5840.000000,72
5842.500000,72
5845.000000,72
5847.500000,72
5850.000000,72
5852.500000,70
5855.000000,70
5857.500000,70
5860.000000,70
5862.500000,73
5865.000000,73
5867.500000,73
5870.000000,73
5872.500000,73
5875.000000,70
5877.500000,70
5880.000000,70
5882.500000,70
5885.000000,72
5887.500000,72
5890.000000,72
5892.500000,72
5895.000000,70
5897.500000,70
5900.000000,70
5902.500000,70
5905.000000,70
5907.500000,71
5910.000000,71
5912.500000,71
5915.000000,71
5917.500000,70
5920.000000,70
5922.500000,70
5925.000000,70
5927.500000,70
5930.000000,70
5932.500000,70
5935.000000,70
5937.500000,70
5940.000000,70
5942.500000,70
5945.000000,70
5947.500000,70
5950.000000,69
5952.500000,69
5955.000000,69
5957.500000,69
5960.000000,69
5962.500000,71
5965.000000,71
5967.500000,71
5970.000000,71
5972.500000,70
5975.000000,70
5977.500000,70
5980.000000,70
5982.500000,70
5985.000000,72
5987.500000,72
5990.000000,72
5992.500000,72
5995.000000,69
5997.500000,69
6000.000000,69
6002.500000,69
6005.000000,72
6007.500000,72
6010.000000,72
6012.500000,72
6015.000000,72
6017.500000,70
6020.000000,70
6022.500000,70
6025.000000,70
6027.500000,72
6030.000000,72
6032.500000,72
6035.000000,72
6037.500000,72
6040.000000,70
6042.500000,70
6045.000000,70
6047.500000,70
6050.000000,71
6052.500000,71
6055.000000,71
6057.500000,71
6060.000000,70
6062.500000,70
6065.000000,70
6067.500000,70
6070.000000,70
6072.500000,71
6075.000000,71
6077.500000,71
6080.000000,71
6082.500000,72
6085.000000,72
6087.500000,72
6090.000000,72
6092.500000,72
6095.000000,69
6097.500000,69
6100.000000,69
6102.500000,69
6105.000000,71
6107.500000,71
6110.000000,71
6112.500000,71
6115.000000,71
6117.500000,69
6120.000000,69
6122.500000,69
6125.000000,69
6127.500000,71
6130.000000,71
6132.500000,71
6135.000000,71
6137.500000,69
6140.000000,69
6142.500000,69
6145.000000,69
6147.500000,69
6150.000000,71
6152.500000,71
6155.000000,71
6157.500000,71
6160.000000,69
6162.500000,69
6165.000000,69
6167.500000,69
6170.000000,69
6172.500000,71
6175.000000,71
6177.500000,71
6180.000000,71
6182.500000,70
6185.000000,70
6187.500000,70
6190.000000,70
6192.500000,71
6195.000000,71
6197.500000,71
6200.000000,71
6202.500000,71
6205.000000,70
6207.500000,70
6210.000000,70
6212.500000,70
6215.000000,70
6217.500000,70
6220.000000,70
6222.500000,70
6225.000000,70
6227.500000,71
6230.000000,71
6232.500000,71
6235.000000,71
6237.500000,70
6240.000000,70
6242.500000,70
6245.000000,70
6247.500000,71
6250.000000,71
6252.500000,71
6255.000000,71
6257.500000,71
6260.000000,69
6262.500000,69
6265.000000,69
6267.500000,69
6270.000000,72
6272.500000,72
6275.000000,72
6277.500000,72
6280.000000,72
6282.500000,69
6285.000000,69
6287.500000,69
6290.000000,69
6292.500000,71
6295.000000,71
6297.500000,71
6300.000000,71
6302.500000,69
6305.000000,69
6307.500000,69
6310.000000,69
6312.500000,69
6315.000000,71
6317.500000,71
6320.000000,71
6322.500000,71
6325.000000,70
6327.500000,70
6330.000000,70
6332.500000,70
6335.000000,70
6337.500000,70
6340.000000,70
6342.500000,70
6345.000000,70
6347.500000,70
6350.000000,70
6352.500000,70
6355.000000,70
6357.500000,70
6360.000000,70
6362.500000,70
6365.000000,70
6367.500000,70
6370.000000,71
6372.500000,71
6375.000000,71
6377.500000,71
6380.000000,69
6382.500000,69
6385.000000,69
6387.500000,69
6390.000000,69
6392.500000,71
6395.000000,71
6397.500000,71
6400.000000,71
6402.500000,69
6405.000000,69
6407.500000,69
6410.000000,69
6412.500000,72
6415.000000,72
6417.500000,72
6420.000000,72
6422.500000,72
6425.000000,69
6427.500000,69
6430.000000,69
6432.500000,69
6435.000000,71
6437.500000,71
6440.000000,71
6442.500000,71
6445.000000,71
6447.500000,69
6450.000000,69
6452.500000,69
6455.000000,69
6457.500000,71
6460.000000,71
6462.500000,71
6465.000000,71
6467.500000,71
6470.000000,70
6472.500000,70
6475.000000,70
6477.500000,70
6480.000000,70
6482.500000,70
6485.000000,70
6487.500000,70
6490.000000,70
6492.500000,70
6495.000000,70
6497.500000,70
6500.000000,70
6502.500000,70
6505.000000,70
6507.500000,70
6510.000000,70
6512.500000,71
6515.000000,71
6517.500000,71
6520.000000,71
6522.500000,71
6525.000000,69
6527.500000,69
6530.000000,69
6532.500000,69
6535.000000,77
6537.500000,77
6540.000000,77
6542.500000,77
6545.000000,109
6547.500000,109
6550.000000,109
6552.500000,109
6555.000000,109
6557.500000,147
6560.000000,147
6562.500000,147
6565.000000,147
6567.500000,172
6570.000000,172
6572.500000,172
6575.000000,172
6577.500000,172
6580.000000,199
6582.500000,199
6585.000000,199
6587.500000,199
6590.000000,224
6592.500000,224
6595.000000,224
6597.500000,224
6600.000000,248
6602.500000,248
6605.000000,248
6607.500000,248
6610.000000,248
6612.500000,268
6615.000000,268
6617.500000,268
6620.000000,268
6622.500000,284
6625.000000,284
6627.500000,284
6630.000000,284
6632.500000,284
6635.000000,296
6637.500000,296
6640.000000,296
6642.500000,296
6645.000000,305
6647.500000,305
6650.000000,305
6652.500000,305
6655.000000,315
6657.500000,315
6660.000000,315
6662.500000,315
6665.000000,315
6667.500000,323
6670.000000,323
6672.500000,323
6675.000000,323
6677.500000,330
6680.000000,330
6682.500000,330
6685.000000,330
6687.500000,330
6690.000000,336
6692.500000,336
6695.000000,336
6697.500000,336
6700.000000,341
6702.500000,341
6705.000000,341
6707.500000,341
6710.000000,346
6712.500000,346
6715.000000,346
6717.500000,346
6720.000000,346
6722.500000,349
6725.000000,349
6727.500000,349
6730.000000,349
6732.500000,352
6735.000000,352
6737.500000,352
6740.000000,352
6742.500000,352
6745.000000,356
6747.500000,356
6750.000000,356
6752.500000,356
6755.000000,358
6757.500000,358
6760.000000,358
6762.500000,358
6765.000000,358
6767.500000,359
6770.000000,359
6772.500000,359
6775.000000,359
6777.500000,360
6780.000000,360
6782.500000,360
6785.000000,360
6787.500000,361
6790.000000,361
6792.500000,361
6795.000000,361
6797.500000,361
6800.000000,363
6802.500000,363
6805.000000,363
6807.500000,363
6810.000000,364
6812.500000,364
6815.000000,364
6817.500000,364
6820.000000,364
6822.500000,364
6825.000000,364
6827.500000,364
6830.000000,364
6832.500000,365
6835.000000,365
6837.500000,365
6840.000000,365
6842.500000,365
6845.000000,365
6847.500000,365
6850.000000,365
6852.500000,365
6855.000000,366
6857.500000,366
6860.000000,366
6862.500000,366
6865.000000,368
6867.500000,368
6870.000000,368
6872.500000,368
6875.000000,368
6877.500000,369
6880.000000,369
6882.500000,369
6885.000000,369
6887.500000,370
6890.000000,370
6892.500000,370
6895.000000,370
6897.500000,369
6900.000000,369
6902.500000,369
6905.000000,369
6907.500000,369
6910.000000,368
6912.500000,368
6915.000000,368
6917.500000,368
6920.000000,368
6922.500000,368
6925.000000,368
6927.500000,368
6930.000000,368
6932.500000,368
6935.000000,368
6937.500000,368
6940.000000,368
6942.500000,368
6945.000000,368
6947.500000,368
6950.000000,368
6952.500000,369
6955.000000,369
6957.500000,369
6960.000000,369
6962.500000,369
6965.000000,369
6967.500000,369
6970.000000,369
6972.500000,369
6975.000000,369
6977.500000,369
6980.000000,369
6982.500000,369
6985.000000,369
6987.500000,368
6990.000000,368
6992.500000,368
6995.000000,368
6997.500000,368
7000.000000,368
#Target
2.500000,0
5.000000,0
7.500000,0
10.000000,0
12.500000,0
15.000000,0
17.500000,0
20.000000,0
22.500000,0
25.000000,0
27.500000,0
30.000000,0
32.500000,0
35.000000,0
37.500000,0
40.000000,0
42.500000,0
45.000000,0
47.500000,0
50.000000,0
52.500000,0
55.000000,0
57.500000,0
60.000000,0
62.500000,0
65.000000,0
67.500000,0
70.000000,0
72.500000,0
75.000000,0
77.500000,0
80.000000,0
82.500000,0
85.000000,0
87.500000,0
90.000000,0
92.500000,0
95.000000,0
97.500000,0
100.000000,0
102.500000,0
105.000000,0
107.500000,0
110.000000,0
112.500000,0
115.000000,0
117.500000,0
120.000000,0
122.500000,0
125.000000,0
127.500000,0
130.000000,0
132.500000,0
135.000000,0
137.500000,0
140.000000,0
142.500000,0
145.000000,0
147.500000,0
150.000000,0
152.500000,0
155.000000,0
157.500000,0
160.000000,0
162.500000,0
165.000000,0
167.500000,0
170.000000,0
172.500000,0
175.000000,0
177.500000,0
180.000000,0
182.500000,0
185.000000,0
187.500000,0
190.000000,0
192.500000,0
195.000000,0
197.500000,0
200.000000,0
202.500000,0
205.000000,0
207.500000,0
210.000000,0
212.500000,0
215.000000,0
217.500000,0
220.000000,0
222.500000,0
225.000000,0
227.500000,0
230.000000,0
232.500000,0
235.000000,0
237.500000,0
240.000000,0
242.500000,0
245.000000,0
247.500000,0
250.000000,0
252.500000,0
255.000000,0
257.500000,0
260.000000,0
262.500000,0
265.000000,0
267.500000,0
270.000000,0
272.500000,0
275.000000,0
277.500000,0
280.000000,0
282.500000,0
285.000000,0
287.500000,0
290.000000,0
292.500000,0
295.000000,0
297.500000,0
300.000000,0
302.500000,0
305.000000,0
307.500000,0
310.000000,0
312.500000,0
315.000000,0
317.500000,0
320.000000,0
322.500000,0
325.000000,0
327.500000,0
330.000000,0
332.500000,0
335.000000,0
337.500000,0
340.000000,0
342.500000,0
345.000000,0
347.500000,0
350.000000,0
352.500000,0
355.000000,0
357.500000,0
360.000000,0
362.500000,0
365.000000,0
367.500000,0
370.000000,0
372.500000,0
375.000000,0
377.500000,0
380.000000,0
382.500000,0
385.000000,0
387.500000,0
390.000000,0
392.500000,0
395.000000,0
397.500000,0
400.000000,0
402.500000,0
405.000000,0
407.500000,0
410.000000,0
412.500000,0
415.000000,0
417.500000,0
420.000000,0
422.500000,0
425.000000,0
427.500000,0
430.000000,0
432.500000,0
435.000000,0
437.500000,0
440.000000,0
442.500000,0
445.000000,0
447.500000,0
450.000000,0
452.500000,0
455.000000,0
457.500000,0
460.000000,0
462.500000,0
465.000000,0
467.500000,0
470.000000,0
472.500000,0
475.000000,0
477.500000,0
480.000000,0
482.500000,0
485.000000,0
487.500000,0
490.000000,0
492.500000,0
495.000000,0
497.500000,0
500.000000,0
502.500000,0
505.000000,0
507.500000,0
510.000000,0
512.500000,0
515.000000,0
517.500000,0
520.000000,0
522.500000,0
525.000000,0
527.500000,0
530.000000,0
532.500000,0
535.000000,0
537.500000,0
540.000000,0
542.500000,0
545.000000,0
547.500000,0
550.000000,0
552.500000,0
555.000000,0
557.500000,0
560.000000,0
562.500000,0
565.000000,0
567.500000,0
570.000000,0
572.500000,0
575.000000,0
577.500000,0
580.000000,0
582.500000,0
585.000000,0
587.500000,0
590.000000,0
592.500000,0
595.000000,0
597.500000,0
600.000000,0
602.500000,0
605.000000,0
607.500000,0
610.000000,0
612.500000,0
615.000000,0
617.500000,0
620.000000,0
622.500000,0
625.000000,0
627.500000,0
630.000000,0
632.500000,0
635.000000,0
637.500000,0
640.000000,0
642.500000,0
645.000000,0
647.500000,0
650.000000,0
652.500000,0
655.000000,0
657.500000,0
660.000000,0
662.500000,0
665.000000,0
667.500000,0
670.000000,0
672.500000,0
675.000000,0
677.500000,0
680.000000,0
682.500000,0
685.000000,0
687.500000,0
690.000000,0
692.500000,0
695.000000,0
697.500000,0
700.000000,0
702.500000,0
705.000000,0
707.500000,0
710.000000,0
712.500000,0
715.000000,0
717.500000,0
720.000000,0
722.500000,0
725.000000,0
727.500000,0
730.000000,0
732.500000,0
735.000000,0
737.500000,0
740.000000,0
742.500000,0
745.000000,0
747.500000,0
750.000000,0
752.500000,0
755.000000,0
757.500000,0
760.000000,0
762.500000,0
765.000000,0
767.500000,0
770.000000,0
772.500000,0
775.000000,0
777.500000,0
780.000000,0
782.500000,0
785.000000,0
787.500000,0
790.000000,0
792.500000,0
795.000000,0
797.500000,0
800.000000,0
802.500000,0
805.000000,0
807.500000,0
810.000000,0
812.500000,0
815.000000,0
817.500000,0
820.000000,0
822.500000,0
825.000000,0
827.500000,0
830.000000,0
832.500000,0
835.000000,0
837.500000,0
840.000000,0
842.500000,0
845.000000,0
847.500000,0
850.000000,0
852.500000,0
855.000000,0
857.500000,0
860.000000,0
862.500000,0
865.000000,0
867.500000,0
870.000000,0
872.500000,0
875.000000,0
877.500000,0
880.000000,0
882.500000,0
885.000000,0
887.500000,0
890.000000,0
892.500000,0
895.000000,0
897.500000,0
900.000000,0
902.500000,0
905.000000,0
907.500000,0
910.000000,0
912.500000,0
915.000000,0
917.500000,0
920.000000,0
922.500000,0
925.000000,0
927.500000,0
930.000000,0
932.500000,0
935.000000,0
937.500000,0
940.000000,0
942.500000,0
945.000000,0
947.500000,0
950.000000,0
952.500000,0
955.000000,0
957.500000,0
960.000000,0
962.500000,0
965.000000,0
967.500000,0
970.000000,0
972.500000,0
975.000000,0
977.500000,0
980.000000,0
982.500000,0
985.000000,0
987.500000,0
990.000000,0
992.500000,0
995.000000,0
997.500000,0
1000.000000,0
1002.500000,0
1005.000000,0
1007.500000,0
1010.000000,0
1012.500000,0
1015.000000,0
1017.500000,0
1020.000000,0
1022.500000,0
1025.000000,0
1027.500000,0
1030.000000,0
1032.500000,0
1035.000000,0
1037.500000,0
1040.000000,0
1042.500000,0
1045.000000,0
1047.500000,0
1050.000000,0
1052.500000,0
1055.000000,0
1057.500000,0
1060.000000,0
1062.500000,0
1065.000000,0
1067.500000,0
1070.000000,0
1072.500000,0
1075.000000,0
1077.500000,0
1080.000000,0
1082.500000,0
1085.000000,0
1087.500000,0
1090.000000,0
1092.500000,0
1095.000000,0
1097.500000,0
1100.000000,0
1102.500000,0
1105.000000,0
1107.500000,0
1110.000000,0
1112.500000,0
1115.000000,0
1117.500000,0
1120.000000,0
1122.500000,0
1125.000000,0
1127.500000,0
1130.000000,0
1132.500000,0
1135.000000,0
1137.500000,0
1140.000000,0
1142.500000,0
1145.000000,0
1147.500000,0
1150.000000,0
1152.500000,0
1155.000000,0
1157.500000,0
1160.000000,0
1162.500000,0
1165.000000,0
1167.500000,0
1170.000000,0
1172.500000,0
1175.000000,0
1177.500000,0
1180.000000,0
1182.500000,0
1185.000000,0
1187.500000,0
1190.000000,0
1192.500000,0
1195.000000,0
1197.500000,0
1200.000000,0
1202.500000,0
1205.000000,0
1207.500000,0
1210.000000,0
1212.500000,0
1215.000000,0
1217.500000,0
1220.000000,0
1222.500000,0
1225.000000,0
1227.500000,0
1230.000000,0
1232.500000,0
1235.000000,0
1237.500000,0
1240.000000,0
1242.500000,0
1245.000000,0
1247.500000,0
1250.000000,0
1252.500000,0
1255.000000,0
1257.500000,0
1260.000000,0
1262.500000,0
1265.000000,0
1267.500000,0
1270.000000,0
1272.500000,0
1275.000000,0
1277.500000,0
1280.000000,0
1282.500000,0
1285.000000,0
1287.500000,0
1290.000000,0
1292.500000,0
1295.000000,0
1297.500000,0
1300.000000,0
1302.500000,0
1305.000000,0
1307.500000,0
1310.000000,0
1312.500000,0
1315.000000,0
1317.500000,0
1320.000000,0
1322.500000,0
1325.000000,0
1327.500000,0
1330.000000,0
1332.500000,0
1335.000000,0
1337.500000,0
1340.000000,0
1342.500000,0
1345.000000,0
1347.500000,0
1350.000000,0
1352.500000,0
1355.000000,0
1357.500000,0
1360.000000,0
1362.500000,0
1365.000000,0
1367.500000,0
1370.000000,0
1372.500000,0
1375.000000,0
1377.500000,0
1380.000000,0
1382.500000,0
1385.000000,0
1387.500000,0
1390.000000,0
1392.500000,0
1395.000000,0
1397.500000,0
1400.000000,0
1402.500000,0
1405.000000,0
1407.500000,0
1410.000000,0
1412.500000,0
1415.000000,0
1417.500000,0
1420.000000,0
1422.500000,0
1425.000000,0
1427.500000,0
1430.000000,0
1432.500000,0
1435.000000,0
1437.500000,0
1440.000000,0
1442.500000,0
1445.000000,0
1447.500000,0
1450.000000,0
1452.500000,0
1455.000000,0
1457.500000,0
1460.000000,0
1462.500000,0
1465.000000,0
1467.500000,0
1470.000000,0
1472.500000,0
1475.000000,0
1477.500000,0
1480.000000,0
1482.500000,0
1485.000000,0
1487.500000,0
1490.000000,0
1492.500000,0
1495.000000,0
1497.500000,0
1500.000000,0
1502.500000,0
1505.000000,0
1507.500000,0
1510.000000,0
1512.500000,0
1515.000000,0
1517.500000,0
1520.000000,0
1522.500000,0
1525.000000,0
1527.500000,0
1530.000000,0
1532.500000,0
1535.000000,0
1537.500000,0
1540.000000,0
1542.500000,0
1545.000000,0
1547.500000,0
1550.000000,0
1552.500000,0
1555.000000,0
1557.500000,0
1560.000000,0
1562.500000,0
1565.000000,0
1567.500000,0
1570.000000,0
1572.500000,0
1575.000000,0
1577.500000,0
1580.000000,0
1582.500000,0
1585.000000,0
1587.500000,0
1590.000000,0
1592.500000,0
1595.000000,0
1597.500000,0
1600.000000,0
1602.500000,0
1605.000000,0
1607.500000,0
1610.000000,0
1612.500000,0
1615.000000,0
1617.500000,0
1620.000000,0
1622.500000,0
1625.000000,0
1627.500000,0
1630.000000,0
1632.500000,0
1635.000000,0
1637.500000,0
1640.000000,0
1642.500000,0
1645.000000,0
1647.500000,0
1650.000000,0
1652.500000,0
1655.000000,0
1657.500000,0
1660.000000,0
1662.500000,0
1665.000000,0
1667.500000,0
1670.000000,0
1672.500000,0
1675.000000,0
1677.500000,0
1680.000000,0
1682.500000,0
1685.000000,0
1687.500000,0
1690.000000,0
1692.500000,0
1695.000000,0
1697.500000,0
1700.000000,0
1702.500000,0
1705.000000,0
1707.500000,0
1710.000000,0
1712.500000,0
1715.000000,0
1717.500000,0
1720.000000,0
1722.500000,0
1725.000000,0
1727.500000,0
1730.000000,0
1732.500000,0
1735.000000,0
1737.500000,0
1740.000000,0
1742.500000,0
1745.000000,0
1747.500000,0
1750.000000,0
1752.500000,0
1755.000000,0
1757.500000,0
1760.000000,0
1762.500000,0
1765.000000,0
1767.500000,0
1770.000000,0
1772.500000,0
1775.000000,0
1777.500000,0
1780.000000,0
1782.500000,0
1785.000000,0
1787.500000,0
1790.000000,0
1792.500000,0
1795.000000,0
1797.500000,0
1800.000000,0
1802.500000,0
1805.000000,0
1807.500000,0
1810.000000,0
1812.500000,0
1815.000000,0
1817.500000,0
1820.000000,0
1822.500000,0
1825.000000,0
1827.500000,0
1830.000000,0
1832.500000,0
1835.000000,0
1837.500000,0
1840.000000,0
1842.500000,0
1845.000000,0
1847.500000,0
1850.000000,0
1852.500000,0
1855.000000,0
1857.500000,0
1860.000000,0
1862.500000,0
1865.000000,0
1867.500000,0
1870.000000,0
1872.500000,0
1875.000000,0
1877.500000,0
1880.000000,0
1882.500000,0
1885.000000,0
1887.500000,0
1890.000000,0
1892.500000,0
1895.000000,0
1897.500000,0
1900.000000,0
1902.500000,0
1905.000000,0
1907.500000,0
1910.000000,0
1912.500000,0
1915.000000,0
1917.500000,0
1920.000000,0
1922.500000,0
1925.000000,0
1927.500000,0
1930.000000,0
1932.500000,0
1935.000000,0
1937.500000,0
1940.000000,0
1942.500000,0
1945.000000,0
1947.500000,0
1950.000000,0
1952.500000,0
1955.000000,0
1957.500000,0
1960.000000,0
1962.500000,0
1965.000000,0
1967.500000,0
1970.000000,0
1972.500000,0
1975.000000,0
1977.500000,0
1980.000000,0
1982.500000,0
1985.000000,0
1987.500000,0
1990.000000,0
1992.500000,0
1995.000000,0
1997.500000,0
2000.000000,0
2002.500000,0
2005.000000,0
2007.500000,0
2010.000000,0
2012.500000,0
2015.000000,0
2017.500000,0
2020.000000,0
2022.500000,0
2025.000000,0
2027.500000,0
2030.000000,0
2032.500000,0
2035.000000,0
2037.500000,0
2040.000000,0
2042.500000,0
2045.000000,0
2047.500000,0
2050.000000,0
2052.500000,0
2055.000000,0
2057.500000,0
2060.000000,0
2062.500000,0
2065.000000,0
2067.500000,0
2070.000000,0
2072.500000,0
2075.000000,0
2077.500000,0
2080.000000,0
2082.500000,0
2085.000000,0
2087.500000,0
2090.000000,0
2092.500000,0
2095.000000,0
2097.500000,0
2100.000000,0
2102.500000,0
2105.000000,0
2107.500000,0
2110.000000,0
2112.500000,0
2115.000000,0
2117.500000,0
2120.000000,0
2122.500000,0
2125.000000,0
2127.500000,0
2130.000000,0
2132.500000,0
2135.000000,0
2137.500000,0
2140.000000,0
2142.500000,0
2145.000000,0
2147.500000,0
2150.000000,0
2152.500000,0
2155.000000,0
2157.500000,0
2160.000000,0
2162.500000,0
2165.000000,0
2167.500000,0
2170.000000,0
2172.500000,0
2175.000000,0
2177.500000,0
2180.000000,0
2182.500000,0
2185.000000,0
2187.500000,0
2190.000000,0
2192.500000,0
2195.000000,0
2197.500000,0
2200.000000,0
2202.500000,0
2205.000000,0
2207.500000,0
2210.000000,0
2212.500000,0
2215.000000,0
2217.500000,0
2220.000000,0
2222.500000,0
2225.000000,0
2227.500000,0
2230.000000,0
2232.500000,0
2235.000000,0
2237.500000,0
2240.000000,0
2242.500000,0
2245.000000,0
2247.500000,0
2250.000000,0
2252.500000,0
2255.000000,0
2257.500000,0
2260.000000,0
2262.500000,0
2265.000000,0
2267.500000,0
2270.000000,0
2272.500000,0
2275.000000,0
2277.500000,0
2280.000000,0
2282.500000,0
2285.000000,0
2287.500000,0
2290.000000,0
2292.500000,0
2295.000000,0
2297.500000,0
2300.000000,0
2302.500000,0
2305.000000,0
2307.500000,0
2310.000000,0
2312.500000,0
2315.000000,0
2317.500000,0
2320.000000,0
2322.500000,0
2325.000000,0
2327.500000,0
2330.000000,0
2332.500000,0
2335.000000,0
2337.500000,0
2340.000000,0
2342.500000,0
2345.000000,0
2347.500000,0
2350.000000,0
2352.500000,0
2355.000000,0
2357.500000,0
2360.000000,0
2362.500000,0
2365.000000,0
2367.500000,0
2370.000000,0
2372.500000,0
2375.000000,0
2377.500000,0
2380.000000,0
2382.500000,0
2385.000000,0
2387.500000,0
2390.000000,0
2392.500000,0
2395.000000,0
2397.500000,0
2400.000000,0
2402.500000,0
2405.000000,0
2407.500000,0
2410.000000,0
2412.500000,0
2415.000000,0
2417.500000,0
2420.000000,0
2422.500000,0
2425.000000,0
2427.500000,0
2430.000000,0
2432.500000,0
2435.000000,0
2437.500000,0
2440.000000,0
2442.500000,0
2445.000000,0
2447.500000,0
2450.000000,0
2452.500000,0
2455.000000,0
2457.500000,0
2460.000000,0
2462.500000,0
2465.000000,0
2467.500000,0
2470.000000,0
2472.500000,0
2475.000000,0
2477.500000,0
2480.000000,0
2482.500000,0
2485.000000,0
2487.500000,0
2490.000000,0
2492.500000,0
2495.000000,0
2497.500000,0
2500.000000,0
2502.500000,0
2505.000000,0
2507.500000,4000
2510.000000,4000
2512.500000,4000
2515.000000,4000
2517.500000,4000
2520.000000,4000
2522.500000,4000
2525.000000,4000
2527.500000,4000
2530.000000,4000
2532.500000,4000
2535.000000,4000
2537.500000,4000
2540.000000,4000
2542.500000,4000
2545.000000,4000
2547.500000,4000
2550.000000,4000
2552.500000,4000
2555.000000,4000
2557.500000,4000
2560.000000,4000
2562.500000,4000
2565.000000,4000
2567.500000,4000
2570.000000,4000
2572.500000,4000
2575.000000,4000
2577.500000,4000
2580.000000,4000
2582.500000,4000
2585.000000,4000
2587.500000,4000
2590.000000,4000
2592.500000,4000
2595.000000,4000
2597.500000,4000
2600.000000,4000
2602.500000,4000
2605.000000,4000
2607.500000,4000
2610.000000,4000
2612.500000,4000
2615.000000,4000
2617.500000,4000
2620.000000,4000
2622.500000,4000
2625.000000,4000
2627.500000,4000
2630.000000,4000
2632.500000,4000
2635.000000,4000
2637.500000,4000
2640.000000,4000
2642.500000,4000
2645.000000,4000
2647.500000,4000
2650.000000,4000
2652.500000,4000
2655.000000,4000
2657.500000,4000
2660.000000,4000
2662.500000,4000
2665.000000,4000
2667.500000,4000
2670.000000,4000
2672.500000,4000
2675.000000,4000
2677.500000,4000
2680.000000,4000
2682.500000,4000
2685.000000,4000
2687.500000,4000
2690.000000,4000
2692.500000,4000
2695.000000,4000
2697.500000,4000
2700.000000,4000
2702.500000,4000
2705.000000,4000
2707.500000,4000
2710.000000,4000
2712.500000,4000
2715.000000,4000
2717.500000,4000
2720.000000,4000
2722.500000,4000
2725.000000,4000
2727.500000,4000
2730.000000,4000
2732.500000,4000
2735.000000,4000
2737.500000,4000
2740.000000,4000
2742.500000,4000
2745.000000,4000
2747.500000,4000
2750.000000,4000
2752.500000,4000
2755.000000,4000
2757.500000,4000
2760.000000,4000
2762.500000,4000
2765.000000,4000
2767.500000,4000
2770.000000,4000
2772.500000,4000
2775.000000,4000
2777.500000,4000
2780.000000,4000
2782.500000,4000
2785.000000,4000
2787.500000,4000
2790.000000,4000
2792.500000,4000
2795.000000,4000
2797.500000,4000
2800.000000,4000
2802.500000,4000
2805.000000,4000
2807.500000,4000
2810.000000,4000
2812.500000,4000
2815.000000,4000
2817.500000,4000
2820.000000,4000
2822.500000,4000
2825.000000,4000
2827.500000,4000
2830.000000,4000
2832.500000,4000
2835.000000,4000
2837.500000,4000
2840.000000,4000
2842.500000,4000
2845.000000,4000
2847.500000,4000
2850.000000,4000
2852.500000,4000
2855.000000,4000
2857.500000,4000
2860.000000,4000
2862.500000,4000
2865.000000,4000
2867.500000,4000
2870.000000,4000
2872.500000,4000
2875.000000,4000
2877.500000,4000
2880.000000,4000
2882.500000,4000
2885.000000,4000
2887.500000,4000
2890.000000,4000
2892.500000,4000
2895.000000,4000
2897.500000,4000
2900.000000,4000
2902.500000,4000
2905.000000,4000
2907.500000,4000
2910.000000,4000
2912.500000,4000
2915.000000,4000
2917.500000,4000
2920.000000,4000
2922.500000,4000
2925.000000,4000
2927.500000,4000
2930.000000,4000
2932.500000,4000
2935.000000,4000
2937.500000,4000
2940.000000,4000
2942.500000,4000
2945.000000,4000
2947.500000,4000
2950.000000,4000
2952.500000,4000
2955.000000,4000
2957.500000,4000
2960.000000,4000
2962.500000,4000
2965.000000,4000
2967.500000,4000
2970.000000,4000
2972.500000,4000
2975.000000,4000
2977.500000,4000
2980.000000,4000
2982.500000,4000
2985.000000,4000
2987.500000,4000
2990.000000,4000
2992.500000,4000
2995.000000,4000
2997.500000,4000
3000.000000,4000
3002.500000,4000
3005.000000,4000
3007.500000,4000
3010.000000,4000
3012.500000,4000
3015.000000,4000
3017.500000,4000
3020.000000,4000
3022.500000,4000
3025.000000,4000
3027.500000,4000
3030.000000,4000
3032.500000,4000
3035.000000,4000
3037.500000,4000
3040.000000,4000
3042.500000,4000
3045.000000,4000
3047.500000,4000
3050.000000,4000
3052.500000,4000
3055.000000,4000
3057.500000,4000
3060.000000,4000
3062.500000,4000
3065.000000,4000
3067.500000,4000
3070.000000,4000
3072.500000,4000
3075.000000,4000
3077.500000,4000
3080.000000,4000
3082.500000,4000
3085.000000,4000
3087.500000,4000
3090.000000,4000
3092.500000,4000
3095.000000,4000
3097.500000,4000
3100.000000,4000
3102.500000,4000
3105.000000,4000
3107.500000,4000
3110.000000,4000
3112.500000,4000
3115.000000,4000
3117.500000,4000
3120.000000,4000
3122.500000,4000
3125.000000,4000
3127.500000,4000
3130.000000,4000
3132.500000,4000
3135.000000,4000
3137.500000,4000
3140.000000,4000
3142.500000,4000
3145.000000,4000
3147.500000,4000
3150.000000,4000
3152.500000,4000
3155.000000,4000
3157.500000,4000
3160.000000,4000
3162.500000,4000
3165.000000,4000
3167.500000,4000
3170.000000,4000
3172.500000,4000
3175.000000,4000
3177.500000,4000
3180.000000,4000
3182.500000,4000
3185.000000,4000
3187.500000,4000
3190.000000,4000
3192.500000,4000
3195.000000,4000
3197.500000,4000
3200.000000,4000
3202.500000,4000
3205.000000,4000
3207.500000,4000
3210.000000,4000
3212.500000,4000
3215.000000,4000
3217.500000,4000
3220.000000,4000
3222.500000,4000
3225.000000,4000
3227.500000,4000
3230.000000,4000
3232.500000,4000
3235.000000,4000
3237.500000,4000
3240.000000,4000
3242.500000,4000
3245.000000,4000
3247.500000,4000
3250.000000,4000
3252.500000,4000
3255.000000,4000
3257.500000,4000
3260.000000,4000
3262.500000,4000
3265.000000,4000
3267.500000,4000
3270.000000,4000
3272.500000,4000
3275.000000,4000
3277.500000,4000
3280.000000,4000
3282.500000,4000
3285.000000,4000
3287.500000,4000
3290.000000,4000
3292.500000,4000
3295.000000,4000
3297.500000,4000
3300.000000,4000
3302.500000,4000
3305.000000,4000
3307.500000,4000
3310.000000,4000
3312.500000,4000
3315.000000,4000
3317.500000,4000
3320.000000,4000
3322.500000,4000
3325.000000,4000
3327.500000,4000
3330.000000,4000
3332.500000,4000
3335.000000,4000
3337.500000,4000
3340.000000,4000
3342.500000,4000
3345.000000,4000
3347.500000,4000
3350.000000,4000
3352.500000,4000
3355.000000,4000
3357.500000,4000
3360.000000,4000
3362.500000,4000
3365.000000,4000
3367.500000,4000
3370.000000,4000
3372.500000,4000
3375.000000,4000
3377.500000,4000
3380.000000,4000
3382.500000,4000
3385.000000,4000
3387.500000,4000
3390.000000,4000
3392.500000,4000
3395.000000,4000
3397.500000,4000
3400.000000,4000
3402.500000,4000
3405.000000,4000
3407.500000,4000
3410.000000,4000
3412.500000,4000
3415.000000,4000
3417.500000,4000
3420.000000,4000
3422.500000,4000
3425.000000,4000
3427.500000,4000
3430.000000,4000
3432.500000,4000
3435.000000,4000
3437.500000,4000
3440.000000,4000
3442.500000,4000
3445.000000,4000
3447.500000,4000
3450.000000,4000
3452.500000,4000
3455.000000,4000
3457.500000,4000
3460.000000,4000
3462.500000,4000
3465.000000,4000
3467.500000,4000
3470.000000,4000
3472.500000,4000
3475.000000,4000
3477.500000,4000
3480.000000,4000
3482.500000,4000
3485.000000,4000
3487.500000,4000
3490.000000,4000
3492.500000,4000
3495.000000,4000
3497.500000,4000
3500.000000,4000
3502.500000,4000
3505.000000,4000
3507.500000,4000
3510.000000,4000
3512.500000,4000
3515.000000,4000
3517.500000,4000
3520.000000,4000
3522.500000,4000
3525.000000,4000
3527.500000,4000
3530.000000,4000
3532.500000,4000
3535.000000,4000
3537.500000,4000
3540.000000,4000
3542.500000,4000
3545.000000,4000
3547.500000,4000
3550.000000,4000
3552.500000,4000
3555.000000,4000
3557.500000,4000
3560.000000,4000
3562.500000,4000
3565.000000,4000
3567.500000,4000
3570.000000,4000
3572.500000,4000
3575.000000,4000
3577.500000,4000
3580.000000,4000
3582.500000,4000
3585.000000,4000
3587.500000,4000
3590.000000,4000
3592.500000,4000
3595.000000,4000
3597.500000,4000
3600.000000,4000
3602.500000,4000
3605.000000,4000
3607.500000,4000
3610.000000,4000
3612.500000,4000
3615.000000,4000
3617.500000,4000
3620.000000,4000
3622.500000,4000
3625.000000,4000
3627.500000,4000
3630.000000,4000
3632.500000,4000
3635.000000,4000
3637.500000,4000
3640.000000,4000
3642.500000,4000
3645.000000,4000
3647.500000,4000
3650.000000,4000
3652.500000,4000
3655.000000,4000
3657.500000,4000
3660.000000,4000
3662.500000,4000
3665.000000,4000
3667.500000,4000
3670.000000,4000
3672.500000,4000
3675.000000,4000
3677.500000,4000
3680.000000,4000
3682.500000,4000
3685.000000,4000
3687.500000,4000
3690.000000,4000
3692.500000,4000
3695.000000,4000
3697.500000,4000
3700.000000,4000
3702.500000,4000
3705.000000,4000
3707.500000,4000
3710.000000,4000
3712.500000,4000
3715.000000,4000
3717.500000,4000
3720.000000,4000
3722.500000,4000
3725.000000,4000
3727.500000,4000
3730.000000,4000
3732.500000,4000
3735.000000,4000
3737.500000,4000
3740.000000,4000
3742.500000,4000
3745.000000,4000
3747.500000,4000
3750.000000,4000
3752.500000,4000
3755.000000,4000
3757.500000,4000
3760.000000,4000
3762.500000,4000
3765.000000,4000
3767.500000,4000
3770.000000,4000
3772.500000,4000
3775.000000,4000
3777.500000,4000
3780.000000,4000
3782.500000,4000
3785.000000,4000
3787.500000,4000
3790.000000,4000
3792.500000,4000
3795.000000,4000
3797.500000,4000
3800.000000,4000
3802.500000,4000
3805.000000,4000
3807.500000,4000
3810.000000,4000
3812.500000,4000
3815.000000,4000
3817.500000,4000
3820.000000,4000
3822.500000,4000
3825.000000,4000
3827.500000,4000
3830.000000,4000
3832.500000,4000
3835.000000,4000
3837.500000,4000
3840.000000,4000
3842.500000,4000
3845.000000,4000
3847.500000,4000
3850.000000,4000
3852.500000,4000
3855.000000,4000
3857.500000,4000
3860.000000,4000
3862.500000,4000
3865.000000,4000
3867.500000,4000
3870.000000,4000
3872.500000,4000
3875.000000,4000
3877.500000,4000
3880.000000,4000
3882.500000,4000
3885.000000,4000
3887.500000,4000
3890.000000,4000
3892.500000,4000
3895.000000,4000
3897.500000,4000
3900.000000,4000
3902.500000,4000
3905.000000,4000
3907.500000,4000
3910.000000,4000
3912.500000,4000
3915.000000,4000
3917.500000,4000
3920.000000,4000
3922.500000,4000
3925.000000,4000
3927.500000,4000
3930.000000,4000
3932.500000,4000
3935.000000,4000
3937.500000,4000
3940.000000,4000
3942.500000,4000
3945.000000,4000
3947.500000,4000
3950.000000,4000
3952.500000,4000
3955.000000,4000
3957.500000,4000
3960.000000,4000
3962.500000,4000
3965.000000,4000
3967.500000,4000
3970.000000,4000
3972.500000,4000
3975.000000,4000
3977.500000,4000
3980.000000,4000
3982.500000,4000
3985.000000,4000
3987.500000,4000
3990.000000,4000
3992.500000,4000
3995.000000,4000
3997.500000,4000
4000.000000,4000
4002.500000,4000
4005.000000,4000
4007.500000,4000
4010.000000,4000
4012.500000,4000
4015.000000,4000
4017.500000,4000
4020.000000,4000
4022.500000,4000
4025.000000,4000
4027.500000,4000
4030.000000,4000
4032.500000,4000
4035.000000,4000
4037.500000,4000
4040.000000,4000
4042.500000,4000
4045.000000,4000
4047.500000,4000
4050.000000,4000
4052.500000,4000
4055.000000,4000
4057.500000,4000
4060.000000,4000
4062.500000,4000
4065.000000,4000
4067.500000,4000
4070.000000,4000
4072.500000,4000
4075.000000,4000
4077.500000,4000
4080.000000,4000
4082.500000,4000
4085.000000,4000
4087.500000,4000
4090.000000,4000
4092.500000,4000
4095.000000,4000
4097.500000,4000
4100.000000,4000
4102.500000,4000
4105.000000,4000
4107.500000,4000
4110.000000,4000
4112.500000,4000
4115.000000,4000
4117.500000,4000
4120.000000,4000
4122.500000,4000
4125.000000,4000
4127.500000,4000
4130.000000,4000
4132.500000,4000
4135.000000,4000
4137.500000,4000
4140.000000,4000
4142.500000,4000
4145.000000,4000
4147.500000,4000
4150.000000,4000
4152.500000,4000
4155.000000,4000
4157.500000,4000
4160.000000,4000
4162.500000,4000
4165.000000,4000
4167.500000,4000
4170.000000,4000
4172.500000,4000
4175.000000,4000
4177.500000,4000
4180.000000,4000
4182.500000,4000
4185.000000,4000
4187.500000,4000
4190.000000,4000
4192.500000,4000
4195.000000,4000
4197.500000,4000
4200.000000,4000
4202.500000,4000
4205.000000,4000
4207.500000,4000
4210.000000,4000
4212.500000,4000
4215.000000,4000
4217.500000,4000
4220.000000,4000
4222.500000,4000
4225.000000,4000
4227.500000,4000
4230.000000,4000
4232.500000,4000
4235.000000,4000
4237.500000,4000
4240.000000,4000
4242.500000,4000
4245.000000,4000
4247.500000,4000
4250.000000,4000
4252.500000,4000
4255.000000,4000
4257.500000,4000
4260.000000,4000
4262.500000,4000
4265.000000,4000
4267.500000,4000
4270.000000,4000
4272.500000,4000
4275.000000,4000
4277.500000,4000
4280.000000,4000
4282.500000,4000
4285.000000,4000
4287.500000,4000
4290.000000,4000
4292.500000,4000
4295.000000,4000
4297.500000,4000
4300.000000,4000
4302.500000,4000
4305.000000,4000
4307.500000,4000
4310.000000,4000
4312.500000,4000
4315.000000,4000
4317.500000,4000
4320.000000,4000
4322.500000,4000
4325.000000,4000
4327.500000,4000
4330.000000,4000
4332.500000,4000
4335.000000,4000
4337.500000,4000
4340.000000,4000
4342.500000,4000
4345.000000,4000
4347.500000,4000
4350.000000,4000
4352.500000,4000
4355.000000,4000
4357.500000,4000
4360.000000,4000
4362.500000,4000
4365.000000,4000
4367.500000,4000
4370.000000,4000
4372.500000,4000
4375.000000,4000
4377.500000,4000
4380.000000,4000
4382.500000,4000
4385.000000,4000
4387.500000,4000
4390.000000,4000
4392.500000,4000
4395.000000,4000
4397.500000,4000
4400.000000,4000
4402.500000,4000
4405.000000,4000
4407.500000,4000
4410.000000,4000
4412.500000,4000
4415.000000,4000
4417.500000,4000
4420.000000,4000
4422.500000,4000
4425.000000,4000
4427.500000,4000
4430.000000,4000
4432.500000,4000
4435.000000,4000
4437.500000,4000
4440.000000,4000
4442.500000,4000
4445.000000,4000
4447.500000,4000
4450.000000,4000
4452.500000,4000
4455.000000,4000
4457.500000,4000
4460.000000,4000
4462.500000,4000
4465.000000,4000
4467.500000,4000
4470.000000,4000
4472.500000,4000
4475.000000,4000
4477.500000,4000
4480.000000,4000
4482.500000,4000
4485.000000,4000
4487.500000,4000
4490.000000,4000
4492.500000,4000
4495.000000,4000
4497.500000,4000
4500.000000,4000
4502.500000,4000
4505.000000,4000
4507.500000,0
4510.000000,0
4512.500000,0
4515.000000,0
4517.500000,0
4520.000000,0
4522.500000,0
4525.000000,0
4527.500000,0
4530.000000,0
4532.500000,0
4535.000000,0
4537.500000,0
4540.000000,0
4542.500000,0
4545.000000,0
4547.500000,0
4550.000000,0
4552.500000,0
4555.000000,0
4557.500000,0
4560.000000,0
4562.500000,0
4565.000000,0
4567.500000,0
4570.000000,0
4572.500000,0
4575.000000,0
4577.500000,0
4580.000000,0
4582.500000,0
4585.000000,0
4587.500000,0
4590.000000,0
4592.500000,0
4595.000000,0
4597.500000,0
4600.000000,0
4602.500000,0
4605.000000,0
4607.500000,0
4610.000000,0
4612.500000,0
4615.000000,0
4617.500000,0
4620.000000,0
4622.500000,0
4625.000000,0
4627.500000,0
4630.000000,0
4632.500000,0
4635.000000,0
4637.500000,0
4640.000000,0
4642.500000,0
4645.000000,0
4647.500000,0
4650.000000,0
4652.500000,0
4655.000000,0
4657.500000,0
4660.000000,0
4662.500000,0
4665.000000,0
4667.500000,0
4670.000000,0
4672.500000,0
4675.000000,0
4677.500000,0
4680.000000,0
4682.500000,0
4685.000000,0
4687.500000,0
4690.000000,0
4692.500000,0
4695.000000,0
4697.500000,0
4700.000000,0
4702.500000,0
4705.000000,0
4707.500000,0
4710.000000,0
4712.500000,0
4715.000000,0
4717.500000,0
4720.000000,0
4722.500000,0
4725.000000,0
4727.500000,0
4730.000000,0
4732.500000,0
4735.000000,0
4737.500000,0
4740.000000,0
4742.500000,0
4745.000000,0
4747.500000,0
4750.000000,0
4752.500000,0
4755.000000,0
4757.500000,0
4760.000000,0
4762.500000,0
4765.000000,0
4767.500000,0
4770.000000,0
4772.500000,0
4775.000000,0
4777.500000,0
4780.000000,0
4782.500000,0
4785.000000,0
4787.500000,0
4790.000000,0
4792.500000,0
4795.000000,0
4797.500000,0
4800.000000,0
4802.500000,0
4805.000000,0
4807.500000,0
4810.000000,0
4812.500000,0
4815.000000,0
4817.500000,0
4820.000000,0
4822.500000,0
4825.000000,0
4827.500000,0
4830.000000,0
4832.500000,0
4835.000000,0
4837.500000,0
4840.000000,0
4842.500000,0
4845.000000,0
4847.500000,0
4850.000000,0
4852.500000,0
4855.000000,0
4857.500000,0
4860.000000,0
4862.500000,0
4865.000000,0
4867.500000,0
4870.000000,0
4872.500000,0
4875.000000,0
4877.500000,0
4880.000000,0
4882.500000,0
4885.000000,0
4887.500000,0
4890.000000,0
4892.500000,0
4895.000000,0
4897.500000,0
4900.000000,0
4902.500000,0
4905.000000,0
4907.500000,0
4910.000000,0
4912.500000,0
4915.000000,0
4917.500000,0
4920.000000,0
4922.500000,0
4925.000000,0
4927.500000,0
4930.000000,0
4932.500000,0
4935.000000,0
4937.500000,0
4940.000000,0
4942.500000,0
4945.000000,0
4947.500000,0
4950.000000,0
4952.500000,0
4955.000000,0
4957.500000,0
4960.000000,0
4962.500000,0
4965.000000,0
4967.500000,0
4970.000000,0
4972.500000,0
4975.000000,0
4977.500000,0
4980.000000,0
4982.500000,0
4985.000000,0
4987.500000,0
4990.000000,0
4992.500000,0
4995.000000,0
4997.500000,0
5000.000000,0
5002.500000,0
5005.000000,0
5007.500000,0
5010.000000,0
5012.500000,0
5015.000000,0
5017.500000,0
5020.000000,0
5022.500000,0
5025.000000,0
5027.500000,0
5030.000000,0
5032.500000,0
5035.000000,0
5037.500000,0
5040.000000,0
5042.500000,0
5045.000000,0
5047.500000,0
5050.000000,0
5052.500000,0
5055.000000,0
5057.500000,0
5060.000000,0
5062.500000,0
5065.000000,0
5067.500000,0
5070.000000,0
5072.500000,0
5075.000000,0
5077.500000,0
5080.000000,0
5082.500000,0
5085.000000,0
5087.500000,0
5090.000000,0
5092.500000,0
5095.000000,0
5097.500000,0
5100.000000,0
5102.500000,0
5105.000000,0
5107.500000,0
5110.000000,0
5112.500000,0
5115.000000,0
5117.500000,0
5120.000000,0
5122.500000,0
5125.000000,0
5127.500000,0
5130.000000,0
5132.500000,0
5135.000000,0
5137.500000,0
5140.000000,0
5142.500000,0
5145.000000,0
5147.500000,0
5150.000000,0
5152.500000,0
5155.000000,0
5157.500000,0
5160.000000,0
5162.500000,0
5165.000000,0
5167.500000,0
5170.000000,0
5172.500000,0
5175.000000,0
5177.500000,0
5180.000000,0
5182.500000,0
5185.000000,0
5187.500000,0
5190.000000,0
5192.500000,0
5195.000000,0
5197.500000,0
5200.000000,0
5202.500000,0
5205.000000,0
5207.500000,0
5210.000000,0
5212.500000,0
5215.000000,0
5217.500000,0
5220.000000,0
5222.500000,0
5225.000000,0
5227.500000,0
5230.000000,0
5232.500000,0
5235.000000,0
5237.500000,0
5240.000000,0
5242.500000,0
5245.000000,0
5247.500000,0
5250.000000,0
5252.500000,0
5255.000000,0
5257.500000,0
5260.000000,0
5262.500000,0
5265.000000,0
5267.500000,0
5270.000000,0
5272.500000,0
5275.000000,0
5277.500000,0
5280.000000,0
5282.500000,0
5285.000000,0
5287.500000,0
5290.000000,0
5292.500000,0
5295.000000,0
5297.500000,0
5300.000000,0
5302.500000,0
5305.000000,0
5307.500000,0
5310.000000,0
5312.500000,0
5315.000000,0
5317.500000,0
5320.000000,0
5322.500000,0
5325.000000,0
5327.500000,0
5330.000000,0
5332.500000,0
5335.000000,0
5337.500000,0
5340.000000,0
5342.500000,0
5345.000000,0
5347.500000,0
5350.000000,0
5352.500000,0
5355.000000,0
5357.500000,0
5360.000000,0
5362.500000,0
5365.000000,0
5367.500000,0
5370.000000,0
5372.500000,0
5375.000000,0
5377.500000,0
5380.000000,0
5382.500000,0
5385.000000,0
5387.500000,0
5390.000000,0
5392.500000,0
5395.000000,0
5397.500000,0
5400.000000,0
5402.500000,0
5405.000000,0
5407.500000,0
5410.000000,0
5412.500000,0
5415.000000,0
5417.500000,0
5420.000000,0
5422.500000,0
5425.000000,0
5427.500000,0
5430.000000,0
5432.500000,0
5435.000000,0
5437.500000,0
5440.000000,0
5442.500000,0
5445.000000,0
5447.500000,0
5450.000000,0
5452.500000,0
5455.000000,0
5457.500000,0
5460.000000,0
5462.500000,0
5465.000000,0
5467.500000,0
5470.000000,0
5472.500000,0
5475.000000,0
5477.500000,0
5480.000000,0
5482.500000,0
5485.000000,0
5487.500000,0
5490.000000,0
5492.500000,0
5495.000000,0
5497.500000,0
5500.000000,0
5502.500000,0
5505.000000,0
5507.500000,0
5510.000000,0
5512.500000,0
5515.000000,0
5517.500000,0
5520.000000,0
5522.500000,0
5525.000000,0
5527.500000,0
5530.000000,0
5532.500000,0
5535.000000,0
5537.500000,0
5540.000000,0
5542.500000,0
5545.000000,0
5547.500000,0
5550.000000,0
5552.500000,0
5555.000000,0
5557.500000,0
5560.000000,0
5562.500000,0
5565.000000,0
5567.500000,0
5570.000000,0
5572.500000,0
5575.000000,0
5577.500000,0
5580.000000,0
5582.500000,0
5585.000000,0
5587.500000,0
5590.000000,0
5592.500000,0
5595.000000,0
5597.500000,0
5600.000000,0
5602.500000,0
5605.000000,0
5607.500000,0
5610.000000,0
5612.500000,0
5615.000000,0
5617.500000,0
5620.000000,0
5622.500000,0
5625.000000,0
5627.500000,0
5630.000000,0
5632.500000,0
5635.000000,0
5637.500000,0
5640.000000,0
5642.500000,0
5645.000000,0
5647.500000,0
5650.000000,0
5652.500000,0
5655.000000,0
5657.500000,0
5660.000000,0
5662.500000,0
5665.000000,0
5667.500000,0
5670.000000,0
5672.500000,0
5675.000000,0
5677.500000,0
5680.000000,0
5682.500000,0
5685.000000,0
5687.500000,0
5690.000000,0
5692.500000,0
5695.000000,0
5697.500000,0
5700.000000,0
5702.500000,0
5705.000000,0
5707.500000,0
5710.000000,0
5712.500000,0
5715.000000,0
5717.500000,0
5720.000000,0
5722.500000,0
5725.000000,0
5727.500000,0
5730.000000,0
5732.500000,0
5735.000000,0
5737.500000,0
5740.000000,0
5742.500000,0
5745.000000,0
5747.500000,0
5750.000000,0
5752.500000,0
5755.000000,0
5757.500000,0
5760.000000,0
5762.500000,0
5765.000000,0
5767.500000,0
5770.000000,0
5772.500000,0
5775.000000,0
5777.500000,0
5780.000000,0
5782.500000,0
5785.000000,0
5787.500000,0
5790.000000,0
5792.500000,0
5795.000000,0
5797.500000,0
5800.000000,0
5802.500000,0
5805.000000,0
5807.500000,0
5810.000000,0
5812.500000,0
5815.000000,0
5817.500000,0
5820.000000,0
5822.500000,0
5825.000000,0
5827.500000,0
5830.000000,0
5832.500000,0
5835.000000,0
5837.500000,0
5840.000000,0
5842.500000,0
5845.000000,0
5847.500000,0
5850.000000,0
5852.500000,0
5855.000000,0
5857.500000,0
5860.000000,0
5862.500000,0
5865.000000,0
5867.500000,0
5870.000000,0
5872.500000,0
5875.000000,0
5877.500000,0
5880.000000,0
5882.500000,0
5885.000000,0
5887.500000,0
5890.000000,0
5892.500000,0
5895.000000,0
5897.500000,0
5900.000000,0
5902.500000,0
5905.000000,0
5907.500000,0
5910.000000,0
5912.500000,0
5915.000000,0
5917.500000,0
5920.000000,0
5922.500000,0
5925.000000,0
5927.500000,0
5930.000000,0
5932.500000,0
5935.000000,0
5937.500000,0
5940.000000,0
5942.500000,0
5945.000000,0
5947.500000,0
5950.000000,0
5952.500000,0
5955.000000,0
5957.500000,0
5960.000000,0
5962.500000,0
5965.000000,0
5967.500000,0
5970.000000,0
5972.500000,0
5975.000000,0
5977.500000,0
5980.000000,0
5982.500000,0
5985.000000,0
5987.500000,0
5990.000000,0
5992.500000,0
5995.000000,0
5997.500000,0
6000.000000,0
6002.500000,0
6005.000000,0
6007.500000,0
6010.000000,0
6012.500000,0
6015.000000,0
6017.500000,0
6020.000000,0
6022.500000,0
6025.000000,0
6027.500000,0
6030.000000,0
6032.500000,0
6035.000000,0
6037.500000,0
6040.000000,0
6042.500000,0
6045.000000,0
6047.500000,0
6050.000000,0
6052.500000,0
6055.000000,0
6057.500000,0
6060.000000,0
6062.500000,0
6065.000000,0
6067.500000,0
6070.000000,0
6072.500000,0
6075.000000,0
6077.500000,0
6080.000000,0
6082.500000,0
6085.000000,0
6087.500000,0
6090.000000,0
6092.500000,0
6095.000000,0
6097.500000,0
6100.000000,0
6102.500000,0
6105.000000,0
6107.500000,0
6110.000000,0
6112.500000,0
6115.000000,0
6117.500000,0
6120.000000,0
6122.500000,0
6125.000000,0
6127.500000,0
6130.000000,0
6132.500000,0
6135.000000,0
6137.500000,0
6140.000000,0
6142.500000,0
6145.000000,0
6147.500000,0
6150.000000,0
6152.500000,0
6155.000000,0
6157.500000,0
6160.000000,0
6162.500000,0
6165.000000,0
6167.500000,0
6170.000000,0
6172.500000,0
6175.000000,0
6177.500000,0
6180.000000,0
6182.500000,0
6185.000000,0
6187.500000,0
6190.000000,0
6192.500000,0
6195.000000,0
6197.500000,0
6200.000000,0
6202.500000,0
6205.000000,0
6207.500000,0
6210.000000,0
6212.500000,0
6215.000000,0
6217.500000,0
6220.000000,0
6222.500000,0
6225.000000,0
6227.500000,0
6230.000000,0
6232.500000,0
6235.000000,0
6237.500000,0
6240.000000,0
6242.500000,0
6245.000000,0
6247.500000,0
6250.000000,0
6252.500000,0
6255.000000,0
6257.500000,0
6260.000000,0
6262.500000,0
6265.000000,0
6267.500000,0
6270.000000,0
6272.500000,0
6275.000000,0
6277.500000,0
6280.000000,0
6282.500000,0
6285.000000,0
6287.500000,0
6290.000000,0
6292.500000,0
6295.000000,0
6297.500000,0
6300.000000,0
6302.500000,0
6305.000000,0
6307.500000,0
6310.000000,0
6312.500000,0
6315.000000,0
6317.500000,0
6320.000000,0
6322.500000,0
6325.000000,0
6327.500000,0
6330.000000,0
6332.500000,0
6335.000000,0
6337.500000,0
6340.000000,0
6342.500000,0
6345.000000,0
6347.500000,0
6350.000000,0
6352.500000,0
6355.000000,0
6357.500000,0
6360.000000,0
6362.500000,0
6365.000000,0
6367.500000,0
6370.000000,0
6372.500000,0
6375.000000,0
6377.500000,0
6380.000000,0
6382.500000,0
6385.000000,0
6387.500000,0
6390.000000,0
6392.500000,0
6395.000000,0
6397.500000,0
6400.000000,0
6402.500000,0
6405.000000,0
6407.500000,0
6410.000000,0
6412.500000,0
6415.000000,0
6417.500000,0
6420.000000,0
6422.500000,0
6425.000000,0
6427.500000,0
6430.000000,0
6432.500000,0
6435.000000,0
6437.500000,0
6440.000000,0
6442.500000,0
6445.000000,0
6447.500000,0
6450.000000,0
6452.500000,0
6455.000000,0
6457.500000,0
6460.000000,0
6462.500000,0
6465.000000,0
6467.500000,0
6470.000000,0
6472.500000,0
6475.000000,0
6477.500000,0
6480.000000,0
6482.500000,0
6485.000000,0
6487.500000,0
6490.000000,0
6492.500000,0
6495.000000,0
6497.500000,0
6500.000000,0
6502.500000,0
6505.000000,0
6507.500000,4000
6510.000000,4000
6512.500000,4000
6515.000000,4000
6517.500000,4000
6520.000000,4000
6522.500000,4000
6525.000000,4000
6527.500000,4000
6530.000000,4000
6532.500000,4000
6535.000000,4000
6537.500000,4000
6540.000000,4000
6542.500000,4000
6545.000000,4000
6547.500000,4000
6550.000000,4000
6552.500000,4000
6555.000000,4000
6557.500000,4000
6560.000000,4000
6562.500000,4000
6565.000000,4000
6567.500000,4000
6570.000000,4000
6572.500000,4000
6575.000000,4000
6577.500000,4000
6580.000000,4000
6582.500000,4000
6585.000000,4000
6587.500000,4000
6590.000000,4000
6592.500000,4000
6595.000000,4000
6597.500000,4000
6600.000000,4000
6602.500000,4000
6605.000000,4000
6607.500000,4000
6610.000000,4000
6612.500000,4000
6615.000000,4000
6617.500000,4000
6620.000000,4000
6622.500000,4000
6625.000000,4000
6627.500000,4000
6630.000000,4000
6632.500000,4000
6635.000000,4000
6637.500000,4000
6640.000000,4000
6642.500000,4000
6645.000000,4000
6647.500000,4000
6650.000000,4000
6652.500000,4000
6655.000000,4000
6657.500000,4000
6660.000000,4000
6662.500000,4000
6665.000000,4000
6667.500000,4000
6670.000000,4000
6672.500000,4000
6675.000000,4000
6677.500000,4000
6680.000000,4000
6682.500000,4000
6685.000000,4000
6687.500000,4000
6690.000000,4000
6692.500000,4000
6695.000000,4000
6697.500000,4000
6700.000000,4000
6702.500000,4000
6705.000000,4000
6707.500000,4000
6710.000000,4000
6712.500000,4000
6715.000000,4000
6717.500000,4000
6720.000000,4000
6722.500000,4000
6725.000000,4000
6727.500000,4000
6730.000000,4000
6732.500000,4000
6735.000000,4000
6737.500000,4000
6740.000000,4000
6742.500000,4000
6745.000000,4000
6747.500000,4000
6750.000000,4000
6752.500000,4000
6755.000000,4000
6757.500000,4000
6760.000000,4000
6762.500000,4000
6765.000000,4000
6767.500000,4000
6770.000000,4000
6772.500000,4000
6775.000000,4000
6777.500000,4000
6780.000000,4000
6782.500000,4000
6785.000000,4000
6787.500000,4000
6790.000000,4000
6792.500000,4000
6795.000000,4000
6797.500000,4000
6800.000000,4000
6802.500000,4000
6805.000000,4000
6807.500000,4000
6810.000000,4000
6812.500000,4000
6815.000000,4000
6817.500000,4000
6820.000000,4000
6822.500000,4000
6825.000000,4000
6827.500000,4000
6830.000000,4000
6832.500000,4000
6835.000000,4000
6837.500000,4000
6840.000000,4000
6842.500000,4000
6845.000000,4000
6847.500000,4000
6850.000000,4000
6852.500000,4000
6855.000000,4000
6857.500000,4000
6860.000000,4000
6862.500000,4000
6865.000000,4000
6867.500000,4000
6870.000000,4000
6872.500000,4000
6875.000000,4000
6877.500000,4000
6880.000000,4000
6882.500000,4000
6885.000000,4000
6887.500000,4000
6890.000000,4000
6892.500000,4000
6895.000000,4000
6897.500000,4000
6900.000000,4000
6902.500000,4000
6905.000000,4000
6907.500000,4000
6910.000000,4000
6912.500000,4000
6915.000000,4000
6917.500000,4000
6920.000000,4000
6922.500000,4000
6925.000000,4000
6927.500000,4000
6930.000000,4000
6932.500000,4000
6935.000000,4000
6937.500000,4000
6940.000000,4000
6942.500000,4000
6945.000000,4000
6947.500000,4000
6950.000000,4000
6952.500000,4000
6955.000000,4000
6957.500000,4000
6960.000000,4000
6962.500000,4000
6965.000000,4000
6967.500000,4000
6970.000000,4000
6972.500000,4000
6975.000000,4000
6977.500000,4000
6980.000000,4000
6982.500000,4000
6985.000000,4000
6987.500000,4000
6990.000000,4000
6992.500000,4000
6995.000000,4000
6997.500000,4000
7000.000000,4000
