#Speed
0.000000,0
2.500000,0
42.500000,715
90.000000,633
117.500000,1067
140.000000,1346
160.000000,1516
177.500000,1654
195.000000,1773
210.000000,1895
225.000000,2008
240.000000,2127
252.500000,2236
265.000000,2368
277.500000,2529
287.500000,2663
300.000000,2759
310.000000,2841
320.000000,2901
330.000000,2958
340.000000,2996
350.000000,3037
360.000000,3063
370.000000,3092
380.000000,3113
387.500000,3135
397.500000,3148
407.500000,3165
417.500000,3176
427.500000,3191
435.000000,3196
445.000000,3209
455.000000,3213
465.000000,3224
472.500000,3225
482.500000,3235
492.500000,3238
500.000000,3246
510.000000,3246
520.000000,3253
527.500000,3252
537.500000,3258
547.500000,3256
555.000000,3263
565.000000,3262
575.000000,3267
585.000000,3267
592.500000,3273
602.500000,3272
612.500000,3276
620.000000,3273
630.000000,3277
640.000000,3275
647.500000,3279
657.500000,3276
667.500000,3279
675.000000,3276
685.000000,3282
692.500000,3279
702.500000,3283
712.500000,3279
720.000000,3283
730.000000,3280
740.000000,3285
747.500000,3280
757.500000,3285
767.500000,3280
775.000000,3285
785.000000,3280
795.000000,3285
802.500000,3282
812.500000,3285
822.500000,3283
830.000000,3286
840.000000,3283
850.000000,3286
857.500000,3283
867.500000,3288
877.500000,3285
885.000000,3288
895.000000,3285
905.000000,3288
912.500000,3285
922.500000,3288
932.500000,3285
940.000000,3288
950.000000,3286
957.500000,3290
967.500000,3286
977.500000,3289
985.000000,3286
995.000000,3288
1005.000000,3283
1012.500000,3288
1022.500000,3283
1032.500000,3286
1040.000000,3283
1050.000000,3286
1060.000000,3286
1067.500000,3289
1077.500000,3286
1087.500000,3289
1095.000000,3285
1105.000000,3288
1115.000000,3285
1122.500000,3289
1132.500000,3288
1140.000000,3290
1150.000000,3286
1160.000000,3290
1167.500000,3286
1177.500000,3290
1187.500000,3286
1195.000000,3290
1205.000000,3286
1215.000000,3289
1222.500000,3285
1232.500000,3289
1242.500000,3285
1250.000000,3289
1260.000000,3285
1270.000000,3290
1277.500000,3288
1287.500000,3292
1297.500000,3289
1305.000000,3290
1315.000000,3288
1322.500000,3292
1332.500000,3288
1342.500000,3292
1350.000000,3290
1360.000000,3293
1370.000000,3290
1377.500000,3293
1387.500000,3292
1397.500000,3296
1405.000000,3293
1415.000000,3298
1425.000000,3293
1432.500000,3298
1442.500000,3292
1452.500000,3296
1460.000000,3292
1470.000000,3295
1477.500000,3290
1487.500000,3293
1497.500000,3289
1505.000000,3292
1515.000000,3289
1525.000000,3292
1532.500000,3292
1542.500000,3306
1552.500000,3320
1560.000000,3345
1570.000000,3367
1577.500000,3401
1587.500000,3427
1595.000000,3462
1605.000000,3491
1612.500000,3527
1620.000000,3552
1630.000000,3586
1637.500000,3614
1645.000000,3651
1655.000000,3680
1662.500000,3716
1670.000000,3742
1677.500000,3774
1685.000000,3797
1695.000000,3826
1702.500000,3850
1710.000000,3881
1717.500000,3898
1725.000000,3926
1732.500000,3939
1740.000000,3966
1747.500000,3976
1755.000000,3997
1762.500000,4006
1770.000000,4025
1777.500000,4027
1785.000000,4045
1792.500000,4045
1800.000000,4062
1807.500000,4060
1815.000000,4073
1822.500000,4067
1830.000000,4078
1837.500000,4069
1845.000000,4073
1852.500000,4058
1857.500000,4060
1865.000000,4043
1872.500000,4043
1880.000000,4023
1887.500000,4021
1895.000000,4000
1902.500000,3995
1910.000000,3968
1917.500000,3961
1927.500000,3934
1935.000000,3926
1942.500000,3900
1950.000000,3890
1957.500000,3861
1965.000000,3850
1972.500000,3822
1980.000000,3807
1987.500000,3780
1997.500000,3765
2005.000000,3738
2012.500000,3720
2020.000000,3692
2030.000000,3674
2037.500000,3646
2045.000000,3624
2055.000000,3597
2062.500000,3574
2070.000000,3546
2080.000000,3524
2087.500000,3496
2097.500000,3472
2105.000000,3441
2115.000000,3418
2122.500000,3389
2132.500000,3364
2140.000000,3334
2150.000000,3311
2160.000000,3280
2167.500000,3258
2177.500000,3227
2187.500000,3203
2195.000000,3173
2205.000000,3151
2215.000000,3122
2225.000000,3100
2235.000000,3072
2245.000000,3052
2255.000000,3025
2265.000000,3006
2275.000000,2980
2285.000000,2963
2295.000000,2940
2305.000000,2923
2315.000000,2903
2325.000000,2890
2337.500000,2870
2347.500000,2860
2357.500000,2844
2367.500000,2836
2377.500000,2823
2390.000000,2819
2400.000000,2811
2410.000000,2812
2420.000000,2807
2432.500000,2812
2442.500000,2810
2452.500000,2822
2465.000000,2831
2475.000000,2853
2485.000000,2875
2495.000000,2906
2505.000000,2935
2515.000000,2979
2525.000000,3016
2535.000000,3064
2545.000000,3106
2555.000000,3155
2562.500000,3199
2572.500000,3250
2582.500000,3298
2590.000000,3349
2600.000000,3390
2607.500000,3437
2617.500000,3475
2625.000000,3516
2635.000000,3549
2642.500000,3593
2650.000000,3628
2660.000000,3669
2667.500000,3700
2675.000000,3736
2682.500000,3763
2690.000000,3795
2700.000000,3816
2707.500000,3854
2715.000000,3875
2722.500000,3906
2730.000000,3924
2737.500000,3951
2745.000000,3964
2752.500000,3989
2760.000000,3995
2767.500000,4017
2775.000000,4019
2782.500000,4038
2790.000000,4036
2797.500000,4056
2805.000000,4054
2812.500000,4069
2820.000000,4060
2827.500000,4073
2835.000000,4065
2842.500000,4071
2850.000000,4054
2855.000000,4058
2862.500000,4040
2870.000000,4043
2877.500000,4023
2885.000000,4021
2892.500000,4000
2900.000000,3997
2907.500000,3972
2915.000000,3964
2922.500000,3937
2932.500000,3930
2940.000000,3904
2947.500000,3894
2955.000000,3865
2962.500000,3856
2970.000000,3828
2977.500000,3814
2985.000000,3787
2995.000000,3772
3002.500000,3744
3010.000000,3727
3017.500000,3700
3025.000000,3681
3035.000000,3654
3042.500000,3633
3050.000000,3605
3060.000000,3583
3067.500000,3554
3077.500000,3532
3085.000000,3504
3092.500000,3481
3102.500000,3449
3110.000000,3427
3120.000000,3396
3127.500000,3373
3137.500000,3343
3147.500000,3320
3155.000000,3289
3165.000000,3266
3175.000000,3236
3182.500000,3213
3192.500000,3183
3202.500000,3160
3212.500000,3130
3222.500000,3109
3232.500000,3081
3242.500000,3061
3250.000000,3035
3260.000000,3014
3270.000000,2989
3282.500000,2971
3292.500000,2946
3302.500000,2930
3312.500000,2909
3322.500000,2895
3332.500000,2875
3342.500000,2863
3355.000000,2846
3365.000000,2838
3375.000000,2824
3385.000000,2819
3397.500000,2810
3407.500000,2808
3417.500000,2804
3427.500000,2808
3440.000000,2807
3450.000000,2819
3460.000000,2826
3470.000000,2847
3482.500000,2865
3492.500000,2897
#Thrust
0.000000,0
2.500000,0
5.000000,0
7.500000,0
10.000000,0
12.500000,0
15.000000,0
17.500000,0
20.000000,0
22.500000,0
25.000000,0
27.500000,0
30.000000,0
32.500000,0
35.000000,2
37.500000,2
40.000000,2
42.500000,2
45.000000,0
47.500000,0
50.000000,0
52.500000,0
55.000000,0
57.500000,0
60.000000,0
62.500000,0
65.000000,0
67.500000,1
70.000000,1
72.500000,1
75.000000,1
77.500000,0
80.000000,0
82.500000,0
85.000000,0
87.500000,0
90.000000,5
92.500000,5
95.000000,5
97.500000,5
100.000000,3
102.500000,3
105.000000,3
107.500000,3
110.000000,3
112.500000,4
115.000000,4
117.500000,4
120.000000,4
122.500000,9
125.000000,9
127.500000,9
130.000000,9
132.500000,15
135.000000,15
137.500000,15
140.000000,15
142.500000,15
145.000000,18
147.500000,18
150.000000,18
152.500000,18
155.000000,20
157.500000,20
160.000000,20
162.500000,20
165.000000,20
167.500000,22
170.000000,22
172.500000,22
175.000000,22
177.500000,26
180.000000,26
182.500000,26
185.000000,26
187.500000,28
190.000000,28
192.500000,28
195.000000,28
197.500000,28
200.000000,29
202.500000,29
205.000000,29
207.500000,29
210.000000,33
212.500000,33
215.000000,33
217.500000,33
220.000000,33
222.500000,36
225.000000,36
227.500000,36
230.000000,36
232.500000,38
235.000000,38
237.500000,38
240.000000,38
242.500000,44
245.000000,44
247.500000,44
250.000000,44
252.500000,44
255.000000,48
257.500000,48
260.000000,48
262.500000,48
265.000000,49
267.500000,49
270.000000,49
272.500000,49
275.000000,49
277.500000,56
280.000000,56
282.500000,56
285.000000,56
287.500000,60
290.000000,60
292.500000,60
295.000000,60
297.500000,60
300.000000,71
302.500000,71
305.000000,71
307.500000,71
310.000000,81
312.500000,81
315.000000,81
317.500000,81
320.000000,83
322.500000,83
325.000000,83
327.500000,83
330.000000,83
332.500000,91
335.000000,91
337.500000,91
340.000000,91
342.500000,92
345.000000,92
347.500000,92
350.000000,92
352.500000,92
355.000000,96
357.500000,96
360.000000,96
362.500000,96
365.000000,98
367.500000,98
370.000000,98
372.500000,98
375.000000,101
377.500000,101
380.000000,101
382.500000,101
385.000000,101
387.500000,106
390.000000,106
392.500000,106
395.000000,106
397.500000,108
400.000000,108
402.500000,108
405.000000,108
407.500000,108
410.000000,110
412.500000,110
415.000000,110
417.500000,110
420.000000,111
422.500000,111
425.000000,111
427.500000,111
430.000000,112
432.500000,112
435.000000,112
437.500000,112
440.000000,112
442.500000,113
445.000000,113
447.500000,113
450.000000,113
452.500000,113
455.000000,113
457.500000,113
460.000000,113
462.500000,113
465.000000,113
467.500000,113
470.000000,113
472.500000,113
475.000000,114
477.500000,114
480.000000,114
482.500000,114
485.000000,116
487.500000,116
490.000000,116
492.500000,116
495.000000,116
497.500000,116
500.000000,116
502.500000,116
505.000000,116
507.500000,116
510.000000,116
512.500000,116
515.000000,116
517.500000,116
520.000000,117
522.500000,117
525.000000,117
527.500000,117
530.000000,118
532.500000,118
535.000000,118
537.500000,118
540.000000,119
542.500000,119
545.000000,119
547.500000,119
550.000000,119
552.500000,118
555.000000,118
557.500000,118
560.000000,118
562.500000,118
565.000000,118
567.500000,118
570.000000,118
572.500000,118
575.000000,119
577.500000,119
580.000000,119
582.500000,119
585.000000,118
587.500000,118
590.000000,118
592.500000,118
595.000000,118
597.500000,119
600.000000,119
602.500000,119
605.000000,119
607.500000,118
610.000000,118
612.500000,118
615.000000,118
617.500000,119
620.000000,119
622.500000,119
625.000000,119
627.500000,119
630.000000,120
632.500000,120
635.000000,120
637.500000,120
640.000000,119
642.500000,119
645.000000,119
647.500000,119
650.000000,119
652.500000,120
655.000000,120
657.500000,120
660.000000,120
662.500000,120
665.000000,120
667.500000,120
670.000000,120
672.500000,120
675.000000,120
677.500000,120
680.000000,120
682.500000,120
685.000000,120
687.500000,120
690.000000,120
692.500000,120
695.000000,119
697.500000,119
700.000000,119
702.500000,119
705.000000,119
707.500000,120
710.000000,120
712.500000,120
715.000000,120
717.500000,119
720.000000,119
722.500000,119
725.000000,119
727.500000,119
730.000000,119
732.500000,119
735.000000,119
737.500000,119
740.000000,120
742.500000,120
745.000000,120
747.500000,120
750.000000,120
752.500000,120
755.000000,120
757.500000,120
760.000000,120
762.500000,121
765.000000,121
767.500000,121
770.000000,121
772.500000,120
775.000000,120
777.500000,120
780.000000,120
782.500000,121
785.000000,121
787.500000,121
790.000000,121
792.500000,121
795.000000,121
797.500000,121
800.000000,121
802.500000,121
805.000000,121
807.500000,121
810.000000,121
812.500000,121
815.000000,121
817.500000,121
820.000000,121
822.500000,121
825.000000,121
827.500000,121
830.000000,121
832.500000,121
835.000000,121
837.500000,121
840.000000,121
842.500000,121
845.000000,121
847.500000,121
850.000000,121
852.500000,121
855.000000,121
857.500000,121
860.000000,121
862.500000,121
865.000000,121
867.500000,121
870.000000,121
872.500000,122
875.000000,122
877.500000,122
880.000000,122
882.500000,121
885.000000,121
887.500000,121
890.000000,121
892.500000,121
895.000000,121
897.500000,121
900.000000,121
902.500000,121
905.000000,122
907.500000,122
910.000000,122
912.500000,122
915.000000,121
917.500000,121
920.000000,121
922.500000,121
925.000000,121
927.500000,121
930.000000,121
932.500000,121
935.000000,121
937.500000,121
940.000000,121
942.500000,121
945.000000,121
947.500000,121
950.000000,120
952.500000,120
955.000000,120
957.500000,120
960.000000,120
962.500000,120
965.000000,120
967.500000,120
970.000000,120
972.500000,120
975.000000,120
977.500000,120
980.000000,120
982.500000,121
985.000000,121
987.500000,121
990.000000,121
992.500000,121
995.000000,121
997.500000,121
1000.000000,121
1002.500000,121
1005.000000,120
1007.500000,120
1010.000000,120
1012.500000,120
1015.000000,121
1017.500000,121
1020.000000,121
1022.500000,121
1025.000000,121
1027.500000,121
1030.000000,121
1032.500000,121
1035.000000,121
1037.500000,121
1040.000000,121
1042.500000,121
1045.000000,121
1047.500000,121
1050.000000,121
1052.500000,121
1055.000000,121
1057.500000,121
1060.000000,122
1062.500000,122
1065.000000,122
1067.500000,122
1070.000000,122
1072.500000,122
1075.000000,122
1077.500000,122
1080.000000,122
1082.500000,122
1085.000000,122
1087.500000,122
1090.000000,122
1092.500000,122
1095.000000,122
1097.500000,122
1100.000000,122
1102.500000,122
1105.000000,122
1107.500000,122
1110.000000,122
1112.500000,122
1115.000000,122
1117.500000,122
1120.000000,122
1122.500000,122
1125.000000,122
1127.500000,122
1130.000000,122
1132.500000,122
1135.000000,122
1137.500000,122
1140.000000,122
1142.500000,122
1145.000000,122
1147.500000,123
1150.000000,123
1152.500000,123
1155.000000,123
1157.500000,123
1160.000000,123
1162.500000,123
1165.000000,123
1167.500000,123
1170.000000,123
1172.500000,123
1175.000000,123
1177.500000,123
1180.000000,123
1182.500000,123
1185.000000,123
1187.500000,123
1190.000000,123
1192.500000,122
1195.000000,122
1197.500000,122
1200.000000,122
1202.500000,121
1205.000000,121
1207.500000,121
1210.000000,121
1212.500000,121
1215.000000,121
1217.500000,121
1220.000000,121
1222.500000,121
1225.000000,121
1227.500000,121
1230.000000,121
1232.500000,121
1235.000000,122
1237.500000,122
1240.000000,122
1242.500000,122
1245.000000,122
1247.500000,121
1250.000000,121
1252.500000,121
1255.000000,121
1257.500000,122
1260.000000,122
1262.500000,122
1265.000000,122
1267.500000,122
1270.000000,122
1272.500000,122
1275.000000,122
1277.500000,122
1280.000000,121
1282.500000,121
1285.000000,121
1287.500000,121
1290.000000,122
1292.500000,122
1295.000000,122
1297.500000,122
1300.000000,122
1302.500000,121
1305.000000,121
1307.500000,121
1310.000000,121
1312.500000,122
1315.000000,122
1317.500000,122
1320.000000,122
1322.500000,122
1325.000000,122
1327.500000,122
1330.000000,122
1332.500000,122
1335.000000,122
1337.500000,122
1340.000000,122
1342.500000,122
1345.000000,123
1347.500000,123
1350.000000,123
1352.500000,123
1355.000000,123
1357.500000,122
1360.000000,122
1362.500000,122
1365.000000,122
1367.500000,122
1370.000000,122
1372.500000,122
1375.000000,122
1377.500000,122
1380.000000,122
1382.500000,122
1385.000000,122
1387.500000,122
1390.000000,122
1392.500000,122
1395.000000,122
1397.500000,122
1400.000000,123
1402.500000,123
1405.000000,123
1407.500000,123
1410.000000,123
1412.500000,121
1415.000000,121
1417.500000,121
1420.000000,121
1422.500000,121
1425.000000,121
1427.500000,121
1430.000000,121
1432.500000,122
1435.000000,122
1437.500000,122
1440.000000,122
1442.500000,122
1445.000000,122
1447.500000,122
1450.000000,122
1452.500000,122
1455.000000,122
1457.500000,122
1460.000000,122
1462.500000,122
1465.000000,122
1467.500000,122
1470.000000,122
1472.500000,122
1475.000000,122
1477.500000,122
1480.000000,122
1482.500000,122
1485.000000,122
1487.500000,122
1490.000000,122
1492.500000,122
1495.000000,122
1497.500000,122
1500.000000,122
1502.500000,122
1505.000000,122
1507.500000,122
1510.000000,122
1512.500000,122
1515.000000,122
1517.500000,122
1520.000000,122
1522.500000,121
1525.000000,121
1527.500000,121
1530.000000,121
1532.500000,121
1535.000000,121
1537.500000,121
1540.000000,121
1542.500000,121
1545.000000,123
1547.500000,123
1550.000000,123
1552.500000,123
1555.000000,122
1557.500000,122
1560.000000,122
1562.500000,122
1565.000000,124
1567.500000,124
1570.000000,124
1572.500000,124
1575.000000,124
1577.500000,124
1580.000000,124
1582.500000,124
1585.000000,124
1587.500000,126
1590.000000,126
1592.500000,126
1595.000000,126
1597.500000,126
1600.000000,130
1602.500000,130
1605.000000,130
1607.500000,130
1610.000000,131
1612.500000,131
1615.000000,131
1617.500000,131
1620.000000,134
1622.500000,134
1625.000000,134
1627.500000,134
1630.000000,134
1632.500000,138
1635.000000,138
1637.500000,138
1640.000000,138
1642.500000,140
1645.000000,140
1647.500000,140
1650.000000,140
1652.500000,140
1655.000000,145
1657.500000,145
1660.000000,145
1662.500000,145
1665.000000,148
1667.500000,148
1670.000000,148
1672.500000,148
1675.000000,151
1677.500000,151
1680.000000,151
1682.500000,151
1685.000000,151
1687.500000,154
1690.000000,154
1692.500000,154
1695.000000,154
1697.500000,157
1700.000000,157
1702.500000,157
1705.000000,157
1707.500000,157
1710.000000,161
1712.500000,161
1715.000000,161
1717.500000,161
1720.000000,165
1722.500000,165
1725.000000,165
1727.500000,165
1730.000000,168
1732.500000,168
1735.000000,168
1737.500000,168
1740.000000,168
1742.500000,171
1745.000000,171
1747.500000,171
1750.000000,171
1752.500000,174
1755.000000,174
1757.500000,174
1760.000000,174
1762.500000,174
1765.000000,177
1767.500000,177
1770.000000,177
1772.500000,177
1775.000000,178
1777.500000,178
1780.000000,178
1782.500000,178
1785.000000,178
1787.500000,181
1790.000000,181
1792.500000,181
1795.000000,181
1797.500000,183
1800.000000,183
1802.500000,183
1805.000000,183
1807.500000,184
1810.000000,184
1812.500000,184
1815.000000,184
1817.500000,184
1820.000000,185
1822.500000,185
1825.000000,185
1827.500000,185
1830.000000,185
1832.500000,185
1835.000000,185
1837.500000,185
1840.000000,185
1842.500000,187
1845.000000,187
1847.500000,187
1850.000000,187
1852.500000,187
1855.000000,187
1857.500000,187
1860.000000,187
1862.500000,186
1865.000000,186
1867.500000,186
1870.000000,186
1872.500000,186
1875.000000,186
1877.500000,186
1880.000000,186
1882.500000,186
1885.000000,185
1887.500000,185
1890.000000,185
1892.500000,185
1895.000000,185
1897.500000,184
1900.000000,184
1902.500000,184
1905.000000,184
1907.500000,183
1910.000000,183
1912.500000,183
1915.000000,183
1917.500000,181
1920.000000,181
1922.500000,181
1925.000000,181
1927.500000,181
1930.000000,178
1932.500000,178
1935.000000,178
1937.500000,178
1940.000000,176
1942.500000,176
1945.000000,176
1947.500000,176
1950.000000,176
1952.500000,174
1955.000000,174
1957.500000,174
1960.000000,174
1962.500000,173
1965.000000,173
1967.500000,173
1970.000000,173
1972.500000,171
1975.000000,171
1977.500000,171
1980.000000,171
1982.500000,171
1985.000000,169
1987.500000,169
1990.000000,169
1992.500000,169
1995.000000,165
1997.500000,165
2000.000000,165
2002.500000,165
2005.000000,165
2007.500000,163
2010.000000,163
2012.500000,163
2015.000000,163
2017.500000,162
2020.000000,162
2022.500000,162
2025.000000,162
2027.500000,159
2030.000000,159
2032.500000,159
2035.000000,159
2037.500000,159
2040.000000,157
2042.500000,157
2045.000000,157
2047.500000,157
2050.000000,154
2052.500000,154
2055.000000,154
2057.500000,154
2060.000000,154
2062.500000,151
2065.000000,151
2067.500000,151
2070.000000,151
2072.500000,148
2075.000000,148
2077.500000,148
2080.000000,148
2082.500000,148
2085.000000,146
2087.500000,146
2090.000000,146
2092.500000,146
2095.000000,143
2097.500000,143
2100.000000,143
2102.500000,143
2105.000000,141
2107.500000,141
2110.000000,141
2112.500000,141
2115.000000,141
2117.500000,139
2120.000000,139
2122.500000,139
2125.000000,139
2127.500000,136
2130.000000,136
2132.500000,136
2135.000000,136
2137.500000,136
2140.000000,135
2142.500000,135
2145.000000,135
2147.500000,135
2150.000000,132
2152.500000,132
2155.000000,132
2157.500000,132
2160.000000,130
2162.500000,130
2165.000000,130
2167.500000,130
2170.000000,130
2172.500000,127
2175.000000,127
2177.500000,127
2180.000000,127
2182.500000,125
2185.000000,125
2187.500000,125
2190.000000,125
2192.500000,125
2195.000000,124
2197.500000,124
2200.000000,124
2202.500000,124
2205.000000,122
2207.500000,122
2210.000000,122
2212.500000,122
2215.000000,119
2217.500000,119
2220.000000,119
2222.500000,119
2225.000000,119
2227.500000,119
2230.000000,119
2232.500000,119
2235.000000,119
2237.500000,116
2240.000000,116
2242.500000,116
2245.000000,116
2247.500000,116
2250.000000,115
2252.500000,115
2255.000000,115
2257.500000,115
2260.000000,113
2262.500000,113
2265.000000,113
2267.500000,113
2270.000000,111
2272.500000,111
2275.000000,111
2277.500000,111
2280.000000,111
2282.500000,110
2285.000000,110
2287.500000,110
2290.000000,110
2292.500000,108
2295.000000,108
2297.500000,108
2300.000000,108
2302.500000,108
2305.000000,107
2307.500000,107
2310.000000,107
2312.500000,107
2315.000000,106
2317.500000,106
2320.000000,106
2322.500000,106
2325.000000,106
2327.500000,105
2330.000000,105
2332.500000,105
2335.000000,105
2337.500000,104
2340.000000,104
2342.500000,104
2345.000000,104
2347.500000,102
2350.000000,102
2352.500000,102
2355.000000,102
2357.500000,102
2360.000000,101
2362.500000,101
2365.000000,101
2367.500000,101
2370.000000,101
2372.500000,101
2375.000000,101
2377.500000,101
2380.000000,101
2382.500000,100
2385.000000,100
2387.500000,100
2390.000000,100
2392.500000,98
2395.000000,98
2397.500000,98
2400.000000,98
2402.500000,98
2405.000000,98
2407.500000,98
2410.000000,98
2412.500000,98
2415.000000,98
2417.500000,98
2420.000000,98
2422.500000,98
2425.000000,97
2427.500000,97
2430.000000,97
2432.500000,97
2435.000000,97
2437.500000,98
2440.000000,98
2442.500000,98
2445.000000,98
2447.500000,97
2450.000000,97
2452.500000,97
2455.000000,97
2457.500000,98
2460.000000,98
2462.500000,98
2465.000000,98
2467.500000,98
2470.000000,98
2472.500000,98
2475.000000,98
2477.500000,98
2480.000000,99
2482.500000,99
2485.000000,99
2487.500000,99
2490.000000,99
2492.500000,99
2495.000000,99
2497.500000,99
2500.000000,99
2502.500000,100
2505.000000,100
2507.500000,100
2510.000000,100
2512.500000,102
2515.000000,102
2517.500000,102
2520.000000,102
2522.500000,102
2525.000000,104
2527.500000,104
2530.000000,104
2532.500000,104
2535.000000,106
2537.500000,106
2540.000000,106
2542.500000,106
2545.000000,106
2547.500000,108
2550.000000,108
2552.500000,108
2555.000000,108
2557.500000,111
2560.000000,111
2562.500000,111
2565.000000,111
2567.500000,114
2570.000000,114
2572.500000,114
2575.000000,114
2577.500000,114
2580.000000,117
2582.500000,117
2585.000000,117
2587.500000,117
2590.000000,121
2592.500000,121
2595.000000,121
2597.500000,121
2600.000000,121
2602.500000,125
2605.000000,125
2607.500000,125
2610.000000,125
2612.500000,129
2615.000000,129
2617.500000,129
2620.000000,129
2622.500000,129
2625.000000,132
2627.500000,132
2630.000000,132
2632.500000,132
2635.000000,136
2637.500000,136
2640.000000,136
2642.500000,136
2645.000000,139
2647.500000,139
2650.000000,139
2652.500000,139
2655.000000,139
2657.500000,143
2660.000000,143
2662.500000,143
2665.000000,143
2667.500000,147
2670.000000,147
2672.500000,147
2675.000000,147
2677.500000,147
2680.000000,151
2682.500000,151
2685.000000,151
2687.500000,151
2690.000000,155
2692.500000,155
2695.000000,155
2697.500000,155
2700.000000,159
2702.500000,159
2705.000000,159
2707.500000,159
2710.000000,159
2712.500000,162
2715.000000,162
2717.500000,162
2720.000000,162
2722.500000,166
2725.000000,166
2727.500000,166
2730.000000,166
2732.500000,166
2735.000000,171
2737.500000,171
2740.000000,171
2742.500000,171
2745.000000,174
2747.500000,174
2750.000000,174
2752.500000,174
2755.000000,176
2757.500000,176
2760.000000,176
2762.500000,176
2765.000000,176
2767.500000,178
2770.000000,178
2772.500000,178
2775.000000,178
2777.500000,180
2780.000000,180
2782.500000,180
2785.000000,180
2787.500000,180
2790.000000,182
2792.500000,182
2795.000000,182
2797.500000,182
2800.000000,184
2802.500000,184
2805.000000,184
2807.500000,184
2810.000000,184
2812.500000,184
2815.000000,184
2817.500000,184
2820.000000,184
2822.500000,185
2825.000000,185
2827.500000,185
2830.000000,185
2832.500000,185
2835.000000,185
2837.500000,185
2840.000000,185
2842.500000,185
2845.000000,186
2847.500000,186
2850.000000,186
2852.500000,186
2855.000000,187
2857.500000,187
2860.000000,187
2862.500000,187
2865.000000,186
2867.500000,186
2870.000000,186
2872.500000,186
2875.000000,186
2877.500000,185
2880.000000,185
2882.500000,185
2885.000000,185
2887.500000,185
2890.000000,185
2892.500000,185
2895.000000,185
2897.500000,185
2900.000000,183
2902.500000,183
2905.000000,183
2907.500000,183
2910.000000,182
2912.500000,182
2915.000000,182
2917.500000,182
2920.000000,182
2922.500000,181
2925.000000,181
2927.500000,181
2930.000000,181
2932.500000,179
2935.000000,179
2937.500000,179
2940.000000,179
2942.500000,176
2945.000000,176
2947.500000,176
2950.000000,176
2952.500000,176
2955.000000,175
2957.500000,175
2960.000000,175
2962.500000,175
2965.000000,172
2967.500000,172
2970.000000,172
2972.500000,172
2975.000000,172
2977.500000,171
2980.000000,171
2982.500000,171
2985.000000,171
2987.500000,169
2990.000000,169
2992.500000,169
2995.000000,169
2997.500000,166
3000.000000,166
3002.500000,166
3005.000000,166
3007.500000,166
3010.000000,164
3012.500000,164
3015.000000,164
3017.500000,164
3020.000000,161
3022.500000,161
3025.000000,161
3027.500000,161
3030.000000,161
3032.500000,159
3035.000000,159
3037.500000,159
3040.000000,159
3042.500000,156
3045.000000,156
3047.500000,156
3050.000000,156
3052.500000,154
3055.000000,154
3057.500000,154
3060.000000,154
3062.500000,154
3065.000000,151
3067.500000,151
3070.000000,151
3072.500000,151
3075.000000,148
3077.500000,148
3080.000000,148
3082.500000,148
3085.000000,148
3087.500000,146
3090.000000,146
3092.500000,146
3095.000000,146
3097.500000,143
3100.000000,143
3102.500000,143
3105.000000,143
3107.500000,141
3110.000000,141
3112.500000,141
3115.000000,141
3117.500000,141
3120.000000,140
3122.500000,140
3125.000000,140
3127.500000,140
3130.000000,137
3132.500000,137
3135.000000,137
3137.500000,137
3140.000000,137
3142.500000,135
3145.000000,135
3147.500000,135
3150.000000,135
3152.500000,133
3155.000000,133
3157.500000,133
3160.000000,133
3162.500000,130
3165.000000,130
3167.500000,130
3170.000000,130
3172.500000,130
3175.000000,128
3177.500000,128
3180.000000,128
3182.500000,128
3185.000000,126
3187.500000,126
3190.000000,126
3192.500000,126
3195.000000,126
3197.500000,123
3200.000000,123
3202.500000,123
3205.000000,123
3207.500000,122
3210.000000,122
3212.500000,122
3215.000000,122
3217.500000,122
3220.000000,120
3222.500000,120
3225.000000,120
3227.500000,120
3230.000000,118
3232.500000,118
3235.000000,118
3237.500000,118
3240.000000,117
3242.500000,117
3245.000000,117
3247.500000,117
3250.000000,117
3252.500000,116
3255.000000,116
3257.500000,116
3260.000000,116
3262.500000,114
3265.000000,114
3267.500000,114
3270.000000,114
3272.500000,114
3275.000000,111
3277.500000,111
3280.000000,111
3282.500000,111
3285.000000,109
3287.500000,109
3290.000000,109
3292.500000,109
3295.000000,108
3297.500000,108
3300.000000,108
3302.500000,108
3305.000000,108
3307.500000,107
3310.000000,107
3312.500000,107
3315.000000,107
3317.500000,106
3320.000000,106
3322.500000,106
3325.000000,106
3327.500000,106
3330.000000,105
3332.500000,105
3335.000000,105
3337.500000,105
3340.000000,103
3342.500000,103
3345.000000,103
3347.500000,103
3350.000000,103
3352.500000,103
3355.000000,103
3357.500000,103
3360.000000,103
3362.500000,102
3365.000000,102
3367.500000,102
3370.000000,102
3372.500000,101
3375.000000,101
3377.500000,101
3380.000000,101
3382.500000,101
3385.000000,100
3387.500000,100
3390.000000,100
3392.500000,100
3395.000000,99
3397.500000,99
3400.000000,99
3402.500000,99
3405.000000,99
3407.500000,99
3410.000000,99
3412.500000,99
3415.000000,99
3417.500000,99
3420.000000,99
3422.500000,99
3425.000000,99
3427.500000,98
3430.000000,98
3432.500000,98
3435.000000,98
3437.500000,98
3440.000000,98
3442.500000,98
3445.000000,98
3447.500000,98
3450.000000,98
3452.500000,98
3455.000000,98
3457.500000,98
3460.000000,98
3462.500000,98
3465.000000,98
3467.500000,98
3470.000000,98
3472.500000,99
3475.000000,99
3477.500000,99
3480.000000,99
3482.500000,98
3485.000000,98
3487.500000,98
3490.000000,98
3492.500000,98
3495.000000,100
3497.500000,100
3500.000000,100
#Target
2.500000,1000
5.000000,1000
7.500000,1000
10.000000,1000
12.500000,1000
15.000000,1000
17.500000,1000
20.000000,1000
22.500000,1000
25.000000,1000
27.500000,1000
30.000000,1000
32.500000,1000
35.000000,1000
37.500000,1000
40.000000,1000
42.500000,1000
45.000000,1000
47.500000,1000
50.000000,1000
52.500000,1000
55.000000,1000
57.500000,1000
60.000000,1000
62.500000,1000
65.000000,1000
67.500000,1000
70.000000,1000
72.500000,1000
75.000000,1000
77.500000,1000
80.000000,1000
82.500000,1000
85.000000,1000
87.500000,1000
90.000000,1000
92.500000,1000
95.000000,1000
97.500000,1000
100.000000,1000
102.500000,1000
105.000000,1000
107.500000,1000
110.000000,1000
112.500000,1000
115.000000,1000
117.500000,1000
120.000000,1000
122.500000,1000
125.000000,1000
127.500000,1000
130.000000,1000
132.500000,1000
135.000000,1000
137.500000,1000
140.000000,1000
142.500000,1000
145.000000,1000
147.500000,1000
150.000000,1000
152.500000,1000
155.000000,1000
157.500000,1000
160.000000,1000
162.500000,1000
165.000000,1000
167.500000,1000
170.000000,1000
172.500000,1000
175.000000,1000
177.500000,1000
180.000000,1000
182.500000,1000
185.000000,1000
187.500000,1000
190.000000,1000
192.500000,1000
195.000000,1000
197.500000,1000
200.000000,1000
202.500000,1000
205.000000,1000
207.500000,1000
210.000000,1000
212.500000,1000
215.000000,1000
217.500000,1000
220.000000,1000
222.500000,1000
225.000000,1000
227.500000,1000
230.000000,1000
232.500000,1000
235.000000,1000
237.500000,1000
240.000000,1000
242.500000,1000
245.000000,1000
247.500000,1000
250.000000,1000
252.500000,1000
255.000000,1000
257.500000,1000
260.000000,1000
262.500000,1000
265.000000,1000
267.500000,1000
270.000000,1000
272.500000,1000
275.000000,1000
277.500000,1000
280.000000,1000
282.500000,1000
285.000000,1000
287.500000,1000
290.000000,1000
292.500000,1000
295.000000,1000
297.500000,1000
300.000000,1000
302.500000,1000
305.000000,1000
307.500000,1000
310.000000,1000
312.500000,1000
315.000000,1000
317.500000,1000
320.000000,1000
322.500000,1000
325.000000,1000
327.500000,1000
330.000000,1000
332.500000,1000
335.000000,1000
337.500000,1000
340.000000,1000
342.500000,1000
345.000000,1000
347.500000,1000
350.000000,1000
352.500000,1000
355.000000,1000
357.500000,1000
360.000000,1000
362.500000,1000
365.000000,1000
367.500000,1000
370.000000,1000
372.500000,1000
375.000000,1000
377.500000,1000
380.000000,1000
382.500000,1000
385.000000,1000
387.500000,1000
390.000000,1000
392.500000,1000
395.000000,1000
397.500000,1000
400.000000,1000
402.500000,1000
405.000000,1000
407.500000,1000
410.000000,1000
412.500000,1000
415.000000,1000
417.500000,1000
420.000000,1000
422.500000,1000
425.000000,1000
427.500000,1000
430.000000,1000
432.500000,1000
435.000000,1000
437.500000,1000
440.000000,1000
442.500000,1000
445.000000,1000
447.500000,1000
450.000000,1000
452.500000,1000
455.000000,1000
457.500000,1000
460.000000,1000
462.500000,1000
465.000000,1000
467.500000,1000
470.000000,1000
472.500000,1000
475.000000,1000
477.500000,1000
480.000000,1000
482.500000,1000
485.000000,1000
487.500000,1000
490.000000,1000
492.500000,1000
495.000000,1000
497.500000,1000
500.000000,1000
502.500000,1000
505.000000,1000
507.500000,1000
510.000000,1000
512.500000,1000
515.000000,1000
517.500000,1000
520.000000,1000
522.500000,1000
525.000000,1000
527.500000,1000
530.000000,1000
532.500000,1000
535.000000,1000
537.500000,1000
540.000000,1000
542.500000,1000
545.000000,1000
547.500000,1000
550.000000,1000
552.500000,1000
555.000000,1000
557.500000,1000
560.000000,1000
562.500000,1000
565.000000,1000
567.500000,1000
570.000000,1000
572.500000,1000
575.000000,1000
577.500000,1000
580.000000,1000
582.500000,1000
585.000000,1000
587.500000,1000
590.000000,1000
592.500000,1000
595.000000,1000
597.500000,1000
600.000000,1000
602.500000,1000
605.000000,1000
607.500000,1000
610.000000,1000
612.500000,1000
615.000000,1000
617.500000,1000
620.000000,1000
622.500000,1000
625.000000,1000
627.500000,1000
630.000000,1000
632.500000,1000
635.000000,1000
637.500000,1000
640.000000,1000
642.500000,1000
645.000000,1000
647.500000,1000
650.000000,1000
652.500000,1000
655.000000,1000
657.500000,1000
660.000000,1000
662.500000,1000
665.000000,1000
667.500000,1000
670.000000,1000
672.500000,1000
675.000000,1000
677.500000,1000
680.000000,1000
682.500000,1000
685.000000,1000
687.500000,1000
690.000000,1000
692.500000,1000
695.000000,1000
697.500000,1000
700.000000,1000
702.500000,1000
705.000000,1000
707.500000,1000
710.000000,1000
712.500000,1000
715.000000,1000
717.500000,1000
720.000000,1000
722.500000,1000
725.000000,1000
727.500000,1000
730.000000,1000
732.500000,1000
735.000000,1000
737.500000,1000
740.000000,1000
742.500000,1000
745.000000,1000
747.500000,1000
750.000000,1000
752.500000,1000
755.000000,1000
757.500000,1000
760.000000,1000
762.500000,1000
765.000000,1000
767.500000,1000
770.000000,1000
772.500000,1000
775.000000,1000
777.500000,1000
780.000000,1000
782.500000,1000
785.000000,1000
787.500000,1000
790.000000,1000
792.500000,1000
795.000000,1000
797.500000,1000
800.000000,1000
802.500000,1000
805.000000,1000
807.500000,1000
810.000000,1000
812.500000,1000
815.000000,1000
817.500000,1000
820.000000,1000
822.500000,1000
825.000000,1000
827.500000,1000
830.000000,1000
832.500000,1000
835.000000,1000
837.500000,1000
840.000000,1000
842.500000,1000
845.000000,1000
847.500000,1000
850.000000,1000
852.500000,1000
855.000000,1000
857.500000,1000
860.000000,1000
862.500000,1000
865.000000,1000
867.500000,1000
870.000000,1000
872.500000,1000
875.000000,1000
877.500000,1000
880.000000,1000
882.500000,1000
885.000000,1000
887.500000,1000
890.000000,1000
892.500000,1000
895.000000,1000
897.500000,1000
900.000000,1000
902.500000,1000
905.000000,1000
907.500000,1000
910.000000,1000
912.500000,1000
915.000000,1000
917.500000,1000
920.000000,1000
922.500000,1000
925.000000,1000
927.500000,1000
930.000000,1000
932.500000,1000
935.000000,1000
937.500000,1000
940.000000,1000
942.500000,1000
945.000000,1000
947.500000,1000
950.000000,1000
952.500000,1000
955.000000,1000
957.500000,1000
960.000000,1000
962.500000,1000
965.000000,1000
967.500000,1000
970.000000,1000
972.500000,1000
975.000000,1000
977.500000,1000
980.000000,1000
982.500000,1000
985.000000,1000
987.500000,1000
990.000000,1000
992.500000,1000
995.000000,1000
997.500000,1000
1000.000000,1000
1002.500000,1000
1005.000000,1000
1007.500000,1000
1010.000000,1000
1012.500000,1000
1015.000000,1000
1017.500000,1000
1020.000000,1000
1022.500000,1000
1025.000000,1000
1027.500000,1000
1030.000000,1000
1032.500000,1000
1035.000000,1000
1037.500000,1000
1040.000000,1000
1042.500000,1000
1045.000000,1000
1047.500000,1000
1050.000000,1000
1052.500000,1000
1055.000000,1000
1057.500000,1000
1060.000000,1000
1062.500000,1000
1065.000000,1000
1067.500000,1000
1070.000000,1000
1072.500000,1000
1075.000000,1000
1077.500000,1000
1080.000000,1000
1082.500000,1000
1085.000000,1000
1087.500000,1000
1090.000000,1000
1092.500000,1000
1095.000000,1000
1097.500000,1000
1100.000000,1000
1102.500000,1000
1105.000000,1000
1107.500000,1000
1110.000000,1000
1112.500000,1000
1115.000000,1000
1117.500000,1000
1120.000000,1000
1122.500000,1000
1125.000000,1000
1127.500000,1000
1130.000000,1000
1132.500000,1000
1135.000000,1000
1137.500000,1000
1140.000000,1000
1142.500000,1000
1145.000000,1000
1147.500000,1000
1150.000000,1000
1152.500000,1000
1155.000000,1000
1157.500000,1000
1160.000000,1000
1162.500000,1000
1165.000000,1000
1167.500000,1000
1170.000000,1000
1172.500000,1000
1175.000000,1000
1177.500000,1000
1180.000000,1000
1182.500000,1000
1185.000000,1000
1187.500000,1000
1190.000000,1000
1192.500000,1000
1195.000000,1000
1197.500000,1000
1200.000000,1000
1202.500000,1000
1205.000000,1000
1207.500000,1000
1210.000000,1000
1212.500000,1000
1215.000000,1000
1217.500000,1000
1220.000000,1000
1222.500000,1000
1225.000000,1000
1227.500000,1000
1230.000000,1000
1232.500000,1000
1235.000000,1000
1237.500000,1000
1240.000000,1000
1242.500000,1000
1245.000000,1000
1247.500000,1000
1250.000000,1000
1252.500000,1000
1255.000000,1000
1257.500000,1000
1260.000000,1000
1262.500000,1000
1265.000000,1000
1267.500000,1000
1270.000000,1000
1272.500000,1000
1275.000000,1000
1277.500000,1000
1280.000000,1000
1282.500000,1000
1285.000000,1000
1287.500000,1000
1290.000000,1000
1292.500000,1000
1295.000000,1000
1297.500000,1000
1300.000000,1000
1302.500000,1000
1305.000000,1000
1307.500000,1000
1310.000000,1000
1312.500000,1000
1315.000000,1000
1317.500000,1000
1320.000000,1000
1322.500000,1000
1325.000000,1000
1327.500000,1000
1330.000000,1000
1332.500000,1000
1335.000000,1000
1337.500000,1000
1340.000000,1000
1342.500000,1000
1345.000000,1000
1347.500000,1000
1350.000000,1000
1352.500000,1000
1355.000000,1000
1357.500000,1000
1360.000000,1000
1362.500000,1000
1365.000000,1000
1367.500000,1000
1370.000000,1000
1372.500000,1000
1375.000000,1000
1377.500000,1000
1380.000000,1000
1382.500000,1000
1385.000000,1000
1387.500000,1000
1390.000000,1000
1392.500000,1000
1395.000000,1000
1397.500000,1000
1400.000000,1000
1402.500000,1000
1405.000000,1000
1407.500000,1000
1410.000000,1000
1412.500000,1000
1415.000000,1000
1417.500000,1000
1420.000000,1000
1422.500000,1000
1425.000000,1000
1427.500000,1000
1430.000000,1000
1432.500000,1000
1435.000000,1000
1437.500000,1000
1440.000000,1000
1442.500000,1000
1445.000000,1000
1447.500000,1000
1450.000000,1000
1452.500000,1000
1455.000000,1000
1457.500000,1000
1460.000000,1000
1462.500000,1000
1465.000000,1000
1467.500000,1000
1470.000000,1000
1472.500000,1000
1475.000000,1000
1477.500000,1000
1480.000000,1000
1482.500000,1000
1485.000000,1000
1487.500000,1000
1490.000000,1000
1492.500000,1000
1495.000000,1000
1497.500000,1000
1500.000000,1000
1502.500000,1000
1505.000000,1000
1507.500000,1000
1510.000000,1000
1512.500000,1015
1515.000000,1031
1517.500000,1047
1520.000000,1062
1522.500000,1078
1525.000000,1094
1527.500000,1109
1530.000000,1125
1532.500000,1140
1535.000000,1156
1537.500000,1171
1540.000000,1187
1542.500000,1202
1545.000000,1218
1547.500000,1233
1550.000000,1248
1552.500000,1263
1555.000000,1278
1557.500000,1294
1560.000000,1309
1562.500000,1323
1565.000000,1338
1567.500000,1353
1570.000000,1368
1572.500000,1382
1575.000000,1397
1577.500000,1411
1580.000000,1425
1582.500000,1439
1585.000000,1453
1587.500000,1467
1590.000000,1481
1592.500000,1495
1595.000000,1509
1597.500000,1522
1600.000000,1535
1602.500000,1549
1605.000000,1562
1607.500000,1575
1610.000000,1587
1612.500000,1600
1615.000000,1612
1617.500000,1625
1620.000000,1637
1622.500000,1649
1625.000000,1661
1627.500000,1673
1630.000000,1684
1632.500000,1695
1635.000000,1707
1637.500000,1718
1640.000000,1728
1642.500000,1739
1645.000000,1750
1647.500000,1760
1650.000000,1770
1652.500000,1780
1655.000000,1790
1657.500000,1799
1660.000000,1809
1662.500000,1818
1665.000000,1827
1667.500000,1835
1670.000000,1844
1672.500000,1852
1675.000000,1860
1677.500000,1868
1680.000000,1876
1682.500000,1883
1685.000000,1891
1687.500000,1898
1690.000000,1904
1692.500000,1911
1695.000000,1917
1697.500000,1923
1700.000000,1929
1702.500000,1935
1705.000000,1940
1707.500000,1946
1710.000000,1951
1712.500000,1955
1715.000000,1960
1717.500000,1964
1720.000000,1968
1722.500000,1972
1725.000000,1975
1727.500000,1979
1730.000000,1982
1732.500000,1985
1735.000000,1987
1737.500000,1990
1740.000000,1992
1742.500000,1993
1745.000000,1995
1747.500000,1996
1750.000000,1998
1752.500000,1998
1755.000000,1999
1757.500000,1999
1760.000000,2000
1762.500000,1999
1765.000000,1999
1767.500000,1998
1770.000000,1998
1772.500000,1996
1775.000000,1995
1777.500000,1993
1780.000000,1992
1782.500000,1990
1785.000000,1987
1787.500000,1985
1790.000000,1982
1792.500000,1979
1795.000000,1975
1797.500000,1972
1800.000000,1968
1802.500000,1964
1805.000000,1960
1807.500000,1955
1810.000000,1951
1812.500000,1946
1815.000000,1940
1817.500000,1935
1820.000000,1929
1822.500000,1923
1825.000000,1917
1827.500000,1911
1830.000000,1904
1832.500000,1898
1835.000000,1891
1837.500000,1883
1840.000000,1876
1842.500000,1868
1845.000000,1860
1847.500000,1852
1850.000000,1844
1852.500000,1835
1855.000000,1827
1857.500000,1818
1860.000000,1809
1862.500000,1799
1865.000000,1790
1867.500000,1780
1870.000000,1770
1872.500000,1760
1875.000000,1750
1877.500000,1739
1880.000000,1728
1882.500000,1718
1885.000000,1707
1887.500000,1695
1890.000000,1684
1892.500000,1673
1895.000000,1661
1897.500000,1649
1900.000000,1637
1902.500000,1625
1905.000000,1612
1907.500000,1600
1910.000000,1587
1912.500000,1575
1915.000000,1562
1917.500000,1549
1920.000000,1535
1922.500000,1522
1925.000000,1509
1927.500000,1495
1930.000000,1481
1932.500000,1467
1935.000000,1453
1937.500000,1439
1940.000000,1425
1942.500000,1411
1945.000000,1397
1947.500000,1382
1950.000000,1368
1952.500000,1353
1955.000000,1338
1957.500000,1323
1960.000000,1309
1962.500000,1294
1965.000000,1278
1967.500000,1263
1970.000000,1248
1972.500000,1233
1975.000000,1218
1977.500000,1202
1980.000000,1187
1982.500000,1171
1985.000000,1156
1987.500000,1140
1990.000000,1125
1992.500000,1109
1995.000000,1094
1997.500000,1078
2000.000000,1062
2002.500000,1047
2005.000000,1031
2007.500000,1015
2010.000000,999
2012.500000,984
2015.000000,968
2017.500000,952
2020.000000,937
2022.500000,921
2025.000000,905
2027.500000,890
2030.000000,874
2032.500000,859
2035.000000,843
2037.500000,828
2040.000000,812
2042.500000,797
2045.000000,781
2047.500000,766
2050.000000,751
2052.500000,736
2055.000000,721
2057.500000,705
2060.000000,690
2062.500000,676
2065.000000,661
2067.500000,646
2070.000000,631
2072.500000,617
2075.000000,602
2077.500000,588
2080.000000,574
2082.500000,560
2085.000000,546
2087.500000,532
2090.000000,518
2092.500000,504
2095.000000,490
2097.500000,477
2100.000000,464
2102.500000,450
2105.000000,437
2107.500000,424
2110.000000,412
2112.500000,399
2115.000000,387
2117.500000,374
2120.000000,362
2122.500000,350
2125.000000,338
2127.500000,326
2130.000000,315
2132.500000,304
2135.000000,292
2137.500000,281
2140.000000,271
2142.500000,260
2145.000000,249
2147.500000,239
2150.000000,229
2152.500000,219
2155.000000,209
2157.500000,200
2160.000000,190
2162.500000,181
2165.000000,172
2167.500000,164
2170.000000,155
2172.500000,147
2175.000000,139
2177.500000,131
2180.000000,123
2182.500000,116
2185.000000,108
2187.500000,101
2190.000000,95
2192.500000,88
2195.000000,82
2197.500000,76
2200.000000,70
2202.500000,64
2205.000000,59
2207.500000,53
2210.000000,48
2212.500000,44
2215.000000,39
2217.500000,35
2220.000000,31
2222.500000,27
2225.000000,24
2227.500000,20
2230.000000,17
2232.500000,14
2235.000000,12
2237.500000,9
2240.000000,7
2242.500000,6
2245.000000,4
2247.500000,3
2250.000000,1
2252.500000,1
2255.000000,0
2257.500000,0
2260.000000,0
2262.500000,0
2265.000000,0
2267.500000,1
2270.000000,1
2272.500000,3
2275.000000,4
2277.500000,6
2280.000000,7
2282.500000,9
2285.000000,12
2287.500000,14
2290.000000,17
2292.500000,20
2295.000000,24
2297.500000,27
2300.000000,31
2302.500000,35
2305.000000,39
2307.500000,44
2310.000000,48
2312.500000,53
2315.000000,59
2317.500000,64
2320.000000,70
2322.500000,76
2325.000000,82
2327.500000,88
2330.000000,95
2332.500000,101
2335.000000,108
2337.500000,116
2340.000000,123
2342.500000,131
2345.000000,139
2347.500000,147
2350.000000,155
2352.500000,164
2355.000000,172
2357.500000,181
2360.000000,190
2362.500000,200
2365.000000,209
2367.500000,219
2370.000000,229
2372.500000,239
2375.000000,249
2377.500000,260
2380.000000,271
2382.500000,281
2385.000000,292
2387.500000,304
2390.000000,315
2392.500000,326
2395.000000,338
2397.500000,350
2400.000000,362
2402.500000,374
2405.000000,387
2407.500000,399
2410.000000,412
2412.500000,424
2415.000000,437
2417.500000,450
2420.000000,464
2422.500000,477
2425.000000,490
2427.500000,504
2430.000000,518
2432.500000,532
2435.000000,546
2437.500000,560
2440.000000,574
2442.500000,588
2445.000000,602
2447.500000,617
2450.000000,631
2452.500000,646
2455.000000,661
2457.500000,676
2460.000000,690
2462.500000,705
2465.000000,721
2467.500000,736
2470.000000,751
2472.500000,766
2475.000000,781
2477.500000,797
2480.000000,812
2482.500000,828
2485.000000,843
2487.500000,859
2490.000000,874
2492.500000,890
2495.000000,905
2497.500000,921
2500.000000,937
2502.500000,952
2505.000000,968
2507.500000,984
2510.000000,1000
2512.500000,1015
2515.000000,1031
2517.500000,1047
2520.000000,1062
2522.500000,1078
2525.000000,1094
2527.500000,1109
2530.000000,1125
2532.500000,1140
2535.000000,1156
2537.500000,1171
2540.000000,1187
2542.500000,1202
2545.000000,1218
2547.500000,1233
2550.000000,1248
2552.500000,1263
2555.000000,1278
2557.500000,1294
2560.000000,1309
2562.500000,1323
2565.000000,1338
2567.500000,1353
2570.000000,1368
2572.500000,1382
2575.000000,1397
2577.500000,1411
2580.000000,1425
2582.500000,1439
2585.000000,1453
2587.500000,1467
2590.000000,1481
2592.500000,1495
2595.000000,1509
2597.500000,1522
2600.000000,1535
2602.500000,1549
2605.000000,1562
2607.500000,1575
2610.000000,1587
2612.500000,1600
2615.000000,1612
2617.500000,1625
2620.000000,1637
2622.500000,1649
2625.000000,1661
2627.500000,1673
2630.000000,1684
2632.500000,1695
2635.000000,1707
2637.500000,1718
2640.000000,1728
2642.500000,1739
2645.000000,1750
2647.500000,1760
2650.000000,1770
2652.500000,1780
2655.000000,1790
2657.500000,1799
2660.000000,1809
2662.500000,1818
2665.000000,1827
2667.500000,1835
2670.000000,1844
2672.500000,1852
2675.000000,1860
2677.500000,1868
2680.000000,1876
2682.500000,1883
2685.000000,1891
2687.500000,1898
2690.000000,1904
2692.500000,1911
2695.000000,1917
2697.500000,1923
2700.000000,1929
2702.500000,1935
2705.000000,1940
2707.500000,1946
2710.000000,1951
2712.500000,1955
2715.000000,1960
2717.500000,1964
2720.000000,1968
2722.500000,1972
2725.000000,1975
2727.500000,1979
2730.000000,1982
2732.500000,1985
2735.000000,1987
2737.500000,1990
2740.000000,1992
2742.500000,1993
2745.000000,1995
2747.500000,1996
2750.000000,1998
2752.500000,1998
2755.000000,1999
2757.500000,1999
2760.000000,2000
2762.500000,1999
2765.000000,1999
2767.500000,1998
2770.000000,1998
2772.500000,1996
2775.000000,1995
2777.500000,1993
2780.000000,1992
2782.500000,1990
2785.000000,1987
2787.500000,1985
2790.000000,1982
2792.500000,1979
2795.000000,1975
2797.500000,1972
2800.000000,1968
2802.500000,1964
2805.000000,1960
2807.500000,1955
2810.000000,1951
2812.500000,1946
2815.000000,1940
2817.500000,1935
2820.000000,1929
2822.500000,1923
2825.000000,1917
2827.500000,1911
2830.000000,1904
2832.500000,1898
2835.000000,1891
2837.500000,1883
2840.000000,1876
2842.500000,1868
2845.000000,1860
2847.500000,1852
2850.000000,1844
2852.500000,1835
2855.000000,1827
2857.500000,1818
2860.000000,1809
2862.500000,1799
2865.000000,1790
2867.500000,1780
2870.000000,1770
2872.500000,1760
2875.000000,1750
2877.500000,1739
2880.000000,1728
2882.500000,1718
2885.000000,1707
2887.500000,1695
2890.000000,1684
2892.500000,1673
2895.000000,1661
2897.500000,1649
2900.000000,1637
2902.500000,1625
2905.000000,1612
2907.500000,1600
2910.000000,1587
2912.500000,1575
2915.000000,1562
2917.500000,1549
2920.000000,1535
2922.500000,1522
2925.000000,1509
2927.500000,1495
2930.000000,1481
2932.500000,1467
2935.000000,1453
2937.500000,1439
2940.000000,1425
2942.500000,1411
2945.000000,1397
2947.500000,1382
2950.000000,1368
2952.500000,1353
2955.000000,1338
2957.500000,1323
2960.000000,1309
2962.500000,1294
2965.000000,1278
2967.500000,1263
2970.000000,1248
2972.500000,1233
2975.000000,1218
2977.500000,1202
2980.000000,1187
2982.500000,1171
2985.000000,1156
2987.500000,1140
2990.000000,1125
2992.500000,1109
2995.000000,1094
2997.500000,1078
3000.000000,1062
3002.500000,1047
3005.000000,1031
3007.500000,1015
3010.000000,999
3012.500000,984
3015.000000,968
3017.500000,952
3020.000000,937
3022.500000,921
3025.000000,905
3027.500000,890
3030.000000,874
3032.500000,859
3035.000000,843
3037.500000,828
3040.000000,812
3042.500000,797
3045.000000,781
3047.500000,766
3050.000000,751
3052.500000,736
3055.000000,721
3057.500000,705
3060.000000,690
3062.500000,676
3065.000000,661
3067.500000,646
3070.000000,631
3072.500000,617
3075.000000,602
3077.500000,588
3080.000000,574
3082.500000,560
3085.000000,546
3087.500000,532
3090.000000,518
3092.500000,504
3095.000000,490
3097.500000,477
3100.000000,464
3102.500000,450
3105.000000,437
3107.500000,424
3110.000000,412
3112.500000,399
3115.000000,387
3117.500000,374
3120.000000,362
3122.500000,350
3125.000000,338
3127.500000,326
3130.000000,315
3132.500000,304
3135.000000,292
3137.500000,281
3140.000000,271
3142.500000,260
3145.000000,249
3147.500000,239
3150.000000,229
3152.500000,219
3155.000000,209
3157.500000,200
3160.000000,190
3162.500000,181
3165.000000,172
3167.500000,164
3170.000000,155
3172.500000,147
3175.000000,139
3177.500000,131
3180.000000,123
3182.500000,116
3185.000000,108
3187.500000,101
3190.000000,95
3192.500000,88
3195.000000,82
3197.500000,76
3200.000000,70
3202.500000,64
3205.000000,59
3207.500000,53
3210.000000,48
3212.500000,44
3215.000000,39
3217.500000,35
3220.000000,31
3222.500000,27
3225.000000,24
3227.500000,20
3230.000000,17
3232.500000,14
3235.000000,12
3237.500000,9
3240.000000,7
3242.500000,6
3245.000000,4
3247.500000,3
3250.000000,1
3252.500000,1
3255.000000,0
3257.500000,0
3260.000000,0
3262.500000,0
3265.000000,0
3267.500000,1
3270.000000,1
3272.500000,3
3275.000000,4
3277.500000,6
3280.000000,7
3282.500000,9
3285.000000,12
3287.500000,14
3290.000000,17
3292.500000,20
3295.000000,24
3297.500000,27
3300.000000,31
3302.500000,35
3305.000000,39
3307.500000,44
3310.000000,48
3312.500000,53
3315.000000,59
3317.500000,64
3320.000000,70
3322.500000,76
3325.000000,82
3327.500000,88
3330.000000,95
3332.500000,101
3335.000000,108
3337.500000,116
3340.000000,123
3342.500000,131
3345.000000,139
3347.500000,147
3350.000000,155
3352.500000,164
3355.000000,172
3357.500000,181
3360.000000,190
3362.500000,200
3365.000000,209
3367.500000,219
3370.000000,229
3372.500000,239
3375.000000,249
3377.500000,260
3380.000000,271
3382.500000,281
3385.000000,292
3387.500000,304
3390.000000,315
3392.500000,326
3395.000000,338
3397.500000,350
3400.000000,362
3402.500000,374
3405.000000,387
3407.500000,399
3410.000000,412
3412.500000,424
3415.000000,437
3417.500000,450
3420.000000,464
3422.500000,477
3425.000000,490
3427.500000,504
3430.000000,518
3432.500000,532
3435.000000,546
3437.500000,560
3440.000000,574
3442.500000,588
3445.000000,602
3447.500000,617
3450.000000,631
3452.500000,646
3455.000000,661
3457.500000,676
3460.000000,690
3462.500000,705
3465.000000,721
3467.500000,736
3470.000000,751
3472.500000,766
3475.000000,781
3477.500000,797
3480.000000,812
3482.500000,828
3485.000000,843
3487.500000,859
3490.000000,874
3492.500000,890
3495.000000,905
3497.500000,921
3500.000000,937
#Electr
2.500000,3160
5.000000,3160
7.500000,3160
10.000000,3160
12.500000,3168
15.000000,3168
17.500000,3168
20.000000,3168
22.500000,3358
25.000000,3358
27.500000,3358
30.000000,3358
32.500000,3358
35.000000,3355
37.500000,3355
40.000000,3355
42.500000,3355
45.000000,3325
47.500000,3325
50.000000,3325
52.500000,3325
55.000000,3325
57.500000,3567
60.000000,3567
62.500000,3567
65.000000,3567
67.500000,3187
70.000000,3187
72.500000,3187
75.000000,3187
77.500000,3174
80.000000,3174
82.500000,3174
85.000000,3174
87.500000,3174
90.000000,3431
92.500000,3431
95.000000,3431
97.500000,3431
100.000000,3242
102.500000,3242
105.000000,3242
107.500000,3242
110.000000,3242
112.500000,3296
115.000000,3296
117.500000,3296
120.000000,3296
122.500000,3226
125.000000,3226
127.500000,3226
130.000000,3226
132.500000,3244
135.000000,3244
137.500000,3244
140.000000,3244
142.500000,3244
145.000000,3260
147.500000,3260
150.000000,3260
152.500000,3260
155.000000,3231
157.500000,3231
160.000000,3231
162.500000,3231
165.000000,3231
167.500000,3217
170.000000,3217
172.500000,3217
175.000000,3217
177.500000,3328
180.000000,3328
182.500000,3328
185.000000,3328
187.500000,3219
190.000000,3219
192.500000,3219
195.000000,3219
197.500000,3219
200.000000,3278
202.500000,3278
205.000000,3278
207.500000,3278
210.000000,3370
212.500000,3370
215.000000,3370
217.500000,3370
220.000000,3370
222.500000,3258
225.000000,3258
227.500000,3258
230.000000,3258
232.500000,3302
235.000000,3302
237.500000,3302
240.000000,3302
242.500000,3312
245.000000,3312
247.500000,3312
250.000000,3312
252.500000,3312
255.000000,3461
257.500000,3461
260.000000,3461
262.500000,3461
265.000000,3314
267.500000,3314
270.000000,3314
272.500000,3314
275.000000,3314
277.500000,3269
280.000000,3269
282.500000,3269
285.000000,3269
287.500000,3309
290.000000,3309
292.500000,3309
295.000000,3309
297.500000,3309
300.000000,3372
302.500000,3372
305.000000,3372
307.500000,3372
310.000000,3277
312.500000,3277
315.000000,3277
317.500000,3277
320.000000,3379
322.500000,3379
325.000000,3379
327.500000,3379
330.000000,3379
332.500000,3236
335.000000,3236
337.500000,3236
340.000000,3236
342.500000,3239
345.000000,3239
347.500000,3239
350.000000,3239
352.500000,3239
355.000000,3235
357.500000,3235
360.000000,3235
362.500000,3235
365.000000,3312
367.500000,3312
370.000000,3312
372.500000,3312
375.000000,3294
377.500000,3294
380.000000,3294
382.500000,3294
385.000000,3294
387.500000,3259
390.000000,3259
392.500000,3259
395.000000,3259
397.500000,3248
400.000000,3248
402.500000,3248
405.000000,3248
407.500000,3248
410.000000,3218
412.500000,3218
415.000000,3218
417.500000,3218
420.000000,3304
422.500000,3304
425.000000,3304
427.500000,3304
430.000000,3318
432.500000,3318
435.000000,3318
437.500000,3318
440.000000,3318
442.500000,3230
445.000000,3230
447.500000,3230
450.000000,3230
452.500000,3305
455.000000,3305
457.500000,3305
460.000000,3305
462.500000,3305
465.000000,3238
467.500000,3238
470.000000,3238
472.500000,3238
475.000000,3229
477.500000,3229
480.000000,3229
482.500000,3229
485.000000,3280
487.500000,3280
490.000000,3280
492.500000,3280
495.000000,3280
497.500000,3230
500.000000,3230
502.500000,3230
505.000000,3230
507.500000,3241
510.000000,3241
512.500000,3241
515.000000,3241
517.500000,3241
520.000000,3213
522.500000,3213
525.000000,3213
527.500000,3213
530.000000,3258
532.500000,3258
535.000000,3258
537.500000,3258
540.000000,3308
542.500000,3308
545.000000,3308
547.500000,3308
550.000000,3308
552.500000,3289
555.000000,3289
557.500000,3289
560.000000,3289
562.500000,3298
565.000000,3298
567.500000,3298
570.000000,3298
572.500000,3298
575.000000,3326
577.500000,3326
580.000000,3326
582.500000,3326
585.000000,3309
587.500000,3309
590.000000,3309
592.500000,3309
595.000000,3309
597.500000,3224
600.000000,3224
602.500000,3224
605.000000,3224
607.500000,3215
610.000000,3215
612.500000,3215
615.000000,3215
617.500000,3220
620.000000,3220
622.500000,3220
625.000000,3220
627.500000,3220
630.000000,3266
632.500000,3266
635.000000,3266
637.500000,3266
640.000000,3284
642.500000,3284
645.000000,3284
647.500000,3284
650.000000,3284
652.500000,3259
655.000000,3259
657.500000,3259
660.000000,3259
662.500000,3299
665.000000,3299
667.500000,3299
670.000000,3299
672.500000,3246
675.000000,3246
677.500000,3246
680.000000,3246
682.500000,3246
685.000000,3243
687.500000,3243
690.000000,3243
692.500000,3243
695.000000,3231
697.500000,3231
700.000000,3231
702.500000,3231
705.000000,3231
707.500000,3260
710.000000,3260
712.500000,3260
715.000000,3260
717.500000,3246
720.000000,3246
722.500000,3246
725.000000,3246
727.500000,3221
730.000000,3221
732.500000,3221
735.000000,3221
737.500000,3221
740.000000,3228
742.500000,3228
745.000000,3228
747.500000,3228
750.000000,3232
752.500000,3232
755.000000,3232
757.500000,3232
760.000000,3232
762.500000,3228
765.000000,3228
767.500000,3228
770.000000,3228
772.500000,3228
775.000000,3228
777.500000,3228
780.000000,3228
782.500000,3213
785.000000,3213
787.500000,3213
790.000000,3213
792.500000,3213
795.000000,3239
797.500000,3239
800.000000,3239
802.500000,3239
805.000000,3311
807.500000,3311
810.000000,3311
812.500000,3311
815.000000,3311
817.500000,3228
820.000000,3228
822.500000,3228
825.000000,3228
827.500000,3283
830.000000,3283
832.500000,3283
835.000000,3283
837.500000,3321
840.000000,3321
842.500000,3321
845.000000,3321
847.500000,3321
850.000000,3247
852.500000,3247
855.000000,3247
857.500000,3247
860.000000,3228
862.500000,3228
865.000000,3228
867.500000,3228
870.000000,3228
872.500000,3257
875.000000,3257
877.500000,3257
880.000000,3257
882.500000,3335
885.000000,3335
887.500000,3335
890.000000,3335
892.500000,3335
895.000000,3217
897.500000,3217
900.000000,3217
902.500000,3217
905.000000,3206
907.500000,3206
910.000000,3206
912.500000,3206
915.000000,3208
917.500000,3208
920.000000,3208
922.500000,3208
925.000000,3208
927.500000,3216
930.000000,3216
932.500000,3216
935.000000,3216
937.500000,3304
940.000000,3304
942.500000,3304
945.000000,3304
947.500000,3304
950.000000,3273
952.500000,3273
955.000000,3273
957.500000,3273
960.000000,3225
962.500000,3225
965.000000,3225
967.500000,3225
970.000000,3207
972.500000,3207
975.000000,3207
977.500000,3207
980.000000,3207
982.500000,3269
985.000000,3269
987.500000,3269
990.000000,3269
992.500000,3210
995.000000,3210
997.500000,3210
1000.000000,3210
1002.500000,3210
1005.000000,3259
1007.500000,3259
1010.000000,3259
1012.500000,3259
1015.000000,3291
1017.500000,3291
1020.000000,3291
1022.500000,3291
1025.000000,3251
1027.500000,3251
1030.000000,3251
1032.500000,3251
1035.000000,3251
1037.500000,3218
1040.000000,3218
1042.500000,3218
1045.000000,3218
1047.500000,3248
1050.000000,3248
1052.500000,3248
1055.000000,3248
1057.500000,3248
1060.000000,3271
1062.500000,3271
1065.000000,3271
1067.500000,3271
1070.000000,3238
1072.500000,3238
1075.000000,3238
1077.500000,3238
1080.000000,3258
1082.500000,3258
1085.000000,3258
1087.500000,3258
1090.000000,3258
1092.500000,3257
1095.000000,3257
1097.500000,3257
1100.000000,3257
1102.500000,3279
1105.000000,3279
1107.500000,3279
1110.000000,3279
1112.500000,3279
1115.000000,3264
1117.500000,3264
1120.000000,3264
1122.500000,3264
1125.000000,3309
1127.500000,3309
1130.000000,3309
1132.500000,3309
1135.000000,3246
1137.500000,3246
1140.000000,3246
1142.500000,3246
1145.000000,3246
1147.500000,3234
1150.000000,3234
1152.500000,3234
1155.000000,3234
1157.500000,3206
1160.000000,3206
1162.500000,3206
1165.000000,3206
1167.500000,3206
1170.000000,3273
1172.500000,3273
1175.000000,3273
1177.500000,3273
1180.000000,3239
1182.500000,3239
1185.000000,3239
1187.500000,3239
1190.000000,3239
1192.500000,3194
1195.000000,3194
1197.500000,3194
1200.000000,3194
1202.500000,3236
1205.000000,3236
1207.500000,3236
1210.000000,3236
1212.500000,3231
1215.000000,3231
1217.500000,3231
1220.000000,3231
1222.500000,3231
1225.000000,3251
1227.500000,3251
1230.000000,3251
1232.500000,3251
1235.000000,3233
1237.500000,3233
1240.000000,3233
1242.500000,3233
1245.000000,3233
1247.500000,3277
1250.000000,3277
1252.500000,3277
1255.000000,3277
1257.500000,3246
1260.000000,3246
1262.500000,3246
1265.000000,3246
1267.500000,3328
1270.000000,3328
1272.500000,3328
1275.000000,3328
1277.500000,3328
1280.000000,3288
1282.500000,3288
1285.000000,3288
1287.500000,3288
1290.000000,3251
1292.500000,3251
1295.000000,3251
1297.500000,3251
1300.000000,3251
1302.500000,3282
1305.000000,3282
1307.500000,3282
1310.000000,3282
1312.500000,3248
1315.000000,3248
1317.500000,3248
1320.000000,3248
1322.500000,3299
1325.000000,3299
1327.500000,3299
1330.000000,3299
1332.500000,3299
1335.000000,3209
1337.500000,3209
1340.000000,3209
1342.500000,3209
1345.000000,3258
1347.500000,3258
1350.000000,3258
1352.500000,3258
1355.000000,3258
1357.500000,3242
1360.000000,3242
1362.500000,3242
1365.000000,3242
1367.500000,3329
1370.000000,3329
1372.500000,3329
1375.000000,3329
1377.500000,3235
1380.000000,3235
1382.500000,3235
1385.000000,3235
1387.500000,3235
1390.000000,3217
1392.500000,3217
1395.000000,3217
1397.500000,3217
1400.000000,3240
1402.500000,3240
1405.000000,3240
1407.500000,3240
1410.000000,3240
1412.500000,3227
1415.000000,3227
1417.500000,3227
1420.000000,3227
1422.500000,3222
1425.000000,3222
1427.500000,3222
1430.000000,3222
1432.500000,3223
1435.000000,3223
1437.500000,3223
1440.000000,3223
1442.500000,3223
1445.000000,3221
1447.500000,3221
1450.000000,3221
1452.500000,3221
1455.000000,3240
1457.500000,3240
1460.000000,3240
1462.500000,3240
1465.000000,3240
1467.500000,3232
1470.000000,3232
1472.500000,3232
1475.000000,3232
1477.500000,3328
1480.000000,3328
1482.500000,3328
1485.000000,3328
1487.500000,3328
1490.000000,3221
1492.500000,3221
1495.000000,3221
1497.500000,3221
1500.000000,3248
1502.500000,3248
1505.000000,3248
1507.500000,3248
1510.000000,3250
1512.500000,3250
1515.000000,3250
1517.500000,3250
1520.000000,3250
1522.500000,3277
1525.000000,3277
1527.500000,3277
1530.000000,3277
1532.500000,3261
1535.000000,3261
1537.500000,3261
1540.000000,3261
1542.500000,3261
1545.000000,3324
1547.500000,3324
1550.000000,3324
1552.500000,3324
1555.000000,3265
1557.500000,3265
1560.000000,3265
1562.500000,3265
1565.000000,3385
1567.500000,3385
1570.000000,3385
1572.500000,3385
1575.000000,3385
1577.500000,3317
1580.000000,3317
1582.500000,3317
1585.000000,3317
1587.500000,3343
1590.000000,3343
1592.500000,3343
1595.000000,3343
1597.500000,3343
1600.000000,3392
1602.500000,3392
1605.000000,3392
1607.500000,3392
1610.000000,3398
1612.500000,3398
1615.000000,3398
1617.500000,3398
1620.000000,3290
1622.500000,3290
1625.000000,3290
1627.500000,3290
1630.000000,3290
1632.500000,3438
1635.000000,3438
1637.500000,3438
1640.000000,3438
1642.500000,3303
1645.000000,3303
1647.500000,3303
1650.000000,3303
1652.500000,3303
1655.000000,3260
1657.500000,3260
1660.000000,3260
1662.500000,3260
1665.000000,3297
1667.500000,3297
1670.000000,3297
1672.500000,3297
1675.000000,3431
1677.500000,3431
1680.000000,3431
1682.500000,3431
1685.000000,3431
1687.500000,3407
1690.000000,3407
1692.500000,3407
1695.000000,3407
1697.500000,3337
1700.000000,3337
1702.500000,3337
1705.000000,3337
1707.500000,3337
1710.000000,3330
1712.500000,3330
1715.000000,3330
1717.500000,3330
1720.000000,3299
1722.500000,3299
1725.000000,3299
1727.500000,3299
1730.000000,3464
1732.500000,3464
1735.000000,3464
1737.500000,3464
1740.000000,3464
1742.500000,3349
1745.000000,3349
1747.500000,3349
1750.000000,3349
1752.500000,3299
1755.000000,3299
1757.500000,3299
1760.000000,3299
1762.500000,3299
1765.000000,3433
1767.500000,3433
1770.000000,3433
1772.500000,3433
1775.000000,3262
1777.500000,3262
1780.000000,3262
1782.500000,3262
1785.000000,3262
1787.500000,3374
1790.000000,3374
1792.500000,3374
1795.000000,3374
1797.500000,3404
1800.000000,3404
1802.500000,3404
1805.000000,3404
1807.500000,3440
1810.000000,3440
1812.500000,3440
1815.000000,3440
1817.500000,3440
1820.000000,3294
1822.500000,3294
1825.000000,3294
1827.500000,3294
1830.000000,3376
1832.500000,3376
1835.000000,3376
1837.500000,3376
1840.000000,3376
1842.500000,3382
1845.000000,3382
1847.500000,3382
1850.000000,3382
1852.500000,3271
1855.000000,3271
1857.500000,3271
1860.000000,3271
1862.500000,3227
1865.000000,3227
1867.500000,3227
1870.000000,3227
1872.500000,3227
1875.000000,3262
1877.500000,3262
1880.000000,3262
1882.500000,3262
1885.000000,3243
1887.500000,3243
1890.000000,3243
1892.500000,3243
1895.000000,3243
1897.500000,3373
1900.000000,3373
1902.500000,3373
1905.000000,3373
1907.500000,3237
1910.000000,3237
1912.500000,3237
1915.000000,3237
1917.500000,3242
1920.000000,3242
1922.500000,3242
1925.000000,3242
1927.500000,3242
1930.000000,3297
1932.500000,3297
1935.000000,3297
1937.500000,3297
1940.000000,3275
1942.500000,3275
1945.000000,3275
1947.500000,3275
1950.000000,3275
1952.500000,3215
1955.000000,3215
1957.500000,3215
1960.000000,3215
1962.500000,3316
1965.000000,3316
1967.500000,3316
1970.000000,3316
1972.500000,3254
1975.000000,3254
1977.500000,3254
1980.000000,3254
1982.500000,3254
1985.000000,3219
1987.500000,3219
1990.000000,3219
1992.500000,3219
1995.000000,3227
1997.500000,3227
2000.000000,3227
2002.500000,3227
2005.000000,3227
2007.500000,3215
2010.000000,3215
2012.500000,3215
2015.000000,3215
2017.500000,3203
2020.000000,3203
2022.500000,3203
2025.000000,3203
2027.500000,3225
2030.000000,3225
2032.500000,3225
2035.000000,3225
2037.500000,3225
2040.000000,3224
2042.500000,3224
2045.000000,3224
2047.500000,3224
2050.000000,3240
2052.500000,3240
2055.000000,3240
2057.500000,3240
2060.000000,3240
2062.500000,3295
2065.000000,3295
2067.500000,3295
2070.000000,3295
2072.500000,3214
2075.000000,3214
2077.500000,3214
2080.000000,3214
2082.500000,3214
2085.000000,3218
2087.500000,3218
2090.000000,3218
2092.500000,3218
2095.000000,3217
2097.500000,3217
2100.000000,3217
2102.500000,3217
2105.000000,3197
2107.500000,3197
2110.000000,3197
2112.500000,3197
2115.000000,3197
2117.500000,3227
2120.000000,3227
2122.500000,3227
2125.000000,3227
2127.500000,3198
2130.000000,3198
2132.500000,3198
2135.000000,3198
2137.500000,3198
2140.000000,3220
2142.500000,3220
2145.000000,3220
2147.500000,3220
2150.000000,3188
2152.500000,3188
2155.000000,3188
2157.500000,3188
2160.000000,3184
2162.500000,3184
2165.000000,3184
2167.500000,3184
2170.000000,3184
2172.500000,3179
2175.000000,3179
2177.500000,3179
2180.000000,3179
2182.500000,3188
2185.000000,3188
2187.500000,3188
2190.000000,3188
2192.500000,3188
2195.000000,3244
2197.500000,3244
2200.000000,3244
2202.500000,3244
2205.000000,3192
2207.500000,3192
2210.000000,3192
2212.500000,3192
2215.000000,3184
2217.500000,3184
2220.000000,3184
2222.500000,3184
2225.000000,3184
2227.500000,3202
2230.000000,3202
2232.500000,3202
2235.000000,3202
2237.500000,3199
2240.000000,3199
2242.500000,3199
2245.000000,3199
2247.500000,3199
2250.000000,3202
2252.500000,3202
2255.000000,3202
2257.500000,3202
2260.000000,3206
2262.500000,3206
2265.000000,3206
2267.500000,3206
2270.000000,3175
2272.500000,3175
2275.000000,3175
2277.500000,3175
2280.000000,3175
2282.500000,3236
2285.000000,3236
2287.500000,3236
2290.000000,3236
2292.500000,3188
2295.000000,3188
2297.500000,3188
2300.000000,3188
2302.500000,3188
2305.000000,3187
2307.500000,3187
2310.000000,3187
2312.500000,3187
2315.000000,3196
2317.500000,3196
2320.000000,3196
2322.500000,3196
2325.000000,3196
2327.500000,3214
2330.000000,3214
2332.500000,3214
2335.000000,3214
2337.500000,3207
2340.000000,3207
2342.500000,3207
2345.000000,3207
2347.500000,3264
2350.000000,3264
2352.500000,3264
2355.000000,3264
2357.500000,3264
2360.000000,3206
2362.500000,3206
2365.000000,3206
2367.500000,3206
2370.000000,3206
2372.500000,3206
2375.000000,3206
2377.500000,3206
2380.000000,3206
2382.500000,3188
2385.000000,3188
2387.500000,3188
2390.000000,3188
2392.500000,3218
2395.000000,3218
2397.500000,3218
2400.000000,3218
2402.500000,3192
2405.000000,3192
2407.500000,3192
2410.000000,3192
2412.500000,3192
2415.000000,3193
2417.500000,3193
2420.000000,3193
2422.500000,3193
2425.000000,3236
2427.500000,3236
2430.000000,3236
2432.500000,3236
2435.000000,3236
2437.500000,3216
2440.000000,3216
2442.500000,3216
2445.000000,3216
2447.500000,3247
2450.000000,3247
2452.500000,3247
2455.000000,3247
2457.500000,3223
2460.000000,3223
2462.500000,3223
2465.000000,3223
2467.500000,3223
2470.000000,3239
2472.500000,3239
2475.000000,3239
2477.500000,3239
2480.000000,3241
2482.500000,3241
2485.000000,3241
2487.500000,3241
2490.000000,3241
2492.500000,3244
2495.000000,3244
2497.500000,3244
2500.000000,3244
2502.500000,3269
2505.000000,3269
2507.500000,3269
2510.000000,3269
2512.500000,3278
2515.000000,3278
2517.500000,3278
2520.000000,3278
2522.500000,3278
2525.000000,3256
2527.500000,3256
2530.000000,3256
2532.500000,3256
2535.000000,3269
2537.500000,3269
2540.000000,3269
2542.500000,3269
2545.000000,3269
2547.500000,3345
2550.000000,3345
2552.500000,3345
2555.000000,3345
2557.500000,3294
2560.000000,3294
2562.500000,3294
2565.000000,3294
2567.500000,3289
2570.000000,3289
2572.500000,3289
2575.000000,3289
2577.500000,3289
2580.000000,3277
2582.500000,3277
2585.000000,3277
2587.500000,3277
2590.000000,3259
2592.500000,3259
2595.000000,3259
2597.500000,3259
2600.000000,3259
2602.500000,3324
2605.000000,3324
2607.500000,3324
2610.000000,3324
2612.500000,3285
2615.000000,3285
2617.500000,3285
2620.000000,3285
2622.500000,3285
2625.000000,3315
2627.500000,3315
2630.000000,3315
2632.500000,3315
2635.000000,3277
2637.500000,3277
2640.000000,3277
2642.500000,3277
2645.000000,3360
2647.500000,3360
2650.000000,3360
2652.500000,3360
2655.000000,3360
2657.500000,3299
2660.000000,3299
2662.500000,3299
2665.000000,3299
2667.500000,3372
2670.000000,3372
2672.500000,3372
2675.000000,3372
2677.500000,3372
2680.000000,3274
2682.500000,3274
2685.000000,3274
2687.500000,3274
2690.000000,3353
2692.500000,3353
2695.000000,3353
2697.500000,3353
2700.000000,3444
2702.500000,3444
2705.000000,3444
2707.500000,3444
2710.000000,3444
2712.500000,3339
2715.000000,3339
2717.500000,3339
2720.000000,3339
2722.500000,3294
2725.000000,3294
2727.500000,3294
2730.000000,3294
2732.500000,3294
2735.000000,3287
2737.500000,3287
2740.000000,3287
2742.500000,3287
2745.000000,3282
2747.500000,3282
2750.000000,3282
2752.500000,3282
2755.000000,3304
2757.500000,3304
2760.000000,3304
2762.500000,3304
2765.000000,3304
2767.500000,3413
2770.000000,3413
2772.500000,3413
2775.000000,3413
2777.500000,3371
2780.000000,3371
2782.500000,3371
2785.000000,3371
2787.500000,3371
2790.000000,3284
2792.500000,3284
2795.000000,3284
2797.500000,3284
2800.000000,3371
2802.500000,3371
2805.000000,3371
2807.500000,3371
2810.000000,3370
2812.500000,3370
2815.000000,3370
2817.500000,3370
2820.000000,3370
2822.500000,3255
2825.000000,3255
2827.500000,3255
2830.000000,3255
2832.500000,3271
2835.000000,3271
2837.500000,3271
2840.000000,3271
2842.500000,3271
2845.000000,3386
2847.500000,3386
2850.000000,3386
2852.500000,3386
2855.000000,3271
2857.500000,3271
2860.000000,3271
2862.500000,3271
2865.000000,3304
2867.500000,3304
2870.000000,3304
2872.500000,3304
2875.000000,3304
2877.500000,3252
2880.000000,3252
2882.500000,3252
2885.000000,3252
2887.500000,3298
2890.000000,3298
2892.500000,3298
2895.000000,3298
2897.500000,3298
2900.000000,3306
2902.500000,3306
2905.000000,3306
2907.500000,3306
2910.000000,3231
2912.500000,3231
2915.000000,3231
2917.500000,3231
2920.000000,3231
2922.500000,3272
2925.000000,3272
2927.500000,3272
2930.000000,3272
2932.500000,3231
2935.000000,3231
2937.500000,3231
2940.000000,3231
2942.500000,3225
2945.000000,3225
2947.500000,3225
2950.000000,3225
2952.500000,3225
2955.000000,3239
2957.500000,3239
2960.000000,3239
2962.500000,3239
2965.000000,3309
2967.500000,3309
2970.000000,3309
2972.500000,3309
2975.000000,3309
2977.500000,3312
2980.000000,3312
2982.500000,3312
2985.000000,3312
2987.500000,3223
2990.000000,3223
2992.500000,3223
2995.000000,3223
2997.500000,3235
3000.000000,3235
3002.500000,3235
3005.000000,3235
3007.500000,3235
3010.000000,3274
3012.500000,3274
3015.000000,3274
3017.500000,3274
3020.000000,3209
3022.500000,3209
3025.000000,3209
3027.500000,3209
3030.000000,3209
3032.500000,3274
3035.000000,3274
3037.500000,3274
3040.000000,3274
3042.500000,3266
3045.000000,3266
3047.500000,3266
3050.000000,3266
3052.500000,3236
3055.000000,3236
3057.500000,3236
3060.000000,3236
3062.500000,3236
3065.000000,3207
3067.500000,3207
3070.000000,3207
3072.500000,3207
3075.000000,3261
3077.500000,3261
3080.000000,3261
3082.500000,3261
3085.000000,3261
3087.500000,3238
3090.000000,3238
3092.500000,3238
3095.000000,3238
3097.500000,3187
3100.000000,3187
3102.500000,3187
3105.000000,3187
3107.500000,3213
3110.000000,3213
3112.500000,3213
3115.000000,3213
3117.500000,3213
3120.000000,3254
3122.500000,3254
3125.000000,3254
3127.500000,3254
3130.000000,3202
3132.500000,3202
3135.000000,3202
3137.500000,3202
3140.000000,3202
3142.500000,3227
3145.000000,3227
3147.500000,3227
3150.000000,3227
3152.500000,3235
3155.000000,3235
3157.500000,3235
3160.000000,3235
3162.500000,3238
3165.000000,3238
3167.500000,3238
3170.000000,3238
3172.500000,3238
3175.000000,3203
3177.500000,3203
3180.000000,3203
3182.500000,3203
3185.000000,3210
3187.500000,3210
3190.000000,3210
3192.500000,3210
3195.000000,3210
3197.500000,3186
3200.000000,3186
3202.500000,3186
3205.000000,3186
3207.500000,3201
3210.000000,3201
3212.500000,3201
3215.000000,3201
3217.500000,3201
3220.000000,3194
3222.500000,3194
3225.000000,3194
3227.500000,3194
3230.000000,3227
3232.500000,3227
3235.000000,3227
3237.500000,3227
3240.000000,3201
3242.500000,3201
3245.000000,3201
3247.500000,3201
3250.000000,3201
3252.500000,3190
3255.000000,3190
3257.500000,3190
3260.000000,3190
3262.500000,3183
3265.000000,3183
3267.500000,3183
3270.000000,3183
3272.500000,3183
3275.000000,3181
3277.500000,3181
3280.000000,3181
3282.500000,3181
3285.000000,3206
3287.500000,3206
3290.000000,3206
3292.500000,3206
3295.000000,3210
3297.500000,3210
3300.000000,3210
3302.500000,3210
3305.000000,3210
3307.500000,3186
3310.000000,3186
3312.500000,3186
3315.000000,3186
3317.500000,3206
3320.000000,3206
3322.500000,3206
3325.000000,3206
3327.500000,3206
3330.000000,3197
3332.500000,3197
3335.000000,3197
3337.500000,3197
3340.000000,3232
3342.500000,3232
3345.000000,3232
3347.500000,3232
3350.000000,3233
3352.500000,3233
3355.000000,3233
3357.500000,3233
3360.000000,3233
3362.500000,3204
3365.000000,3204
3367.500000,3204
3370.000000,3204
3372.500000,3194
3375.000000,3194
3377.500000,3194
3380.000000,3194
3382.500000,3194
3385.000000,3201
3387.500000,3201
3390.000000,3201
3392.500000,3201
3395.000000,3195
3397.500000,3195
3400.000000,3195
3402.500000,3195
3405.000000,3212
3407.500000,3212
3410.000000,3212
3412.500000,3212
3415.000000,3212
3417.500000,3208
3420.000000,3208
3422.500000,3208
3425.000000,3208
3427.500000,3217
3430.000000,3217
3432.500000,3217
3435.000000,3217
3437.500000,3217
3440.000000,3234
3442.500000,3234
3445.000000,3234
3447.500000,3234
3450.000000,3206
3452.500000,3206
3455.000000,3206
3457.500000,3206
3460.000000,3215
3462.500000,3215
3465.000000,3215
3467.500000,3215
3470.000000,3215
3472.500000,3222
3475.000000,3222
3477.500000,3222
3480.000000,3222
3482.500000,3223
3485.000000,3223
3487.500000,3223
3490.000000,3223
3492.500000,3223
3495.000000,3361
3497.500000,3361
3500.000000,3361
