#T:10349#G:00003,00004,00001#A:00100,00010,16300
#T:09646#G:-0008,00004,00001#A:00094,00098,16350
#T:09997#G:-0006,-0004,00004#A:00036,-0036,16434
#T:10314#G:-0016,-0003,-0001#A:00076,00014,16402
#T:09681#G:-0006,-0004,00000#A:00072,00056,16452
#T:10349#G:-0006,00005,00007#A:00052,00062,16394
#T:09646#G:-0002,00001,00007#A:00098,00020,16348
#T:09997#G:00001,00007,00001#A:00076,-0092,16414
#T:10314#G:00000,00007,00000#A:00148,00028,16430
#T:09681#G:-0003,00004,-0005#A:00084,-0006,16342
#T:10349#G:-0009,-0002,-0001#A:00104,00064,16286
#T:09646#G:-0007,-0005,00002#A:00052,00002,16432
#T:09997#G:-0008,-0005,00001#A:00002,00080,16412
#T:10314#G:-0003,-0004,00006#A:00066,-0028,16194
#T:09681#G:-0002,00003,00005#A:00126,00006,16366
#T:10349#G:-0001,00006,00001#A:00068,00068,16408
#T:09646#G:00001,00001,-0001#A:00130,00040,16542
#T:09997#G:00003,-0001,00008#A:00130,00044,16374
#T:10314#G:-0003,-0002,-0001#A:00100,00104,16300
#T:09681#G:-0005,-0002,00009#A:00106,-0002,16362
#T:10349#G:-0006,-0003,00001#A:00116,-0006,16382
#T:09646#G:-0006,00002,-0001#A:00048,-0038,16400
#T:09997#G:00003,00004,-0002#A:00012,00018,16336
#T:10314#G:-0003,00003,-0003#A:00020,00016,16456
#T:09681#G:00004,00002,00004#A:00068,-0014,16356
#T:10349#G:-0001,-0001,-0001#A:00080,00080,16336
#T:09646#G:-0001,00002,-0001#A:00118,00056,16474
#T:09997#G:00004,00002,00004#A:00114,-0002,16388
#T:10314#G:-0001,00000,00005#A:00114,00030,16430
#T:09681#G:-0009,00004,-0001#A:00126,-0008,16316
#T:10349#G:-0002,00003,00002#A:00146,-0016,16208
#T:09646#G:-0005,00001,00001#A:00140,-0014,16412
#T:09997#G:00000,00008,00007#A:00036,00020,16372
#T:10314#G:00004,00009,00002#A:00150,00052,16388
#T:09681#G:-0006,-0007,-0006#A:00124,00024,16312
#T:10349#G:00001,00000,00000#A:00134,00054,16388
#T:09646#G:-0008,00000,-0005#A:00082,00028,16326
#T:09997#G:-0004,00000,00002#A:00052,00058,16336
#T:10314#G:-0005,00002,-0004#A:00148,-0020,16380
#T:09681#G:-0002,00003,00003#A:00120,00040,16418
#T:10349#G:-0012,00009,00000#A:00108,00052,16392
#T:09646#G:00003,00004,00007#A:00074,00006,16396
#T:09997#G:-0001,00004,-0003#A:00120,00008,16314
#T:10314#G:-0001,-0006,00008#A:00052,00026,16422
#T:09681#G:-0008,00006,-0006#A:00084,-0042,16286
#T:10349#G:-0008,-0004,-0004#A:00056,00000,16352
#T:09646#G:-0001,00002,00001#A:00054,00016,16344
#T:09997#G:-0006,00004,00004#A:00118,00044,16306
#T:10314#G:-0009,-0008,00003#A:00082,00100,16368
#T:09681#G:-0001,00001,-0002#A:00074,-0064,16318
#T:10349#G:-0001,00006,00011#A:00060,00016,16374
#T:09646#G:00002,-0003,00004#A:00080,00048,16410
#T:09997#G:00006,-0001,00008#A:00124,00046,16246
#T:10314#G:-0007,00005,00006#A:00104,00070,16422
#T:09681#G:-0001,00003,00005#A:00082,-0094,16352
#T:10349#G:-0001,00001,00008#A:00082,00060,16366
#T:09646#G:-0006,00003,00002#A:00138,-0018,16284
#T:09997#G:-0006,00001,00002#A:00118,00082,16306
#T:10314#G:-0005,00001,00001#A:00068,-0026,16310
#T:09681#G:00001,00005,00001#A:00114,00018,16388
#T:10349#G:-0001,00006,00003#A:00064,00020,16356
#T:09646#G:-0003,-0001,00002#A:00120,-0016,16280
#T:09997#G:-0009,00001,-0002#A:00050,00010,16336
#T:10314#G:-0006,-0004,-0004#A:00118,00052,16386
#T:09681#G:-0004,00006,00007#A:00030,00044,16382
#T:10349#G:-0002,00008,00010#A:00074,00080,16318
#T:09646#G:-0005,00007,00001#A:00054,00070,16402
#T:09997#G:-0001,00008,-0002#A:00084,00024,16436
#T:10314#G:-0007,00001,-0001#A:00064,00076,16358
#T:09681#G:00000,00001,-0006#A:00116,-0030,16324
#T:10349#G:00005,00002,-0001#A:00044,-0026,16456
#T:09646#G:-0004,-0003,-0004#A:00086,-0006,16366
#T:09997#G:00000,00002,-0004#A:00090,00028,16496
#T:10314#G:-0004,00001,-0004#A:00112,00084,16338
#T:09681#G:-0001,00001,00001#A:00066,00004,16404
#T:10349#G:-0001,-0003,00006#A:00176,-0070,16280
#T:09646#G:-0001,00002,00000#A:00066,00028,16306
#T:09997#G:00001,-0002,00008#A:00114,00028,16370
#T:10314#G:-0005,00000,00002#A:00132,-0036,16330
#T:09681#G:-0002,-0005,-0003#A:-0006,00062,16444
#T:10349#G:-0004,00001,-0002#A:00096,00022,16438
#T:09646#G:-0004,00002,-0007#A:00060,00122,16462
#T:09997#G:-0004,00005,00000#A:00086,-0002,16414
#T:10314#G:-0009,-0002,-0003#A:00150,00044,16382
#T:09681#G:00002,-0001,-0001#A:00134,00030,16458
#T:10349#G:-0001,00000,00002#A:00124,-0002,16330
#T:09646#G:00001,00000,-0002#A:00072,00012,16434
#T:09997#G:-0009,-0008,-0008#A:00086,00030,16410
#T:10314#G:00002,00002,00007#A:00052,-0022,16344
#T:09681#G:-0004,00002,00004#A:00100,00070,16282
#T:10349#G:00000,00001,-0003#A:00152,00096,16322
#T:09646#G:00002,00001,-0004#A:00118,00062,16416
#T:09997#G:-0001,00002,00002#A:00114,00080,16470
#T:10314#G:-0005,-0001,00004#A:00204,00016,16332
#T:09681#G:-0002,00001,00007#A:00106,00034,16406
#T:10349#G:-0005,00002,00007#A:00036,00022,16370
#T:09646#G:-0002,-0004,00001#A:00124,00108,16358
#T:09997#G:-0001,00003,-0003#A:00160,00040,16306
#T:10314#G:-0005,-0001,-0008#A:00134,00014,16258
#T:09681#G:00005,-0004,-0001#A:00128,00002,16266
#T:10349#G:00003,00005,00003#A:00042,00078,16360
#T:09646#G:00000,00005,00002#A:00066,00030,16286
#T:09997#G:-0002,00001,00002#A:00138,00006,16366
#T:10314#G:00008,00003,-0007#A:00092,00036,16378
#T:09681#G:00002,00004,-0004#A:00104,-0010,16418
#T:10349#G:-0001,00003,00000#A:00070,00044,16390
#T:09646#G:-0003,00009,-0002#A:00146,-0008,16374
#T:09997#G:00000,00003,00001#A:00058,00100,16392
#T:10314#G:00004,00003,00003#A:00132,00048,16404
#T:09681#G:-0002,-0001,00012#A:00030,00050,16390
#T:10349#G:-0005,00005,00000#A:00102,-0054,16418
#T:09646#G:-0001,-0003,00004#A:00054,00036,16340
#T:09997#G:-0006,00009,-0003#A:00150,00070,16452
#T:10314#G:-0004,00000,00003#A:00116,00042,16404
#T:09681#G:-0008,00003,00000#A:00130,00046,16430
#T:10349#G:00000,00001,00001#A:00082,00004,16448
#T:09646#G:00002,00004,00001#A:00078,00066,16378
#T:09997#G:-0002,00004,00006#A:00120,-0036,16394
#T:10314#G:00003,00005,00006#A:00090,00000,16354
#T:09681#G:00000,-0001,00000#A:00112,-0008,16324
#T:10349#G:00001,00000,00005#A:00080,00048,16296
#T:09646#G:00000,00002,-0002#A:00058,00012,16406
#T:09997#G:-0009,-0001,00003#A:00056,00024,16312
#T:10314#G:-0003,-0008,00000#A:00108,00052,16500
#T:09681#G:-0010,00004,00004#A:00050,00056,16346
#T:10349#G:00001,-0006,00001#A:-0008,00020,16300
#T:09646#G:-0002,00000,00000#A:00060,00096,16242
#T:09997#G:00003,00012,00000#A:00098,-0014,16468
#T:10314#G:00000,00000,00004#A:00152,-0004,16374
#T:09681#G:-0001,-0005,-0003#A:00098,00038,16378
#T:10349#G:-0011,00003,00002#A:00126,00004,16308
#T:09646#G:-0001,-0007,00002#A:00158,00082,16354
#T:09997#G:00001,-0002,00000#A:-0016,-0030,16394
#T:10314#G:00004,00008,00000#A:00102,-0050,16332
#T:09681#G:00006,00010,00006#A:00078,00004,16348
#T:10349#G:00005,00001,00001#A:00130,-0052,16422
#T:09646#G:-0002,00006,-0001#A:00134,-0020,16320
#T:09997#G:-0009,00007,-0007#A:00108,00064,16336
#T:10314#G:-0013,-0004,00004#A:00082,00024,16314
#T:09681#G:-0016,-0006,-0004#A:00056,00092,16336
#T:10349#G:-0005,00003,00009#A:00078,-0010,16354
#T:09646#G:00005,00002,00003#A:00162,00036,16252
#T:09997#G:00012,00005,00001#A:00048,-0066,16378
#T:10314#G:00003,00011,-0004#A:00026,00012,16340
#T:09681#G:-0007,00003,00001#A:00102,-0016,16294
#T:10349#G:-0018,00005,-0003#A:00090,00036,16312
#T:09646#G:-0018,00001,-0003#A:00132,00056,16354
#T:09997#G:-0016,-0005,00001#A:00052,00178,16336
#T:10314#G:-0008,-0003,00003#A:00024,00076,16378
#T:09681#G:00012,00010,00011#A:00070,00018,16318
#T:10349#G:00018,00010,00001#A:00152,-0032,16456
#T:09646#G:00009,00012,00001#A:00094,-0070,16508
#T:09997#G:-0003,00003,-0003#A:00106,00000,16378
#T:10314#G:-0013,-0001,00003#A:00092,00062,16424
#T:09681#G:-0030,00000,-0010#A:00112,00022,16240
#T:10349#G:-0025,-0010,00003#A:00118,00020,16324
#T:09646#G:-0009,-0006,00002#A:00050,00148,16322
#T:09997#G:00012,-0006,00004#A:00040,00008,16428
#T:10314#G:00022,00013,-0009#A:00098,-0014,16340
#T:09681#G:00027,00017,00009#A:00096,00050,16474
#T:10349#G:00001,00009,00002#A:00060,-0068,16310
#T:09646#G:-0012,-0005,-0006#A:00186,-0018,16374
#T:09997#G:-0034,-0001,-0007#A:00124,00044,16474
#T:10314#G:-0025,-0016,-0004#A:00096,00096,16402
#T:09681#G:-0013,-0001,-0002#A:00114,00118,16222
#T:10349#G:00006,00003,-0006#A:00018,00102,16378
#T:09646#G:00025,00016,00005#A:00052,00006,16374
#T:09997#G:00019,00016,-0002#A:00056,-0042,16430
#T:10314#G:00006,00005,00002#A:00026,-0052,16354
#T:09681#G:-0014,00002,00002#A:00030,-0036,16348
#T:10349#G:-0025,-0010,00001#A:00090,00004,16380
#T:09646#G:-0030,-0009,-0002#A:00026,00010,16416
#T:09997#G:-0010,-0006,-0001#A:00042,00104,16496
#T:10314#G:00013,00009,00005#A:00066,00064,16362
#T:09681#G:00030,00004,00007#A:00146,00056,16336
#T:10349#G:00022,00012,00005#A:00016,-0066,16378
#T:09646#G:00004,00009,00003#A:00118,-0032,16306
#T:09997#G:-0016,00006,-0008#A:00104,-0092,16344
#T:10314#G:-0027,-0004,-0005#A:00142,00002,16380
#T:09681#G:-0036,-0009,-0007#A:00080,00058,16402
#T:10349#G:-0019,-0016,00005#A:00072,00132,16452
#T:09646#G:00001,-0005,00009#A:00058,00038,16352
#T:09997#G:00024,00009,00004#A:00136,-0038,16370
#T:10314#G:00028,00020,00002#A:00050,00012,16394
#T:09681#G:00022,00027,00013#A:00026,-0088,16514
#T:10349#G:-0014,00006,00003#A:00084,-0190,16354
#T:09646#G:-0034,-0003,00003#A:00188,00016,16436
#T:09997#G:-0043,-0011,-0003#A:00096,00078,16342
#T:10314#G:-0024,-0016,-0005#A:00132,00128,16446
#T:09681#G:-0003,-0012,-0004#A:00100,00076,16196
#T:10349#G:00018,00006,00004#A:00006,00126,16330
#T:09646#G:00043,00004,00004#A:00056,-0074,16286
#T:09997#G:00039,00023,00008#A:00052,-0188,16294
#T:10314#G:00013,00025,00005#A:00122,-0106,16466
#T:09681#G:-0024,00000,-0011#A:00128,-0072,16322
#T:10349#G:-0053,-0021,-0005#A:00122,00032,16430
#T:09646#G:-0045,-0026,-0008#A:00080,00160,16290
#T:09997#G:-0024,-0018,-0004#A:00150,00180,16290
#T:10314#G:00008,-0008,-0002#A:00064,00096,16396
#T:09681#G:00041,00013,00006#A:00082,00076,16350
#T:10349#G:00046,00017,00019#A:00064,-0100,16450
#T:09646#G:00026,00027,00019#A:00126,-0238,16346
#T:09997#G:-0008,00003,-0002#A:00122,-0096,16336
#T:10314#G:-0039,-0018,-0007#A:00118,-0024,16434
#T:09681#G:-0055,-0026,-0016#A:00148,00142,16330
#T:10349#G:-0037,-0027,-0011#A:00082,00182,16356
#T:09646#G:-0011,-0006,00003#A:00086,00206,16426
#T:09997#G:00030,00011,-0002#A:-0040,00140,16176
#T:10314#G:00051,00026,00015#A:00058,00026,16310
#T:09681#G:00035,00030,00008#A:00094,-0152,16288
#T:10349#G:00008,00021,00008#A:00136,-0210,16374
#T:09646#G:-0024,00000,-0001#A:00120,-0154,16304
#T:09997#G:-0048,-0025,-0011#A:00184,00088,16420
#T:10314#G:-0046,-0041,-0011#A:00022,00194,16348
#T:09681#G:-0026,-0031,-0006#A:00080,00182,16316
#T:10349#G:00017,00007,00001#A:-0058,00158,16276
#T:09646#G:00047,00029,00011#A:00052,00028,16356
#T:09997#G:00051,00037,00012#A:00042,-0076,16218
#T:10314#G:00023,00032,00010#A:00116,-0156,16416
#T:09681#G:-0007,00009,-0008#A:00262,-0148,16304
#T:10349#G:-0047,-0014,-0009#A:00140,-0098,16388
#T:09646#G:-0055,-0027,-0022#A:00096,00048,16336
#T:09997#G:-0047,-0032,-0006#A:00030,00192,16218
#T:10314#G:-0005,-0001,-0009#A:00044,00206,16234
#T:09681#G:00031,00017,-0001#A:-0014,00106,16238
#T:10349#G:00051,00028,00009#A:00112,00068,16408
#T:09646#G:00040,00034,00010#A:00036,-0076,16374
#T:09997#G:00018,00014,00002#A:00164,-0098,16354
#T:10314#G:-0032,-0008,-0003#A:00178,-0110,16356
#T:09681#G:-0054,-0030,-0010#A:00122,-0008,16396
#T:10349#G:-0046,-0026,-0018#A:00078,00188,16354
#T:09646#G:-0025,-0016,-0002#A:00038,00140,16390
#T:09997#G:00017,-0003,-0002#A:00016,00140,16292
#T:10314#G:00052,00031,00011#A:-0010,00058,16320
#T:09681#G:00043,00034,00008#A:00064,-0032,16344
#T:10349#G:00011,00024,00018#A:00146,-0166,16476
#T:09646#G:-0017,00002,-0004#A:00168,-0132,16412
#T:09997#G:-0048,-0021,-0017#A:00144,-0060,16336
#T:10314#G:-0043,-0030,-0009#A:00124,00074,16390
#T:09681#G:-0032,-0026,-0003#A:-0010,00124,16424
#T:10349#G:00008,-0001,00008#A:00058,00162,16370
#T:09646#G:00031,00024,00007#A:00024,00052,16326
#T:09997#G:00042,00037,00008#A:00156,00044,16374
#T:10314#G:00039,00034,00021#A:00130,-0112,16360
#T:09681#G:00004,00010,00001#A:00168,-0094,16358
#T:10349#G:-0024,-0008,-0007#A:00144,-0034,16288
#T:09646#G:-0051,-0039,-0015#A:00088,00008,16352
#T:09997#G:-0042,-0041,-0020#A:00040,00124,16306
#T:10314#G:-0019,-0013,-0003#A:00036,00098,16428
#T:09681#G:00023,00016,00006#A:00014,00026,16278
#T:10349#G:00038,00034,00018#A:00076,00114,16322
#T:09646#G:00040,00042,00018#A:00064,-0060,16372
#T:09997#G:00017,00023,00013#A:00152,-0088,16368
#T:10314#G:-0007,-0004,00013#A:00194,-0138,16420
#T:09681#G:-0035,-0030,-0002#A:00128,00022,16360
#T:10349#G:-0044,-0035,-0017#A:00106,00082,16328
#T:09646#G:-0028,-0027,-0006#A:00022,00132,16386
#T:09997#G:-0003,-0008,00000#A:-0008,00124,16292
#T:10314#G:00028,00021,00016#A:00032,00122,16312
#T:09681#G:00039,00034,00012#A:00050,00022,16304
#T:10349#G:00027,00032,00011#A:00176,-0026,16372
#T:09646#G:00012,00011,00007#A:00152,-0166,16412
#T:09997#G:-0023,-0013,-0008#A:00116,-0080,16336
#T:10314#G:-0034,-0029,-0008#A:00116,00058,16348
#T:09681#G:-0040,-0027,-0018#A:00070,00134,16284
#T:10349#G:-0021,-0012,00001#A:-0014,00148,16340
#T:09646#G:00010,00009,00005#A:00000,00166,16458
#T:09997#G:00033,00041,00009#A:00038,00122,16496
#T:10314#G:00027,00031,00009#A:00114,00026,16416
#T:09681#G:00019,00019,00004#A:00108,-0042,16336
#T:10349#G:-0006,-0005,-0003#A:00136,-0050,16402
#T:09646#G:-0029,-0021,-0002#A:00086,00014,16294
#T:09997#G:-0038,-0025,-0011#A:00080,00020,16350
#T:10314#G:-0027,-0019,-0010#A:00008,-0022,16422
#T:09681#G:-0003,00005,-0004#A:-0020,00072,16414
#T:10349#G:00016,00018,00004#A:00032,00042,16434
#T:09646#G:00025,00034,00009#A:00154,00056,16400
#T:09997#G:00016,00020,00001#A:00172,-0002,16474
#T:10314#G:-0001,-0009,-0004#A:00188,00036,16476
#T:09681#G:-0032,-0026,-0012#A:00098,00002,16334
#T:10349#G:-0027,-0024,-0012#A:00104,-0028,16288
#T:09646#G:-0015,-0018,-0009#A:-0066,00010,16308
#T:09997#G:00017,00007,00006#A:00062,00032,16396
#T:10314#G:00024,00031,00001#A:00018,00028,16344
#T:09681#G:00018,00040,00001#A:00082,-0010,16392
#T:10349#G:00005,00018,00005#A:00198,00058,16372
#T:09646#G:-0018,00004,00002#A:00108,00076,16424
#T:09997#G:-0028,-0023,-0001#A:00172,00012,16496
#T:10314#G:-0017,-0031,-0003#A:00074,00004,16220
#T:09681#G:-0002,-0018,00002#A:00050,00110,16284
#T:10349#G:00026,00005,00005#A:00070,-0016,16392
#T:09646#G:00038,00019,-0004#A:00018,-0052,16336
#T:09997#G:00022,00029,00002#A:00078,-0178,16338
#T:10314#G:00004,00021,00004#A:00118,-0060,16438
#T:09681#G:-0030,00002,-0003#A:00156,00026,16332
#T:10349#G:-0047,-0021,-0015#A:00184,00126,16392
#T:09646#G:-0043,-0035,-0012#A:00104,00124,16376
#T:09997#G:-0012,-0020,-0004#A:-0004,00176,16294
#T:10314#G:00022,00003,00011#A:00000,-0048,16400
#T:09681#G:00050,00025,00008#A:-0004,-0034,16396
#T:10349#G:00043,00038,00013#A:00022,-0156,16354
#T:09646#G:00019,00033,00013#A:00172,-0180,16422
#T:09997#G:-0037,00013,00002#A:00172,-0094,16338
#T:10314#G:-0064,-0022,-0008#A:00250,00040,16450
#T:09681#G:-0072,-0044,-0018#A:00114,00238,16286
#T:10349#G:-0034,-0033,-0009#A:00020,00262,16496
#T:09646#G:00021,00002,00006#A:00052,00200,16310
#T:09997#G:00059,00018,00007#A:00032,-0058,16302
#T:10314#G:00079,00040,00028#A:00000,-0088,16278
#T:09681#G:00040,00043,00011#A:00056,-0232,16430
#T:10349#G:-0006,00014,00006#A:00226,-0266,16436
#T:09646#G:-0066,-0015,-0007#A:00202,-0034,16322
#T:09997#G:-0088,-0033,-0021#A:00202,00126,16410
#T:10314#G:-0065,-0043,-0016#A:00036,00262,16306
#T:09681#G:-0021,-0029,00001#A:00084,00318,16420
#T:10349#G:00051,00014,00011#A:00000,00168,16400
#T:09646#G:00088,00042,00027#A:00068,-0026,16340
#T:09997#G:00078,00052,00021#A:00026,-0256,16322
#T:10314#G:00023,00034,00011#A:00148,-0236,16478
#T:09681#G:-0043,-0008,-0005#A:00098,-0184,16264
#T:10349#G:-0090,-0036,-0017#A:00140,-0056,16330
#T:09646#G:-0089,-0051,-0016#A:00058,00256,16428
#T:09997#G:-0043,-0039,-0013#A:00006,00316,16272
#T:10314#G:00022,-0008,00005#A:-0020,00338,16304
#T:09681#G:00082,00032,00010#A:00026,00116,16304
#T:10349#G:00090,00056,00030#A:00066,-0064,16364
#T:09646#G:00059,00049,00022#A:00112,-0312,16406
#T:09997#G:-0006,00012,00007#A:00178,-0386,16428
#T:10314#G:-0071,-0023,-0012#A:00274,-0102,16418
#T:09681#G:-0102,-0051,-0024#A:00210,00164,16368
#T:10349#G:-0087,-0048,-0027#A:00104,00338,16374
#T:09646#G:-0018,-0032,-0004#A:-0046,00434,16340
#T:09997#G:00051,00019,00015#A:-0100,00264,16260
#T:10314#G:00089,00056,00021#A:-0022,00034,16306
#T:09681#G:00086,00059,00026#A:00094,-0226,16318
#T:10349#G:00038,00041,00014#A:00232,-0364,16506
#T:09646#G:-0030,-0002,-0004#A:00246,-0294,16426
#T:09997#G:-0094,-0047,-0029#A:00212,-0052,16292
#T:10314#G:-0113,-0064,-0026#A:00132,00318,16408
#T:09681#G:-0068,-0054,-0021#A:00048,00280,16300
#T:10349#G:00023,-0013,00006#A:-0032,00330,16322
#T:09646#G:00091,00040,00016#A:-0010,00114,16288
#T:09997#G:00108,00065,00028#A:00058,-0140,16416
#T:10314#G:00069,00056,00023#A:00070,-0232,16428
#T:09681#G:-0012,00020,00008#A:00080,-0232,16394
#T:10349#G:-0097,-0028,-0013#A:00182,-0094,16514
#T:09646#G:-0126,-0069,-0027#A:00192,00054,16524
#T:09997#G:-0082,-0051,-0015#A:00082,00260,16228
#T:10314#G:-0003,-0018,-0001#A:00020,00192,16340
#T:09681#G:00094,00032,00007#A:-0022,00118,16200
#T:10349#G:00114,00068,00027#A:00046,-0066,16470
#T:09646#G:00069,00057,00010#A:00012,-0228,16326
#T:09997#G:-0014,00023,00010#A:00204,-0228,16476
#T:10314#G:-0085,-0031,-0014#A:00214,-0130,16520
#T:09681#G:-0114,-0061,-0023#A:00162,00092,16316
#T:10349#G:-0069,-0055,-0014#A:00038,00204,16380
#T:09646#G:-0006,-0024,-0006#A:-0088,00306,16370
#T:09997#G:00064,00024,00018#A:-0020,00216,16276
#T:10314#G:00098,00063,00022#A:00036,-0110,16434
#T:09681#G:00081,00067,00019#A:00164,-0196,16468
#T:10349#G:00009,00028,00006#A:00286,-0270,16328
#T:09646#G:-0062,-0015,-0008#A:00256,-0096,16338
#T:09997#G:-0110,-0058,-0022#A:00170,00064,16362
#T:10314#G:-0096,-0079,-0028#A:00004,00378,16280
#T:09681#G:-0028,-0047,-0003#A:-0020,00354,16386
#T:10349#G:00065,00012,00006#A:-0128,00216,16326
#T:09646#G:00120,00022,00055#A:-1038,00038,16872
#T:09997#G:00127,00033,00073#A:-0282,00642,17932
#T:10314#G:00045,-0022,-0018#A:-0180,00158,16152
#T:09681#G:-0038,00010,-0061#A:-0744,-0490,16394
#T:10349#G:-0093,-0037,-0107#A:-1736,00424,16936
#T:09646#G:-0075,-0089,-0070#A:-0342,00542,16924
#T:09997#G:00037,00003,-0032#A:-1540,01568,15884
#T:10314#G:00137,00054,00041#A:-0428,02246,17602
#T:09681#G:00048,00100,00176#A:00590,-0862,15494
#T:10349#G:00063,00240,00148#A:-2024,-0156,16496
#T:09646#G:00003,00155,-0038#A:-1658,-0892,15798
#T:09997#G:-0016,-0219,-0211#A:02362,-0144,14334
#T:10314#G:-0008,-0097,-0185#A:01282,01022,15340
#T:09681#G:00009,00168,-0170#A:-4670,-0568,13194
#T:10349#G:-0175,00668,-0070#A:-5584,-0258,15718
#T:09646#G:00060,-0573,-0107#A:08312,00600,15420
#T:09997#G:00240,-0045,00026#A:00766,-0066,15264
#T:10314#G:00083,00271,00157#A:-4542,-1586,12728
#T:09681#G:00017,-0117,00209#A:00972,01102,13006
#T:10349#G:-0027,00007,00132#A:-0118,-0604,16596
#T:09646#G:00124,00071,00047#A:-1332,03028,18664
#T:09997#G:00056,-0111,-0003#A:00784,01676,18348
#T:10314#G:-0143,00023,00006#A:-0532,-1222,16980
#T:09681#G:-0058,-0044,00005#A:00034,01284,17418
#T:10349#G:-0017,-0009,00004#A:-0038,00150,14994
#T:09646#G:00115,-0037,00011#A:01422,00848,15456
#T:09997#G:00135,00116,00019#A:01022,-0914,15948
#T:10314#G:00098,00122,-0014#A:-0846,-0372,16666
#T:09681#G:00012,00021,-0051#A:-0302,00014,17702
#T:10349#G:-0093,-0097,-0073#A:00380,-0908,17394
#T:09646#G:-0114,-0020,-0076#A:-0818,-1690,16652
#T:09997#G:-0069,-0099,-0032#A:01322,00242,16344
#T:10314#G:-0004,00087,-0002#A:-1344,01304,17362
#T:09681#G:00004,-0023,00009#A:00440,-0170,16502
#T:10349#G:00035,00048,00038#A:00014,-1538,16574
#T:09646#G:00119,00111,00074#A:-0756,-0540,16680
#T:09997#G:00051,00061,00058#A:-0970,-0642,16370
#T:10314#G:-0069,-0066,00041#A:-0182,-1216,16046
#T:09681#G:-0111,-0166,00002#A:01120,-0516,15514
#T:10349#G:-0035,-0151,00010#A:00892,01002,18248
#T:09646#G:-0004,-0041,00015#A:00878,01664,18042
#T:09997#G:-0026,00126,-0001#A:-0276,-1624,14700
#T:10314#G:00037,00144,00002#A:-1544,-0550,14868
#T:09681#G:00054,-0013,-0027#A:00388,-2004,15814
#T:10349#G:00139,-0162,-0018#A:00024,00160,18728
#T:09646#G:00109,00036,-0024#A:01214,01600,19528
#T:09997#G:-0021,00094,-0048#A:-0412,00764,17506
#T:10314#G:-0090,-0059,-0030#A:-0612,01096,15112
#T:09681#G:-0075,-0119,-0043#A:01536,00104,16136
#T:10349#G:-0036,00142,-0022#A:00734,00182,16838
#T:09646#G:-0033,00197,00029#A:00838,-1138,12856
#T:09997#G:00095,00269,00064#A:-3850,00276,16572
#T:10314#G:00080,-0325,-0007#A:02510,01990,17248
#T:09681#G:00131,-0268,00035#A:04016,01102,20474
#T:10349#G:-0067,00209,00018#A:00546,-0692,17330
#T:09646#G:-0008,00087,-0003#A:-2300,-0032,16964
#T:09997#G:-0051,-0167,-0015#A:02682,-1954,09442
#T:10314#G:-0102,00150,00007#A:-0542,-0356,13160
#T:09681#G:-0056,-0050,-0020#A:00756,00724,16876
#T:10349#G:00064,00147,00001#A:-0674,00828,14122
#T:09646#G:00110,-0036,-0002#A:02212,01950,14976
#T:09997#G:00093,-0071,-0048#A:00632,02024,16196
#T:10314#G:00048,-0200,-0015#A:03652,01824,22478
#T:09681#G:-0043,00170,00011#A:-0028,00882,17062
#T:10349#G:-0079,-0009,-0029#A:-1434,-1726,19958
#T:09646#G:00018,-0221,-0016#A:04330,01170,21328
#T:09997#G:-0070,00187,00063#A:-2200,-0584,21102
#T:10314#G:00085,-0118,00033#A:04162,02448,15842
#T:09681#G:00029,00157,00052#A:01492,-0074,19678
#T:10349#G:-0012,-0091,00052#A:00592,-1070,09776
#T:09646#G:00066,-0135,00036#A:03288,02222,14664
#T:09997#G:-0080,00362,-0014#A:-3060,00406,10938
#T:10314#G:-0023,-0012,-0001#A:-0742,-0886,15476
#T:09681#G:-0102,-0024,-0030#A:-0716,-4342,12776
#T:10349#G:-0081,-0249,-0075#A:01296,-0368,15098
#T:09646#G:00098,00077,-0025#A:00248,02988,15446
#T:09997#G:00168,00023,00005#A:-0320,01542,15528
#T:10314#G:00019,-0012,-0006#A:01820,00886,14798
#T:09681#G:-0038,00108,-0016#A:00120,-0108,10076
#T:10349#G:00000,00113,00013#A:00930,-1776,14198
#T:09646#G:-0077,00181,-0012#A:-3684,-1126,15298
#T:09997#G:-0039,-0059,00049#A:-1514,00056,14368
#T:10314#G:-0073,00045,-0013#A:01030,01728,10880
#T:09681#G:-0029,-0270,-0033#A:01466,01640,12362
#T:10349#G:-0155,-0209,00025#A:02414,-2538,14254
#T:09646#G:-0043,00192,00055#A:-0302,-2820,17874
#T:09997#G:00065,00034,00028#A:00736,-1016,19460
#T:10314#G:00015,-0334,00002#A:03792,-1740,13658
#T:09681#G:00076,00068,-0019#A:00970,01558,14116
#T:10349#G:-0088,-0113,-0054#A:02760,-0052,15198
#T:09646#G:-0111,00039,00005#A:00368,-1800,20170
#T:09997#G:-0189,00081,-0038#A:-4024,-2024,15504
#T:10314#G:00115,00101,00031#A:-0040,02210,18916
#T:09681#G:00099,00005,-0017#A:-2862,01520,15258
#T:10349#G:00090,-0283,-0028#A:06180,00810,19548
#T:09646#G:-0168,00147,00088#A:-2852,-4858,16836
#T:09997#G:00035,-0066,00020#A:02274,-2616,16314
#T:10314#G:00040,00179,-0024#A:-2816,-0280,15208
#T:09681#G:00043,-0282,00023#A:03150,01822,19330
#T:10349#G:-0136,-0184,-0005#A:03308,01412,17096
#T:09646#G:-0057,00074,-0016#A:-0026,00614,14562
#T:09997#G:-0069,00424,00000#A:-6474,-1924,11280
#T:10314#G:00053,-0121,-0002#A:02626,-0806,14892
#T:09681#G:-0081,00060,00046#A:-2134,-2764,18142
#T:10349#G:-0039,-0128,00010#A:02936,-2018,19494
#T:09646#G:00044,00053,-0031#A:00136,00518,20844
#T:09997#G:-0040,00045,00061#A:-1164,-1970,22112
#T:10314#G:-0012,-0152,-0004#A:-0238,00874,21930
#T:09681#G:00009,-0153,-0036#A:02042,01784,17208
#T:10349#G:-0018,00039,00007#A:02152,-0614,12966
#T:09646#G:-0104,00106,00006#A:-1240,-1450,15242
#T:09997#G:-0124,-0157,-0002#A:00062,-1680,16634
#T:10314#G:-0033,-0019,00014#A:01982,01012,15194
#T:09681#G:00090,00028,00003#A:03640,00060,15810
#T:10349#G:-0081,00123,00028#A:-1488,-1022,20620
#T:09646#G:-0081,00008,00002#A:-1480,-0766,18806
#T:09997#G:00097,-0101,-0035#A:01054,01690,12668
#T:10314#G:-0098,00059,00018#A:02926,-1016,13082
#T:09681#G:-0196,00011,-0011#A:-1316,-1514,16106
#T:10349#G:00021,-0304,-0002#A:03214,02494,14306
#T:09646#G:00090,-0156,-0024#A:02634,02646,14638
#T:09997#G:00046,00280,00052#A:-1384,-1718,20320
#T:10314#G:00090,-0124,00010#A:03404,00562,18014
#T:09681#G:00056,-0162,00018#A:01492,01346,18794
#T:10349#G:-0021,-0135,-0007#A:-1448,02272,20468
#T:09646#G:00132,-0063,00013#A:00932,03208,17264
#T:09997#G:-0064,-0023,-0033#A:01436,-1212,11256
#T:10314#G:-0054,00061,00006#A:-0332,-1144,17558
#T:09681#G:-0082,00012,-0026#A:-1566,02390,14232
#T:10349#G:00135,00099,00004#A:00446,03054,16634
#T:09646#G:00061,00019,-0007#A:-0104,-0688,19042
#T:09997#G:-0017,-0011,00023#A:00284,00154,21478
#T:10314#G:-0051,-0164,-0030#A:01402,00390,18570
#T:09681#G:00066,00084,-0013#A:-0018,-0568,17214
#T:10349#G:-0057,00184,00018#A:-3144,-1550,14466
#T:09646#G:-0187,-0062,00015#A:02098,-0898,11342
#T:09997#G:-0065,00008,00015#A:-0866,00078,12888
#T:10314#G:00018,00062,00022#A:01460,-2428,11878
#T:09681#G:00034,00128,00038#A:-0904,-1050,23010
#T:10349#G:-0018,-0063,00013#A:01396,00708,17802
#T:09646#G:00006,-0083,00022#A:-1248,01496,20690
#T:09997#G:00088,-0112,-0019#A:-0350,00792,23648
#T:10314#G:-0008,00137,00007#A:-3540,00300,18756
#T:09681#G:00022,-0279,-0015#A:03976,01208,17580
#T:10349#G:00058,-0087,-0026#A:02686,01800,17658
#T:09646#G:-0081,00379,00004#A:-4160,-3892,15384
#T:09997#G:00026,00161,-0003#A:-2314,-1320,16414
#T:10314#G:-0059,-0212,-0018#A:04016,-0764,14256
#T:09681#G:00024,-0159,-0004#A:01096,-1224,16036
#T:10349#G:-0075,00233,-0029#A:-4420,-2490,16020
#T:09646#G:00153,-0172,00003#A:02498,05062,16330
#T:09997#G:00094,-0101,00000#A:03300,01456,14750
#T:10314#G:00046,00042,00006#A:-1996,00224,14174
#T:09681#G:-0223,00349,00056#A:-5676,-2272,11930
#T:10349#G:-0107,00045,00025#A:03104,-0756,14784
#T:09646#G:00025,00161,-0004#A:-2318,-0324,14506
#T:09997#G:00240,-0232,00000#A:02456,02510,13600
#T:10314#G:00013,-0291,-0040#A:05320,02800,12876
#T:09681#G:-0156,00142,-0019#A:-0134,-1116,14412
#T:10349#G:-0001,00143,00014#A:-3170,-1586,16576
#T:09646#G:00166,-0033,-0049#A:-0432,03466,20090
#T:09997#G:-0147,-0154,00035#A:02090,-0194,18818
#T:10314#G:-0082,00074,-0015#A:-0512,-1266,21836
#T:09681#G:00200,00172,-0014#A:-4492,00696,15832
#T:10349#G:00091,-0235,-0017#A:05144,01090,12782
#T:09646#G:-0239,00023,-0003#A:01472,-2172,14318
#T:09997#G:-0084,00205,00031#A:-2372,-2472,17844
#T:10314#G:00078,-0105,-0018#A:01580,01676,14412
#T:09681#G:-0062,00034,00001#A:00706,-0076,18954
#T:10349#G:-0175,-0036,00081#A:-2186,-2686,20876
#T:09646#G:00079,-0100,00015#A:01062,00656,19108
#T:09997#G:00092,-0300,-0024#A:02786,01846,15890
#T:10314#G:00046,00175,00007#A:00872,01542,17556
#T:09681#G:00030,-0063,00021#A:01758,-0788,13224
#T:10349#G:-0043,00181,-0030#A:-2158,-0666,10078
#T:09646#G:-0061,00008,00002#A:00470,-0038,13878
#T:09997#G:-0110,-0011,-0068#A:00148,-0106,13972
#T:10314#G:00014,-0026,00010#A:-0186,-1632,20360
#T:09681#G:-0025,00012,-0051#A:00008,-3774,19830
#T:10349#G:-0015,00047,00017#A:-1830,-0978,18896
#T:09646#G:00045,-0052,-0016#A:-0016,02276,17674
#T:09997#G:00082,-0032,00017#A:00970,00014,15690
#T:10314#G:00004,00210,00016#A:-3158,-3202,13448
#T:09681#G:-0098,00032,00051#A:-2332,-3100,12192
#T:10349#G:-0107,-0055,-0013#A:03142,00756,14388
#T:09646#G:-0058,00085,00053#A:-1818,-1912,14570
#T:09997#G:00043,-0039,-0010#A:02338,00218,17840
#T:10314#G:-0067,00054,00006#A:-0940,-0162,16822
#T:09681#G:-0012,00169,00001#A:-1680,-0974,17650
#T:10349#G:00103,-0269,-0036#A:02808,02406,18092
#T:09646#G:-0043,-0070,-0034#A:03156,-0568,10976
#T:09997#G:-0143,00278,00008#A:-3912,-1750,16976
#T:10314#G:-0004,-0090,-0072#A:03500,01072,11876
#T:09681#G:00038,-0296,-0037#A:03682,00310,15226
#T:10349#G:-0058,00362,00013#A:-4730,-1152,15010
#T:09646#G:-0117,00200,00034#A:-4432,-0608,18918
#T:09997#G:00098,-0393,00006#A:05156,03742,19624
#T:10314#G:00147,00148,00042#A:-2686,01050,19152
#T:09681#G:00021,00206,00031#A:-4350,-0238,18710
#T:10349#G:-0113,-0116,00042#A:03276,-2588,18402
#T:09646#G:-0053,00277,00033#A:-4334,-1708,15412
#T:09997#G:-0043,-0033,00007#A:-1980,-1058,14628
#T:10314#G:-0033,-0007,-0019#A:01424,00106,13400
#T:09681#G:-0038,-0013,-0019#A:01766,-0686,18630
#T:10349#G:00039,00102,00024#A:-0518,02050,16296
#T:09646#G:00026,00010,-0035#A:-2148,02894,17006
#T:09997#G:00125,00057,-0042#A:-1148,02084,18848
#T:10314#G:-0070,-0313,-0017#A:03700,-3342,12640
#T:09681#G:-0027,00253,-0055#A:00432,-1306,17116
#T:10349#G:-0124,-0124,00007#A:04998,-3354,18156
#T:09646#G:-0074,00275,-0005#A:-2446,-1016,17844
#T:09997#G:-0120,00001,-0049#A:-0488,00508,17360
#T:10314#G:00087,-0256,00031#A:01494,01714,16446
#T:09681#G:00048,-0153,-0040#A:01592,00950,15232
#T:10349#G:00019,00419,00063#A:-6868,-2460,24176
#T:09646#G:-0075,-0300,00037#A:07252,-0340,17604
#T:09997#G:-0133,00143,00029#A:-1692,00544,16764
#T:10314#G:00070,-0299,00013#A:03352,02732,18842
#T:09681#G:00079,00016,-0014#A:-0888,-1892,18384
#T:10349#G:00023,-0274,-0015#A:03998,01524,19602
#T:09646#G:00034,00225,00009#A:-2732,03102,20246
#T:09997#G:00002,00217,-0043#A:-4132,-0006,18408
#T:10314#G:00052,00078,00003#A:00976,-0204,18708
#T:09681#G:-0059,00182,-0035#A:-0868,-0812,19206
#T:10349#G:00076,00007,-0088#A:-1218,01974,16506
#T:09646#G:00098,-0326,-0117#A:05136,01360,16218
#T:09997#G:-0045,00102,-0033#A:-0786,-2140,16000
#T:10314#G:-0068,-0003,-0029#A:02356,00110,17562
#T:09681#G:-0062,00056,00037#A:01744,00370,12034
#T:10349#G:00039,-0206,-0030#A:-0972,00862,16372
#T:09646#G:00139,-0103,00083#A:-3138,01378,19918
#T:09997#G:-0221,-0042,00080#A:02280,-3020,17072
#T:10314#G:-0176,00130,00085#A:-1704,-4224,15236
#T:09681#G:-0089,-0082,00112#A:00838,-3026,19180
#T:10349#G:-0181,00054,00094#A:02726,-3356,20348
#T:09646#G:-0233,00258,00015#A:00036,-2148,14422
#T:09997#G:-0275,00082,-0004#A:02052,-0768,11712
#T:10314#G:-0067,00345,-0034#A:-4628,-0248,20236
#T:09681#G:00038,-0366,-0051#A:06218,03842,17450
#T:10349#G:-0023,00065,-0066#A:01752,01614,14150
#T:09646#G:00005,-0272,-0071#A:03850,02778,18684
#T:09997#G:00046,-0103,-0012#A:01444,01394,20712
#T:10314#G:-0120,-0205,-0002#A:05906,-0230,14002
#T:09681#G:-0169,00118,00020#A:01400,-0446,14102
#T:10349#G:-0044,00172,00056#A:-1608,-2376,17666
#T:09646#G:-0090,00260,00103#A:-4426,-4306,21888
#T:09997#G:-0122,-0174,00114#A:00920,-1698,18202
#T:10314#G:-0023,00169,00064#A:-3334,-3064,17154
#T:09681#G:-0111,00112,00079#A:-1498,-4726,12760
#T:10349#G:-0031,00392,00091#A:-10864,-5660,20456
#T:09646#G:-0094,00083,00042#A:-3682,-3292,16440
#T:09997#G:-0075,00501,-0020#A:-6266,-1046,14168
#T:10314#G:00022,00115,-0073#A:-2758,-1078,09560
#T:09681#G:-0061,00120,-0059#A:-7184,-2494,13438
#T:10349#G:-0084,00074,-0006#A:-4358,-1788,13674
#T:09646#G:-0017,-0072,-0073#A:-1780,-0114,16180
#T:09997#G:-0014,00105,00010#A:-3404,-0830,18872
#T:10314#G:00024,-0116,-0030#A:00682,01560,14874
#T:09681#G:00052,00007,00043#A:-1390,01082,16760
#T:10349#G:-0069,00098,00060#A:-4960,-0960,19384
#T:09646#G:-0124,-0034,00111#A:-2342,00482,14962
#T:09997#G:-0101,-0331,00024#A:02072,-1412,15818
#T:10314#G:00009,-0340,00052#A:04688,03526,17726
#T:09681#G:-0022,-0020,00019#A:-0864,02146,16750
#T:10349#G:-0124,00050,00024#A:02592,01458,17740
#T:09646#G:00151,-0075,00001#A:00138,03530,15676
#T:09997#G:00018,-0098,-0013#A:03516,02068,16262
#T:10314#G:00007,-0044,-0031#A:05952,-1208,15390
#T:09681#G:-0167,00156,-0059#A:01272,-1792,09950
#T:10349#G:-0100,00212,-0020#A:-1446,-3946,16196
#T:09646#G:-0003,-0056,-0026#A:04674,-1202,24040
#T:09997#G:-0144,00232,-0026#A:-0596,-6168,17410
#T:10314#G:-0129,00491,00006#A:-7328,-1558,14618
#T:09681#G:00022,00306,00020#A:-3120,-3126,16712
#T:10349#G:00070,-0173,-0013#A:00354,01612,10592
#T:09646#G:00305,-0266,00025#A:-0328,03986,17546
#T:09997#G:00026,-0032,-0011#A:-0974,-0138,15546
#T:10314#G:00057,00015,00089#A:00934,01958,18590
#T:09681#G:00104,00019,00000#A:-1288,02178,15572
#T:10349#G:-0034,00067,00068#A:-0854,-0820,17430
#T:09646#G:-0138,00183,00010#A:-0440,-2232,14592
#T:09997#G:-0100,00356,00048#A:-5646,-3626,14566
#T:10314#G:-0081,00022,-0051#A:-2796,-5518,12372
#T:09681#G:00136,-0250,-0037#A:-0580,01588,16402
#T:10349#G:00050,00095,-0054#A:-2914,00196,17528
#T:09646#G:00034,00228,-0025#A:-0396,02406,15146
#T:09997#G:00218,-0150,-0066#A:02530,04396,08326
#T:10314#G:00008,-0179,-0050#A:01496,02860,14898
#T:09681#G:00052,-0360,00017#A:05108,-0018,18736
#T:10349#G:00038,-0074,-0012#A:00102,-1206,22688
#T:09646#G:00287,-0118,00002#A:-0668,01550,25304
#T:09997#G:-0027,00030,00026#A:-1366,-2898,15618
#T:10314#G:-0098,00219,00029#A:-2848,-2492,12548
#T:09681#G:-0017,00092,00028#A:-0982,02306,20196
#T:10349#G:00224,00019,-0002#A:00372,02544,23486
#T:09646#G:00045,-0169,00046#A:-0252,-1124,14120
#T:09997#G:00150,-0148,00030#A:-1172,03018,09640
#T:10314#G:00166,-0453,-0065#A:04138,05548,13616
#T:09681#G:00063,-0432,-0027#A:08384,05536,11152
#T:10349#G:00027,-0143,-0078#A:03048,04612,16190
#T:09646#G:-0179,00011,-0011#A:03508,-0732,19878
#T:09997#G:-0160,00008,-0055#A:00982,-4110,19260
#T:10314#G:-0009,00202,-0011#A:-1412,-2292,21874
#T:09681#G:00006,00157,-0025#A:-3498,-3876,15862
#T:10349#G:00080,-0079,00001#A:01018,01026,19172
#T:09646#G:00204,-0048,-0020#A:-0056,01500,16330
#T:09997#G:00065,00098,00003#A:-3428,02746,16262
#T:10314#G:00095,-0290,-0012#A:04102,02082,12062
#T:09681#G:-0146,-0001,00003#A:00474,-2312,15918
#T:10349#G:00007,00026,00082#A:-0424,-0250,19192
#T:09646#G:-0019,-0145,-0001#A:02160,-0394,18762
#T:09997#G:00083,00136,00092#A:-1738,-3244,15850
#T:10314#G:-0037,-0284,00043#A:01628,-2216,12400
#T:09681#G:00078,-0063,00028#A:00336,-0522,17120
#T:10349#G:-0112,00012,00018#A:-2786,-1726,18678
#T:09646#G:00060,-0049,00003#A:-0616,00868,18526
#T:09997#G:-0126,-0037,00005#A:01604,-3082,16446
#T:10314#G:-0088,00010,-0027#A:01380,-1474,19740
#T:09681#G:-0006,-0046,-0046#A:02922,-0808,20488
#T:10349#G:00065,00175,-0042#A:-1536,-0872,16192
#T:09646#G:00099,00019,-0046#A:00094,-0960,14568
#T:09997#G:-0008,00206,-0002#A:-4720,-4124,15434
#T:10314#G:00082,-0202,-0066#A:-1364,01394,10842
#T:09681#G:00151,-0062,-0028#A:00678,04550,16640
#T:10349#G:-0072,-0075,-0021#A:00922,-0500,13964
#T:09646#G:00032,00155,00051#A:-0538,02552,15782
#T:09997#G:-0047,00036,00046#A:01442,00184,12312
#T:10314#G:-0224,00389,00082#A:-3386,-2278,17774
#T:09681#G:-0156,00204,00056#A:-2074,-3424,13270
#T:10349#G:-0123,-0135,-0005#A:-1568,-2132,13546
#T:09646#G:-0002,-0019,00038#A:02030,-1682,19998
#T:09997#G:00003,-0024,-0036#A:-0786,-0230,19212
#T:10314#G:-0039,-0049,00018#A:03916,-1148,19650
#T:09681#G:-0116,00054,00054#A:01364,-1548,20042
#T:10349#G:00010,00166,00008#A:-2296,02000,18860
#T:09646#G:00038,-0070,-0023#A:00706,00236,14066
#T:09997#G:00125,00184,-0025#A:-4580,01928,17276
#T:10314#G:00085,-0043,-0021#A:00274,00402,19048
#T:09681#G:-0016,-0291,-0044#A:03908,-0558,15002
#T:10349#G:-0057,00045,-0034#A:00030,-1088,17114
#T:09646#G:-0268,00222,-0017#A:01780,-5746,14750
#T:09997#G:-0197,00667,00034#A:-8476,-5286,11614
#T:10314#G:00078,-0115,-0036#A:01530,00604,09306
#T:09681#G:00005,-0235,-0003#A:04296,01558,10700
#T:10349#G:00069,-0157,-0021#A:04968,02228,15384
#T:09646#G:00054,00233,00061#A:-1280,-2202,15206
#T:09997#G:00071,-0015,00045#A:-0646,01052,20676
#T:10314#G:00027,00200,00004#A:-3376,-2342,17762
#T:09681#G:00002,-0064,00023#A:-3664,00856,20148
#T:10349#G:-0007,-0041,-0011#A:-1340,-1134,20948
#T:09646#G:-0062,00032,00039#A:-3030,01068,21182
#T:09997#G:-0039,-0246,-0041#A:03140,-1030,16536
#T:10314#G:00024,-0087,00038#A:-0038,01346,17038
#T:09681#G:00103,00028,-0011#A:00200,03320,14966
#T:10349#G:00056,-0177,-0046#A:01292,04288,12238
#T:09646#G:-0021,-0378,-0087#A:05108,02900,09852
#T:09997#G:-0149,-0228,-0077#A:04946,-0248,10962
#T:10314#G:-0395,00132,-0005#A:01148,-6144,15404
#T:09681#G:-0221,00349,-0019#A:-0248,-4150,18106
#T:10349#G:-0102,00354,00053#A:-1756,-4870,18892
#T:09646#G:00095,00227,-0034#A:-4262,-1324,15582
#T:09997#G:00138,-0159,00015#A:01200,00672,18110
#T:10314#G:00078,00117,00032#A:-5558,-1374,19936
#T:09681#G:00198,-0134,00027#A:-4178,02112,24248
#T:10349#G:00116,-0397,-0017#A:04004,01682,13170
#T:09646#G:00025,-0059,-0001#A:-0220,01544,12828
#T:09997#G:-0023,-0203,-0012#A:04148,02186,10472
#T:10314#G:-0038,00003,00011#A:-0474,02386,16226
#T:09681#G:00015,-0013,00011#A:00074,01774,15044
#T:10349#G:-0051,-0069,-0012#A:00314,00790,15800
#T:09646#G:00060,-0369,-0082#A:05996,01418,14442
#T:09997#G:-0119,-0257,-0060#A:06506,00826,06362
#T:10314#G:-0151,00197,00001#A:-0714,-2866,13956
#T:09681#G:-0224,00427,00014#A:-1618,-4020,20094
#T:10349#G:00086,00392,00030#A:-5596,-0808,22458
#T:09646#G:00080,00038,00007#A:-4330,-2894,19456
#T:09997#G:00065,-0237,00035#A:01120,-2218,16328
#T:10314#G:00005,00065,00054#A:-3100,-0686,18842
#T:09681#G:00161,-0200,00039#A:-0408,03048,21472
#T:10349#G:00127,-0308,-0006#A:00362,02578,17294
#T:09646#G:00153,-0219,00060#A:-1984,02848,12530
#T:09997#G:-0041,-0457,-0003#A:02958,-0628,07984
#T:10314#G:-0134,-0106,00051#A:02526,01012,13494
#T:09681#G:-0037,00044,-0034#A:02594,01894,16958
#T:10349#G:-0075,-0054,-0040#A:07330,01066,17590
#T:09646#G:00102,00043,-0061#A:05646,01086,17198
#T:09997#G:-0141,00569,00008#A:-3614,-2418,16124
#T:10314#G:-0002,00399,00004#A:-4720,-2562,18760
#T:09681#G:00077,00020,-0055#A:00290,01008,15060
#T:10349#G:00152,-0111,-0009#A:01266,02104,18042
#T:09646#G:00002,-0042,-0043#A:-3624,-1168,16390
#T:09997#G:-0009,-0246,00016#A:02928,00166,14588
#T:10314#G:-0072,00232,00017#A:-5630,-2726,14792
#T:09681#G:-0145,00098,00035#A:-1378,-3856,20636
#T:10349#G:00066,-0002,-0027#A:-3874,-1358,18220
#T:09646#G:-0095,00460,00096#A:-7148,-4436,15414
#T:09997#G:-0040,00148,-0022#A:01860,-1182,08698
#T:10314#G:00002,00386,00068#A:-4790,00630,08488
#T:09681#G:00057,00167,00047#A:-1906,-0556,20296
#T:10349#G:-0051,-0031,00033#A:00042,01434,18406
#T:09646#G:00257,00123,00008#A:-4474,00878,20040
#T:09997#G:00039,00080,-0021#A:-2786,-0778,12482
#T:10314#G:-0069,00098,00005#A:-2306,-2698,16530
#T:09681#G:-0038,00073,-0012#A:-1446,01102,21634
#T:10349#G:00066,00087,-0020#A:-2406,04062,20544
#T:09646#G:-0026,00080,-0017#A:-3428,-2086,18502
#T:09997#G:00169,00126,00034#A:-4486,05602,15282
#T:10314#G:-0004,-0229,-0022#A:03026,02692,16184
#T:09681#G:-0083,-0309,00003#A:02812,01540,08514
#T:10349#G:-0073,00298,-0029#A:-0814,-3240,15506
#T:09646#G:-0200,00166,00029#A:-0096,-4988,15564
#T:09997#G:-0078,00365,-0011#A:-6050,-5830,19976
#T:10314#G:00251,-0024,00005#A:-1754,02804,18048
#T:09681#G:00126,-0140,00018#A:-0604,02204,13750
#T:10349#G:00111,-0020,-0017#A:02178,03716,14550
#T:09646#G:-0029,00203,00035#A:-0362,-1114,12946
#T:09997#G:-0253,00211,-0019#A:-1002,-2088,11642
#T:10314#G:-0030,00176,00022#A:-0822,01784,19982
#T:09681#G:00084,-0180,-0042#A:-1190,04626,22030
#T:10349#G:00042,-0153,00026#A:00374,-0446,23174
#T:09646#G:00122,-0442,-0014#A:03934,02286,19272
#T:09997#G:00051,-0207,00053#A:02602,03760,17452
#T:10314#G:-0087,00122,00007#A:01394,-1004,18820
#T:09681#G:-0037,00038,00034#A:01488,00632,16216
#T:10349#G:00128,00022,-0063#A:00792,04434,18374
#T:09646#G:-0117,00116,-0012#A:00588,-1708,17406
#T:09997#G:-0077,-0069,-0030#A:02616,-1574,15588
#T:10314#G:-0137,00291,-0031#A:02008,-3178,15798
#T:09681#G:-0061,00477,00070#A:-6714,-3856,15964
#T:10349#G:00008,00131,-0017#A:-4038,00612,18426
#T:09646#G:00168,-0298,00020#A:05850,03806,14966
#T:09997#G:00012,-0097,-0076#A:00542,03440,13914
#T:10314#G:-0101,-0256,00022#A:04848,-1788,18796
#T:09681#G:-0132,-0238,00024#A:05810,-2760,22930
#T:10349#G:00003,00345,00092#A:-6080,-1766,27134
#T:09646#G:00017,00306,00049#A:-7302,-4538,24798
#T:09997#G:00198,-0212,00035#A:-3136,01990,13054
#T:10314#G:00139,-0212,-0044#A:01164,05096,13310
#T:09681#G:-0191,-0150,-0020#A:05754,-2734,07888
#T:10349#G:-0094,00147,-0038#A:01272,-1842,14544
#T:09646#G:-0173,00542,-0007#A:-2150,-2082,19954
#T:09997#G:-0161,00386,00058#A:-5802,-4490,20464
#T:10314#G:-0020,00282,-0007#A:-6064,-1740,18610
#T:09681#G:-0072,-0041,00041#A:-0476,-1852,09798
#T:10349#G:-0060,-0281,-0061#A:02344,02792,16846
#T:09646#G:00038,-0437,-0002#A:08054,01814,19786
#T:09997#G:-0117,00039,-0008#A:02208,-1224,19334
#T:10314#G:-0060,00204,00022#A:-2586,-2678,18628
#T:09681#G:-0122,00214,00000#A:-5330,-5262,17674
#T:10349#G:00030,00013,-0001#A:-2034,-0622,10826
#T:09646#G:00013,-0096,-0027#A:00016,00290,15744
#T:09997#G:00021,-0171,00018#A:03094,01610,12242
#T:10314#G:00038,00100,00007#A:-0218,01904,15846
#T:09681#G:-0202,00314,00027#A:-1352,-2674,18864
#T:10349#G:-0053,00165,00022#A:-1716,00292,20738
#T:09646#G:-0001,00032,-0043#A:00526,00228,24390
#T:09997#G:-0046,00162,00038#A:-2650,-3352,16544
#T:10314#G:-0021,00019,-0028#A:-0210,-0532,16926
#T:09681#G:-0112,-0027,00054#A:-0052,-3354,17490
#T:10349#G:00097,-0221,-0045#A:00962,02856,17288
#T:09646#G:00207,-0457,-0034#A:05076,03196,16760
#T:09997#G:00142,-0331,-0055#A:04962,01714,15658
#T:10314#G:00124,00475,00034#A:-2758,-1162,19678
#T:09681#G:-0330,00380,00050#A:-0162,-7124,11846
#T:10349#G:-0092,00399,00041#A:-5246,-4006,06574
#T:09646#G:-0089,00478,00059#A:-4990,-3880,19746
#T:09997#G:00009,00132,00017#A:-2192,00646,15132
#T:10314#G:-0111,-0007,00020#A:-3482,-0318,17934
#T:09681#G:-0120,00057,-0010#A:-0202,-0476,16082
#T:10349#G:00130,-0086,00006#A:-3302,01746,15310
#T:09646#G:-0108,-0137,-0030#A:01402,-2834,16104
#T:09997#G:-0062,00145,00046#A:-0002,-1064,19768
#T:10314#G:00121,-0309,-0062#A:05006,07044,18640
#T:09681#G:00318,-0350,-0042#A:02124,06504,15396
#T:10349#G:-0074,-0013,-0009#A:02784,-0956,24250
#T:09646#G:-0146,00198,00039#A:00836,-3566,14768
#T:09997#G:-0157,00512,00058#A:-7344,-4260,18482
#T:10314#G:00047,-0155,00002#A:-1074,01812,12636
#T:09681#G:00017,-0019,00030#A:-2152,00724,15736
#T:10349#G:-0044,-0202,-0002#A:02274,00172,14338
#T:09646#G:-0022,-0236,-0022#A:01630,-1202,13618
#T:09997#G:00069,-0019,00006#A:00712,-2492,14852
#T:10314#G:00056,00016,00005#A:00020,-1040,13172
#T:09681#G:00132,-0050,00043#A:03178,02554,20830
#T:10349#G:-0080,00109,00054#A:00642,-0376,19668
#T:09646#G:-0019,00147,00036#A:-4100,-1678,23346
#T:09997#G:00027,-0069,-0004#A:00106,-1624,17616
#T:10314#G:00241,-0247,-0062#A:02120,05900,16900
#T:09681#G:00053,-0215,-0063#A:04916,02034,09552
#T:10349#G:-0121,-0028,-0027#A:02232,-1298,15358
#T:09646#G:-0063,00054,-0008#A:02340,-2376,19096
#T:09997#G:-0094,00275,00012#A:-3268,-5276,18232
#T:10314#G:00002,00205,-0021#A:-7144,-6348,17342
#T:09681#G:00036,-0004,00009#A:-2316,-2026,17854
#T:10349#G:00117,-0136,00005#A:-2314,02878,18754
#T:09646#G:-0049,-0058,00027#A:-0678,-0848,16378
#T:09997#G:00043,00097,00036#A:-2188,-2016,17024
#T:10314#G:-0010,00298,00024#A:-5816,-0126,14464
#T:09681#G:00002,-0096,00049#A:-0176,00576,21576
#T:10349#G:00015,-0089,00010#A:02320,03030,16908
#T:09646#G:00040,00006,00044#A:00538,02482,19460
#T:09997#G:-0050,-0085,00054#A:00598,00506,16090
#T:10314#G:-0017,-0232,00003#A:04478,03488,17576
#T:09681#G:-0087,00271,00032#A:-3658,01382,17932
#T:10349#G:-0032,00002,-0009#A:-2958,01340,13618
#T:09646#G:-0126,-0441,-0072#A:03066,-1838,09660
#T:09997#G:-0089,-0151,-0047#A:00496,-1952,15274
#T:10314#G:-0031,-0249,-0068#A:02210,00624,18082
#T:09681#G:-0011,-0206,-0030#A:07040,01324,17564
#T:10349#G:-0022,00051,00022#A:02740,-0910,15864
#T:09646#G:-0250,00581,00013#A:-7610,-7478,14748
#T:09997#G:-0238,00038,00015#A:-1244,-4900,16030
#T:10314#G:-0129,00127,00018#A:-3550,-3760,18880
#T:09681#G:00008,-0002,00046#A:-2440,-1156,23188
#T:10349#G:00042,-0027,00053#A:-0084,01308,20912
#T:09646#G:00155,-0345,00006#A:06882,05340,16908
#T:09997#G:00037,00156,00014#A:01622,03196,12476
#T:10314#G:-0191,00086,-0022#A:03634,-1536,07704
#T:09681#G:-0135,-0063,-0002#A:04264,-1612,14908
#T:10349#G:-0109,00274,00010#A:-1860,-1176,18528
#T:09646#G:00088,00154,00007#A:-5256,-1912,21730
#T:09997#G:00169,-0149,-0033#A:-1072,00358,18548
#T:10314#G:00267,-0202,-0019#A:-0100,02090,17158
#T:09681#G:00032,-0227,-0049#A:01008,00854,16042
#T:10349#G:00032,-0011,00011#A:-3316,-0530,19244
#T:09646#G:00073,-0277,-0019#A:00258,-1750,19520
#T:09997#G:00019,-0202,00005#A:01338,-0012,18396
#T:10314#G:-0015,00033,-0003#A:02214,-1370,14766
#T:09681#G:-0084,-0256,-0037#A:07648,02234,13676
#T:10349#G:-0130,00225,-0007#A:-0808,-4398,15486
#T:09646#G:-0046,00211,-0017#A:02118,-2324,22144
#T:09997#G:-0028,00311,00036#A:-0938,-3386,21020
#T:10314#G:-0003,00231,00017#A:-6300,01602,14702
#T:09681#G:00139,-0029,00048#A:-2570,00824,13526
#T:10349#G:00004,-0203,00003#A:02438,02196,15964
#T:09646#G:00272,-0297,00032#A:03154,03888,17622
#T:09997#G:00027,-0199,00012#A:00714,01996,12018
#T:10314#G:-0010,00004,00060#A:-3728,-1868,18168
#T:09681#G:-0060,-0328,00025#A:02416,00540,18390
#T:10349#G:-0137,00176,-0009#A:-2332,-2396,17184
#T:09646#G:-0065,-0063,-0008#A:01714,00448,20118
#T:09997#G:-0135,00164,-0044#A:-0662,-1830,11544
#T:10314#G:-0036,00217,-0031#A:-0706,-3444,15764
#T:09681#G:-0222,00194,-0010#A:00168,-2732,18716
#T:10349#G:00055,00277,00018#A:-3374,-1540,17018
#T:09646#G:00022,00062,-0009#A:00284,-1594,13962
#T:09997#G:00059,-0006,-0012#A:-0090,-3014,11488
#T:10314#G:00092,00075,-0035#A:-4380,-2344,14050
#T:09681#G:-0073,00124,00004#A:-3166,-2344,10628
#T:10349#G:00022,00037,-0005#A:-2470,01892,16282
#T:09646#G:00048,-0100,00009#A:00840,-0014,16522
#T:09997#G:00054,00294,00034#A:-3658,02290,18924
#T:10314#G:00117,00196,00032#A:-2326,03046,16306
#T:09681#G:00048,-0006,00041#A:-1016,03022,12722
#T:10349#G:00055,-0204,00003#A:05080,03580,09906
#T:09646#G:-0150,00389,00039#A:-3060,01068,17864
#T:09997#G:00127,00283,00026#A:-0638,01032,20890
#T:10314#G:-0006,-0098,00010#A:00160,01514,20336
#T:09681#G:00115,-0088,00003#A:02428,01634,15510
#T:10349#G:-0116,00026,00015#A:-1554,-2934,17488
#T:09646#G:-0017,00456,00027#A:-3172,-3530,21630
#T:09997#G:-0053,00265,00000#A:-6426,-2986,16670
#T:10314#G:00041,00268,-0045#A:-5936,-2904,17040
#T:09681#G:-0093,00163,-0008#A:-4724,-3174,13660
#T:10349#G:00082,00212,-0021#A:-5306,02280,18400
#T:09646#G:-0023,-0401,-0035#A:04708,01244,17402
#T:09997#G:00002,-0060,00023#A:-0246,01954,20516
#T:10314#G:-0041,-0220,00037#A:01356,00532,16504
#T:09681#G:-0010,-0046,00020#A:-2342,00002,20758
#T:10349#G:-0053,-0242,00067#A:01886,-1450,17916
#T:09646#G:00031,-0118,00041#A:00118,03184,18104
#T:09997#G:-0004,-0160,00014#A:02940,02856,17304
#T:10314#G:-0064,-0397,-0024#A:06420,01854,16952
#T:09681#G:-0211,-0187,-0019#A:06842,-0832,12758
#T:10349#G:-0223,-0207,-0027#A:08746,00698,14658
#T:09646#G:-0207,00264,-0006#A:01680,-4188,15764
#T:09997#G:-0150,-0203,-0046#A:06724,-3906,15888
#T:10314#G:-0123,-0031,-0038#A:03074,-3502,15258
#T:09681#G:-0115,00031,-0022#A:03860,-3380,17602
#T:10349#G:-0116,00231,-0029#A:-0960,-4346,14210
#T:09646#G:-0171,00160,00032#A:-0794,-5380,18538
#T:09997#G:-0182,00257,-0036#A:-2100,-5944,16104
#T:10314#G:00023,00335,00046#A:-2740,-1948,21570
#T:09681#G:-0072,00539,00048#A:-8286,-6312,11162
#T:10349#G:-0037,-0011,00072#A:00874,-0228,13542
#T:09646#G:00097,-0082,-0035#A:01394,01084,12212
#T:09997#G:00090,00140,00033#A:-2672,02208,15292
#T:10314#G:00065,00161,-0032#A:-2708,-2412,10376
#T:09681#G:-0038,00068,00011#A:-2324,-3688,14642
#T:10349#G:00040,-0064,-0076#A:-1158,-0506,12636
#T:09646#G:00062,00171,-0037#A:-3246,01552,18004
#T:09997#G:00054,00077,-0045#A:-1314,-0038,10580
#T:10314#G:-0030,00121,00008#A:-2822,-1446,16344
#T:09681#G:-0074,-0234,-0016#A:04200,-0094,15318
#T:10349#G:00014,-0096,-0006#A:00754,02918,16570
#T:09646#G:00078,-0136,-0040#A:01794,00962,15496
#T:09997#G:00111,-0182,00010#A:00910,03038,15852
#T:10314#G:00097,-0041,-0025#A:00262,01834,14942
#T:09681#G:00107,00051,00017#A:-1122,04556,15192
#T:10349#G:00161,-0031,-0010#A:00238,02008,15992
#T:09646#G:00103,-0089,00047#A:02472,03094,17670
#T:09997#G:-0124,-0036,00008#A:00250,-1156,13406
#T:10314#G:-0153,-0151,00068#A:01628,-1792,16160
#T:09681#G:00095,-0135,-0021#A:01088,02560,13294
#T:10349#G:00070,-0190,00036#A:03206,01704,19894
#T:09646#G:00012,-0131,-0025#A:00550,03294,10704
#T:09997#G:00035,-0125,00000#A:03736,02800,16300
#T:10314#G:00009,-0047,-0014#A:03478,00162,16952
#T:09681#G:00006,00007,-0022#A:00840,-2068,18842
#T:10349#G:-0043,00023,00014#A:02028,-2502,17274
#T:09646#G:-0021,-0012,-0042#A:02132,-2694,20352
#T:09997#G:00041,-0135,-0093#A:01164,-1544,12602
#T:10314#G:00015,00337,-0001#A:-2338,-3206,18764
#T:09681#G:-0220,00216,-0037#A:01106,-3252,11788
#T:10349#G:00019,-0014,00007#A:03564,01646,17668
#T:09646#G:00136,-0184,-0021#A:03090,00616,15246
#T:09997#G:-0041,-0082,00047#A:02888,-0644,19094
#T:10314#G:-0024,-0108,00013#A:02360,-2766,17418
#T:09681#G:00093,-0118,-0036#A:01226,01190,19550
#T:10349#G:00242,00118,-0021#A:-2970,00996,17158
#T:09646#G:-0009,00165,00019#A:-1120,-3888,11694
#T:09997#G:-0069,00153,00014#A:-0740,-2348,10748
#T:10314#G:-0037,00059,-0011#A:01162,01826,15500
#T:09681#G:00085,00158,00017#A:-3642,-0786,17396
#T:10349#G:00022,-0153,00006#A:01386,-0416,17260
#T:09646#G:-0005,-0207,-0013#A:02216,-0648,15310
#T:09997#G:00026,00165,00008#A:-3376,00848,18928
#T:10314#G:00060,-0051,00009#A:01164,-2080,16966
#T:09681#G:-0001,00118,00025#A:-0716,-0942,19068
#T:10349#G:00060,-0110,-0023#A:04144,01216,19154
#T:09646#G:-0071,00329,00011#A:-2518,-1434,15790
#T:09997#G:00041,00033,-0009#A:00988,-0316,08366
#T:10314#G:-0069,-0003,-0014#A:01416,-2552,13882
#T:09681#G:-0118,-0017,00011#A:01354,-1432,17604
#T:10349#G:-0115,00118,-0037#A:00094,00280,13740
#T:09646#G:00085,00065,-0006#A:-1030,02762,19104
#T:09997#G:00041,00019,00042#A:00384,-2970,14912
#T:10314#G:00037,-0211,00024#A:04186,-0116,15346
#T:09681#G:-0184,-0088,00012#A:02028,-1200,11850
#T:10349#G:-0112,00038,00025#A:-0738,00392,22890
#T:09646#G:-0019,-0188,-0001#A:03974,02756,19056
#T:09997#G:-0109,-0073,-0002#A:01444,00426,13868
#T:10314#G:-0087,-0065,00002#A:00632,00260,14116
#T:09681#G:00037,-0165,00011#A:01388,03880,20258
#T:10349#G:00022,00061,00030#A:-1904,00670,18412
#T:09646#G:00010,00140,00017#A:-1480,02586,14578
#T:09997#G:-0036,00088,00008#A:-2094,01590,10698
#T:10314#G:-0028,00122,00048#A:-1898,01322,18286
#T:09681#G:00025,00306,00030#A:-3914,01488,18764
#T:10349#G:00095,00021,-0026#A:01606,-0214,16956
#T:09646#G:-0096,00078,00007#A:-3684,-1114,10682
#T:09997#G:00077,00297,-0014#A:-4558,-0374,18944
#T:10314#G:00127,00124,00029#A:02668,01706,16598
#T:09681#G:00127,00162,-0045#A:00996,00512,11074
#T:10349#G:00128,00127,-0033#A:-1994,00746,15720
#T:09646#G:00253,00074,-0007#A:00196,01730,21738
#T:09997#G:-0110,-0055,-0008#A:03698,-6012,13380
#T:10314#G:-0054,00143,00004#A:-0542,-1096,14958
#T:09681#G:00198,-0270,-0039#A:02488,03834,20352
#T:10349#G:00202,-0101,-0013#A:-2222,01136,12402
#T:09646#G:-0036,-0030,00015#A:-3048,-1624,11952
#T:09997#G:-0024,-0068,00012#A:03288,00246,13616
#T:10314#G:00003,00242,00041#A:-1280,-1936,13928
#T:09681#G:-0169,00049,00082#A:00022,-3382,07000
#T:10349#G:-0171,00309,00036#A:-4406,-5018,14878
#T:09646#G:-0136,-0122,00054#A:01940,-1336,18646
#T:09997#G:-0155,-0025,-0054#A:01830,01422,16214
#T:10314#G:-0048,-0278,-0016#A:01800,02394,16138
#T:09681#G:-0117,-0060,-0015#A:01352,-2024,14680
#T:10349#G:-0094,00025,-0025#A:00296,00350,14788
#T:09646#G:00046,-0086,-0051#A:-2222,00998,17370
#T:09997#G:-0069,-0030,00014#A:03048,01434,15238
#T:10314#G:-0117,00171,-0017#A:-2148,-1062,13904
#T:09681#G:00154,00157,-0005#A:-3680,-0728,20184
#T:10349#G:00159,-0130,-0007#A:00502,01412,20608
#T:09646#G:00130,-0069,00007#A:-0018,-1632,16514
#T:09997#G:-0128,00214,00053#A:-0868,-3178,14604
#T:10314#G:00119,-0131,-0011#A:04856,02632,13422
#T:09681#G:-0021,-0204,00021#A:03158,-1292,12476
#T:10349#G:00133,-0139,-0004#A:01076,-0844,18494
#T:09646#G:-0066,-0006,00036#A:-0104,-2252,17226
#T:09997#G:-0038,00124,-0015#A:-0932,01738,16648
#T:10314#G:00001,00021,00030#A:-3274,-0324,19114
#T:09681#G:-0141,-0015,-0013#A:-1128,-4376,12618
#T:10349#G:-0154,-0290,-0004#A:03456,-0918,11674
#T:09646#G:-0168,00032,00001#A:01640,-1024,17614
#T:09997#G:-0133,00385,00015#A:-4738,-1156,17994
#T:10314#G:-0064,-0223,00010#A:01628,-1230,15122
#T:09681#G:00027,-0119,-0028#A:00984,00984,17216
#T:10349#G:00021,-0070,00007#A:-0606,00928,18748
#T:09646#G:-0086,00029,00005#A:-1396,00146,16828
#T:09997#G:00184,-0003,-0020#A:-0446,05716,19166
#T:10314#G:00140,-0140,-0029#A:02602,01288,08560
#T:09681#G:-0016,00226,-0009#A:-2726,-0456,12200
#T:10349#G:-0021,-0056,-0008#A:00888,-1076,17000
#T:09646#G:00134,-0027,00032#A:01818,02436,18350
#T:09997#G:00074,00044,-0008#A:-0798,01212,19704
#T:10314#G:00069,00121,00056#A:-0558,-2094,18892
#T:09681#G:00020,-0013,-0006#A:-0302,-1378,12510
#T:10349#G:00001,-0190,00006#A:04094,-0952,12638
#T:09646#G:-0087,00312,00033#A:-3392,-0912,13950
#T:09997#G:-0002,00113,-0001#A:00642,-0178,17830
#T:10314#G:-0061,-0125,-0024#A:05800,00654,12084
#T:09681#G:00025,00043,-0021#A:-1262,-1746,15554
#T:10349#G:-0014,-0119,-0032#A:00948,-0392,16458
#T:09646#G:-0080,00098,-0018#A:-2800,00686,16546
#T:09997#G:-0173,-0163,-0027#A:-0140,01468,15392
#T:10314#G:00077,-0018,-0026#A:-0414,04688,17976
#T:09681#G:00015,-0069,00001#A:00290,-1610,17042
#T:10349#G:-0014,-0144,00011#A:02568,-0858,13874
#T:09646#G:00034,-0106,-0021#A:02098,02272,15208
#T:09997#G:00109,00106,00009#A:-0762,01762,18486
#T:10314#G:00066,00038,00012#A:00824,00558,18860
#T:09681#G:00146,00078,-0001#A:-2054,00316,17494
#T:10349#G:00011,00019,00021#A:-0258,-1190,16362
#T:09646#G:-0110,00019,00015#A:02258,-3526,20880
#T:09997#G:-0063,-0225,-0010#A:03652,-2762,18550
#T:10314#G:00073,00048,00012#A:-1220,02838,20390
#T:09681#G:00190,-0072,-0029#A:03006,04042,19260
#T:10349#G:-0037,00106,00023#A:-0928,-4314,14710
#T:09646#G:-0124,00153,00007#A:-0186,-2162,15134
#T:09997#G:-0060,-0150,-0013#A:00446,-1438,19016
#T:10314#G:-0228,-0008,00026#A:01332,-1072,19032
#T:09681#G:-0049,-0048,-0056#A:02320,01348,21078
#T:10349#G:00077,-0043,00057#A:-0908,00618,19268
#T:09646#G:-0027,-0150,00003#A:01594,-0244,15928
#T:09997#G:-0048,-0029,00021#A:-1492,01672,17120
#T:10314#G:00009,00461,00031#A:-6420,02468,17944
#T:09681#G:-0022,-0028,-0008#A:03882,00792,14164
#T:10349#G:00091,00036,00020#A:-0008,01508,13040
#T:09646#G:00098,00105,-0008#A:-0984,-0918,17806
#T:09997#G:00033,00039,-0003#A:-0458,-0850,18110
#T:10314#G:00064,-0094,-0042#A:02414,00242,14032
#T:09681#G:-0043,00124,-0006#A:01728,00704,13688
#T:10349#G:00076,00024,-0006#A:00994,01068,15914
#T:09646#G:00215,-0051,-0002#A:00026,00706,18406
#T:09997#G:00032,-0071,-0076#A:00450,00508,18004
#T:10314#G:-0022,-0009,-0032#A:-0250,00492,17152
#T:09681#G:00032,00079,-0012#A:-1750,01244,16394
#T:10349#G:00024,-0035,00034#A:00992,00984,15570
#T:09646#G:00044,-0148,-0025#A:00690,00698,18198
#T:09997#G:-0120,-0073,00040#A:01294,-1704,16072
#T:10314#G:-0101,00227,00031#A:-3838,-1916,11416
#T:09681#G:00029,-0145,00016#A:00358,00492,19124
#T:10349#G:-0171,00200,00071#A:-3674,-2198,19588
#T:09646#G:00092,00025,-0021#A:00278,01724,19978
#T:09997#G:00002,00180,00031#A:-4124,00118,14474
#T:10314#G:00047,00242,00025#A:-4108,01194,20390
#T:09681#G:-0238,-0332,-0026#A:04894,-3598,09636
#T:10349#G:-0080,-0001,-0030#A:-0616,01576,07862
#T:09646#G:-0005,00136,-0020#A:01374,01006,18432
#T:09997#G:00032,-0139,00023#A:01614,-0658,14368
#T:10314#G:00050,00115,-0025#A:-3562,-0318,20126
#T:09681#G:00228,-0469,-0064#A:04930,01688,18096
#T:10349#G:00175,-0104,-0030#A:00646,00084,19490
#T:09646#G:00099,00306,00007#A:-5180,-1842,14856
#T:09997#G:00076,-0021,00023#A:-1116,-0848,18076
#T:10314#G:00040,-0170,00003#A:03784,-1654,16852
#T:09681#G:-0058,00085,-0001#A:-1084,-2056,12962
#T:10349#G:-0019,-0072,00003#A:02754,-2120,15288
#T:09646#G:-0185,00278,00018#A:-2678,-2658,15686
#T:09997#G:00054,00063,00011#A:01424,03486,20884
#T:10314#G:00152,-0211,-0038#A:01098,02772,18936
#T:09681#G:00026,00095,00039#A:-2736,-1296,15630
#T:10349#G:00087,-0001,00001#A:-0424,00886,13142
#T:09646#G:-0053,-0025,-0026#A:-1210,-0364,12850
#T:09997#G:-0158,00337,00035#A:-3842,-1440,15208
#T:10314#G:00048,-0011,-0027#A:01272,01390,18552
#T:09681#G:-0054,00172,00052#A:-0888,-0490,19890
#T:10349#G:00006,-0310,-0034#A:03616,00970,16130
#T:09646#G:00020,-0154,-0033#A:01086,03098,17590
#T:09997#G:00103,00174,00008#A:-2496,01138,12844
#T:10314#G:-0052,-0268,-0028#A:04368,00270,09982
#T:09681#G:00015,-0132,-0007#A:04404,01646,11642
#T:10349#G:00091,00246,-0009#A:-2972,02078,17312
#T:09646#G:00107,-0012,-0013#A:01598,01016,11910
#T:09997#G:-0030,-0016,-0021#A:00804,-1978,14416
#T:10314#G:-0042,-0073,00048#A:02108,-2100,18842
#T:09681#G:-0186,00065,00019#A:01160,-1900,16156
#T:10349#G:-0016,-0025,00014#A:01652,-1708,21750
#T:09646#G:-0011,-0262,00032#A:02972,-0242,19584
#T:09997#G:-0021,-0145,00028#A:02282,02160,14428
#T:10314#G:-0123,-0206,-0047#A:02724,-2382,15048
#T:09681#G:-0070,00042,00020#A:-1336,-0042,13950
#T:10349#G:-0198,00220,-0001#A:-3338,-2258,15344
#T:09646#G:00027,-0210,00010#A:02848,02596,16914
#T:09997#G:-0061,-0100,-0055#A:00928,01292,17534
#T:10314#G:00082,00096,-0001#A:-2100,01282,20880
#T:09681#G:00189,-0097,-0022#A:00320,04112,17682
#T:10349#G:00110,-0225,-0080#A:01804,-0232,14162
#T:09646#G:-0138,00341,00014#A:-6016,-4292,14198
#T:09997#G:00005,00097,-0033#A:02378,01860,17980
#T:10314#G:-0080,00045,00004#A:01068,-1020,13326
#T:09681#G:00014,00434,00041#A:-6984,00982,17046
#T:10349#G:00140,-0334,-0024#A:05310,01840,21336
#T:09646#G:00088,-0062,00008#A:-1618,-1164,15040
#T:09997#G:-0037,00263,00050#A:-3172,-2454,13884
#T:10314#G:00078,-0050,00018#A:02942,00960,15956
#T:09681#G:-0045,-0004,-0005#A:00930,-2174,14124
#T:10349#G:-0024,00100,00033#A:-0476,-2676,16010
#T:09646#G:-0077,00070,00023#A:-0070,-1556,19342
#T:09997#G:00033,00001,-0007#A:00074,01150,16440
#T:10314#G:-0050,-0034,-0016#A:-1122,-1184,15104
#T:09681#G:-0079,00231,-0035#A:-3582,-0478,16978
#T:10349#G:00003,-0051,-0005#A:00674,02312,15706
#T:09646#G:-0076,-0167,-0027#A:02522,-0886,13284
#T:09997#G:-0003,-0110,-0023#A:02556,01734,18506
#T:10314#G:00134,-0167,-0064#A:04154,01740,21560
#T:09681#G:-0095,00397,00052#A:-6302,-4584,17140
#T:10349#G:-0115,00376,00039#A:-3176,-2650,18638
#T:09646#G:00019,00020,-0016#A:00116,00846,14010
#T:09997#G:-0045,00373,00038#A:-4568,-0904,15484
#T:10314#G:00014,00046,00015#A:00236,02140,15772
#T:09681#G:-0047,-0117,00007#A:01610,02676,12102
#T:10349#G:-0017,00007,00062#A:00876,02796,15040
#T:09646#G:00174,-0114,00052#A:02346,02468,17570
#T:09997#G:00052,-0149,00003#A:01762,-2500,17456
#T:10314#G:-0068,-0127,00021#A:00582,-1340,16210
#T:09681#G:00076,-0036,-0015#A:-0812,01984,15900
#T:10349#G:00120,00055,00005#A:-0914,00994,14240
#T:09646#G:00054,00346,00004#A:-2900,-0952,15392
#T:09997#G:00066,00275,-0005#A:-3112,-0940,16326
#T:10314#G:-0104,-0157,-0011#A:01424,-1514,14656
#T:09681#G:-0164,-0097,-0057#A:00594,01584,12562
#T:10349#G:00053,-0059,-0014#A:01458,03580,13856
#T:09646#G:00091,-0017,-0049#A:01254,01550,13424
#T:09997#G:-0041,00284,-0031#A:-4274,-5474,18242
#T:10314#G:00160,00009,-0021#A:-1392,03502,22966
#T:09681#G:00010,-0099,00011#A:-0172,02552,16732
#T:10349#G:00145,00105,00020#A:-3618,02828,18598
#T:09646#G:00027,-0030,00040#A:01092,00624,12812
#T:09997#G:-0092,-0093,00023#A:02540,-0766,15120
#T:10314#G:-0065,00089,00048#A:00482,-2504,16914
#T:09681#G:-0087,00057,00067#A:01920,-1264,17298
#T:10349#G:-0073,00008,00026#A:-0214,00644,15546
#T:09646#G:00083,00000,00000#A:-2120,-0002,14098
#T:09997#G:00043,-0179,-0011#A:-0196,-0070,17560
#T:10314#G:-0052,-0243,00007#A:01648,-1100,15094
#T:09681#G:00044,-0188,-0036#A:03068,02982,18514
#T:10349#G:00072,00149,-0029#A:00874,-0744,17750
#T:09646#G:-0120,-0035,-0035#A:02090,00836,13368
#T:09997#G:00068,00182,-0007#A:-1004,01540,18006
#T:10314#G:-0090,00128,-0014#A:00002,-1454,12874
#T:09681#G:-0070,00235,-0033#A:-1572,-1132,16830
#T:10349#G:-0033,00035,00011#A:-1310,00532,16440
#T:09646#G:00021,-0098,00006#A:-0924,01496,20858
#T:09997#G:00030,-0116,-0053#A:03160,01308,16326
#T:10314#G:00065,00167,00023#A:-0328,-0502,17532
#T:09681#G:-0080,00190,00051#A:-3562,-0238,13566
#T:10349#G:00056,-0146,00031#A:-0614,01488,13910
#T:09646#G:-0012,-0443,-0007#A:03290,01936,16708
#T:09997#G:-0099,-0118,00036#A:06046,-0118,16036
#T:10314#G:-0122,00046,00036#A:06340,-1684,17388
#T:09681#G:00061,00283,-0001#A:01718,01570,17284
#T:10349#G:00072,00405,00049#A:-1570,-0494,18436
#T:09646#G:00060,00289,00011#A:-5360,-0102,15956
#T:09997#G:00082,-0010,00004#A:-3396,02212,17616
#T:10314#G:00080,-0154,-0010#A:-2436,02124,19688
#T:09681#G:00037,-0210,-0011#A:01750,02256,17290
#T:10349#G:00074,-0144,-0023#A:00518,01374,17586
#T:09646#G:-0012,-0083,-0012#A:01120,00076,16368
#T:09997#G:-0063,00040,-0038#A:-1004,-1264,16592
#T:10314#G:-0044,00019,00005#A:-0974,-0596,14012
#T:09681#G:-0062,-0035,00003#A:00554,00360,16400
#T:10349#G:00016,00034,00007#A:00036,00246,16500
#T:09646#G:00004,00016,00012#A:00064,-1280,15854
#T:09997#G:-0020,-0066,00022#A:00150,00544,15208
#T:10314#G:-0031,-0064,00009#A:00674,-0212,15702
#T:09681#G:-0060,00061,00021#A:-1372,-2298,16644
#T:10349#G:00010,00008,00000#A:-0124,-0466,16062
#T:09646#G:-0020,00127,00009#A:-1514,-0626,17472
#T:09997#G:-0034,-0007,00016#A:00420,-0054,17584
#T:10314#G:-0006,00067,00002#A:-0170,-0156,16380
#T:09681#G:00035,-0054,-0012#A:00840,00884,16510
#T:10349#G:00032,-0035,-0013#A:00170,00952,16224
#T:09646#G:00026,-0133,-0019#A:01686,01120,15678
#T:09997#G:00010,00030,-0005#A:00948,01632,16792
#T:10314#G:00005,00118,00000#A:-1208,-0116,16872
#T:09681#G:00055,-0053,-0021#A:00334,01262,17868
#T:10349#G:00007,-0022,-0015#A:-0330,-0104,16812
#T:09646#G:00010,-0096,-0010#A:01050,01068,17390
#T:09997#G:-0051,-0012,00001#A:00722,-0600,17550
#T:10314#G:00013,-0083,00010#A:00892,00288,16752
#T:09681#G:00033,-0043,00000#A:00346,00268,17696
#T:10349#G:00039,-0034,00005#A:00498,00450,17408
#T:09646#G:-0044,-0014,00012#A:00166,-0340,17260
#T:09997#G:-0032,00014,00026#A:-0022,-0004,17172
#T:10314#G:-0010,00002,00025#A:-0694,-0430,16590
#T:09681#G:00018,-0008,00021#A:-0272,-0092,17374
#T:10349#G:00037,00010,-0008#A:-0170,00046,15358
#T:09646#G:-0023,-0002,-0016#A:00332,-0450,15282
#T:09997#G:00010,-0024,-0007#A:00800,00230,16482
#T:10314#G:00013,00017,-0006#A:-1118,-0516,16716
#T:09681#G:00023,-0049,-0016#A:00462,00536,16936
#T:10349#G:-0045,00062,-0007#A:-0764,-0902,16930
#T:09646#G:-0015,00015,-0010#A:-0882,-0094,16216
#T:09997#G:-0007,00030,-0005#A:00234,-0776,14648
#T:10314#G:00007,00027,-0007#A:00194,00494,15472
#T:09681#G:-0060,-0077,-0006#A:01886,-0866,16190
#T:10349#G:-0012,-0026,-0006#A:01092,00330,16774
#T:09646#G:-0038,-0019,00010#A:00424,-1504,17174
#T:09997#G:00036,-0091,00007#A:00214,00328,17582
#T:10314#G:00013,-0043,00012#A:00436,00256,16110
#T:09681#G:-0021,00058,00022#A:-0262,00228,16790
#T:10349#G:00014,00016,00001#A:00394,01406,17950
#T:09646#G:00019,00041,00017#A:-0058,00888,16528
#T:09997#G:00018,-0067,00002#A:00792,00002,14336
#T:10314#G:-0020,00056,00014#A:-0706,-0368,15864
#T:09681#G:-0042,00008,-0003#A:00036,-0480,17084
#T:10349#G:-0021,-0049,-0003#A:00730,00096,16876
#T:09646#G:00012,-0088,-0011#A:01314,00968,16614
#T:09997#G:00024,-0013,-0013#A:00272,00228,16234
#T:10314#G:00053,-0033,-0019#A:00622,00974,16704
#T:09681#G:00019,-0038,-0019#A:00772,00266,15920
#T:10349#G:-0001,-0051,-0009#A:00696,-0264,16268
#T:09646#G:-0029,-0007,00005#A:-0278,-0632,16618
#T:09997#G:-0007,-0006,00012#A:00406,00378,17198
#T:10314#G:-0012,00013,00011#A:00008,00336,16792
#T:09681#G:00027,00028,00008#A:00380,-0288,16718
#T:10349#G:-0004,00015,00013#A:-0134,-0836,16708
#T:09646#G:-0002,00046,-0002#A:-0172,-0758,16376
#T:09997#G:-0030,-0012,00001#A:00210,-0482,16962
#T:10314#G:00023,00014,00005#A:-0440,00528,16580
#T:09681#G:00017,00045,00015#A:-0372,00156,16400
#T:10349#G:-0006,-0004,00011#A:00378,00272,16796
#T:09646#G:00003,00014,00010#A:-0154,00438,17032
#T:09997#G:-0012,00005,00009#A:00972,-0254,16334
#T:10314#G:-0010,00095,-0013#A:-0960,-0098,16288
#T:09681#G:00032,-0057,-0016#A:-0014,00246,15868
#T:10349#G:00009,-0010,-0019#A:00206,-0180,15372
#T:09646#G:00008,00043,-0018#A:-0138,-0012,16334
#T:09997#G:-0010,-0014,-0011#A:00608,00436,15494
#T:10314#G:-0037,-0032,-0001#A:00352,-0184,15582
#T:09681#G:-0012,00037,00000#A:-0688,-0058,16396
#T:10349#G:-0010,-0027,00003#A:00674,00250,16830
#T:09646#G:00001,00017,00006#A:00160,00144,16414
#T:09997#G:00026,00018,00006#A:-0436,00362,16188
#T:10314#G:00007,-0034,00005#A:-0594,-0226,15378
#T:09681#G:-0001,-0061,-0009#A:00972,00096,16098
#T:10349#G:00011,-0003,00008#A:00958,-0292,16140
#T:09646#G:00004,00028,00011#A:-0746,00180,16692
#T:09997#G:00036,-0006,00003#A:-0246,00584,16522
#T:10314#G:00014,00028,-0003#A:-0634,-0004,15852
#T:09681#G:-0017,-0033,-0016#A:00314,00186,15872
#T:10349#G:-0002,00045,-0005#A:-0326,00332,17038
#T:09646#G:00002,-0008,-0005#A:-0090,00446,15696
#T:09997#G:00040,-0011,-0012#A:-0358,00838,16344
#T:10314#G:-0024,00003,-0011#A:-0298,-0318,16682
#T:09681#G:-0040,00006,-0009#A:00490,00098,16598
#T:10349#G:-0030,00039,00003#A:00402,-0236,16014
#T:09646#G:-0012,-0027,00003#A:00586,00330,16428
#T:09997#G:00022,-0009,-0009#A:01056,00510,16268
#T:10314#G:-0001,00058,00005#A:-0240,00158,15696
#T:09681#G:-0006,00003,00013#A:00338,-0028,16480
#T:10349#G:00003,00032,-0005#A:00362,-0148,16022
#T:09646#G:00016,-0006,-0003#A:00056,-0194,16262
#T:09997#G:00026,00015,-0001#A:00436,00270,16084
#T:10314#G:-0024,00034,00011#A:-0436,00102,16260
#T:09681#G:-0006,00066,00008#A:-0398,00686,16600
#T:10349#G:00019,00067,00018#A:-0892,00286,16372
#T:09646#G:00005,-0017,00009#A:-0016,00514,16402
#T:09997#G:-0004,-0017,00007#A:00136,-0186,16356
#T:10314#G:-0008,-0053,-0011#A:00910,00454,16372
#T:09681#G:-0001,00049,00001#A:-0048,00172,16040
#T:10349#G:-0005,00061,00000#A:-1156,-0432,15964
#T:09646#G:-0003,-0057,-0009#A:00544,00386,16284
#T:09997#G:-0023,-0001,-0019#A:00116,00170,16166
#T:10314#G:-0018,-0013,00000#A:00450,00138,16444
#T:09681#G:00006,-0017,-0006#A:00026,00016,16544
#T:10349#G:00037,-0036,-0006#A:00118,00212,16652
#T:09646#G:00006,-0046,-0010#A:00398,-0004,16276
#T:09997#G:-0039,00021,00000#A:-0230,-0192,16310
#T:10314#G:-0024,00004,00018#A:-0064,-0550,14886
#T:09681#G:00017,-0025,00019#A:00836,00422,16122
#T:10349#G:-0032,00010,00016#A:00854,-0536,15692
#T:09646#G:-0018,-0002,00019#A:00710,-0280,16242
#T:09997#G:00007,-0007,00022#A:00624,00850,17146
#T:10314#G:-0004,00002,00009#A:00870,-0676,15986
#T:09681#G:00003,00060,00001#A:-0818,-0456,16304
#T:10349#G:-0004,00006,-0001#A:-0556,-0094,15936
#T:09646#G:-0003,00049,-0015#A:-1022,-0260,16424
#T:09997#G:-0012,-0001,-0024#A:00548,00494,16092
#T:10314#G:-0014,00042,-0025#A:00030,-0060,15960
#T:09681#G:-0013,-0008,-0023#A:00078,-0032,15946
#T:10349#G:-0014,00000,-0012#A:-0142,00136,15974
#T:09646#G:-0015,00017,-0009#A:00014,00086,16086
#T:09997#G:-0002,00008,00000#A:00096,00014,16524
#T:10314#G:00019,00003,00013#A:-0046,-0034,16356
#T:09681#G:-0021,00046,00035#A:-0490,-0252,16136
#T:10349#G:-0020,00055,00026#A:-0362,-0208,15780
#T:09646#G:-0018,00021,00030#A:-0048,-0548,16672
#T:09997#G:-0011,-0019,00024#A:00256,00150,16510
#T:10314#G:-0006,-0010,00018#A:-0156,-0140,16182
#T:09681#G:00005,-0014,00012#A:00272,00384,16512
#T:10349#G:00003,-0036,00005#A:00486,00514,16364
#T:09646#G:00039,-0045,-0015#A:00364,00490,16654
#T:09997#G:00019,-0033,-0016#A:00660,-0022,15910
#T:10314#G:-0009,00001,-0028#A:00226,-0560,15942
#T:09681#G:00002,00013,-0022#A:00122,00504,15924
#T:10349#G:00006,00005,-0030#A:00182,00310,16290
#T:09646#G:00015,-0012,-0016#A:-0090,00402,16364
#T:09997#G:00001,00010,-0030#A:00282,-0298,16032
#T:10314#G:00016,-0016,-0012#A:00222,-0038,16506
#T:09681#G:-0018,00027,00007#A:-0350,-0290,16322
#T:10349#G:-0008,00017,00008#A:-0084,-0062,16514
#T:09646#G:-0001,-0014,00024#A:00052,-0110,16196
#T:09997#G:-0008,00002,00028#A:00136,00056,16328
#T:10314#G:-0008,00000,00037#A:00242,00006,16632
#T:09681#G:-0017,00023,00033#A:-0226,-0522,16008
#T:10349#G:-0002,-0019,00021#A:00010,-0088,16332
#T:09646#G:00011,-0014,00031#A:-0002,-0032,16524
#T:09997#G:-0011,-0004,00002#A:00078,00016,16336
#T:10314#G:-0012,-0012,-0003#A:00322,00258,16186
#T:09681#G:00012,00014,-0015#A:-0094,00284,16672
#T:10349#G:-0001,00001,-0014#A:00064,00054,16098
#T:09646#G:-0005,00012,-0028#A:00160,00162,16334
#T:09997#G:00014,-0004,-0032#A:00238,00444,16950
#T:10314#G:-0014,00008,-0029#A:-0086,00398,16344
#T:09681#G:-0001,00019,-0023#A:-0376,00034,15958
#T:10349#G:00008,-0016,-0027#A:00134,-0070,16702
#T:09646#G:-0024,00012,-0003#A:00116,-0198,16354
#T:09997#G:-0008,00020,00014#A:-0068,-0204,16544
#T:10314#G:00005,00001,00024#A:00022,00002,16444
#T:09681#G:00008,-0002,00027#A:00056,-0012,16482
#T:10349#G:00009,-0010,00031#A:00180,00148,16438
#T:09646#G:-0011,-0022,00036#A:00250,00112,16334
#T:09997#G:-0011,-0015,00026#A:-0046,-0078,16124
#T:10314#G:00002,-0013,00019#A:00008,00054,16272
#T:09681#G:00005,-0001,00020#A:-0012,00262,16328
#T:10349#G:-0007,-0012,00008#A:00370,00080,16336
#T:09646#G:-0006,00013,-0003#A:00072,-0016,16262
#T:09997#G:-0001,00021,-0008#A:00154,00008,16214
#T:10314#G:-0008,00005,-0013#A:00136,-0110,16304
#T:09681#G:-0008,-0013,-0032#A:00238,00024,16442
#T:10349#G:00004,-0001,-0043#A:-0154,00220,16340
#T:09646#G:00005,00015,-0017#A:-0670,-0196,16348
#T:09997#G:00009,00006,-0014#A:00184,-0068,16178
#T:10314#G:-0003,-0001,-0027#A:00398,00014,16210
#T:09681#G:-0015,00017,-0009#A:00030,00072,16152
#T:10349#G:-0009,00043,00019#A:-0202,-0022,16464
#T:09646#G:-0007,00015,00025#A:-0100,00092,16336
#T:09997#G:00002,-0012,00014#A:-0028,00206,16408
#T:10314#G:-0011,-0015,00026#A:00078,-0036,16240
#T:09681#G:-0016,-0012,00029#A:00362,-0140,16246
#T:10349#G:00007,00024,00017#A:-0006,-0016,16474
#T:09646#G:00018,00000,00015#A:-0012,-0040,16402
#T:09997#G:00018,-0004,00017#A:00032,00080,16334
#T:10314#G:-0002,-0002,00011#A:00108,00094,16298
#T:09681#G:-0012,00000,-0011#A:00136,00186,16528
#T:10349#G:-0012,-0005,-0013#A:-0002,00048,16374
#T:09646#G:-0010,-0011,-0026#A:00104,00026,16344
#T:09997#G:00002,-0010,-0040#A:00202,-0068,16354
#T:10314#G:00013,-0002,-0032#A:00166,00062,16460
#T:09681#G:00009,00001,-0031#A:00134,00070,16528
#T:10349#G:00018,00007,-0018#A:-0018,00042,16486
#T:09646#G:00012,00006,-0005#A:00052,00004,16338
#T:09997#G:-0005,00004,00017#A:00164,00040,16484
#T:10314#G:-0018,-0006,00035#A:00144,00040,16304
#T:09681#G:-0018,-0015,00037#A:00042,00042,16324
#T:10349#G:-0009,-0018,00044#A:00034,00062,16318
#T:09646#G:00002,-0004,00041#A:00112,00262,16444
#T:09997#G:00016,00001,00043#A:00006,00088,16288
#T:10314#G:00010,00013,00028#A:00034,-0004,16314
#T:09681#G:00013,00014,00017#A:00064,00094,16274
#T:10349#G:-0001,00007,-0013#A:00080,-0070,16124
#T:09646#G:-0020,-0003,-0045#A:00186,-0032,16286
#T:09997#G:-0019,-0006,-0069#A:00056,00064,16234
#T:10314#G:-0016,-0009,-0072#A:00132,00044,16336
#T:09681#G:-0010,-0011,-0079#A:00052,00052,16316
#T:10349#G:00003,-0008,-0065#A:00060,00108,16390
#T:09646#G:00004,00007,-0048#A:00070,-0010,16342
#T:09997#G:00008,00018,-0033#A:-0026,-0002,16502
#T:10314#G:00010,00027,00019#A:00044,00056,16340
#T:09681#G:00004,00014,00044#A:00158,00070,16330
#T:10349#G:-0010,00004,00076#A:00192,00094,16446
#T:09646#G:-0021,-0014,00096#A:00222,00012,16384
#T:09997#G:-0008,-0020,00099#A:00094,-0020,16328
#T:10314#G:-0001,-0007,00085#A:00100,-0038,16404
#T:09681#G:00004,-0003,00063#A:00022,00010,16350
#T:10349#G:00003,00011,00041#A:-0040,00022,16292
#T:09646#G:-0003,00016,00007#A:-0004,00146,16434
#T:09997#G:-0011,00014,-0023#A:00024,00044,16316
#T:10314#G:-0008,00010,-0052#A:00072,-0020,16398
#T:09681#G:-0004,00002,-0070#A:00182,00068,16380
#T:10349#G:00005,-0002,-0084#A:00104,00044,16342
#T:09646#G:00009,-0003,-0084#A:00012,-0044,16368
#T:09997#G:00010,-0005,-0069#A:00106,-0038,16314
#T:10314#G:-0012,00000,-0055#A:00028,00016,16374
#T:09681#G:-0027,00002,-0032#A:00090,00082,16420
#T:10349#G:-0022,00002,00000#A:00106,00086,16260
#T:09646#G:-0005,00003,00024#A:00180,00050,16402
#T:09997#G:00021,00002,00050#A:00224,00004,16418
#T:10314#G:00031,-0001,00069#A:00038,-0006,16392
#T:09681#G:00019,00003,00076#A:00072,00016,16312
#T:10349#G:-0010,00003,00080#A:-0054,-0078,16460
#T:09646#G:-0031,-0001,00071#A:00044,00000,16358
#T:09997#G:-0022,-0005,00050#A:00132,-0004,16362
#T:10314#G:-0009,00003,00027#A:00112,00032,16260
#T:09681#G:00001,00009,-0009#A:00038,00142,16356
#T:10349#G:00012,00000,-0027#A:00082,00062,16340
#T:09646#G:00010,00003,-0040#A:00078,00062,16412
#T:09997#G:00015,-0004,-0071#A:00036,-0042,16324
#T:10314#G:00000,00007,-0077#A:00066,-0072,16392
#T:09681#G:-0001,00002,-0068#A:00028,-0100,16328
#T:10349#G:-0018,-0001,-0059#A:00112,00052,16258
#T:09646#G:-0023,00009,-0042#A:00206,00122,16414
#T:09997#G:-0023,-0011,-0026#A:00158,00026,16396
#T:10314#G:00003,00000,-0001#A:00138,-0020,16564
#T:09681#G:00025,-0006,00032#A:00050,-0052,16144
#T:10349#G:00034,00007,00053#A:00056,-0086,16212
#T:09646#G:00015,00013,00063#A:00082,-0112,16458
#T:09997#G:-0012,00016,00077#A:00090,-0006,16448
#T:10314#G:-0043,-0008,00071#A:00080,00110,16078
#T:09681#G:-0049,-0015,00065#A:00070,00058,16282
#T:10349#G:-0007,-0013,00047#A:00150,-0084,16704
#T:09646#G:00026,-0005,00019#A:00068,00060,16344
#T:09997#G:00037,00003,-0005#A:00082,00066,16114
#T:10314#G:00023,00016,-0024#A:00052,00018,16536
#T:09681#G:-0001,00020,-0046#A:-0098,00022,16568
#T:10349#G:-0028,00008,-0056#A:00052,00000,16094
#T:09646#G:-0027,00004,-0070#A:00118,-0122,16262
#T:09997#G:-0009,00005,-0061#A:00338,-0080,16444
#T:10314#G:00009,00003,-0047#A:00190,00194,16412
#T:09681#G:-0004,-0015,-0038#A:00000,00234,16344
#T:10349#G:00001,-0013,-0030#A:00102,-0030,16510
#T:09646#G:00017,-0005,00004#A:00168,-0150,16364
#T:09997#G:00015,00017,00032#A:00146,00000,16160
#T:10314#G:-0002,00015,00047#A:-0076,00014,16434
#T:09681#G:-0023,00008,00055#A:00026,00106,16512
#T:10349#G:-0028,-0010,00065#A:00174,00014,16240
#T:09646#G:-0016,-0008,00063#A:00252,-0110,16256
#T:09997#G:00015,00002,00046#A:00166,00002,16510
#T:10314#G:00014,-0005,00036#A:-0082,00212,16362
#T:09681#G:00001,-0016,00022#A:-0112,00108,16316
#T:10349#G:00000,00006,00003#A:00100,-0122,16286
#T:09646#G:00008,00025,-0023#A:00092,-0186,16484
#T:09997#G:00010,00026,-0037#A:00044,00086,16392
#T:10314#G:-0010,00016,-0050#A:00006,00142,16384
#T:09681#G:-0025,-0007,-0049#A:00140,00008,16374
#T:10349#G:-0007,-0018,-0056#A:00192,-0050,16442
#T:09646#G:00008,-0016,-0050#A:00066,-0066,16350
#T:09997#G:00007,00003,-0037#A:-0018,00146,16320
#T:10314#G:00007,00007,-0012#A:00006,00080,16374
#T:09681#G:-0005,00011,00006#A:00008,-0024,16324
#T:10349#G:-0011,00015,00036#A:00134,-0034,16336
#T:09646#G:00003,00016,00042#A:00222,00036,16466
#T:09997#G:00011,00009,00050#A:00206,00086,16370
#T:10314#G:00002,-0010,00058#A:00136,00034,16264
#T:09681#G:-0013,-0022,00047#A:-0032,00012,16334
#T:10349#G:-0005,-0014,00043#A:00054,00050,16406
#T:09646#G:-0001,-0015,00024#A:00086,-0040,16372
#T:09997#G:-0002,00014,00012#A:00020,00002,16394
#T:10314#G:-0003,00017,-0009#A:-0026,00062,16382
#T:09681#G:00000,00018,-0025#A:-0028,00108,16392
#T:10349#G:00013,00007,-0039#A:00152,-0020,16424
#T:09646#G:00020,00007,-0051#A:00182,-0060,16278
#T:09997#G:00017,-0009,-0055#A:00130,-0014,16296
#T:10314#G:-0006,-0004,-0050#A:-0010,00114,16310
#T:09681#G:-0026,-0011,-0039#A:00082,00084,16354
#T:10349#G:-0025,-0002,-0026#A:00136,00052,16376
#T:09646#G:-0011,00001,-0007#A:00102,00096,16328
#T:09997#G:00011,00015,00008#A:00096,00182,16378
#T:10314#G:00008,00012,00034#A:00110,00188,16392
#T:09681#G:00020,00009,00042#A:00076,-0012,16368
#T:10349#G:00016,-0001,00051#A:00076,-0136,16384
#T:09646#G:00001,-0006,00051#A:00066,-0052,16288
#T:09997#G:-0009,-0008,00040#A:00018,-0042,16306
#T:10314#G:-0015,-0002,00033#A:00032,00020,16310
#T:09681#G:-0020,-0012,00020#A:00040,00094,16284
#T:10349#G:-0012,00004,00005#A:00072,-0008,16394
#T:09646#G:00003,00010,-0008#A:00062,00136,16400
#T:09997#G:00018,00012,-0024#A:00032,00158,16378
#T:10314#G:00016,00005,-0049#A:00044,-0052,16400
#T:09681#G:00017,00005,-0042#A:00124,-0144,16358
#T:10349#G:00021,00013,-0050#A:00150,-0146,16318
#T:09646#G:-0003,00004,-0039#A:00066,00018,16222
#T:09997#G:-0027,00001,-0027#A:00108,00090,16466
#T:10314#G:-0043,-0023,-0020#A:00092,00158,16362
#T:09681#G:-0026,-0016,-0001#A:00124,00054,16278
#T:10349#G:00007,-0010,00011#A:00176,00054,16284
#T:09646#G:00029,00001,00025#A:00108,00082,16328
#T:09997#G:00032,00022,00036#A:-0022,00120,16464
#T:10314#G:00013,00015,00048#A:00008,-0024,16276
#T:09681#G:-0007,00011,00047#A:00050,-0146,16424
#T:10349#G:-0022,00015,00042#A:00196,-0162,16302
#T:09646#G:-0027,-0007,00023#A:00142,-0034,16342
#T:09997#G:-0032,-0016,00015#A:00006,00178,16320
#T:10314#G:-0021,-0030,00002#A:00028,00102,16350
#T:09681#G:-0003,-0009,-0014#A:00066,00150,16354
#T:10349#G:00007,-0002,-0022#A:-0004,00032,16312
#T:09646#G:00032,00022,-0036#A:00086,00132,16434
#T:09997#G:00031,00028,-0035#A:00006,-0004,16294
#T:10314#G:00013,00020,-0038#A:00108,-0110,16394
#T:09681#G:-0002,00018,-0032#A:00114,-0082,16356
#T:10349#G:-0027,00006,-0026#A:00150,00006,16368
#T:09646#G:-0043,-0022,-0004#A:00188,00048,16274
#T:09997#G:-0040,-0037,00007#A:00114,00158,16344
#T:10314#G:-0011,-0026,00013#A:00024,00114,16366
#T:09681#G:00022,00001,00031#A:-0054,00102,16264
#T:10349#G:00041,00025,00039#A:00054,00016,16230
#T:09646#G:00026,00031,00048#A:00060,00016,16362
#T:09997#G:00014,00033,00045#A:00122,-0088,16380
#T:10314#G:-0022,00016,00033#A:00122,-0168,16372
#T:09681#G:-0027,-0015,00022#A:00180,-0062,16498
#T:10349#G:-0030,-0025,00010#A:00212,00054,16322
#T:09646#G:-0029,-0031,-0008#A:00068,00064,16232
#T:09997#G:-0017,-0014,-0017#A:00036,00196,16404
#T:10314#G:00001,-0005,-0032#A:-0046,00090,16394
#T:09681#G:00023,00020,-0033#A:00016,00088,16422
#T:10349#G:00021,00037,-0042#A:00050,-0004,16374
#T:09646#G:00018,00032,-0037#A:00166,-0064,16286
#T:09997#G:00003,00019,-0029#A:00152,-0064,16318
#T:10314#G:-0020,-0012,-0018#A:00180,-0008,16204
#T:09681#G:-0025,-0021,-0009#A:00180,-0028,16350
#T:10349#G:-0026,-0028,00009#A:00008,00062,16366
#T:09646#G:-0018,-0019,00014#A:-0002,00132,16300
#T:09997#G:00002,-0007,00027#A:00014,00136,16270
#T:10314#G:00005,00021,00030#A:00114,00076,16250
#T:09681#G:00022,00025,00043#A:00078,00022,16426
#T:10349#G:00022,00022,00038#A:00140,00014,16380
#T:09646#G:00011,00012,00023#A:00216,-0098,16414
#T:09997#G:-0006,-0011,00018#A:00108,-0052,16448
#T:10314#G:-0028,-0029,00003#A:00118,-0012,16332
#T:09681#G:-0019,-0018,-0012#A:00078,-0016,16292
#T:10349#G:-0007,-0010,-0023#A:00062,00068,16408
#T:09646#G:-0004,00008,-0022#A:00020,00128,16402
#T:09997#G:00001,00021,-0021#A:00010,00208,16308
#T:10314#G:00008,00021,-0034#A:00046,00030,16468
#T:09681#G:00022,00017,-0030#A:00160,-0024,16322
#T:10349#G:00020,00016,-0026#A:00140,00022,16314
#T:09646#G:-0004,00002,-0012#A:00158,00010,16348
#T:09997#G:-0012,-0018,-0003#A:00162,-0092,16272
